   Compiling errno v0.3.14
   Compiling scopeguard v1.2.0
   Compiling parking_lot_core v0.9.12
   Compiling mio v0.8.11
   Compiling byteorder v1.5.0
   Compiling bitflags v1.3.2
   Compiling unicode-segmentation v1.13.2
   Compiling fuzzy-matcher v0.3.7
   Compiling dyn-clone v1.0.20
   Compiling unicode-width v0.1.14
   Compiling lock_api v0.4.14
   Compiling signal-hook-registry v1.4.8
   Compiling fxhash v0.2.1
   Compiling parking_lot v0.12.5
   Compiling signal-hook v0.3.18
   Compiling newline-converter v0.3.0
   Compiling signal-hook-mio v0.2.5
   Compiling crossterm v0.25.0
   Compiling inquire v0.7.5
   Compiling bevyrogue v0.1.0 (/home/fabio/dev/bevyrogue/.gsd/worktrees/M011)
    Finished `dev` profile [optimized + debuginfo] target(s) in 4.64s
     Running `target/debug/combat_cli`
=== BevyRogue Combat CLI Harness ===
Exit.
