## src/data/skills_ron.rs exists=True size=25955
  hit animation_sequence
  hit qte
  sym pub enum TargetShape {
  sym pub enum TargetSide {
  sym pub enum TargetLife {
  sym pub enum SelfTargetRule {
  sym pub enum TargetHpRule {
  sym pub struct SkillTargeting {
  sym impl Default for SkillTargeting {
  sym pub enum LegalityReasonCode {
  sym pub enum SkillImplementation {
  sym pub enum Effect {

## src/data/units_ron.rs exists=True size=21272
  sym pub use crate::combat::counterplay::{
  sym pub enum TwinCoreLine {
  sym pub enum TwinCoreRole {
  sym pub enum TwinCorePersonalLabel {
  sym pub struct TwinCoreRosterMetadata {
  sym pub enum HolySupportLine {
  sym pub enum HolySupportRole {
  sym pub enum HolySupportPersonalLabel {
  sym pub struct HolySupportRosterMetadata {
  sym pub struct UnitDef {

## src/combat/turn_system/mod.rs exists=True size=17959
  hit ActionIntent
  hit CombatEvent
  sym pub const TICK_AV_AMOUNT: i32 = 1000; // Arbitrary tick amount for AV accumulation. For deterministic turns
  sym pub enum ActionIntent {
  sym pub fn resolve_action_system(

## src/combat/turn_system/pipeline.rs exists=True size=22181
  hit ActionIntent
  hit CombatEvent

## src/combat/kernel.rs exists=True size=37914
  hit CombatKernelTransition
  sym pub enum TacticalCyclePhase {
  sym impl TacticalCyclePhase {
  sym pub struct TacticalCycleStep {
  sym impl Default for TacticalCycleStep {
  sym pub struct CombatKernelConfig {
  sym impl Default for CombatKernelConfig {
  sym pub enum StrainChangeKind {
  sym pub struct StrainTransition {
  sym pub struct Strain {
  sym impl Default for Strain {
  sym impl Strain {

## src/combat/events.rs exists=True size=4979
  hit ActionIntent
  hit CombatKernelTransition
  hit OnCombatBeat
  hit CombatEvent
  sym pub use crate::combat::kernel::{BatteryLoopTransition, CombatBeatId, CombatKernelTransition, PredatorLoopTransition};
  sym pub enum ActionIntentKind {
  sym pub enum CombatEventKind {

## src/combat/observability.rs exists=True size=30321
  hit ValidationSnapshot
  sym pub struct ValidationSnapshot {
  sym pub struct ValidationTwinCoreSnapshot {
  sym pub struct BatteryLoopSnapshot {
  sym impl From<&BatteryLoopState> for BatteryLoopSnapshot {
  sym pub enum ValidationLogEntry {
  sym pub struct ValidationToughnessSnapshot {
  sym pub struct ValidationUnitSnapshot {

## src/bin/combat_cli.rs exists=True size=26259
  hit ActionIntent
  hit CombatEvent
  sym struct TickCounter(u32);
  sym struct PlayerActed(bool);
  sym struct IsInteractive(bool);
  sym struct SelectedAllies(Vec<UnitId>);
  sym struct SelectedEncounter(EncounterPreset);

## docs/m015_failure_ledger.md exists=True size=9118

