
running 2 tests
test plain_patamon_skill_has_no_holy_support_blueprint_dispatch ... ok
test patamon_ult_builds_grace_through_the_blueprint_kernel_path ... ok

test result: ok. 2 passed; 0 failed; 0 ignored; 0 measured; 0 filtered out; finished in 0.00s


running 4 tests
test backward_compatibility_units_without_holy_metadata ... ok
test patamon_angemon_declare_holy_metadata ... FAILED
test patamon_seeded_skill_declares_custom_signal_not_removed_direct_effects ... ok
test patamon_roster_references_the_seeded_blueprint_skill ... ok

failures:

---- patamon_angemon_declare_holy_metadata stdout ----

thread 'patamon_angemon_declare_holy_metadata' (28405) panicked at tests/holy_support_roster_contract.rs:26:5:
assertion `left == right` failed
  left: None
 right: Some(Hope)
note: run with `RUST_BACKTRACE=1` environment variable to display a backtrace


failures:
    patamon_angemon_declare_holy_metadata

test result: FAILED. 3 passed; 1 failed; 0 ignored; 0 measured; 0 filtered out; finished in 0.00s


EXIT_CODE=101
