MERGE_BASE=b7492d0da74be3576d8863dbc8fe1035dc633af4
 Cargo.toml                                |   4 -
 assets/data/skills.ron                    |   1 +
 docs/combat_authority_map.md              | 116 ++++++
 docs/combat_cli_shared_surface_proof.md   |  62 ++++
 docs/combat_mixed_pattern_drift_ledger.md | 101 +++++
 docs/combat_ui_readiness_gap_matrix.md    |  69 ++++
 docs/m015_failure_ledger.md               |  90 +++++
 docs/presentation_metadata_boundary.md    |  81 ++++
 scripts/verify_combat_authority_audit.py  | 594 ++++++++++++++++++++++++++++++
 scripts/verify_m015_failure_ledger.py     | 263 +++++++++++++
 src/bin/combat_cli.rs                     | 515 +++++++++++++++++++-------
 src/combat/action_query.rs                | 211 +++++++----
 src/combat/blueprints/mod.rs              |  19 +
 src/combat/blueprints/patamon.rs          |  15 +
 src/combat/bootstrap.rs                   |  42 ++-
 src/combat/damage.rs                      |  21 +-
 src/combat/damage_tests.rs                | 135 +++++--
 src/combat/enemy_ai.rs                    |  57 ++-
 src/combat/enemy_counterplay.rs           |   4 +-
 src/combat/energy.rs                      |   5 +-
 src/combat/events.rs                      |   4 +-
 src/combat/follow_up.rs                   | 150 ++++++--
 src/combat/follow_up_tests.rs             |  16 +-
 src/combat/kernel.rs                      |  17 +-
 src/combat/kit.rs                         |   2 +-
 src/combat/mod.rs                         |   6 +-
 src/combat/observability.rs               |  40 +-
 src/combat/predator_loop.rs               | 115 +++---
 src/combat/resistance.rs                  |   2 +-
 src/combat/resolution.rs                  |  38 +-
 src/combat/resolution_tests.rs            | 263 +++++++++++--
 src/combat/sp.rs                          |   6 +-
 src/combat/state.rs                       |   3 +-
 src/combat/status_effect.rs               |  12 +-
 src/combat/toughness.rs                   |  19 +-
 src/combat/turn_order.rs                  |   8 +-
 src/combat/turn_system/mod.rs             | 385 ++++++++++++++-----
 src/combat/turn_system/pipeline.rs        | 227 ++++++++++--
 src/combat/turn_system/tests.rs           |  51 ++-
 src/combat/ultimate.rs                    | 127 ++++++-
 src/data/mod.rs                           |   8 +-
 src/data/skills_ron.rs                    |  81 ++--
 src/data/units_ron.rs                     | 117 ++++--
 src/headless.rs                           |  66 +++-
 src/main.rs                               |   6 +-
 src/party_validation.rs                   |   4 +-
 src/ui/combat_panel.rs                    | 117 +++---
 src/windowed.rs                           |   4 +-
 tests/action_affordance_consumers.rs      | 376 ++++++++++++++-----
 tests/action_affordance_query.rs          | 572 ++++++++++++++++++++++------
 tests/battery_loop_kernel.rs              |  63 +++-
 tests/bootstrap_spawn_composition.rs      |  46 ++-
 tests/boundary_contract.rs                |  32 +-
 tests/combat_cli_shared_surface.rs        | 105 ++++++
 tests/combat_coherence.rs                 | 208 ++++++++---
 tests/commander_flow.rs                   |  53 ++-
 tests/damage_breakdown_log.rs             |  45 ++-
 tests/encounter_e2e.rs                    |  56 ++-
 tests/enemy_ai.rs                         |   2 +-
 tests/enemy_counterplay_affordance.rs     |  60 ++-
 tests/engine_legality_integration.rs      | 246 +++++++++++--
 tests/event_stream.rs                     |  90 ++++-
 tests/follow_up_chains.rs                 | 104 +++++-
 tests/follow_up_triggers.rs               |  91 +++--
 tests/form_identity.rs                    |  27 +-
 tests/holy_support_affordance.rs          | 129 +++----
 tests/holy_support_mechanics.rs           |  39 +-
 tests/holy_support_resolution.rs          | 160 +++-----
 tests/holy_support_roster_contract.rs     | 108 +++---
 tests/party_config_validation.rs          |   7 +-
 tests/party_selection_validation.rs       |  33 +-
 tests/patamon_blueprint_seam.rs           | 307 +++++++++++++++
 tests/patamon_revive.rs                   |  49 ++-
 tests/pipeline_dispatch.rs                | 107 ++++--
 tests/predator_loop_kernel.rs             | 181 ++++++---
 tests/presentation_metadata_boundary.rs   | 507 +++++++++++++++++++++++++
 tests/resource_caps.rs                    | 293 +++++++++++----
 tests/revive_semantics.rs                 | 166 ++++++---
 tests/roster_catalog.rs                   |  43 ++-
 tests/roster_smoke.rs                     |  82 +++--
 tests/scenario_boss_ttk.rs                |  14 +-
 tests/scenario_miniboss_ttk.rs            |  19 +-
 tests/scenario_minion_ttk.rs              |  14 +-
 tests/sp_economy.rs                       |  68 +++-
 tests/status_accuracy.rs                  |  84 +++--
 tests/status_effect_apply.rs              | 184 ++++++---
 tests/status_effect_integration.rs        |  72 ++--
 tests/status_effect_turn_tick.rs          |  41 ++-
 tests/target_shape_truthfulness.rs        | 250 +++++++++----
 tests/tempo_resistance.rs                 | 236 ++++++++----
 tests/toughness_categories.rs             |  46 ++-
 tests/toughness_enemy_only.rs             |  97 ++++-
 tests/triangle_matchup.rs                 |  28 +-
 tests/turn_system_av.rs                   |  53 +--
 tests/twin_core_integration.rs            |  79 ++--
 tests/twin_core_mechanics.rs              | 171 ++++++++-
 tests/ultimate_meter.rs                   | 107 ++++--
 tests/validation_snapshot.rs              | 175 +++++++--
 98 files changed, 8261 insertions(+), 2163 deletions(-)
