Cargo.toml
assets/data/skills.ron
docs/combat_authority_map.md
docs/combat_cli_shared_surface_proof.md
docs/combat_mixed_pattern_drift_ledger.md
docs/combat_ui_readiness_gap_matrix.md
docs/m015_failure_ledger.md
docs/presentation_metadata_boundary.md
scripts/verify_combat_authority_audit.py
scripts/verify_m015_failure_ledger.py
src/bin/combat_cli.rs
src/combat/action_query.rs
src/combat/blueprints/mod.rs
src/combat/blueprints/patamon.rs
src/combat/bootstrap.rs
src/combat/damage.rs
src/combat/damage_tests.rs
src/combat/enemy_ai.rs
src/combat/enemy_counterplay.rs
src/combat/energy.rs
src/combat/events.rs
src/combat/follow_up.rs
src/combat/follow_up_tests.rs
src/combat/kernel.rs
src/combat/kit.rs
src/combat/mod.rs
src/combat/observability.rs
src/combat/predator_loop.rs
src/combat/resistance.rs
src/combat/resolution.rs
src/combat/resolution_tests.rs
src/combat/sp.rs
src/combat/state.rs
src/combat/status_effect.rs
src/combat/toughness.rs
src/combat/turn_order.rs
src/combat/turn_system/mod.rs
src/combat/turn_system/pipeline.rs
src/combat/turn_system/tests.rs
src/combat/ultimate.rs
src/data/mod.rs
src/data/skills_ron.rs
src/data/units_ron.rs
src/headless.rs
src/main.rs
src/party_validation.rs
src/ui/combat_panel.rs
src/windowed.rs
tests/action_affordance_consumers.rs
tests/action_affordance_query.rs
tests/battery_loop_kernel.rs
tests/bootstrap_spawn_composition.rs
tests/boundary_contract.rs
tests/combat_cli_shared_surface.rs
tests/combat_coherence.rs
tests/commander_flow.rs
tests/damage_breakdown_log.rs
tests/encounter_e2e.rs
tests/enemy_ai.rs
tests/enemy_counterplay_affordance.rs
tests/engine_legality_integration.rs
tests/event_stream.rs
tests/follow_up_chains.rs
tests/follow_up_triggers.rs
tests/form_identity.rs
tests/holy_support_affordance.rs
tests/holy_support_mechanics.rs
tests/holy_support_resolution.rs
tests/holy_support_roster_contract.rs
tests/party_config_validation.rs
tests/party_selection_validation.rs
tests/patamon_blueprint_seam.rs
tests/patamon_revive.rs
tests/pipeline_dispatch.rs
tests/predator_loop_kernel.rs
tests/presentation_metadata_boundary.rs
tests/resource_caps.rs
tests/revive_semantics.rs
tests/roster_catalog.rs
tests/roster_smoke.rs
