.gsd/milestones/M015/M015-CONTEXT-DRAFT.md
.gsd/milestones/M015/M015-CONTEXT.md
.gsd/milestones/M015/M015-DISCUSSION.md
.gsd/milestones/M015/M015-ROADMAP.md

Milestone dir:
.gsd/milestones/M015/M015-CONTEXT-DRAFT.md
.gsd/milestones/M015/M015-CONTEXT.md
.gsd/milestones/M015/M015-DISCUSSION.md
.gsd/milestones/M015/M015-ROADMAP.md
.gsd/milestones/M015/anchors/plan-slice.json
.gsd/milestones/M015/anchors/research-slice.json
.gsd/milestones/M015/slices/S01/S01-PLAN.md
.gsd/milestones/M015/slices/S01/S01-PRE-EXEC-VERIFY.json
.gsd/milestones/M015/slices/S01/S01-RESEARCH.md
.gsd/milestones/M015/slices/S01/S01-SUMMARY.md
.gsd/milestones/M015/slices/S01/S01-UAT.md
.gsd/milestones/M015/slices/S01/tasks/T01-PLAN.md
.gsd/milestones/M015/slices/S01/tasks/T01-SUMMARY.md
.gsd/milestones/M015/slices/S01/tasks/T01-VERIFY.json
.gsd/milestones/M015/slices/S01/tasks/T02-PLAN.md
.gsd/milestones/M015/slices/S01/tasks/T02-SUMMARY.md
.gsd/milestones/M015/slices/S01/tasks/T02-VERIFY.json
.gsd/milestones/M015/slices/S01/tasks/T03-PLAN.md
.gsd/milestones/M015/slices/S01/tasks/T03-SUMMARY.md
.gsd/milestones/M015/slices/S01/tasks/T03-VERIFY.json
.gsd/milestones/M015/slices/S01/tasks/T04-PLAN.md
.gsd/milestones/M015/slices/S01/tasks/T04-SUMMARY.md
.gsd/milestones/M015/slices/S01/tasks/T04-VERIFY.json
.gsd/milestones/M015/slices/S02/S02-PLAN.md
.gsd/milestones/M015/slices/S02/S02-PRE-EXEC-VERIFY.json
.gsd/milestones/M015/slices/S02/S02-RESEARCH.md
.gsd/milestones/M015/slices/S02/S02-SUMMARY.md
.gsd/milestones/M015/slices/S02/S02-UAT.md
.gsd/milestones/M015/slices/S02/tasks/T01-PLAN.md
.gsd/milestones/M015/slices/S02/tasks/T01-SUMMARY.md
.gsd/milestones/M015/slices/S02/tasks/T01-VERIFY.json
.gsd/milestones/M015/slices/S02/tasks/T02-PLAN.md
.gsd/milestones/M015/slices/S02/tasks/T02-SUMMARY.md
.gsd/milestones/M015/slices/S02/tasks/T02-VERIFY.json
.gsd/milestones/M015/slices/S02/tasks/T03-PLAN.md
.gsd/milestones/M015/slices/S02/tasks/T03-SUMMARY.md
.gsd/milestones/M015/slices/S02/tasks/T03-VERIFY.json
.gsd/milestones/M015/slices/S03/S03-PLAN.md
.gsd/milestones/M015/slices/S03/S03-PRE-EXEC-VERIFY.json
.gsd/milestones/M015/slices/S03/S03-RESEARCH.md
.gsd/milestones/M015/slices/S03/tasks/T01-PLAN.md
.gsd/milestones/M015/slices/S03/tasks/T02-PLAN.md
.gsd/milestones/M015/slices/S03/tasks/T03-PLAN.md
.gsd/milestones/M015/slices/S03/tasks/T04-PLAN.md
.gsd/milestones/M015/slices/S03/tasks/T05-PLAN.md
