4: name: "Agumon",
6: signature_traits: ["courage", "fire"],
9: team: Ally,
19: toughness_max: 50,
20: weaknesses: [Ice],
32: name: "Gabumon",
34: signature_traits: ["loyalty", "water"],
37: team: Ally,
47: toughness_max: 48,
48: weaknesses: [Fire],
60: name: "Dorumon",
62: signature_traits: ["ferocity", "dark"],
65: team: Ally,
75: toughness_max: 47,
76: weaknesses: [Light],
88: name: "Renamon",
90: signature_traits: ["calm", "illusion"],
93: team: Ally,
103: toughness_max: 45,
104: weaknesses: [Dark],
116: name: "Patamon",
118: signature_traits: ["hope", "light"],
121: team: Ally,
131: toughness_max: 44,
132: weaknesses: [Dark],
146: name: "Tentomon",
148: signature_traits: ["knowledge", "electric"],
151: team: Ally,
161: toughness_max: 45,
162: weaknesses: [Fire],
175: name: "Greymon",
177: signature_traits: ["courage", "fire"],
180: team: Ally,
194: toughness_max: 60,
195: weaknesses: [Ice],
208: name: "Garurumon",
210: signature_traits: ["loyalty", "ice"],
213: team: Ally,
227: toughness_max: 58,
228: weaknesses: [Fire],
241: name: "Kabuterimon",
243: signature_traits: ["knowledge", "electric"],
246: team: Ally,
260: toughness_max: 55,
261: weaknesses: [Fire],
274: name: "Kyubimon",
276: signature_traits: ["calm", "fire"],
279: team: Ally,
293: toughness_max: 55,
294: weaknesses: [Ice],
307: name: "DORUgamon",
309: signature_traits: ["ferocity", "dark"],
312: team: Ally,
326: toughness_max: 60,
327: weaknesses: [Light],
340: name: "Angemon",
342: signature_traits: ["hope", "light"],
345: team: Ally,
359: toughness_max: 52,
360: weaknesses: [Dark],
374: name: "Devimon",
376: signature_traits: ["evil", "dark"],
379: team: Enemy,
386: toughness_max: 35,
387: weaknesses: [Fire, Light],
396: tempo_resistant: true,
397: toughness_category: Armored,
402: name: "Goblimon",
404: signature_traits: ["nimble", "mischief"],
407: team: Enemy,
414: toughness_max: 0,
415: weaknesses: [],
424: tempo_resistant: false,
425: toughness_category: Standard,
430: name: "Ogremon",
432: signature_traits: ["brute", "power"],
435: team: Enemy,
442: toughness_max: 20,
443: weaknesses: [Fire, Light],
452: tempo_resistant: false,
453: toughness_category: Standard,
