--- lines 109-134 ---
109: 22 |         Effect, LegalityReasonCode, SelfTargetRule, SkillBook, SkillDef, SkillImplementation,
110:    |                 ^^^^^^^^^^^^^^^^^^
111:    |
112:    = note: `#[warn(unused_imports)]` (part of `#[warn(unused)]`) on by default
113: 
114: error[E0063]: missing field `custom_signals` in initializer of `SkillDef`
115:   --> tests/toughness_categories.rs:32:20
116:    |
117: 32 |     SkillBook(vec![SkillDef {
118:    |                    ^^^^^^^^ missing `custom_signals`
119: 
120: error[E0063]: missing fields `animation_sequence`, `custom_signals` and `qte` in initializer of `SkillDef`
121:   --> tests/patamon_revive.rs:33:9
122:    |
123: 33 |         SkillDef {
124:    |         ^^^^^^^^ missing `animation_sequence`, `custom_signals` and `qte`
125: 
126: error[E0063]: missing fields `animation_sequence`, `custom_signals` and `qte` in initializer of `SkillDef`
127:   --> tests/status_effect_integration.rs:88:5
128:    |
129: 88 |     SkillDef {
130:    |     ^^^^^^^^ missing `animation_sequence`, `custom_signals` and `qte`
131: 
132: error[E0063]: missing fields `animation_sequence`, `custom_signals` and `qte` in initializer of `SkillDef`
133:   --> tests/patamon_revive.rs:48:9
134:    |
--- lines 115-140 ---
115:   --> tests/toughness_categories.rs:32:20
116:    |
117: 32 |     SkillBook(vec![SkillDef {
118:    |                    ^^^^^^^^ missing `custom_signals`
119: 
120: error[E0063]: missing fields `animation_sequence`, `custom_signals` and `qte` in initializer of `SkillDef`
121:   --> tests/patamon_revive.rs:33:9
122:    |
123: 33 |         SkillDef {
124:    |         ^^^^^^^^ missing `animation_sequence`, `custom_signals` and `qte`
125: 
126: error[E0063]: missing fields `animation_sequence`, `custom_signals` and `qte` in initializer of `SkillDef`
127:   --> tests/status_effect_integration.rs:88:5
128:    |
129: 88 |     SkillDef {
130:    |     ^^^^^^^^ missing `animation_sequence`, `custom_signals` and `qte`
131: 
132: error[E0063]: missing fields `animation_sequence`, `custom_signals` and `qte` in initializer of `SkillDef`
133:   --> tests/patamon_revive.rs:48:9
134:    |
135: 48 |         SkillDef {
136:    |         ^^^^^^^^ missing `animation_sequence`, `custom_signals` and `qte`
137: 
138: For more information about this error, try `rustc --explain E0063`.
139: warning: `bevyrogue` (test "patamon_revive") generated 1 warning
140: error: could not compile `bevyrogue` (test "patamon_revive") due to 2 previous errors; 1 warning emitted
--- lines 121-146 ---
121:   --> tests/patamon_revive.rs:33:9
122:    |
123: 33 |         SkillDef {
124:    |         ^^^^^^^^ missing `animation_sequence`, `custom_signals` and `qte`
125: 
126: error[E0063]: missing fields `animation_sequence`, `custom_signals` and `qte` in initializer of `SkillDef`
127:   --> tests/status_effect_integration.rs:88:5
128:    |
129: 88 |     SkillDef {
130:    |     ^^^^^^^^ missing `animation_sequence`, `custom_signals` and `qte`
131: 
132: error[E0063]: missing fields `animation_sequence`, `custom_signals` and `qte` in initializer of `SkillDef`
133:   --> tests/patamon_revive.rs:48:9
134:    |
135: 48 |         SkillDef {
136:    |         ^^^^^^^^ missing `animation_sequence`, `custom_signals` and `qte`
137: 
138: For more information about this error, try `rustc --explain E0063`.
139: warning: `bevyrogue` (test "patamon_revive") generated 1 warning
140: error: could not compile `bevyrogue` (test "patamon_revive") due to 2 previous errors; 1 warning emitted
141: warning: build failed, waiting for other jobs to finish...
142: warning: `bevyrogue` (test "status_effect_integration") generated 1 warning
143: error: could not compile `bevyrogue` (test "status_effect_integration") due to 1 previous error; 1 warning emitted
144: warning: `bevyrogue` (test "toughness_categories") generated 1 warning
145: error: could not compile `bevyrogue` (test "toughness_categories") due to 1 previous error; 1 warning emitted
146: warning: `bevyrogue` (test "holy_support_mechanics") generated 2 warnings (run `cargo fix --test "holy_support_mechanics" -p bevyrogue` to apply 2 suggestions)
--- lines 127-152 ---
127:   --> tests/status_effect_integration.rs:88:5
128:    |
129: 88 |     SkillDef {
130:    |     ^^^^^^^^ missing `animation_sequence`, `custom_signals` and `qte`
131: 
132: error[E0063]: missing fields `animation_sequence`, `custom_signals` and `qte` in initializer of `SkillDef`
133:   --> tests/patamon_revive.rs:48:9
134:    |
135: 48 |         SkillDef {
136:    |         ^^^^^^^^ missing `animation_sequence`, `custom_signals` and `qte`
137: 
138: For more information about this error, try `rustc --explain E0063`.
139: warning: `bevyrogue` (test "patamon_revive") generated 1 warning
140: error: could not compile `bevyrogue` (test "patamon_revive") due to 2 previous errors; 1 warning emitted
141: warning: build failed, waiting for other jobs to finish...
142: warning: `bevyrogue` (test "status_effect_integration") generated 1 warning
143: error: could not compile `bevyrogue` (test "status_effect_integration") due to 1 previous error; 1 warning emitted
144: warning: `bevyrogue` (test "toughness_categories") generated 1 warning
145: error: could not compile `bevyrogue` (test "toughness_categories") due to 1 previous error; 1 warning emitted
146: warning: `bevyrogue` (test "holy_support_mechanics") generated 2 warnings (run `cargo fix --test "holy_support_mechanics" -p bevyrogue` to apply 2 suggestions)
147: warning: unused import: `LegalityReasonCode`
148:   --> src/combat/follow_up_tests.rs:22:17
149:    |
150: 22 |         Effect, LegalityReasonCode, SelfTargetRule, SkillBook, SkillDef, SkillImplementation,
151:    |                 ^^^^^^^^^^^^^^^^^^
152:    |
--- lines 135-160 ---
135: 48 |         SkillDef {
136:    |         ^^^^^^^^ missing `animation_sequence`, `custom_signals` and `qte`
137: 
138: For more information about this error, try `rustc --explain E0063`.
139: warning: `bevyrogue` (test "patamon_revive") generated 1 warning
140: error: could not compile `bevyrogue` (test "patamon_revive") due to 2 previous errors; 1 warning emitted
141: warning: build failed, waiting for other jobs to finish...
142: warning: `bevyrogue` (test "status_effect_integration") generated 1 warning
143: error: could not compile `bevyrogue` (test "status_effect_integration") due to 1 previous error; 1 warning emitted
144: warning: `bevyrogue` (test "toughness_categories") generated 1 warning
145: error: could not compile `bevyrogue` (test "toughness_categories") due to 1 previous error; 1 warning emitted
146: warning: `bevyrogue` (test "holy_support_mechanics") generated 2 warnings (run `cargo fix --test "holy_support_mechanics" -p bevyrogue` to apply 2 suggestions)
147: warning: unused import: `LegalityReasonCode`
148:   --> src/combat/follow_up_tests.rs:22:17
149:    |
150: 22 |         Effect, LegalityReasonCode, SelfTargetRule, SkillBook, SkillDef, SkillImplementation,
151:    |                 ^^^^^^^^^^^^^^^^^^
152:    |
153:    = note: `#[warn(unused_imports)]` (part of `#[warn(unused)]`) on by default
154: 
155: warning: unused import: `grant_free_skill_events`
156:   --> src/combat/turn_system/pipeline.rs:16:20
157:    |
158: 16 |     apply_effects, grant_free_skill_events, resolve_action, target_shape_rejection_reason,
159:    |                    ^^^^^^^^^^^^^^^^^^^^^^^
160: 
--- lines 138-163 ---
138: For more information about this error, try `rustc --explain E0063`.
139: warning: `bevyrogue` (test "patamon_revive") generated 1 warning
140: error: could not compile `bevyrogue` (test "patamon_revive") due to 2 previous errors; 1 warning emitted
141: warning: build failed, waiting for other jobs to finish...
142: warning: `bevyrogue` (test "status_effect_integration") generated 1 warning
143: error: could not compile `bevyrogue` (test "status_effect_integration") due to 1 previous error; 1 warning emitted
144: warning: `bevyrogue` (test "toughness_categories") generated 1 warning
145: error: could not compile `bevyrogue` (test "toughness_categories") due to 1 previous error; 1 warning emitted
146: warning: `bevyrogue` (test "holy_support_mechanics") generated 2 warnings (run `cargo fix --test "holy_support_mechanics" -p bevyrogue` to apply 2 suggestions)
147: warning: unused import: `LegalityReasonCode`
148:   --> src/combat/follow_up_tests.rs:22:17
149:    |
150: 22 |         Effect, LegalityReasonCode, SelfTargetRule, SkillBook, SkillDef, SkillImplementation,
151:    |                 ^^^^^^^^^^^^^^^^^^
152:    |
153:    = note: `#[warn(unused_imports)]` (part of `#[warn(unused)]`) on by default
154: 
155: warning: unused import: `grant_free_skill_events`
156:   --> src/combat/turn_system/pipeline.rs:16:20
157:    |
158: 16 |     apply_effects, grant_free_skill_events, resolve_action, target_shape_rejection_reason,
159:    |                    ^^^^^^^^^^^^^^^^^^^^^^^
160: 
161: warning: unused import: `LegalityReasonCode`
162:   --> src/combat/turn_system/tests.rs:14:13
163:    |
--- lines 140-165 ---
140: error: could not compile `bevyrogue` (test "patamon_revive") due to 2 previous errors; 1 warning emitted
141: warning: build failed, waiting for other jobs to finish...
142: warning: `bevyrogue` (test "status_effect_integration") generated 1 warning
143: error: could not compile `bevyrogue` (test "status_effect_integration") due to 1 previous error; 1 warning emitted
144: warning: `bevyrogue` (test "toughness_categories") generated 1 warning
145: error: could not compile `bevyrogue` (test "toughness_categories") due to 1 previous error; 1 warning emitted
146: warning: `bevyrogue` (test "holy_support_mechanics") generated 2 warnings (run `cargo fix --test "holy_support_mechanics" -p bevyrogue` to apply 2 suggestions)
147: warning: unused import: `LegalityReasonCode`
148:   --> src/combat/follow_up_tests.rs:22:17
149:    |
150: 22 |         Effect, LegalityReasonCode, SelfTargetRule, SkillBook, SkillDef, SkillImplementation,
151:    |                 ^^^^^^^^^^^^^^^^^^
152:    |
153:    = note: `#[warn(unused_imports)]` (part of `#[warn(unused)]`) on by default
154: 
155: warning: unused import: `grant_free_skill_events`
156:   --> src/combat/turn_system/pipeline.rs:16:20
157:    |
158: 16 |     apply_effects, grant_free_skill_events, resolve_action, target_shape_rejection_reason,
159:    |                    ^^^^^^^^^^^^^^^^^^^^^^^
160: 
161: warning: unused import: `LegalityReasonCode`
162:   --> src/combat/turn_system/tests.rs:14:13
163:    |
164: 14 |     Effect, LegalityReasonCode, SelfTargetRule, SkillBook, SkillDef, SkillImplementation,
165:    |             ^^^^^^^^^^^^^^^^^^
