== assets/data/skills.ron ==
TERM animation_sequence
TERM qte
TERM patamon_ult
TERM angemon_ult
TERM greymon
TERM garurumon
-- around 78: id: SkillId("agumon_ult"),
76:     ),
77:     (
78:         id: SkillId("agumon_ult"),
79:         name: "Nova Blast",
80:         damage_tag: Fire,
81:         sp_cost: 0,
82:         targeting: SkillTargeting(

-- around 91: animation_sequence: Some(["Skill(Charge)", "Heavy(Launch)", "Victory"]),
89:         implementation: Implemented,
90:         effects: [Damage(amount: 50, target: Single), ToughnessHit(30)],
91:         animation_sequence: Some(["Skill(Charge)", "Heavy(Launch)", "Victory"]),
92:         qte: Some("Power Charge: Mash during Charge to increase blast radius."),
93:     ),
94:     (
95:         id: SkillId("gabumon_ult"),

-- around 92: qte: Some("Power Charge: Mash during Charge to increase blast radius."),
90:         effects: [Damage(amount: 50, target: Single), ToughnessHit(30)],
91:         animation_sequence: Some(["Skill(Charge)", "Heavy(Launch)", "Victory"]),
92:         qte: Some("Power Charge: Mash during Charge to increase blast radius."),
93:     ),
94:     (
95:         id: SkillId("gabumon_ult"),
96:         name: "Arctic Torrent",

-- around 95: id: SkillId("gabumon_ult"),
93:     ),
94:     (
95:         id: SkillId("gabumon_ult"),
96:         name: "Arctic Torrent",
97:         damage_tag: Ice,
98:         sp_cost: 0,
99:         targeting: SkillTargeting(

-- around 108: animation_sequence: Some(["Skill(Inhale)", "Skill(Exhale)", "Idle"]),
106:         implementation: Implemented,
107:         effects: [Damage(amount: 48, target: Single), ToughnessHit(28)],
108:         animation_sequence: Some(["Skill(Inhale)", "Skill(Exhale)", "Idle"]),
109:         qte: Some("Just-Frame Block: Press during enemy counter-hit to mitigate."),
110:     ),
111:     (
112:         id: SkillId("dorumon_ult"),

-- around 109: qte: Some("Just-Frame Block: Press during enemy counter-hit to mitigate."),
107:         effects: [Damage(amount: 48, target: Single), ToughnessHit(28)],
108:         animation_sequence: Some(["Skill(Inhale)", "Skill(Exhale)", "Idle"]),
109:         qte: Some("Just-Frame Block: Press during enemy counter-hit to mitigate."),
110:     ),
111:     (
112:         id: SkillId("dorumon_ult"),
113:         name: "Final Eruption",

-- around 125: animation_sequence: Some(["Skill(Focus)", "Heavy(Explosion)", "Victory"]),
123:         implementation: Implemented,
124:         effects: [Damage(amount: 48, target: Single), ToughnessHit(30)],
125:         animation_sequence: Some(["Skill(Focus)", "Heavy(Explosion)", "Victory"]),
126:         qte: Some("Power Charge: Hold button to stabilize digital glitch for more hits."),
127:     ),
128:     (
129:         id: SkillId("renamon_ult"),

-- around 126: qte: Some("Power Charge: Hold button to stabilize digital glitch for more hits."),
124:         effects: [Damage(amount: 48, target: Single), ToughnessHit(30)],
125:         animation_sequence: Some(["Skill(Focus)", "Heavy(Explosion)", "Victory"]),
126:         qte: Some("Power Charge: Hold button to stabilize digital glitch for more hits."),
127:     ),
128:     (
129:         id: SkillId("renamon_ult"),
130:         name: "Fox Drive",

-- around 142: animation_sequence: Some(["Skill(Spin)", "Attack(Launch)", "After-images(Retreat)"]),
140:         implementation: Implemented,
141:         effects: [Damage(amount: 48, target: Single), ToughnessHit(30)],
142:         animation_sequence: Some(["Skill(Spin)", "Attack(Launch)", "After-images(Retreat)"]),
143:         qte: Some("Precision Strike: Hit the moving cursor to ignore enemy DEF."),
144:     ),
145:     (
146:         id: SkillId("patamon_ult"),

-- around 143: qte: Some("Precision Strike: Hit the moving cursor to ignore enemy DEF."),
141:         effects: [Damage(amount: 48, target: Single), ToughnessHit(30)],
142:         animation_sequence: Some(["Skill(Spin)", "Attack(Launch)", "After-images(Retreat)"]),
143:         qte: Some("Precision Strike: Hit the moving cursor to ignore enemy DEF."),
144:     ),
145:     (
146:         id: SkillId("patamon_ult"),
147:         name: "Celestial Light",

-- around 146: id: SkillId("patamon_ult"),
144:     ),
145:     (
146:         id: SkillId("patamon_ult"),
147:         name: "Celestial Light",
148:         damage_tag: Light,
149:         sp_cost: 0,
150:         targeting: SkillTargeting(

-- around 159: animation_sequence: Some(["Skill(Rise)", "Skill(Bagliore)", "Heal"]),
157:         implementation: Implemented,
158:         effects: [Damage(amount: 45, target: Single), ToughnessHit(28)],
159:         animation_sequence: Some(["Skill(Rise)", "Skill(Bagliore)", "Heal"]),
160:         qte: Some("Just-Frame Block: Block projectiles while ascending."),
161:     ),
162:     (
163:         id: SkillId("agumon_follow_up"),

-- around 160: qte: Some("Just-Frame Block: Block projectiles while ascending."),
158:         effects: [Damage(amount: 45, target: Single), ToughnessHit(28)],
159:         animation_sequence: Some(["Skill(Rise)", "Skill(Bagliore)", "Heal"]),
160:         qte: Some("Just-Frame Block: Block projectiles while ascending."),
161:     ),
162:     (
163:         id: SkillId("agumon_follow_up"),
164:         name: "Agumon Follow-Up",

-- around 952: id: SkillId("angemon_ult"),
950:     ),
951:     (
952:         id: SkillId("angemon_ult"),
953:         name: "God Typhoon",
954:         damage_tag: Light,
955:         sp_cost: 0,
956:         targeting: SkillTargeting(

== assets/data/units.ron ==
TERM patamon_ult
TERM angemon_ult
TERM greymon
TERM garurumon
-- around 13: ultimate_skill: SkillId("agumon_ult"),
11:         basic_skill: SkillId("pepper_breath"),
12:         skill_ids: [SkillId("pepper_breath")],
13:         ultimate_skill: SkillId("agumon_ult"),
14:         follow_up: Some((
15:             trigger: OnEnemyBreak,
16:             action: SkillId("agumon_follow_up"),
17:         )),

-- around 41: ultimate_skill: SkillId("gabumon_ult"),
39:         basic_skill: SkillId("bubble_blast"),
40:         skill_ids: [SkillId("bubble_blast")],
41:         ultimate_skill: SkillId("gabumon_ult"),
42:         follow_up: Some((
43:             trigger: OnAllyLowHp,
44:             action: SkillId("gabumon_follow_up"),
45:         )),

-- around 125: ultimate_skill: SkillId("patamon_ult"),
123:         basic_skill: SkillId("holy_breeze"),
124:         skill_ids: [SkillId("holy_breeze"), SkillId("patamon_revive")],
125:         ultimate_skill: SkillId("patamon_ult"),
126:         follow_up: Some((
127:             trigger: OnAllyLowHp,
128:             action: SkillId("patamon_follow_up"),
129:         )),

-- around 349: ultimate_skill: SkillId("angemon_ult"),
347:         basic_skill: SkillId("angemon_basic"),
348:         skill_ids: [SkillId("heavens_knuckle"), SkillId("holy_rod")],
349:         ultimate_skill: SkillId("angemon_ult"),
350:         follow_up: Some((
351:             trigger: OnAllyLowHp,
352:             action: SkillId("angemon_follow_up"),
353:         )),

