307:        "phase={} winner={} sp={}/{} twin_core={} holy_support={} predator_loop={} precision={} turn_preview={} action_log_tail={} floating_live={} units={}",
315:        format_precision_mind_game_snapshot(snapshot.precision_mind_game.as_ref()),
634:fn format_precision_mind_game_snapshot(snapshot: Option<&PrecisionMindGameSnapshot>) -> String {
637:            "phase={},window_index={},window={},commitment={},reveal={},outcome={},last={}",
638:            format_precision_phase(snapshot.phase),
640:            format_precision_window(snapshot.current_window),
641:            format_precision_commitment(snapshot.commitment),
642:            format_precision_reveal(snapshot.reveal),
643:            format_precision_outcome(snapshot.outcome),
646:                .map(format_precision_transition)
653:fn format_precision_phase(phase: PrecisionMindGamePhase) -> &'static str {
663:fn format_precision_window(window: Option<PrecisionWindowKind>) -> &'static str {
671:fn format_precision_commitment(commitment: Option<PrecisionCommitment>) -> &'static str {
680:fn format_precision_reveal(reveal: Option<PrecisionReveal>) -> &'static str {
689:fn format_precision_outcome(outcome: Option<PrecisionOutcome>) -> &'static str {
698:fn format_precision_transition(transition: PrecisionMindGameTransition) -> String {
701:            format!("open_window({})", format_precision_window(Some(window)))
704:            format!("commit({})", format_precision_commitment(Some(commitment)))
707:            format!("reveal({})", format_precision_reveal(Some(reveal)))
710:            format!("resolve({})", format_precision_outcome(Some(outcome)))
714:            format_precision_step(attempted),
718:            format!("ignored({})", format_precision_step(attempted))
723:fn format_precision_step(step: super::kernel::PrecisionMindGameStep) -> String {
726:            format!("open_window({})", format_precision_window(Some(window)))
729:            format!("commit({})", format_precision_commitment(Some(commitment)))
732:            format!("reveal({})", format_precision_reveal(Some(reveal)))
735:            format!("resolve({})", format_precision_outcome(Some(outcome)))
