cargo_test_no_run exit=101 dur=3466ms
--- first 40 lines ---
warning: unused import: `MAX_AV`
  --> src/combat/bootstrap.rs:11:30
   |
11 | use super::av::{ActionValue, MAX_AV};
   |                              ^^^^^^
   |
   = note: `#[warn(unused_imports)]` (part of `#[warn(unused)]`) on by default

warning: unused import: `order_from_speeds`
  --> src/combat/bootstrap.rs:17:36
   |
17 | use super::turn_order::{TurnOrder, order_from_speeds};
   |                                    ^^^^^^^^^^^^^^^^^

warning: unused import: `grant_free_skill_events`
  --> src/combat/turn_system/pipeline.rs:17:5
   |
17 |     grant_free_skill_events,
   |     ^^^^^^^^^^^^^^^^^^^^^^^

warning: unused import: `crate::combat::team::Team`
  --> src/combat/turn_system/pipeline.rs:25:5
   |
25 | use crate::combat::team::Team;
   |     ^^^^^^^^^^^^^^^^^^^^^^^^^

warning: unused import: `crate::combat::types::SkillId`
  --> src/combat/turn_system/pipeline.rs:27:5
   |
27 | use crate::combat::types::SkillId;
   |     ^^^^^^^^^^^^^^^^^^^^^^^^^^^^^

warning: variable does not need to be mutable
   --> src/combat/turn_system/pipeline.rs:125:65
    |
125 | ...   let Ok((_, attacker_team, attacker_unit, _attacker_kit, mut attacker_ult, mut defender_tough, _attacker_counterplay, attacker...
    |                                                               ----^^^^^^^^^^^^
    |                                                               |
    |                                                               help: remove this `mut`
    |
