tests/resource_caps.rs:18:    turn_system::{ActionIntent, advance_turn_system, resolve_action_system},
tests/resource_caps.rs:105:        .add_systems(Update, (resolve_action_system, advance_turn_system));
tests/resource_caps.rs:275:                resolve_action_system,
tests/resource_caps.rs:700:    app.world_mut().write_message(ActionIntent::Skill {
tests/resource_caps.rs:725:    app.world_mut().write_message(ActionIntent::Skill {
tests/resource_caps.rs:749:    app.world_mut().write_message(ActionIntent::Skill {
tests/resource_caps.rs:780:    app.world_mut().write_message(ActionIntent::Skill {
tests/follow_up_triggers.rs:15:    turn_system::{ActionIntent, resolve_action_system},
tests/follow_up_triggers.rs:57:                resolve_action_system,
tests/follow_up_triggers.rs:339:    app.world_mut().write_message(ActionIntent::Basic {
tests/follow_up_triggers.rs:429:    app.world_mut().write_message(ActionIntent::Skill {
tests/follow_up_triggers.rs:523:    app.world_mut().write_message(ActionIntent::Basic {
tests/follow_up_triggers.rs:582:    app.world_mut().write_message(ActionIntent::Skill {
tests/follow_up_triggers.rs:653:    app.world_mut().write_message(ActionIntent::Skill {
tests/follow_up_triggers.rs:737:    app.world_mut().write_message(ActionIntent::Ultimate {
tests/toughness_categories.rs:14:    turn_system::{ActionIntent, advance_turn_system, resolve_action_system},
tests/toughness_categories.rs:76:        .add_systems(Update, (resolve_action_system, advance_turn_system).chain());
tests/toughness_categories.rs:153:        .write_message(ActionIntent::Basic { attacker, target });
tests/engine_legality_integration.rs:14:use bevyrogue::combat::turn_system::{ActionIntent, resolve_action_system};
tests/engine_legality_integration.rs:179:        .add_systems(Update, resolve_action_system);
tests/ultimate_meter.rs:7:/// - Turn-order front-insert on successful ultimate fire (via resolve_action_system)
tests/ultimate_meter.rs:19:    turn_system::{ActionIntent, resolve_action_system},
tests/ultimate_meter.rs:100:        .add_systems(Update, resolve_action_system);
tests/ultimate_meter.rs:316:    app.world_mut().write_message(ActionIntent::Ultimate {
tests/ultimate_meter.rs:365:    app.world_mut().write_message(ActionIntent::Ultimate {
tests/ultimate_meter.rs:412:    app.world_mut().write_message(ActionIntent::Ultimate {
tests/form_identity.rs:17:    turn_system::{ActionIntent, resolve_action_system},
tests/form_identity.rs:59:                resolve_action_system,
tests/form_identity.rs:191:    app.world_mut().write_message(ActionIntent::Skill {
tests/form_identity.rs:233:    app.world_mut().write_message(ActionIntent::Skill {
tests/form_identity.rs:246:    app.world_mut().write_message(ActionIntent::Skill {
tests/form_identity.rs:273:    app.world_mut().write_message(ActionIntent::Skill {
tests/form_identity.rs:292:    app.world_mut().write_message(ActionIntent::Skill {
tests/form_identity.rs:371:    app.world_mut().write_message(ActionIntent::Skill {
tests/form_identity.rs:402:    app.world_mut().write_message(ActionIntent::Skill {
tests/form_identity.rs:439:    app.world_mut().write_message(ActionIntent::Skill {
tests/form_identity.rs:461:    app.world_mut().write_message(ActionIntent::Skill {
tests/form_identity.rs:535:    app.world_mut().write_message(ActionIntent::Skill {
tests/form_identity.rs:557:    app.world_mut().write_message(ActionIntent::Skill {
tests/form_identity.rs:592:    app.world_mut().write_message(ActionIntent::Skill {
tests/form_identity.rs:632:    app.world_mut().write_message(ActionIntent::Skill {
tests/form_identity.rs:662:    app.world_mut().write_message(ActionIntent::Skill {
tests/scenario_minion_ttk.rs:16:    turn_system::{ActionIntent, advance_turn_system, check_victory_system, resolve_action_system},
tests/scenario_minion_ttk.rs:51:                resolve_action_system,
tests/scenario_minion_ttk.rs:129:            app.world_mut().write_message(ActionIntent::Basic {
tests/scenario_miniboss_ttk.rs:16:    turn_system::{ActionIntent, advance_turn_system, check_victory_system, resolve_action_system},
tests/scenario_miniboss_ttk.rs:51:                resolve_action_system,
tests/scenario_miniboss_ttk.rs:130:            app.world_mut().write_message(ActionIntent::Basic {
tests/sp_economy.rs:3:/// This test exercises the real `resolve_action_system` path with a scripted
tests/sp_economy.rs:17:    turn_system::{ActionIntent, resolve_action_system},
tests/sp_economy.rs:155:        .add_systems(Update, resolve_action_system);
tests/twin_core_integration.rs:5:    CombatBeatId, CombatKernelRegistry, CombatKernelTransition, CombatTagChangeKind,
tests/twin_core_integration.rs:9:use bevyrogue::combat::observability::{capture_validation_snapshot, format_validation_snapshot};
tests/twin_core_integration.rs:75:    let mut registry = CombatKernelRegistry::new();
tests/twin_core_integration.rs:108:        let registry = app.world().resource::<CombatKernelRegistry>();
tests/twin_core_integration.rs:125:    let snapshot = capture_validation_snapshot(app.world_mut()).expect("snapshot should capture");
tests/pipeline_dispatch.rs:14:    turn_system::{ActionIntent, resolve_action_system},
tests/pipeline_dispatch.rs:56:                resolve_action_system,
tests/pipeline_dispatch.rs:190:    app.world_mut().write_message(ActionIntent::Basic {
tests/pipeline_dispatch.rs:326:    app.world_mut().write_message(ActionIntent::Basic {
tests/pipeline_dispatch.rs:417:    app.world_mut().write_message(ActionIntent::Skill {
tests/toughness_enemy_only.rs:11:    turn_system::{ActionIntent, resolve_action_system},
tests/toughness_enemy_only.rs:63:        .add_systems(Update, resolve_action_system);
tests/toughness_enemy_only.rs:161:    app.world_mut().write_message(ActionIntent::Skill {
tests/toughness_enemy_only.rs:231:    app.world_mut().write_message(ActionIntent::Skill {
tests/scenario_boss_ttk.rs:16:    turn_system::{ActionIntent, advance_turn_system, check_victory_system, resolve_action_system},
tests/scenario_boss_ttk.rs:51:                resolve_action_system,
tests/scenario_boss_ttk.rs:131:            app.world_mut().write_message(ActionIntent::Basic {
tests/encounter_e2e.rs:9:    turn_system::{ActionIntent, check_victory_system, resolve_action_system},
tests/encounter_e2e.rs:41:            (resolve_action_system, check_victory_system).chain(),
tests/target_shape_truthfulness.rs:8:    turn_system::{ActionIntent, resolve_action_system},
tests/target_shape_truthfulness.rs:42:        .add_systems(Update, resolve_action_system);
tests/target_shape_truthfulness.rs:152:    app.world_mut().write_message(ActionIntent::Skill {
tests/target_shape_truthfulness.rs:241:    app.world_mut().write_message(ActionIntent::Skill {
tests/target_shape_truthfulness.rs:328:    app.world_mut().write_message(ActionIntent::Skill {
tests/event_stream.rs:4:    kernel::{CombatBeatId, CombatKernelTransition, register_combat_kernel_runtime},
tests/event_stream.rs:12:    turn_system::{ActionIntent, resolve_action_system},
tests/event_stream.rs:51:    register_combat_kernel_runtime(&mut app);
tests/event_stream.rs:60:        .add_systems(Update, resolve_action_system);
tests/event_stream.rs:217:    app.world_mut().write_message(ActionIntent::Skill {
