src/combat/mod.rs:35:/// Predator loop (Exploit / Prey Lock / Berserk) shared kernel seam.
src/combat/battery_loop.rs:6:    BatteryLoopBlockedReason, BatteryLoopChargeKind, BatteryLoopSignal, BatteryLoopStep,
src/combat/battery_loop.rs:7:    BatteryLoopTransition, CombatKernelHook, CombatKernelHookDomain, CombatKernelTransition,
src/combat/battery_loop.rs:10:use super::observability::BatteryLoopSnapshot;
src/combat/battery_loop.rs:17:pub enum BatteryLoopDesignTag {
src/combat/battery_loop.rs:24:pub enum BatteryLoopRequestKind {
src/combat/battery_loop.rs:32:pub struct BatteryLoopState {
src/combat/battery_loop.rs:39:    pub last_transition: Option<BatteryLoopTransition>,
src/combat/battery_loop.rs:40:    pub last_blocked_reason: Option<BatteryLoopBlockedReason>,
src/combat/battery_loop.rs:43:impl Default for BatteryLoopState {
src/combat/battery_loop.rs:58:impl BatteryLoopState {
src/combat/battery_loop.rs:64:    pub fn snapshot(&self) -> BatteryLoopSnapshot {
src/combat/battery_loop.rs:65:        BatteryLoopSnapshot::from(self)
src/combat/battery_loop.rs:68:    pub fn gain_static_charge(&mut self, amount: u8) -> BatteryLoopTransition {
src/combat/battery_loop.rs:69:        apply_battery_loop_transition(self, BatteryLoopTransition::build_static_charge(amount))
src/combat/battery_loop.rs:72:    pub fn gain_circuit_charge(&mut self, amount: u8) -> BatteryLoopTransition {
src/combat/battery_loop.rs:73:        apply_battery_loop_transition(self, BatteryLoopTransition::build_circuit_charge(amount))
src/combat/battery_loop.rs:76:    pub fn spend_circuit_charge(&mut self, amount: u8) -> BatteryLoopTransition {
src/combat/battery_loop.rs:77:        apply_battery_loop_transition(self, BatteryLoopTransition::spend_circuit_charge(amount))
src/combat/battery_loop.rs:80:    pub fn record_self_energy_gain(&mut self, amount: u8) -> BatteryLoopTransition {
src/combat/battery_loop.rs:81:        apply_battery_loop_transition(self, BatteryLoopTransition::self_energy_gain(amount))
src/combat/battery_loop.rs:84:    pub fn record_transfer_success(&mut self, amount: u8) -> BatteryLoopTransition {
src/combat/battery_loop.rs:85:        apply_battery_loop_transition(self, BatteryLoopTransition::transfer_energy(amount))
src/combat/battery_loop.rs:91:        reason: BatteryLoopBlockedReason,
src/combat/battery_loop.rs:92:    ) -> BatteryLoopTransition {
src/combat/battery_loop.rs:93:        apply_battery_loop_transition(
src/combat/battery_loop.rs:95:            BatteryLoopTransition::rejected(BatteryLoopStep::TransferEnergy { amount }, reason),
src/combat/battery_loop.rs:99:    pub fn reset_cycle_guards(&mut self) -> BatteryLoopTransition {
src/combat/battery_loop.rs:100:        apply_battery_loop_transition(self, BatteryLoopTransition::cycle_reset())
src/combat/battery_loop.rs:104:pub fn apply_battery_loop_transition(
src/combat/battery_loop.rs:105:    state: &mut BatteryLoopState,
src/combat/battery_loop.rs:106:    transition: BatteryLoopTransition,
src/combat/battery_loop.rs:107:) -> BatteryLoopTransition {
src/combat/battery_loop.rs:109:        BatteryLoopSignal::BuildStaticCharge => apply_static_charge(state, transition.amount),
src/combat/battery_loop.rs:110:        BatteryLoopSignal::BuildCircuitCharge => apply_circuit_charge(state, transition.amount),
src/combat/battery_loop.rs:111:        BatteryLoopSignal::SpendCircuitCharge => spend_circuit_charge(state, transition.amount),
src/combat/battery_loop.rs:112:        BatteryLoopSignal::GrantEnergy
src/combat/battery_loop.rs:113:        | BatteryLoopSignal::SelfEnergyGain
src/combat/battery_loop.rs:114:        | BatteryLoopSignal::TransferEnergy
src/combat/battery_loop.rs:115:        | BatteryLoopSignal::CycleReset => {
src/combat/battery_loop.rs:116:            if matches!(transition.signal, BatteryLoopSignal::CycleReset) {
src/combat/battery_loop.rs:122:        BatteryLoopSignal::Rejected | BatteryLoopSignal::Ignored => transition,
src/combat/battery_loop.rs:128:pub fn apply_battery_loop_transitions_system(
src/combat/battery_loop.rs:130:    mut state: ResMut<BatteryLoopState>,
src/combat/battery_loop.rs:133:        let CombatEventKind::OnKernelTransition { transition } = &event.kind else {
src/combat/battery_loop.rs:137:        let CombatKernelTransition::BatteryLoop(battery_transition) = transition else {
src/combat/battery_loop.rs:141:        apply_battery_loop_transition(&mut state, *battery_transition);
src/combat/battery_loop.rs:145:pub struct BatteryLoopHook;
src/combat/battery_loop.rs:147:impl CombatKernelHook for BatteryLoopHook {
src/combat/battery_loop.rs:164:            out.push(CombatKernelTransition::BatteryLoop(
src/combat/battery_loop.rs:165:                BatteryLoopTransition::cycle_reset(),
src/combat/battery_loop.rs:171:fn apply_static_charge(state: &mut BatteryLoopState, amount: u8) -> BatteryLoopTransition {
src/combat/battery_loop.rs:173:        return BatteryLoopTransition::ignored(BatteryLoopStep::BuildStaticCharge { amount });
src/combat/battery_loop.rs:177:        return BatteryLoopTransition::rejected(
src/combat/battery_loop.rs:178:            BatteryLoopStep::BuildStaticCharge { amount },
src/combat/battery_loop.rs:179:            BatteryLoopBlockedReason::ChargeCapReached {
src/combat/battery_loop.rs:180:                charge: BatteryLoopChargeKind::Static,
src/combat/battery_loop.rs:192:        BatteryLoopTransition::grant_energy(BATTERY_ENERGY_GRANT)
src/combat/battery_loop.rs:194:        BatteryLoopTransition::build_static_charge(amount)
src/combat/battery_loop.rs:198:fn apply_circuit_charge(state: &mut BatteryLoopState, amount: u8) -> BatteryLoopTransition {
src/combat/battery_loop.rs:200:        return BatteryLoopTransition::ignored(BatteryLoopStep::BuildCircuitCharge { amount });
src/combat/battery_loop.rs:204:        return BatteryLoopTransition::rejected(
src/combat/battery_loop.rs:205:            BatteryLoopStep::BuildCircuitCharge { amount },
src/combat/battery_loop.rs:206:            BatteryLoopBlockedReason::ChargeCapReached {
src/combat/battery_loop.rs:207:                charge: BatteryLoopChargeKind::Circuit,
src/combat/battery_loop.rs:217:    BatteryLoopTransition::build_circuit_charge(amount)
src/combat/battery_loop.rs:220:fn spend_circuit_charge(state: &mut BatteryLoopState, amount: u8) -> BatteryLoopTransition {
src/combat/battery_loop.rs:222:        return BatteryLoopTransition::ignored(BatteryLoopStep::SpendCircuitCharge { amount });
src/combat/battery_loop.rs:226:        return BatteryLoopTransition::rejected(
src/combat/battery_loop.rs:227:            BatteryLoopStep::SpendCircuitCharge { amount },
src/combat/battery_loop.rs:228:            BatteryLoopBlockedReason::ChargeUnderflow {
src/combat/battery_loop.rs:229:                charge: BatteryLoopChargeKind::Circuit,
src/combat/battery_loop.rs:235:    BatteryLoopTransition::spend_circuit_charge(amount)
src/combat/battery_loop.rs:239:    state: &mut BatteryLoopState,
src/combat/battery_loop.rs:240:    transition: BatteryLoopTransition,
src/combat/battery_loop.rs:241:) -> BatteryLoopTransition {
src/combat/battery_loop.rs:242:    if matches!(transition.signal, BatteryLoopSignal::Rejected) {
src/combat/battery_loop.rs:250:        "BatteryLoopState static={}/{} circuit={}/{} threshold={} grant_guard={} last={:?} blocked={:?}",
src/combat/twin_core.rs:6:    CombatBeatId, CombatKernelHook, CombatKernelHookDomain, CombatKernelTransition,
src/combat/twin_core.rs:8:    TwinCoreSignal, TwinCoreTransition,
src/combat/twin_core.rs:20:pub enum TwinCoreDesignTag {
src/combat/twin_core.rs:29:pub fn twin_core_design_tag_name(tag: TwinCoreDesignTag) -> &'static str {
src/combat/twin_core.rs:31:        TwinCoreDesignTag::Heated => TAG_HEATED,
src/combat/twin_core.rs:32:        TwinCoreDesignTag::Chilled => TAG_CHILLED,
src/combat/twin_core.rs:33:        TwinCoreDesignTag::ThermalSpark => TAG_THERMAL_SPARK,
src/combat/twin_core.rs:34:        TwinCoreDesignTag::Primed => TAG_PRIMED,
src/combat/twin_core.rs:35:        TwinCoreDesignTag::MeltdownCrack => TAG_MELTDOWN_CRACK,
src/combat/twin_core.rs:36:        TwinCoreDesignTag::DeepCrack => TAG_DEEP_CRACK,
src/combat/twin_core.rs:40:pub fn twin_core_design_tag(tag: TwinCoreDesignTag) -> CombatTagId {
src/combat/twin_core.rs:44:pub fn classify_twin_core_tag(tag: &CombatTagId) -> Option<TwinCoreDesignTag> {
src/combat/twin_core.rs:46:        TAG_HEATED => Some(TwinCoreDesignTag::Heated),
src/combat/twin_core.rs:47:        TAG_CHILLED => Some(TwinCoreDesignTag::Chilled),
src/combat/twin_core.rs:48:        TAG_THERMAL_SPARK => Some(TwinCoreDesignTag::ThermalSpark),
src/combat/twin_core.rs:49:        TAG_PRIMED => Some(TwinCoreDesignTag::Primed),
src/combat/twin_core.rs:50:        TAG_MELTDOWN_CRACK => Some(TwinCoreDesignTag::MeltdownCrack),
src/combat/twin_core.rs:51:        TAG_DEEP_CRACK => Some(TwinCoreDesignTag::DeepCrack),
src/combat/twin_core.rs:57:    tag: TwinCoreDesignTag,
src/combat/twin_core.rs:71:pub struct TwinCoreState {
src/combat/twin_core.rs:78:    pub last_signal: Option<TwinCoreTransition>,
src/combat/twin_core.rs:81:impl Default for TwinCoreState {
src/combat/twin_core.rs:95:pub struct TwinCoreHook;
src/combat/twin_core.rs:97:impl CombatKernelHook for TwinCoreHook {
src/combat/twin_core.rs:113:                        TwinCoreDesignTag::Heated
src/combat/twin_core.rs:114:                        | TwinCoreDesignTag::Chilled
src/combat/twin_core.rs:115:                        | TwinCoreDesignTag::Primed => out.push(CombatKernelTransition::TwinCore(
src/combat/twin_core.rs:116:                            TwinCoreTransition::build_cross_resonance(1),
src/combat/twin_core.rs:118:                        TwinCoreDesignTag::ThermalSpark => out.push(
src/combat/twin_core.rs:119:                            CombatKernelTransition::TwinCore(TwinCoreTransition::thermal_spark(1)),
src/combat/twin_core.rs:121:                        TwinCoreDesignTag::MeltdownCrack => {
src/combat/twin_core.rs:122:                            out.push(CombatKernelTransition::TwinCore(
src/combat/twin_core.rs:123:                                TwinCoreTransition::fire_spend_marker(1),
src/combat/twin_core.rs:126:                        TwinCoreDesignTag::DeepCrack => out.push(CombatKernelTransition::TwinCore(
src/combat/twin_core.rs:127:                            TwinCoreTransition::ice_spend_marker(1),
src/combat/twin_core.rs:138:                    Some(TwinCoreDesignTag::ThermalSpark)
src/combat/twin_core.rs:140:                    out.push(CombatKernelTransition::TwinCore(
src/combat/twin_core.rs:141:                        TwinCoreTransition::shatter(1),
src/combat/twin_core.rs:145:            CombatKernelTransition::Beat(CombatBeatId::Damage) => {
src/combat/twin_core.rs:146:                out.push(CombatKernelTransition::TwinCore(
src/combat/twin_core.rs:147:                    TwinCoreTransition::twin_burst(1),
src/combat/twin_core.rs:154:                out.push(CombatKernelTransition::TwinCore(
src/combat/twin_core.rs:155:                    TwinCoreTransition::cycle_reset(),
src/combat/twin_core.rs:163:pub fn apply_twin_core_transitions_system(
src/combat/twin_core.rs:165:    mut state: ResMut<TwinCoreState>,
src/combat/twin_core.rs:168:        let CombatEventKind::OnKernelTransition { transition } = &event.kind else {
src/combat/twin_core.rs:172:        let CombatKernelTransition::TwinCore(twin_trans) = transition else {
src/combat/twin_core.rs:176:        apply_twin_core_transition(&mut state, *twin_trans, event.target);
src/combat/twin_core.rs:180:fn apply_twin_core_transition(
src/combat/twin_core.rs:181:    state: &mut TwinCoreState,
src/combat/twin_core.rs:182:    transition: TwinCoreTransition,
src/combat/twin_core.rs:186:        TwinCoreSignal::BuildCrossResonance => {
src/combat/twin_core.rs:193:        TwinCoreSignal::SpendCrossResonance => {
src/combat/twin_core.rs:197:        TwinCoreSignal::ThermalSpark => {
src/combat/twin_core.rs:203:        TwinCoreSignal::TwinBurst => {
src/combat/twin_core.rs:215:        TwinCoreSignal::Shatter => {
src/combat/twin_core.rs:226:        TwinCoreSignal::FireSpendMarker => {
src/combat/twin_core.rs:230:        TwinCoreSignal::IceSpendMarker => {
src/combat/twin_core.rs:234:        TwinCoreSignal::CycleReset => {
src/combat/twin_core.rs:244:        "TwinCoreState signal={:?} resonance={} spark_targets={:?} fire_spend={} ice_spend={} burst_guard={} shatter_guard={}",
src/combat/events.rs:10:pub use crate::combat::kernel::{BatteryLoopTransition, CombatBeatId, CombatKernelTransition, PredatorLoopTransition};
src/combat/events.rs:103:    OnCombatBeat {
src/combat/events.rs:104:        beat: CombatBeatId,
src/combat/events.rs:107:    OnKernelTransition {
src/combat/events.rs:110:    /// Typed BatteryLoop outcome after the raw kernel transition has been resolved against
src/combat/events.rs:112:    BatteryLoopResolved {
src/combat/events.rs:113:        transition: BatteryLoopTransition,
src/combat/events.rs:115:    /// Typed PredatorLoop outcome after the raw kernel transition has been resolved against
src/combat/events.rs:117:    PredatorLoopResolved {
src/combat/events.rs:118:        transition: PredatorLoopTransition,
tests/holy_support_roster_contract.rs:4:    HolySupportLine, HolySupportPersonalLabel, HolySupportRole, UnitRoster,
tests/holy_support_roster_contract.rs:20:    assert_eq!(patamon.holy_support.line, Some(HolySupportLine::Hope));
tests/holy_support_roster_contract.rs:21:    assert_eq!(patamon.holy_support.role, Some(HolySupportRole::GraceAccumulator));
tests/holy_support_roster_contract.rs:22:    assert_eq!(patamon.holy_support.personal_resource_label, Some(HolySupportPersonalLabel::Grace));
tests/holy_support_roster_contract.rs:25:    assert_eq!(angemon.holy_support.line, Some(HolySupportLine::Hope));
tests/holy_support_roster_contract.rs:26:    assert_eq!(angemon.holy_support.role, Some(HolySupportRole::MartyrSpender));
tests/holy_support_roster_contract.rs:27:    assert_eq!(angemon.holy_support.personal_resource_label, Some(HolySupportPersonalLabel::MartyrLight));
tests/holy_support_roster_contract.rs:43:        let has_holy_effect = skill.effects.iter().any(|e| matches!(e, Effect::HolySupportTag(_) | Effect::HolySupportRequest(_)));
tests/holy_support_roster_contract.rs:63:    assert!(revive.effects.iter().any(|e| matches!(e, Effect::HolySupportRequest(_))), "Patamon revive missing HolySupportRequest");
tests/holy_support_roster_contract.rs:67:    assert!(angemon_ult.effects.iter().any(|e| matches!(e, Effect::HolySupportTag(_))), "Angemon ult missing HolySupportTag");
src/combat/bootstrap.rs:228:        twin_core: crate::data::units_ron::TwinCoreRosterMetadata::default(),
src/combat/bootstrap.rs:229:        holy_support: crate::data::units_ron::HolySupportRosterMetadata::default(),
src/combat/predator_loop.rs:9:    PredatorLoopBlockedReason, PredatorLoopCapKind, PredatorLoopSignal, PredatorLoopStep, PredatorLoopTransition,
src/combat/predator_loop.rs:19:pub enum PredatorLoopDesignTag {
src/combat/predator_loop.rs:26:pub struct PredatorLockState {
src/combat/predator_loop.rs:31:impl PredatorLockState {
src/combat/predator_loop.rs:65:pub struct PredatorTargetState {
src/combat/predator_loop.rs:67:    pub prey_lock: Option<PredatorLockState>,
src/combat/predator_loop.rs:70:impl PredatorTargetState {
src/combat/predator_loop.rs:79:impl Default for PredatorTargetState {
src/combat/predator_loop.rs:86:pub struct PredatorLoopState {
src/combat/predator_loop.rs:90:    pub targets: HashMap<UnitId, PredatorTargetState>,
src/combat/predator_loop.rs:91:    pub last_transition: Option<PredatorLoopTransition>,
src/combat/predator_loop.rs:92:    pub last_blocked_reason: Option<PredatorLoopBlockedReason>,
src/combat/predator_loop.rs:95:impl Default for PredatorLoopState {
src/combat/predator_loop.rs:109:pub struct PredatorTargetSnapshot {
src/combat/predator_loop.rs:112:    pub prey_lock: Option<PredatorLockState>,
src/combat/predator_loop.rs:116:pub struct PredatorLoopSnapshot {
src/combat/predator_loop.rs:120:    pub targets: Vec<PredatorTargetSnapshot>,
src/combat/predator_loop.rs:121:    pub last_transition: Option<PredatorLoopTransition>,
src/combat/predator_loop.rs:122:    pub last_blocked_reason: Option<PredatorLoopBlockedReason>,
src/combat/predator_loop.rs:125:impl From<&PredatorLoopState> for PredatorLoopSnapshot {
src/combat/predator_loop.rs:126:    fn from(state: &PredatorLoopState) -> Self {
src/combat/predator_loop.rs:130:            .map(|(unit_id, target)| PredatorTargetSnapshot {
src/combat/predator_loop.rs:149:impl PredatorLoopState {
src/combat/predator_loop.rs:150:    pub fn snapshot(&self) -> PredatorLoopSnapshot {
src/combat/predator_loop.rs:151:        PredatorLoopSnapshot::from(self)
src/combat/predator_loop.rs:154:    pub fn track_target(&mut self, unit_id: UnitId) -> &mut PredatorTargetState {
src/combat/predator_loop.rs:158:    pub fn build_exploit(&mut self, unit_id: UnitId, amount: u16) -> PredatorLoopTransition {
src/combat/predator_loop.rs:159:        apply_predator_loop_transition(
src/combat/predator_loop.rs:161:            PredatorLoopTransition::build_exploit(unit_id, amount),
src/combat/predator_loop.rs:165:    pub fn apply_prey_lock(&mut self, unit_id: UnitId) -> PredatorLoopTransition {
src/combat/predator_loop.rs:167:        apply_predator_loop_transition(self, PredatorLoopTransition::apply_prey_lock(unit_id, duration))
src/combat/predator_loop.rs:170:    pub fn consume_prey_lock_payoff(&mut self, unit_id: UnitId) -> PredatorLoopTransition {
src/combat/predator_loop.rs:171:        apply_predator_loop_transition(
src/combat/predator_loop.rs:173:            PredatorLoopTransition::consume_prey_lock_payoff(unit_id, 1),
src/combat/predator_loop.rs:177:    pub fn enter_berserk(&mut self, strain_current: u16) -> PredatorLoopTransition {
src/combat/predator_loop.rs:178:        apply_predator_loop_transition(
src/combat/predator_loop.rs:180:            PredatorLoopTransition::enter_berserk(strain_current),
src/combat/predator_loop.rs:184:    pub fn tick_all_prey_locks(&mut self) -> PredatorLoopTransition {
src/combat/predator_loop.rs:185:        apply_predator_loop_transition(self, PredatorLoopTransition::tick())
src/combat/predator_loop.rs:188:    pub fn expire_prey_lock(&mut self, unit_id: UnitId) -> PredatorLoopTransition {
