src/data/units_ron.rs:44:pub enum HolySupportLine {
src/data/units_ron.rs:49:pub enum HolySupportRole {
src/data/units_ron.rs:55:pub enum HolySupportPersonalLabel {
src/data/units_ron.rs:61:pub struct HolySupportRosterMetadata {
src/data/units_ron.rs:63:    pub line: Option<HolySupportLine>,
src/data/units_ron.rs:65:    pub role: Option<HolySupportRole>,
src/data/units_ron.rs:67:    pub personal_resource_label: Option<HolySupportPersonalLabel>,
src/data/units_ron.rs:98:    pub holy_support: HolySupportRosterMetadata,
src/data/units_ron.rs:195:            holy_support: HolySupportRosterMetadata::default(),
tests/holy_support_mechanics.rs:4:use bevyrogue::combat::holy_support::{
tests/holy_support_mechanics.rs:5:    GRACE_CAP, HolySupportDesignTag, HolySupportHook, HolySupportRejectReason, HolySupportState,
tests/holy_support_mechanics.rs:6:    HolySupportStep, HolySupportTransition, apply_holy_support_transitions_system,
tests/holy_support_mechanics.rs:7:    classify_holy_support_tag, holy_support_design_tag,
tests/holy_support_mechanics.rs:11:    CombatTagState, CombatTagTransition, HolySupportSignal, TacticalCyclePhase, TacticalCycleStep,
tests/holy_support_mechanics.rs:22:fn app_with_holy_support() -> App {
tests/holy_support_mechanics.rs:26:    app.add_systems(Update, apply_holy_support_transitions_system);
tests/holy_support_mechanics.rs:54:    registry.register(HolySupportHook);
tests/holy_support_mechanics.rs:57:        classify_holy_support_tag(&holy_support_design_tag(HolySupportDesignTag::Grace)),
tests/holy_support_mechanics.rs:58:        Some(HolySupportDesignTag::Grace)
tests/holy_support_mechanics.rs:61:        classify_holy_support_tag(&holy_support_design_tag(HolySupportDesignTag::MartyrLight)),
tests/holy_support_mechanics.rs:62:        Some(HolySupportDesignTag::MartyrLight)
tests/holy_support_mechanics.rs:66:        before: CombatTagState::new(holy_support_design_tag(HolySupportDesignTag::Grace), 3),
tests/holy_support_mechanics.rs:67:        after: CombatTagState::new(holy_support_design_tag(HolySupportDesignTag::Grace), 3),
tests/holy_support_mechanics.rs:74:        CombatKernelTransition::HolySupport(HolySupportTransition::build_grace(1))
tests/holy_support_mechanics.rs:79:            holy_support_design_tag(HolySupportDesignTag::MartyrLight),
tests/holy_support_mechanics.rs:83:            holy_support_design_tag(HolySupportDesignTag::MartyrLight),
tests/holy_support_mechanics.rs:91:        CombatKernelTransition::HolySupport(HolySupportTransition::mark_martyr_light())
tests/holy_support_mechanics.rs:104:    let mut app = app_with_holy_support();
tests/holy_support_mechanics.rs:108:        CombatKernelTransition::HolySupport(HolySupportTransition::build_grace(
tests/holy_support_mechanics.rs:114:        let state = app.world().resource::<HolySupportState>();
tests/holy_support_mechanics.rs:124:        let state = app.world().resource::<HolySupportState>();
tests/holy_support_mechanics.rs:128:            Some(HolySupportTransition::build_grace(
tests/holy_support_mechanics.rs:137:    let mut app = app_with_holy_support();
tests/holy_support_mechanics.rs:141:        CombatKernelTransition::HolySupport(HolySupportTransition::spend_grace(1)),
tests/holy_support_mechanics.rs:144:    let state = app.world().resource::<HolySupportState>();
tests/holy_support_mechanics.rs:148:        Some(HolySupportTransition::rejected(
tests/holy_support_mechanics.rs:149:            HolySupportStep::SpendGrace { amount: 1 },
tests/holy_support_mechanics.rs:150:            HolySupportRejectReason::GraceUnderflow,
tests/holy_support_mechanics.rs:157:    let mut app = app_with_holy_support();
tests/holy_support_mechanics.rs:161:        CombatKernelTransition::HolySupport(HolySupportTransition::mark_martyr_light()),
tests/holy_support_mechanics.rs:164:        let state = app.world().resource::<HolySupportState>();
tests/holy_support_mechanics.rs:169:            Some(HolySupportTransition::mark_martyr_light())
tests/holy_support_mechanics.rs:175:        CombatKernelTransition::HolySupport(HolySupportTransition::mark_martyr_light()),
tests/holy_support_mechanics.rs:178:        let state = app.world().resource::<HolySupportState>();
tests/holy_support_mechanics.rs:182:            Some(HolySupportTransition::rejected(
tests/holy_support_mechanics.rs:183:                HolySupportStep::MarkMartyrLight,
tests/holy_support_mechanics.rs:184:                HolySupportRejectReason::MartyrAlreadyMarked,
tests/holy_support_mechanics.rs:191:        CombatKernelTransition::HolySupport(HolySupportTransition::consume_martyr_light()),
tests/holy_support_mechanics.rs:194:        let state = app.world().resource::<HolySupportState>();
tests/holy_support_mechanics.rs:199:            Some(HolySupportTransition::consume_martyr_light())
tests/holy_support_mechanics.rs:205:        CombatKernelTransition::HolySupport(HolySupportTransition::consume_martyr_light()),
tests/holy_support_mechanics.rs:208:        let state = app.world().resource::<HolySupportState>();
tests/holy_support_mechanics.rs:212:            Some(HolySupportTransition::rejected(
tests/holy_support_mechanics.rs:213:                HolySupportStep::ConsumeMartyrLight,
tests/holy_support_mechanics.rs:214:                HolySupportRejectReason::MartyrAlreadyConsumed,
tests/holy_support_mechanics.rs:221:fn wrapped_tactical_cycle_resets_holy_support_guards() {
tests/holy_support_mechanics.rs:222:    let mut app = app_with_holy_support();
tests/holy_support_mechanics.rs:226:        CombatKernelTransition::HolySupport(HolySupportTransition::mark_martyr_light()),
tests/holy_support_mechanics.rs:230:        CombatKernelTransition::HolySupport(HolySupportTransition::consume_martyr_light()),
tests/holy_support_mechanics.rs:249:    let state = app.world().resource::<HolySupportState>();
tests/holy_support_mechanics.rs:254:        Some(HolySupportTransition::cycle_reset())
tests/holy_support_mechanics.rs:259:fn validation_snapshot_includes_holy_support_fields() {
tests/holy_support_mechanics.rs:265:    world.insert_resource(HolySupportState {
tests/holy_support_mechanics.rs:269:        last_signal: Some(HolySupportTransition::build_grace(2)),
tests/holy_support_mechanics.rs:273:    assert!(snapshot.holy_support.is_some());
tests/holy_support_mechanics.rs:276:    assert!(formatted.contains("holy_support=grace=2/3"));
tests/holy_support_roster_contract.rs:6:    HolySupportLine, HolySupportPersonalLabel, HolySupportRole, UnitRoster,
tests/holy_support_roster_contract.rs:26:    assert_eq!(patamon.holy_support.line, Some(HolySupportLine::Hope));
tests/holy_support_roster_contract.rs:28:        patamon.holy_support.role,
tests/holy_support_roster_contract.rs:29:        Some(HolySupportRole::GraceAccumulator)
tests/holy_support_roster_contract.rs:32:        patamon.holy_support.personal_resource_label,
tests/holy_support_roster_contract.rs:33:        Some(HolySupportPersonalLabel::Grace)
tests/holy_support_roster_contract.rs:41:    assert_eq!(angemon.holy_support.line, Some(HolySupportLine::Hope));
tests/holy_support_roster_contract.rs:43:        angemon.holy_support.role,
tests/holy_support_roster_contract.rs:44:        Some(HolySupportRole::MartyrSpender)
tests/holy_support_roster_contract.rs:47:        angemon.holy_support.personal_resource_label,
tests/holy_support_roster_contract.rs:48:        Some(HolySupportPersonalLabel::MartyrLight)
tests/holy_support_roster_contract.rs:65:            PatamonCustomSignal::BuildHolySupportGrace { amount: 1 }
tests/holy_support_roster_contract.rs:103:                SkillCustomSignal::Patamon(PatamonCustomSignal::BuildHolySupportGrace { amount: 1 })
tests/holy_support_roster_contract.rs:113:    assert_eq!(agumon.holy_support.line, None);
tests/holy_support_roster_contract.rs:114:    assert_eq!(agumon.holy_support.role, None);
tests/holy_support_affordance.rs:3:    HolySupportAffordance, ResourceAffordanceDetail, ResourceKind, ResourceStatus,
tests/holy_support_affordance.rs:4:    query_holy_support_affordance,
tests/holy_support_affordance.rs:7:use bevyrogue::combat::holy_support::{
tests/holy_support_affordance.rs:8:    HolySupportState, HolySupportTransition, apply_holy_support_transitions_system,
tests/holy_support_affordance.rs:18:fn app_with_holy_support() -> App {
tests/holy_support_affordance.rs:25:        .insert_resource(HolySupportState::default())
tests/holy_support_affordance.rs:26:        .add_systems(Update, apply_holy_support_transitions_system);
tests/holy_support_affordance.rs:30:fn emit_holy_transition(app: &mut App, transition: HolySupportTransition) {
tests/holy_support_affordance.rs:33:            transition: CombatKernelTransition::HolySupport(transition),
tests/holy_support_affordance.rs:43:fn holy_support_affordance_surfaces_grace_capacity_and_martyr_availability() {
tests/holy_support_affordance.rs:44:    let state = HolySupportState {
tests/holy_support_affordance.rs:48:        last_signal: Some(HolySupportTransition::build_grace(3)),
tests/holy_support_affordance.rs:51:    let affordance = query_holy_support_affordance(Some(&state));
tests/holy_support_affordance.rs:55:        HolySupportAffordance {
tests/holy_support_affordance.rs:68:            last_signal: Some(HolySupportTransition::build_grace(3)),
tests/holy_support_affordance.rs:74:fn holy_support_affordance_defaults_to_hidden_state_when_missing() {
tests/holy_support_affordance.rs:75:    let affordance = query_holy_support_affordance(None);
tests/holy_support_affordance.rs:79:        HolySupportAffordance {
tests/holy_support_affordance.rs:102:fn holy_support_affordance_reports_zero_grace_and_deferred_martyr_when_empty() {
tests/holy_support_affordance.rs:103:    let state = HolySupportState::default();
tests/holy_support_affordance.rs:104:    let affordance = query_holy_support_affordance(Some(&state));
tests/holy_support_affordance.rs:108:        HolySupportAffordance {
tests/holy_support_affordance.rs:129:fn validation_snapshot_tracks_holy_support_transitions_and_formats_them() {
tests/holy_support_affordance.rs:130:    let mut app = app_with_holy_support();
tests/holy_support_affordance.rs:131:    emit_holy_transition(&mut app, HolySupportTransition::build_grace(2));
tests/holy_support_affordance.rs:132:    emit_holy_transition(&mut app, HolySupportTransition::mark_martyr_light());
tests/holy_support_affordance.rs:135:    let holy_support = snapshot
tests/holy_support_affordance.rs:136:        .holy_support
tests/holy_support_affordance.rs:140:    assert_eq!(holy_support.grace, 2);
tests/holy_support_affordance.rs:141:    assert!(holy_support.martyr_light_marked_this_cycle);
tests/holy_support_affordance.rs:142:    assert!(!holy_support.martyr_light_consumed_this_cycle);
tests/holy_support_affordance.rs:144:        holy_support.last_signal,
tests/holy_support_affordance.rs:145:        Some(HolySupportTransition::mark_martyr_light())
tests/holy_support_affordance.rs:149:    assert!(formatted.contains("holy_support=grace=2/3"));
tests/validation_snapshot.rs:5:    holy_support::HolySupportState,
tests/validation_snapshot.rs:7:        CombatKernelTransition, HolySupportTransition, PrecisionMindGameTransition,
tests/validation_snapshot.rs:141:        "phase=Victory winner=Ally sp=5/5 twin_core=cr=2 spark_targets=[4] fire=1 ice=1 burst_guard=true shatter_guard=true last=twin-burst(1) holy_support=none predator_loop=none precision=none turn_preview=[1,2] action_log_tail=[hit(attacker=1,target=4,amount=18,kind=Weak)|break(target=4,element=Fire)|ko(target=4)] floating_live=2 units=[id=1,team=Ally,hp=100/100,tough=N/A,ult=75/100/150,ko=false,stun=0;id=2,team=Ally,hp=55/80,tough=N/A,ult=100/100/150,ko=false,stun=2;id=4,team=Enemy,hp=0/90,tough=-5/50,weaknesses=[Fire],broken=true,ult=0/100/150,ko=true,stun=1]"
tests/validation_snapshot.rs:173:        "phase=WaitingAction winner=none sp=3/5 twin_core=cr=0 spark_targets=[] fire=0 ice=0 burst_guard=false shatter_guard=false last=none holy_support=none predator_loop=none precision=none turn_preview=[7] action_log_tail=[] floating_live=0 units=[id=7,team=Ally,hp=42/70,tough=N/A,ult=0/100/150,ko=false,stun=0]"
tests/validation_snapshot.rs:185:        CombatKernelTransition::HolySupport(HolySupportTransition::build_grace(1)),
tests/validation_snapshot.rs:207:    let holy = app.world().resource::<HolySupportState>();
tests/validation_snapshot.rs:211:        Some(HolySupportTransition::build_grace(1))
tests/validation_snapshot.rs:247:    assert!(app.world().contains_resource::<HolySupportState>());
tests/validation_snapshot.rs:255:    assert!(formatted.contains("holy_support=grace=0/3"), "{formatted}");
tests/validation_snapshot.rs:315:        "phase=WaitingAction winner=none sp=3/5 twin_core=cr=0 spark_targets=[] fire=0 ice=0 burst_guard=false shatter_guard=false last=none holy_support=none predator_loop=none precision=none turn_preview=[11,12,13] action_log_tail=[] floating_live=0 units=[id=11,team=Ally,hp=20/20,tough=N/A,ult=10/100/150,ko=false,stun=0;id=12,team=Enemy,hp=30/30,tough=N/A,ult=0/100/150,ko=false,stun=0;id=13,team=Enemy,hp=40/40,tough=15/15,weaknesses=[Ice],broken=false,ult=0/100/150,ko=false,stun=0]"
tests/patamon_blueprint_seam.rs:3:use bevyrogue::combat::holy_support::{HolySupportState, HolySupportTransition};
tests/patamon_blueprint_seam.rs:163:            PatamonCustomSignal::BuildHolySupportGrace { amount: 1 }
tests/patamon_blueprint_seam.rs:194:            PatamonCustomSignal::BuildHolySupportGrace { amount: 1 },
tests/patamon_blueprint_seam.rs:241:fn patamon_signal_maps_to_expected_holy_support_transition() {
tests/patamon_blueprint_seam.rs:260:        vec![CombatKernelTransition::HolySupport(
tests/patamon_blueprint_seam.rs:261:            HolySupportTransition::build_grace(1)
tests/patamon_blueprint_seam.rs:267:fn patamon_ultimate_dispatches_blueprint_transition_into_holy_support_state_and_snapshot() {
tests/patamon_blueprint_seam.rs:283:                transition: CombatKernelTransition::HolySupport(transition),
tests/patamon_blueprint_seam.rs:288:    assert_eq!(holy_transitions, vec![HolySupportTransition::build_grace(1)]);
tests/patamon_blueprint_seam.rs:290:    let state = app.world().resource::<HolySupportState>();
tests/patamon_blueprint_seam.rs:294:        Some(HolySupportTransition::build_grace(1))
tests/patamon_blueprint_seam.rs:299:    assert!(formatted.contains("holy_support=grace=1/3"));
tests/holy_support_resolution.rs:5:use bevyrogue::combat::holy_support::{HolySupportState, HolySupportTransition};
tests/holy_support_resolution.rs:64:fn app_with_holy_support() -> App {
tests/holy_support_resolution.rs:138:            transition: CombatKernelTransition::HolySupport(_)
tests/holy_support_resolution.rs:145:        vec![CombatKernelTransition::HolySupport(
tests/holy_support_resolution.rs:146:            HolySupportTransition::build_grace(1)
tests/holy_support_resolution.rs:150:    let mut app = app_with_holy_support();
tests/holy_support_resolution.rs:155:        vec![CombatKernelTransition::HolySupport(
tests/holy_support_resolution.rs:156:            HolySupportTransition::build_grace(1)
tests/holy_support_resolution.rs:160:    let state = app.world().resource::<HolySupportState>();
tests/holy_support_resolution.rs:164:        Some(HolySupportTransition::build_grace(1))
tests/holy_support_resolution.rs:169:    assert!(formatted.contains("holy_support=grace=1/3"));
tests/holy_support_resolution.rs:174:fn plain_patamon_skill_has_no_holy_support_blueprint_dispatch() {
tests/predator_loop_kernel.rs:257:        holy_support: None,
