error: no test target named `patamon_blueprint_seam` in default-run packages
help: available test targets:
    action_affordance_consumers
    action_affordance_query
    battery_loop_kernel
    bootstrap_spawn_composition
    boundary_contract
    combat_coherence
    commander_flow
    damage_breakdown_log
    encounter_e2e
    enemy_ai
    enemy_counterplay_affordance
    engine_legality_integration
    event_stream
    follow_up_chains
    follow_up_triggers
    form_identity
    holy_support_affordance
    holy_support_mechanics
    holy_support_resolution
    holy_support_roster_contract
    party_config_validation
    party_selection_validation
    patamon_revive
    pipeline_dispatch
    predator_loop_kernel
    resource_caps
    revive_semantics
    roster_catalog
    roster_smoke
    scenario_boss_ttk
    scenario_miniboss_ttk
    scenario_minion_ttk
    skill_legality_contract_docs
    sp_economy
    status_accuracy
    status_effect_apply
    status_effect_integration
    status_effect_turn_tick
    target_shape_truthfulness
    tempo_resistance
    toughness_categories
    toughness_enemy_only
    triangle_matchup
    turn_system_av
    twin_core_integration
    twin_core_mechanics
    twin_core_resolution
    twin_core_roster_contract
    ui_readiness_gap_matrix_docs
    ultimate_meter
    validation_snapshot
