tests/action_affordance_consumers.rs: SkillDef literals=6, ..Default uses=0
tests/action_affordance_query.rs: SkillDef literals=18, ..Default uses=3
tests/boundary_contract.rs: SkillDef literals=3, ..Default uses=3
tests/combat_coherence.rs: SkillDef literals=6, ..Default uses=6
tests/damage_breakdown_log.rs: SkillDef literals=2, ..Default uses=1
tests/encounter_e2e.rs: SkillDef literals=4, ..Default uses=4
tests/engine_legality_integration.rs: SkillDef literals=4, ..Default uses=1
tests/event_stream.rs: SkillDef literals=3, ..Default uses=3
tests/patamon_blueprint_seam.rs: SkillDef literals=2, ..Default uses=2
tests/patamon_revive.rs: SkillDef literals=2, ..Default uses=2
tests/resource_caps.rs: SkillDef literals=3, ..Default uses=3
tests/revive_semantics.rs: SkillDef literals=2, ..Default uses=2
tests/sp_economy.rs: SkillDef literals=5, ..Default uses=5
tests/status_accuracy.rs: SkillDef literals=2, ..Default uses=2
tests/status_effect_apply.rs: SkillDef literals=2, ..Default uses=1
tests/status_effect_integration.rs: SkillDef literals=2, ..Default uses=1
tests/target_shape_truthfulness.rs: SkillDef literals=2, ..Default uses=4
tests/toughness_categories.rs: SkillDef literals=1, ..Default uses=1
tests/toughness_enemy_only.rs: SkillDef literals=1, ..Default uses=2
tests/twin_core_integration.rs: SkillDef literals=1, ..Default uses=0
tests/ultimate_meter.rs: SkillDef literals=4, ..Default uses=2
