warning: unused import: `grant_free_skill_events`
  --> src/combat/turn_system/pipeline.rs:16:20
   |
16 |     apply_effects, grant_free_skill_events, resolve_action, target_shape_rejection_reason,
   |                    ^^^^^^^^^^^^^^^^^^^^^^^
   |
   = note: `#[warn(unused_imports)]` (part of `#[warn(unused)]`) on by default

warning: unused import: `crate::combat::team::Team`
  --> src/combat/turn_system/pipeline.rs:23:5
   |
23 | use crate::combat::team::Team;
   |     ^^^^^^^^^^^^^^^^^^^^^^^^^

warning: unused import: `crate::combat::types::SkillId`
  --> src/combat/turn_system/pipeline.rs:25:5
   |
25 | use crate::combat::types::SkillId;
   |     ^^^^^^^^^^^^^^^^^^^^^^^^^^^^^

warning: variable does not need to be mutable
   --> src/combat/turn_system/pipeline.rs:173:13
    |
173 |             mut attacker_ult,
    |             ----^^^^^^^^^^^^
    |             |
    |             help: remove this `mut`
    |
    = note: `#[warn(unused_mut)]` (part of `#[warn(unused)]`) on by default

warning: variable does not need to be mutable
   --> src/combat/turn_system/pipeline.rs:181:13
    |
181 |             mut attacker_round_flags,
    |             ----^^^^^^^^^^^^^^^^^^^^
    |             |
    |             help: remove this `mut`

warning: variable does not need to be mutable
   --> src/combat/turn_system/pipeline.rs:439:9
    |
439 |         mut attacker_ult,
    |         ----^^^^^^^^^^^^
    |         |
    |         help: remove this `mut`

warning: unused variable: `turn_order`
   --> src/combat/turn_system/pipeline.rs:130:5
    |
130 |     turn_order: &mut ResMut<TurnOrder>,
    |     ^^^^^^^^^^ help: if this is intentional, prefix it with an underscore: `_turn_order`
    |
    = note: `#[warn(unused_variables)]` (part of `#[warn(unused)]`) on by default

warning: unused variable: `attacker_commander`
   --> src/combat/turn_system/pipeline.rs:444:9
    |
444 |         attacker_commander,
    |         ^^^^^^^^^^^^^^^^^^ help: if this is intentional, prefix it with an underscore: `_attacker_commander`

warning: field `is_stunned` is never read
   --> src/combat/follow_up.rs:303:5
    |
297 | struct FormIdentitySnapshot {
    |        -------------------- field in this struct
...
303 |     is_stunned: bool,
    |     ^^^^^^^^^^
    |
    = note: `#[warn(dead_code)]` (part of `#[warn(unused)]`) on by default

warning: `bevyrogue` (lib) generated 9 warnings (run `cargo fix --lib -p bevyrogue` to apply 8 suggestions)
   Compiling bevyrogue v0.1.0 (/home/fabio/dev/bevyrogue/.gsd/worktrees/M015)
warning: unused import: `round_flags::RoundFlags`
  --> src/combat/mod.rs:68:9
   |
68 | pub use round_flags::RoundFlags;
   |         ^^^^^^^^^^^^^^^^^^^^^^^
   |
   = note: `#[warn(unused_imports)]` (part of `#[warn(unused)]`) on by default

warning: unused import: `toughness::ToughnessCategory`
  --> src/combat/mod.rs:71:9
   |
71 | pub use toughness::ToughnessCategory;
   |         ^^^^^^^^^^^^^^^^^^^^^^^^^^^^

warning: unused import: `ImplementationStatus as EnemyCounterplayStatus`
 --> src/combat/counterplay.rs:5:9
  |
5 | pub use ImplementationStatus as EnemyCounterplayStatus;
  |         ^^^^^^^^^^^^^^^^^^^^^^^^^^^^^^^^^^^^^^^^^^^^^^

warning: unused import: `grant_free_skill_events`
  --> src/combat/turn_system/pipeline.rs:16:20
   |
16 |     apply_effects, grant_free_skill_events, resolve_action, target_shape_rejection_reason,
   |                    ^^^^^^^^^^^^^^^^^^^^^^^

warning: unused import: `EnemyCounterplayKind`
 --> src/data/units_ron.rs:5:5
  |
5 |     EnemyCounterplayKind, ImplementationStatus as EnemyCounterplayStatus,
  |     ^^^^^^^^^^^^^^^^^^^^

warning: unused import: `ActionValue`
  --> src/main.rs:13:18
   |
13 | use combat::av::{ActionValue, ActionValueUpdated};
   |                  ^^^^^^^^^^^

warning: variable does not need to be mutable
   --> src/headless.rs:202:5
    |
202 |     mut turn_advanced: MessageWriter<TurnAdvanced>,
    |     ----^^^^^^^^^^^^^
    |     |
    |     help: remove this `mut`

warning: unused variable: `turn_advanced`
   --> src/headless.rs:202:5
    |
202 |     mut turn_advanced: MessageWriter<TurnAdvanced>,
    |     ^^^^^^^^^^^^^^^^^ help: if this is intentional, prefix it with an underscore: `_turn_advanced`

warning: variants `Deferred` and `Hidden` are never constructed
   --> src/combat/action_query.rs:231:13
    |
231 |             Deferred { reason: LegalityReasonCode },
    |             ^^^^^^^^
232 |             Hidden { reason: LegalityReasonCode },
    |             ^^^^^^
...
237 | status_enum!(ActionStatus);
    | --------------------------
    | |            |
    | |            variants in this enum
    | in this macro invocation
    |
    = note: `ActionStatus` has derived impls for the traits `Clone` and `Debug`, but these are intentionally ignored during dead code analysis
    = note: `#[warn(dead_code)]` (part of `#[warn(unused)]`) on by default
    = note: this warning originates in the macro `status_enum` (in Nightly builds, run with -Z macro-backtrace for more info)

warning: variants `Deferred` and `Hidden` are never constructed
   --> src/combat/action_query.rs:231:13
    |
231 |             Deferred { reason: LegalityReasonCode },
    |             ^^^^^^^^
232 |             Hidden { reason: LegalityReasonCode },
    |             ^^^^^^
...
239 | status_enum!(ResourceStatus);
    | ----------------------------
    | |            |
    | |            variants in this enum
    | in this macro invocation
    |
    = note: `ResourceStatus` has derived impls for the traits `Clone` and `Debug`, but these are intentionally ignored during dead code analysis
    = note: this warning originates in the macro `status_enum` (in Nightly builds, run with -Z macro-backtrace for more info)

warning: variants `Hidden` and `Visible` are never constructed
   --> src/combat/action_query.rs:250:5
    |
249 | pub enum ToughnessAffordance {
    |          ------------------- variants in this enum
250 |     Hidden,
    |     ^^^^^^
251 |     Visible,
    |     ^^^^^^^
    |
    = note: `ToughnessAffordance` has derived impls for the traits `Clone` and `Debug`, but these are intentionally ignored during dead code analysis

warning: enum `ResourceKind` is never used
   --> src/combat/action_query.rs:263:10
    |
263 | pub enum ResourceKind {
    |          ^^^^^^^^^^^^

warning: struct `ResourceAffordanceDetail` is never constructed
   --> src/combat/action_query.rs:274:12
    |
274 | pub struct ResourceAffordanceDetail {
    |            ^^^^^^^^^^^^^^^^^^^^^^^^

warning: struct `ActionAffordance` is never constructed
   --> src/combat/action_query.rs:282:12
    |
282 | pub struct ActionAffordance<'a> {
    |            ^^^^^^^^^^^^^^^^

warning: struct `EnemyTraitAffordance` is never constructed
   --> src/combat/action_query.rs:294:12
    |
294 | pub struct EnemyTraitAffordance {
    |            ^^^^^^^^^^^^^^^^^^^^

warning: struct `ChargedTelegraphAffordance` is never constructed
   --> src/combat/action_query.rs:301:12
    |
301 | pub struct ChargedTelegraphAffordance {
    |            ^^^^^^^^^^^^^^^^^^^^^^^^^^

warning: function `counterplay_reason` is never used
   --> src/combat/action_query.rs:308:4
    |
308 | fn counterplay_reason(reason: &CounterplayLegalityReasonCode) -> CounterplayLegalityReasonCode {
    |    ^^^^^^^^^^^^^^^^^^

warning: function `enemy_trait_implementation` is never used
   --> src/combat/action_query.rs:312:4
    |
312 | fn enemy_trait_implementation(status: &EnemyCounterplayStatus) -> ImplementationStatus {
    |    ^^^^^^^^^^^^^^^^^^^^^^^^^^

warning: function `enemy_trait_resource_detail` is never used
   --> src/combat/action_query.rs:324:4
    |
324 | fn enemy_trait_resource_detail(status: &ImplementationStatus) -> ResourceAffordanceDetail {
    |    ^^^^^^^^^^^^^^^^^^^^^^^^^^^

warning: function `charged_telegraph_implementation` is never used
   --> src/combat/action_query.rs:341:4
    |
341 | fn charged_telegraph_implementation(status: &EnemyCounterplayStatus) -> ImplementationStatus {
    |    ^^^^^^^^^^^^^^^^^^^^^^^^^^^^^^^^

warning: function `charged_telegraph_resource_detail` is never used
   --> src/combat/action_query.rs:345:4
    |
345 | fn charged_telegraph_resource_detail(status: &ImplementationStatus) -> ResourceAffordanceDetail {
    |    ^^^^^^^^^^^^^^^^^^^^^^^^^^^^^^^^^

warning: function `query_enemy_trait_affordances` is never used
   --> src/combat/action_query.rs:362:8
    |
362 | pub fn query_enemy_trait_affordances(unit: &UnitQuerySnapshot) -> Vec<EnemyTraitAffordance> {
    |        ^^^^^^^^^^^^^^^^^^^^^^^^^^^^^

warning: function `query_charged_telegraph_affordance` is never used
   --> src/combat/action_query.rs:377:8
    |
377 | pub fn query_charged_telegraph_affordance(
    |        ^^^^^^^^^^^^^^^^^^^^^^^^^^^^^^^^^^

warning: function `target_toughness_affordance` is never used
   --> src/combat/action_query.rs:423:4
    |
423 | fn target_toughness_affordance(
    |    ^^^^^^^^^^^^^^^^^^^^^^^^^^^

warning: function `query_target_affordance` is never used
   --> src/combat/action_query.rs:550:8
    |
550 | pub fn query_target_affordance(
    |        ^^^^^^^^^^^^^^^^^^^^^^^

warning: function `query_all_target_affordances` is never used
   --> src/combat/action_query.rs:573:8
    |
573 | pub fn query_all_target_affordances(
    |        ^^^^^^^^^^^^^^^^^^^^^^^^^^^^

warning: function `enabled_target_ids` is never used
   --> src/combat/action_query.rs:592:8
    |
592 | pub fn enabled_target_ids(affordance: &ActionAffordance<'_>) -> Vec<UnitId> {
    |        ^^^^^^^^^^^^^^^^^^

warning: function `first_enabled_target_id` is never used
   --> src/combat/action_query.rs:602:8
    |
602 | pub fn first_enabled_target_id(affordance: &ActionAffordance<'_>) -> Option<UnitId> {
    |        ^^^^^^^^^^^^^^^^^^^^^^^

warning: function `resource_detail_status` is never used
   --> src/combat/action_query.rs:648:4
    |
648 | fn resource_detail_status(
    |    ^^^^^^^^^^^^^^^^^^^^^^

warning: function `hidden_resource_detail` is never used
   --> src/combat/action_query.rs:677:4
    |
677 | fn hidden_resource_detail(
    |    ^^^^^^^^^^^^^^^^^^^^^^

warning: function `deferred_resource_detail` is never used
   --> src/combat/action_query.rs:689:4
    |
689 | fn deferred_resource_detail(
    |    ^^^^^^^^^^^^^^^^^^^^^^^^

warning: function `energy_cap_remaining` is never used
   --> src/combat/action_query.rs:701:4
    |
701 | fn energy_cap_remaining(unit: &UnitQuerySnapshot, source: EnergyGainSource) -> i32 {
    |    ^^^^^^^^^^^^^^^^^^^^

warning: function `query_energy_cap_affordance` is never used
   --> src/combat/action_query.rs:715:8
    |
715 | pub fn query_energy_cap_affordance(
    |        ^^^^^^^^^^^^^^^^^^^^^^^^^^^

warning: function `query_tamer_gauge_affordance` is never used
   --> src/combat/action_query.rs:735:8
    |
735 | pub fn query_tamer_gauge_affordance() -> ResourceAffordanceDetail {
    |        ^^^^^^^^^^^^^^^^^^^^^^^^^^^^

warning: function `query_tamer_command_affordances` is never used
   --> src/combat/action_query.rs:742:8
    |
742 | pub fn query_tamer_command_affordances() -> Vec<ResourceAffordanceDetail> {
    |        ^^^^^^^^^^^^^^^^^^^^^^^^^^^^^^^

warning: function `build_resource_details` is never used
   --> src/combat/action_query.rs:756:4
    |
756 | fn build_resource_details(
    |    ^^^^^^^^^^^^^^^^^^^^^^

warning: function `implementation_block` is never used
   --> src/combat/action_query.rs:928:4
    |
928 | fn implementation_block(
    |    ^^^^^^^^^^^^^^^^^^^^

warning: function `missing_skill_affordance` is never used
   --> src/combat/action_query.rs:969:4
    |
969 | fn missing_skill_affordance<'a>(kind: ActionQueryKind<'a>) -> ActionAffordance<'a> {
    |    ^^^^^^^^^^^^^^^^^^^^^^^^

warning: function `query_action_affordance` is never used
   --> src/combat/action_query.rs:989:8
    |
989 | pub fn query_action_affordance<'a>(
    |        ^^^^^^^^^^^^^^^^^^^^^^^

warning: field `tough_modifier` is never read
  --> src/combat/damage.rs:18:9
   |
12 | pub struct TriangleMods {
   |            ------------ field in this struct
...
18 |     pub tough_modifier: f32,
   |         ^^^^^^^^^^^^^^

warning: fields `hp_current` and `hp_max` are never read
  --> src/combat/enemy_ai.rs:16:9
   |
12 | pub struct TargetInfo {
   |            ---------- fields in this struct
...
16 |     pub hp_current: i32,
   |         ^^^^^^^^^^
17 |     pub hp_max: i32,
   |         ^^^^^^
   |
   = note: `TargetInfo` has derived impls for the traits `Clone` and `Debug`, but these are intentionally ignored during dead code analysis

warning: variant `BatteryLoopResolved` is never constructed
   --> src/combat/events.rs:114:5
    |
 26 | pub enum CombatEventKind {
    |          --------------- variant in this enum
...
114 |     BatteryLoopResolved {
    |     ^^^^^^^^^^^^^^^^^^^
    |
    = note: `CombatEventKind` has derived impls for the traits `Clone` and `Debug`, but these are intentionally ignored during dead code analysis

warning: enum `BatteryLoopDesignTag` is never used
  --> src/combat/battery_loop.rs:17:10
   |
17 | pub enum BatteryLoopDesignTag {
   |          ^^^^^^^^^^^^^^^^^^^^

warning: enum `BatteryLoopRequestKind` is never used
  --> src/combat/battery_loop.rs:24:10
   |
24 | pub enum BatteryLoopRequestKind {
   |          ^^^^^^^^^^^^^^^^^^^^^^

warning: multiple methods are never used
  --> src/combat/battery_loop.rs:64:12
   |
58 | impl BatteryLoopState {
   | --------------------- methods in this implementation
...
64 |     pub fn snapshot(&self) -> BatteryLoopSnapshot {
   |            ^^^^^^^^
...
68 |     pub fn gain_static_charge(&mut self, amount: u8) -> BatteryLoopTransition {
   |            ^^^^^^^^^^^^^^^^^^
...
72 |     pub fn gain_circuit_charge(&mut self, amount: u8) -> BatteryLoopTransition {
   |            ^^^^^^^^^^^^^^^^^^^
...
76 |     pub fn spend_circuit_charge(&mut self, amount: u8) -> BatteryLoopTransition {
   |            ^^^^^^^^^^^^^^^^^^^^
...
80 |     pub fn record_self_energy_gain(&mut self, amount: u8) -> BatteryLoopTransition {
   |            ^^^^^^^^^^^^^^^^^^^^^^^
...
84 |     pub fn record_transfer_success(&mut self, amount: u8) -> BatteryLoopTransition {
   |            ^^^^^^^^^^^^^^^^^^^^^^^
...
88 |     pub fn record_transfer_blocked(
   |            ^^^^^^^^^^^^^^^^^^^^^^^
...
99 |     pub fn reset_cycle_guards(&mut self) -> BatteryLoopTransition {
   |            ^^^^^^^^^^^^^^^^^^

warning: field `is_stunned` is never read
   --> src/combat/follow_up.rs:303:5
    |
297 | struct FormIdentitySnapshot {
    |        -------------------- field in this struct
...
303 |     is_stunned: bool,
    |     ^^^^^^^^^^

warning: function `holy_support_design_tag_name` is never used
  --> src/combat/holy_support.rs:26:8
   |
26 | pub fn holy_support_design_tag_name(tag: HolySupportDesignTag) -> &'static str {
   |        ^^^^^^^^^^^^^^^^^^^^^^^^^^^^

warning: function `holy_support_design_tag` is never used
  --> src/combat/holy_support.rs:33:8
   |
33 | pub fn holy_support_design_tag(tag: HolySupportDesignTag) -> CombatTagId {
   |        ^^^^^^^^^^^^^^^^^^^^^^^

warning: function `holy_support_added_tag_transition` is never used
  --> src/combat/holy_support.rs:45:8
   |
45 | pub fn holy_support_added_tag_transition(
   |        ^^^^^^^^^^^^^^^^^^^^^^^^^^^^^^^^^

warning: method `snapshot` is never used
   --> src/combat/holy_support.rs:100:12
    |
 99 | impl HolySupportState {
    | --------------------- method in this implementation
100 |     pub fn snapshot(&self) -> HolySupportSnapshot {
    |            ^^^^^^^^

warning: associated items `ALL`, `next`, and `as_str` are never used
  --> src/combat/kernel.rs:17:15
   |
16 | impl TacticalCyclePhase {
   | ----------------------- associated items in this implementation
17 |     pub const ALL: [Self; 4] = [Self::Declared, Self::PreApp, Self::Impact, Self::Applied];
   |               ^^^
18 |
19 |     pub const fn next(self) -> Self {
   |                  ^^^^
...
28 |     pub const fn as_str(self) -> &'static str {
   |                  ^^^^^^

warning: methods `gain`, `spend`, and `decay` are never used
   --> src/combat/kernel.rs:112:12
    |
111 | impl Strain {
    | ----------- methods in this implementation
112 |     pub fn gain(&mut self, amount: u16, config: &CombatKernelConfig) -> StrainTransition {
    |            ^^^^
...
125 |     pub fn spend(&mut self, amount: u16) -> StrainTransition {
    |            ^^^^^
...
138 |     pub fn decay(&mut self, amount: u16) -> StrainTransition {
    |            ^^^^^

warning: methods `enter`, `decay`, `exit`, and `momentum` are never used
   --> src/combat/kernel.rs:180:12
    |
179 | impl FlowState {
    | -------------- methods in this implementation
180 |     pub fn enter(&mut self, config: &CombatKernelConfig) -> FlowTransition {
    |            ^^^^^
...
196 |     pub fn decay(&mut self, config: &CombatKernelConfig) -> FlowTransition {
    |            ^^^^^
...
221 |     pub fn exit(&mut self) -> FlowTransition {
    |            ^^^^
...
231 |     pub fn momentum(self) -> u8 {
    |            ^^^^^^^^

warning: methods `gain`, `carry_over`, and `reset` are never used
   --> src/combat/kernel.rs:272:12
    |
271 | impl Fatigue {
    | ------------ methods in this implementation
272 |     pub fn gain(&mut self, amount: u16, config: &CombatKernelConfig) -> FatigueTransition {
    |            ^^^^
...
286 |     pub fn carry_over(&mut self, config: &CombatKernelConfig) -> FatigueTransition {
    |            ^^^^^^^^^^
...
301 |     pub fn reset(&mut self) -> FatigueTransition {
    |            ^^^^^

warning: associated items `new`, `is_active`, `tick`, and `consume` are never used
   --> src/combat/kernel.rs:347:12
    |
346 | impl CombatTagState {
    | ------------------- associated items in this implementation
347 |     pub fn new(id: impl Into<CombatTagId>, turns_left: u8) -> Self {
    |            ^^^
...
355 |     pub fn is_active(&self) -> bool {
    |            ^^^^^^^^^
...
359 |     pub fn tick(&mut self) -> CombatTagTransition {
    |            ^^^^
...
377 |     pub fn consume(&mut self) -> CombatTagTransition {
    |            ^^^^^^^

warning: associated items `ALL` and `as_str` are never used
   --> src/combat/kernel.rs:409:15
    |
408 | impl CombatBeatId {
    | ----------------- associated items in this implementation
409 |     pub const ALL: [Self; 7] = [
    |               ^^^
...
419 |     pub const fn as_str(self) -> &'static str {
    |                  ^^^^^^

warning: associated function `spend_cross_resonance` is never used
   --> src/combat/kernel.rs:458:18
    |
450 | impl TwinCoreTransition {
    | ----------------------- associated function in this implementation
...
458 |     pub const fn spend_cross_resonance(amount: u8) -> Self {
    |                  ^^^^^^^^^^^^^^^^^^^^^

warning: associated functions `self_energy_gain` and `transfer_energy` are never used
   --> src/combat/kernel.rs:593:18
    |
556 | impl BatteryLoopTransition {
    | -------------------------- associated functions in this implementation
...
593 |     pub const fn self_energy_gain(amount: u8) -> Self {
    |                  ^^^^^^^^^^^^^^^^
...
602 |     pub const fn transfer_energy(amount: u8) -> Self {
    |                  ^^^^^^^^^^^^^^^

warning: associated functions `open_window`, `commit`, `reveal`, `resolve`, and `ignored` are never used
   --> src/combat/kernel.rs:718:18
    |
717 | impl PrecisionMindGameTransition {
    | -------------------------------- associated functions in this implementation
718 |     pub const fn open_window(window: PrecisionWindowKind) -> Self {
    |                  ^^^^^^^^^^^
...
722 |     pub const fn commit(commitment: PrecisionCommitment) -> Self {
    |                  ^^^^^^
...
726 |     pub const fn reveal(reveal: PrecisionReveal) -> Self {
    |                  ^^^^^^
...
730 |     pub const fn resolve(outcome: PrecisionOutcome) -> Self {
    |                  ^^^^^^^
...
741 |     pub const fn ignored(attempted: PrecisionMindGameStep) -> Self {
    |                  ^^^^^^^

warning: associated function `ignored` is never used
   --> src/combat/kernel.rs:872:18
    |
795 | impl PredatorLoopTransition {
    | --------------------------- associated function in this implementation
...
872 |     pub const fn ignored(attempted: PredatorLoopStep) -> Self {
    |                  ^^^^^^^

warning: associated function `ignored` is never used
    --> src/combat/kernel.rs:1003:18
     |
 948 | impl HolySupportTransition {
     | -------------------------- associated function in this implementation
...
1003 |     pub const fn ignored(attempted: HolySupportStep) -> Self {
     |                  ^^^^^^^

warning: method `advance` is never used
    --> src/combat/kernel.rs:1014:12
     |
1013 | impl TacticalCycleStep {
     | ---------------------- method in this implementation
1014 |     pub fn advance(self, config: &CombatKernelConfig) -> TacticalCycleTransition {
     |            ^^^^^^^

warning: method `domain` is never used
    --> src/combat/kernel.rs:1095:8
     |
1094 | pub trait CombatKernelHook: Send + Sync {
     |           ---------------- method in this trait
1095 |     fn domain(&self) -> CombatKernelHookDomain;
     |        ^^^^^^

warning: enum `CombatKernelHookDomain` is never used
    --> src/combat/kernel.rs:1106:10
     |
1106 | pub enum CombatKernelHookDomain {
     |          ^^^^^^^^^^^^^^^^^^^^^^

warning: multiple methods are never used
    --> src/combat/kernel.rs:1137:12
     |
1136 | impl CombatKernelState {
     | ---------------------- methods in this implementation
1137 |     pub fn gain_strain(&mut self, amount: u16) -> StrainTransition {
     |            ^^^^^^^^^^^
...
1141 |     pub fn spend_strain(&mut self, amount: u16) -> StrainTransition {
     |            ^^^^^^^^^^^^
...
1145 |     pub fn decay_strain(&mut self) -> StrainTransition {
     |            ^^^^^^^^^^^^
...
1149 |     pub fn enter_flow(&mut self) -> FlowTransition {
     |            ^^^^^^^^^^
...
1153 |     pub fn decay_flow(&mut self) -> FlowTransition {
     |            ^^^^^^^^^^
...
1157 |     pub fn exit_flow(&mut self) -> FlowTransition {
     |            ^^^^^^^^^
...
1161 |     pub fn gain_fatigue(&mut self, amount: u16) -> FatigueTransition {
     |            ^^^^^^^^^^^^
...
1165 |     pub fn carry_over_fatigue(&mut self) -> FatigueTransition {
     |            ^^^^^^^^^^^^^^^^^^
...
1169 |     pub fn reset_fatigue(&mut self) -> FatigueTransition {
     |            ^^^^^^^^^^^^^
...
1173 |     pub fn advance_tactical_cycle(&mut self) -> TacticalCycleTransition {
     |            ^^^^^^^^^^^^^^^^^^^^^^
...
1179 |     pub fn add_tag(&mut self, id: impl Into<CombatTagId>) -> CombatTagTransition {
     |            ^^^^^^^
...
1190 |     pub fn consume_tag(&mut self, id: &CombatTagId) -> Option<CombatTagTransition> {
     |            ^^^^^^^^^^^
...
1195 |     pub fn tick_tags(&mut self) -> Vec<CombatTagTransition> {
     |            ^^^^^^^^^

warning: struct `BatteryLoopSnapshot` is never constructed
  --> src/combat/observability.rs:57:12
   |
57 | pub struct BatteryLoopSnapshot {
   |            ^^^^^^^^^^^^^^^^^^^

warning: function `format_battery_loop_snapshot` is never used
   --> src/combat/observability.rs:545:8
    |
545 | pub fn format_battery_loop_snapshot(snapshot: &BatteryLoopSnapshot) -> String {
    |        ^^^^^^^^^^^^^^^^^^^^^^^^^^^^

warning: function `format_battery_loop_transition` is never used
   --> src/combat/observability.rs:565:4
    |
565 | fn format_battery_loop_transition(transition: BatteryLoopTransition) -> String {
    |    ^^^^^^^^^^^^^^^^^^^^^^^^^^^^^^

warning: function `format_battery_loop_step` is never used
   --> src/combat/observability.rs:607:4
    |
607 | fn format_battery_loop_step(step: super::kernel::BatteryLoopStep) -> String {
    |    ^^^^^^^^^^^^^^^^^^^^^^^^

warning: function `format_battery_loop_blocked_reason` is never used
   --> src/combat/observability.rs:627:4
    |
627 | fn format_battery_loop_blocked_reason(reason: BatteryLoopBlockedReason) -> String {
    |    ^^^^^^^^^^^^^^^^^^^^^^^^^^^^^^^^^^

warning: methods `is_window_open` and `snapshot` are never used
  --> src/combat/precision_mind_game.rs:62:12
   |
61 | impl PrecisionMindGameState {
   | --------------------------- methods in this implementation
62 |     pub fn is_window_open(&self) -> bool {
   |            ^^^^^^^^^^^^^^
...
66 |     pub fn snapshot(&self) -> PrecisionMindGameSnapshot {
   |            ^^^^^^^^

warning: function `register_precision_mind_game_runtime` is never used
  --> src/combat/precision_mind_game.rs:88:8
   |
88 | pub fn register_precision_mind_game_runtime(app: &mut App) {
   |        ^^^^^^^^^^^^^^^^^^^^^^^^^^^^^^^^^^^^

warning: enum `PredatorLoopDesignTag` is never used
  --> src/combat/predator_loop.rs:19:10
   |
19 | pub enum PredatorLoopDesignTag {
   |          ^^^^^^^^^^^^^^^^^^^^^

warning: associated function `consumed` is never used
  --> src/combat/predator_loop.rs:39:18
   |
31 | impl PredatorLockState {
   | ---------------------- associated function in this implementation
...
39 |     pub const fn consumed() -> Self {
   |                  ^^^^^^^^

warning: multiple methods are never used
   --> src/combat/predator_loop.rs:154:12
    |
149 | impl PredatorLoopState {
    | ---------------------- methods in this implementation
...
154 |     pub fn track_target(&mut self, unit_id: UnitId) -> &mut PredatorTargetState {
    |            ^^^^^^^^^^^^
...
158 |     pub fn build_exploit(&mut self, unit_id: UnitId, amount: u16) -> PredatorLoopTransition {
    |            ^^^^^^^^^^^^^
...
162 |     pub fn apply_prey_lock(&mut self, unit_id: UnitId) -> PredatorLoopTransition {
    |            ^^^^^^^^^^^^^^^
...
170 |     pub fn consume_prey_lock_payoff(&mut self, unit_id: UnitId) -> PredatorLoopTransition {
    |            ^^^^^^^^^^^^^^^^^^^^^^^^
...
177 |     pub fn enter_berserk(&mut self, strain_current: u16) -> PredatorLoopTransition {
    |            ^^^^^^^^^^^^^
...
181 |     pub fn tick_all_prey_locks(&mut self) -> PredatorLoopTransition {
    |            ^^^^^^^^^^^^^^^^^^^
...
185 |     pub fn expire_prey_lock(&mut self, unit_id: UnitId) -> PredatorLoopTransition {
    |            ^^^^^^^^^^^^^^^^

warning: enum `PredatorLoopRequestKind` is never used
   --> src/combat/predator_loop.rs:191:10
    |
191 | pub enum PredatorLoopRequestKind {
    |          ^^^^^^^^^^^^^^^^^^^^^^^

warning: function `grant_free_skill_events` is never used
  --> src/combat/resolution.rs:20:8
   |
20 | pub fn grant_free_skill_events(count: usize, ally_basics: &[SkillId]) -> Vec<CombatEventKind> {
   |        ^^^^^^^^^^^^^^^^^^^^^^^

warning: function `twin_core_design_tag_name` is never used
  --> src/combat/twin_core.rs:29:8
   |
29 | pub fn twin_core_design_tag_name(tag: TwinCoreDesignTag) -> &'static str {
   |        ^^^^^^^^^^^^^^^^^^^^^^^^^

warning: function `twin_core_design_tag` is never used
  --> src/combat/twin_core.rs:40:8
   |
40 | pub fn twin_core_design_tag(tag: TwinCoreDesignTag) -> CombatTagId {
   |        ^^^^^^^^^^^^^^^^^^^^

warning: function `twin_core_added_tag_transition` is never used
  --> src/combat/twin_core.rs:56:8
   |
56 | pub fn twin_core_added_tag_transition(
   |        ^^^^^^^^^^^^^^^^^^^^^^^^^^^^^^

warning: associated items `new`, `delay`, and `self_advance` are never used
  --> src/combat/av.rs:19:12
   |
17 | impl ActionValue {
   | ---------------- associated items in this implementation
18 |     /// Creates a new ActionValue, ensuring it does not exceed MAX_AV.
19 |     pub fn new(value: i32) -> Self {
   |            ^^^
...
31 |     pub fn delay(&mut self, amount: i32) {
   |            ^^^^^
...
38 |     pub fn self_advance(&mut self, amount: i32) {
   |            ^^^^^^^^^^^^

warning: fields `future_preview` and `queue` are never read
  --> src/combat/turn_order.rs:13:9
   |
 9 | pub struct TurnOrder {
   |            --------- fields in this struct
...
13 |     pub future_preview: Vec<UnitId>,
   |         ^^^^^^^^^^^^^^
14 |     /// Compat shim for pre-AV tests: always empty in the AV system.
15 |     pub queue: VecDeque<UnitId>,
   |         ^^^^^
   |
   = note: `TurnOrder` has a derived impl for the trait `Debug`, but this is intentionally ignored during dead code analysis

warning: methods `seed` and `insert_out_of_queue` are never used
  --> src/combat/turn_order.rs:20:12
   |
18 | impl TurnOrder {
   | -------------- methods in this implementation
19 |     /// No-op in the AV system; seeds were needed only for the old VecDeque order.
20 |     pub fn seed(&mut self, _units: impl IntoIterator<Item = UnitId>) {}
   |            ^^^^
...
23 |     pub fn insert_out_of_queue(&mut self, _unit_id: UnitId) {}
   |            ^^^^^^^^^^^^^^^^^^^

warning: associated function `of` is never used
  --> src/combat/turn_order.rs:37:12
   |
35 | impl TurnAdvanced {
   | ----------------- associated function in this implementation
36 |     /// Convenience constructor for tests and compatibility code; sets AV metadata to zero.
37 |     pub fn of(unit_id: UnitId) -> Self {
   |            ^^

warning: function `order_from_speeds` is never used
  --> src/combat/turn_order.rs:48:8
   |
48 | pub fn order_from_speeds(pairs: &[(i32, UnitId)]) -> Vec<UnitId> {
   |        ^^^^^^^^^^^^^^^^^

warning: constant `TICK_AV_AMOUNT` is never used
  --> src/combat/turn_system/mod.rs:31:11
   |
31 | pub const TICK_AV_AMOUNT: i32 = 1000; // Arbitrary tick amount for AV accumulation. For deterministic turns
   |           ^^^^^^^^^^^^^^

warning: function `validate_skill_book` is never used
   --> src/data/skills_ron.rs:203:8
    |
203 | pub fn validate_skill_book(book: &SkillBook) -> Result<(), SkillBookValidationError> {
    |        ^^^^^^^^^^^^^^^^^^^

warning: function `validation_error` is never used
   --> src/data/skills_ron.rs:210:4
    |
210 | fn validation_error(
    |    ^^^^^^^^^^^^^^^^

warning: function `skill_has_effect` is never used
   --> src/data/skills_ron.rs:224:4
    |
224 | fn skill_has_effect(skill: &SkillDef, predicate: impl Fn(&Effect) -> bool) -> bool {
    |    ^^^^^^^^^^^^^^^^

warning: function `validate_skill_def` is never used
   --> src/data/skills_ron.rs:228:4
    |
228 | fn validate_skill_def(skill: &SkillDef) -> Result<(), SkillBookValidationError> {
    |    ^^^^^^^^^^^^^^^^^^

warning: `bevyrogue` (bin "bevyrogue") generated 97 warnings (7 duplicates) (run `cargo fix --bin "bevyrogue" -p bevyrogue` to apply 8 suggestions)
    Finished `test` profile [optimized + debuginfo] target(s) in 3.65s
     Running tests/ui_readiness_gap_matrix_docs.rs (target/debug/deps/ui_readiness_gap_matrix_docs-f08d5560a07aabbb)
