Key files:
src/bin/combat_cli.rs
src/combat/av.rs
src/combat/bootstrap.rs
src/combat/damage.rs
src/combat/damage_tests.rs
src/combat/enemy_ai.rs
src/combat/energy.rs
src/combat/events.rs
src/combat/floating.rs
src/combat/follow_up.rs
src/combat/follow_up_tests.rs
src/combat/jsonl_logger.rs
src/combat/kit.rs
src/combat/log.rs
src/combat/mod.rs
src/combat/observability.rs
src/combat/resistance.rs
src/combat/resolution.rs
src/combat/resolution_tests.rs
src/combat/rng.rs
src/combat/round_flags.rs
src/combat/sp.rs
src/combat/speed.rs
src/combat/state.rs
src/combat/status_effect.rs
src/combat/stun.rs
src/combat/team.rs
src/combat/toughness.rs
src/combat/turn_order.rs
src/combat/turn_system/mod.rs
src/combat/turn_system/pipeline.rs
src/combat/turn_system/tests.rs
src/combat/types.rs
src/combat/ultimate.rs
src/combat/unit.rs
src/data/mod.rs
src/data/party_ron.rs
src/data/skills_ron.rs
src/data/units_ron.rs
src/main.rs
src/ui/combat_panel.rs
src/ui/mod.rs
src/windowed.rs

Tests:
tests/README.md
tests/bootstrap_spawn_composition.rs
tests/boundary_contract.rs
tests/combat_coherence.rs
tests/commander_flow.rs
tests/damage_breakdown_log.rs
tests/encounter_e2e.rs
tests/enemy_ai.rs
tests/event_stream.rs
tests/follow_up_chains.rs
tests/follow_up_triggers.rs
tests/form_identity.rs
tests/party_config_validation.rs
tests/party_selection_validation.rs
tests/patamon_revive.rs
tests/pipeline_dispatch.rs
tests/resource_caps.rs
tests/revive_semantics.rs
tests/roster_catalog.rs
tests/roster_smoke.rs
tests/scenario_boss_ttk.rs
tests/scenario_miniboss_ttk.rs
tests/scenario_minion_ttk.rs
tests/sp_economy.rs
tests/status_accuracy.rs
tests/status_effect_apply.rs
tests/status_effect_integration.rs
tests/status_effect_turn_tick.rs
tests/tempo_resistance.rs
tests/toughness_categories.rs
tests/triangle_matchup.rs
tests/turn_system_av.rs
tests/ultimate_meter.rs
tests/validation_snapshot.rs

RON assets:
assets/data/party.ron
assets/data/party.ron.bak
assets/data/skills.ron
assets/data/units.ron
