   Compiling bevyrogue v0.1.0 (/home/fabio/dev/bevyrogue/.gsd/worktrees/M015)
warning: unused import: `MAX_AV`
  --> src/combat/bootstrap.rs:11:30
   |
11 | use super::av::{ActionValue, MAX_AV};
   |                              ^^^^^^
   |
   = note: `#[warn(unused_imports)]` (part of `#[warn(unused)]`) on by default

warning: unused import: `order_from_speeds`
  --> src/combat/bootstrap.rs:17:36
   |
17 | use super::turn_order::{TurnOrder, order_from_speeds};
   |                                    ^^^^^^^^^^^^^^^^^

warning: unused import: `grant_free_skill_events`
  --> src/combat/turn_system/pipeline.rs:18:5
   |
18 |     grant_free_skill_events,
   |     ^^^^^^^^^^^^^^^^^^^^^^^

warning: unused import: `crate::combat::team::Team`
  --> src/combat/turn_system/pipeline.rs:26:5
   |
26 | use crate::combat::team::Team;
   |     ^^^^^^^^^^^^^^^^^^^^^^^^^

warning: unused import: `crate::combat::types::SkillId`
  --> src/combat/turn_system/pipeline.rs:28:5
   |
28 | use crate::combat::types::SkillId;
   |     ^^^^^^^^^^^^^^^^^^^^^^^^^^^^^

warning: variable does not need to be mutable
   --> src/combat/turn_system/pipeline.rs:127:65
    |
127 | ...   let Ok((_, attacker_team, attacker_unit, _attacker_kit, mut attacker_ult, mut defender_tough, _attacker_counterplay, attacker...
    |                                                               ----^^^^^^^^^^^^
    |                                                               |
    |                                                               help: remove this `mut`
    |
    = note: `#[warn(unused_mut)]` (part of `#[warn(unused)]`) on by default

warning: variable does not need to be mutable
   --> src/combat/turn_system/pipeline.rs:127:201
    |
127 | ...nned, attacker_commander, _, mut attacker_streak, mut attacker_round_flags)) =
    |                                                      ----^^^^^^^^^^^^^^^^^^^^
    |                                                      |
    |                                                      help: remove this `mut`

warning: variable does not need to be mutable
   --> src/combat/turn_system/pipeline.rs:362:58
    |
362 |     let (_, attacker_team, attacker_unit, _attacker_kit, mut attacker_ult, _, _attacker_counterplay, attacker_ko, attacker_stunned,...
    |                                                          ----^^^^^^^^^^^^
    |                                                          |
    |                                                          help: remove this `mut`

warning: unused variable: `turn_order`
  --> src/combat/turn_system/pipeline.rs:97:5
   |
97 |     turn_order: &mut ResMut<TurnOrder>,
   |     ^^^^^^^^^^ help: if this is intentional, prefix it with an underscore: `_turn_order`
   |
   = note: `#[warn(unused_variables)]` (part of `#[warn(unused)]`) on by default

warning: unused variable: `attacker_commander`
   --> src/combat/turn_system/pipeline.rs:362:133
    |
362 | ...cker_stunned, attacker_commander, _, mut attacker_streak, _attacker_round_flags) = attacker;
    |                  ^^^^^^^^^^^^^^^^^^ help: if this is intentional, prefix it with an underscore: `_attacker_commander`

warning: field `is_stunned` is never read
   --> src/combat/follow_up.rs:299:5
    |
293 | struct FormIdentitySnapshot {
    |        -------------------- field in this struct
...
299 |     is_stunned: bool,
    |     ^^^^^^^^^^
    |
    = note: `#[warn(dead_code)]` (part of `#[warn(unused)]`) on by default

warning: `bevyrogue` (lib) generated 11 warnings (run `cargo fix --lib -p bevyrogue` to apply 10 suggestions)
warning: unused import: `CombatKernelState`
 --> tests/predator_loop_kernel.rs:3:5
  |
3 |     CombatKernelState, PredatorLoopBlockedReason, PredatorLoopCapKind, PredatorLoopSignal,
  |     ^^^^^^^^^^^^^^^^^
  |
  = note: `#[warn(unused_imports)]` (part of `#[warn(unused)]`) on by default

warning: unused import: `LegalityReasonCode`
  --> tests/event_stream.rs:19:124
   |
19 | ...killTargeting, TargetLife, TargetSide, SelfTargetRule, LegalityReasonCode, TargetShape},
   |                                                           ^^^^^^^^^^^^^^^^^^
   |
   = note: `#[warn(unused_imports)]` (part of `#[warn(unused)]`) on by default

warning: function `rejected_build` is never used
  --> tests/predator_loop_kernel.rs:19:4
   |
19 | fn rejected_build(target: UnitId, amount: u16, reason: PredatorLoopBlockedReason) -> PredatorLoopTransition {
   |    ^^^^^^^^^^^^^^
   |
   = note: `#[warn(dead_code)]` (part of `#[warn(unused)]`) on by default

warning: variable does not need to be mutable
  --> src/bin/combat_cli.rs:96:5
   |
96 |     mut turn_advanced: MessageWriter<TurnAdvanced>,
   |     ----^^^^^^^^^^^^^
   |     |
   |     help: remove this `mut`
   |
   = note: `#[warn(unused_mut)]` (part of `#[warn(unused)]`) on by default

warning: unused variable: `turn_advanced`
  --> src/bin/combat_cli.rs:96:5
   |
96 |     mut turn_advanced: MessageWriter<TurnAdvanced>,
   |     ^^^^^^^^^^^^^^^^^ help: if this is intentional, prefix it with an underscore: `_turn_advanced`
   |
   = note: `#[warn(unused_variables)]` (part of `#[warn(unused)]`) on by default

warning: `bevyrogue` (test "predator_loop_kernel") generated 2 warnings (run `cargo fix --test "predator_loop_kernel" -p bevyrogue` to apply 1 suggestion)
warning: unused import: `round_flags::RoundFlags`
  --> src/combat/mod.rs:66:9
   |
66 | pub use round_flags::RoundFlags;
   |         ^^^^^^^^^^^^^^^^^^^^^^^

warning: unused import: `toughness::ToughnessCategory`
  --> src/combat/mod.rs:69:9
   |
69 | pub use toughness::ToughnessCategory;
   |         ^^^^^^^^^^^^^^^^^^^^^^^^^^^^

warning: unused import: `ImplementationStatus as EnemyCounterplayStatus`
 --> src/combat/counterplay.rs:5:9
  |
5 | pub use ImplementationStatus as EnemyCounterplayStatus;
  |         ^^^^^^^^^^^^^^^^^^^^^^^^^^^^^^^^^^^^^^^^^^^^^^

warning: unused import: `EnemyCounterplayKind`
 --> src/data/units_ron.rs:5:5
  |
5 |     EnemyCounterplayKind,
  |     ^^^^^^^^^^^^^^^^^^^^

warning: unused import: `ActionValue`
  --> src/main.rs:21:18
   |
21 | use combat::av::{ActionValue, ActionValueUpdated};
   |                  ^^^^^^^^^^^

warning: `bevyrogue` (test "event_stream") generated 1 warning (run `cargo fix --test "event_stream" -p bevyrogue` to apply 1 suggestion)
warning: `bevyrogue` (bin "combat_cli") generated 2 warnings (run `cargo fix --bin "combat_cli" -p bevyrogue` to apply 2 suggestions)
warning: variable does not need to be mutable
   --> src/headless.rs:195:5
    |
195 |     mut turn_advanced: MessageWriter<TurnAdvanced>,
    |     ----^^^^^^^^^^^^^
    |     |
    |     help: remove this `mut`

warning: unused variable: `turn_advanced`
   --> src/headless.rs:195:5
    |
195 |     mut turn_advanced: MessageWriter<TurnAdvanced>,
    |     ^^^^^^^^^^^^^^^^^ help: if this is intentional, prefix it with an underscore: `_turn_advanced`

warning: variants `Deferred` and `Hidden` are never constructed
   --> src/combat/action_query.rs:236:13
    |
236 |             Deferred { reason: LegalityReasonCode },
    |             ^^^^^^^^
237 |             Hidden { reason: LegalityReasonCode },
    |             ^^^^^^
...
242 | status_enum!(ActionStatus);
    | --------------------------
    | |            |
    | |            variants in this enum
    | in this macro invocation
    |
    = note: `ActionStatus` has derived impls for the traits `Clone` and `Debug`, but these are intentionally ignored during dead code analysis
    = note: `#[warn(dead_code)]` (part of `#[warn(unused)]`) on by default
    = note: this warning originates in the macro `status_enum` (in Nightly builds, run with -Z macro-backtrace for more info)

warning: variants `Deferred` and `Hidden` are never constructed
   --> src/combat/action_query.rs:236:13
    |
236 |             Deferred { reason: LegalityReasonCode },
    |             ^^^^^^^^
237 |             Hidden { reason: LegalityReasonCode },
    |             ^^^^^^
...
244 | status_enum!(ResourceStatus);
    | ----------------------------
    | |            |
    | |            variants in this enum
    | in this macro invocation
    |
    = note: `ResourceStatus` has derived impls for the traits `Clone` and `Debug`, but these are intentionally ignored during dead code analysis
    = note: this warning originates in the macro `status_enum` (in Nightly builds, run with -Z macro-backtrace for more info)

warning: variants `Hidden` and `Visible` are never constructed
   --> src/combat/action_query.rs:255:5
    |
254 | pub enum ToughnessAffordance {
    |          ------------------- variants in this enum
255 |     Hidden,
    |     ^^^^^^
256 |     Visible,
    |     ^^^^^^^
    |
    = note: `ToughnessAffordance` has derived impls for the traits `Clone` and `Debug`, but these are intentionally ignored during dead code analysis

warning: enum `ResourceKind` is never used
   --> src/combat/action_query.rs:268:10
    |
268 | pub enum ResourceKind {
    |          ^^^^^^^^^^^^

warning: struct `ResourceAffordanceDetail` is never constructed
   --> src/combat/action_query.rs:279:12
    |
279 | pub struct ResourceAffordanceDetail {
    |            ^^^^^^^^^^^^^^^^^^^^^^^^

warning: struct `ActionAffordance` is never constructed
   --> src/combat/action_query.rs:287:12
    |
287 | pub struct ActionAffordance<'a> {
    |            ^^^^^^^^^^^^^^^^

warning: struct `EnemyTraitAffordance` is never constructed
   --> src/combat/action_query.rs:299:12
    |
299 | pub struct EnemyTraitAffordance {
    |            ^^^^^^^^^^^^^^^^^^^^

warning: struct `ChargedTelegraphAffordance` is never constructed
   --> src/combat/action_query.rs:306:12
    |
306 | pub struct ChargedTelegraphAffordance {
    |            ^^^^^^^^^^^^^^^^^^^^^^^^^^

warning: function `counterplay_reason` is never used
   --> src/combat/action_query.rs:313:4
    |
313 | fn counterplay_reason(reason: &CounterplayLegalityReasonCode) -> CounterplayLegalityReasonCode {
    |    ^^^^^^^^^^^^^^^^^^

warning: function `enemy_trait_implementation` is never used
   --> src/combat/action_query.rs:317:4
    |
317 | fn enemy_trait_implementation(status: &EnemyCounterplayStatus) -> ImplementationStatus {
    |    ^^^^^^^^^^^^^^^^^^^^^^^^^^

warning: function `enemy_trait_resource_detail` is never used
   --> src/combat/action_query.rs:329:4
    |
329 | fn enemy_trait_resource_detail(status: &ImplementationStatus) -> ResourceAffordanceDetail {
    |    ^^^^^^^^^^^^^^^^^^^^^^^^^^^

warning: function `charged_telegraph_implementation` is never used
   --> src/combat/action_query.rs:342:4
    |
342 | fn charged_telegraph_implementation(status: &EnemyCounterplayStatus) -> ImplementationStatus {
    |    ^^^^^^^^^^^^^^^^^^^^^^^^^^^^^^^^

warning: function `charged_telegraph_resource_detail` is never used
   --> src/combat/action_query.rs:346:4
    |
346 | fn charged_telegraph_resource_detail(status: &ImplementationStatus) -> ResourceAffordanceDetail {
    |    ^^^^^^^^^^^^^^^^^^^^^^^^^^^^^^^^^

warning: function `query_enemy_trait_affordances` is never used
   --> src/combat/action_query.rs:359:8
    |
359 | pub fn query_enemy_trait_affordances(unit: &UnitQuerySnapshot) -> Vec<EnemyTraitAffordance> {
    |        ^^^^^^^^^^^^^^^^^^^^^^^^^^^^^

warning: function `query_charged_telegraph_affordance` is never used
   --> src/combat/action_query.rs:374:8
    |
374 | pub fn query_charged_telegraph_affordance(unit: &UnitQuerySnapshot) -> Option<ChargedTelegraphAffordance> {
    |        ^^^^^^^^^^^^^^^^^^^^^^^^^^^^^^^^^^

warning: function `target_toughness_affordance` is never used
   --> src/combat/action_query.rs:420:4
    |
420 | fn target_toughness_affordance(
    |    ^^^^^^^^^^^^^^^^^^^^^^^^^^^

warning: function `query_target_affordance` is never used
   --> src/combat/action_query.rs:529:8
    |
529 | pub fn query_target_affordance(
    |        ^^^^^^^^^^^^^^^^^^^^^^^

warning: function `query_all_target_affordances` is never used
   --> src/combat/action_query.rs:552:8
    |
552 | pub fn query_all_target_affordances(
    |        ^^^^^^^^^^^^^^^^^^^^^^^^^^^^

warning: function `enabled_target_ids` is never used
   --> src/combat/action_query.rs:571:8
    |
571 | pub fn enabled_target_ids(affordance: &ActionAffordance<'_>) -> Vec<UnitId> {
    |        ^^^^^^^^^^^^^^^^^^

warning: function `first_enabled_target_id` is never used
   --> src/combat/action_query.rs:581:8
    |
581 | pub fn first_enabled_target_id(affordance: &ActionAffordance<'_>) -> Option<UnitId> {
    |        ^^^^^^^^^^^^^^^^^^^^^^^

warning: function `resource_detail_status` is never used
   --> src/combat/action_query.rs:624:4
    |
624 | fn resource_detail_status(kind: ResourceKind, current: i32, required: i32) -> ResourceAffordanceDetail {
    |    ^^^^^^^^^^^^^^^^^^^^^^

warning: function `hidden_resource_detail` is never used
   --> src/combat/action_query.rs:649:4
    |
649 | fn hidden_resource_detail(kind: ResourceKind, reason: LegalityReasonCode) -> ResourceAffordanceDetail {
    |    ^^^^^^^^^^^^^^^^^^^^^^

warning: function `deferred_resource_detail` is never used
   --> src/combat/action_query.rs:658:4
    |
658 | fn deferred_resource_detail(kind: ResourceKind, reason: LegalityReasonCode) -> ResourceAffordanceDetail {
    |    ^^^^^^^^^^^^^^^^^^^^^^^^

warning: function `energy_cap_remaining` is never used
   --> src/combat/action_query.rs:667:4
    |
667 | fn energy_cap_remaining(unit: &UnitQuerySnapshot, source: EnergyGainSource) -> i32 {
    |    ^^^^^^^^^^^^^^^^^^^^

warning: function `query_energy_cap_affordance` is never used
   --> src/combat/action_query.rs:681:8
    |
681 | pub fn query_energy_cap_affordance(
    |        ^^^^^^^^^^^^^^^^^^^^^^^^^^^

warning: function `query_tamer_gauge_affordance` is never used
   --> src/combat/action_query.rs:701:8
    |
701 | pub fn query_tamer_gauge_affordance() -> ResourceAffordanceDetail {
    |        ^^^^^^^^^^^^^^^^^^^^^^^^^^^^

warning: function `query_tamer_command_affordances` is never used
   --> src/combat/action_query.rs:705:8
    |
705 | pub fn query_tamer_command_affordances() -> Vec<ResourceAffordanceDetail> {
    |        ^^^^^^^^^^^^^^^^^^^^^^^^^^^^^^^

warning: function `build_resource_details` is never used
   --> src/combat/action_query.rs:719:4
    |
719 | fn build_resource_details(
    |    ^^^^^^^^^^^^^^^^^^^^^^

warning: function `implementation_block` is never used
   --> src/combat/action_query.rs:884:4
    |
884 | fn implementation_block(
    |    ^^^^^^^^^^^^^^^^^^^^

warning: function `missing_skill_affordance` is never used
   --> src/combat/action_query.rs:904:4
    |
904 | fn missing_skill_affordance<'a>(kind: ActionQueryKind<'a>) -> ActionAffordance<'a> {
    |    ^^^^^^^^^^^^^^^^^^^^^^^^

warning: function `query_action_affordance` is never used
   --> src/combat/action_query.rs:918:8
    |
918 | pub fn query_action_affordance<'a>(
    |        ^^^^^^^^^^^^^^^^^^^^^^^

warning: field `tough_modifier` is never read
  --> src/combat/damage.rs:18:9
   |
12 | pub struct TriangleMods {
   |            ------------ field in this struct
...
18 |     pub tough_modifier: f32,
   |         ^^^^^^^^^^^^^^

warning: fields `hp_current` and `hp_max` are never read
  --> src/combat/enemy_ai.rs:20:9
   |
16 | pub struct TargetInfo {
   |            ---------- fields in this struct
...
20 |     pub hp_current: i32,
   |         ^^^^^^^^^^
21 |     pub hp_max: i32,
   |         ^^^^^^
   |
   = note: `TargetInfo` has derived impls for the traits `Clone` and `Debug`, but these are intentionally ignored during dead code analysis

warning: variant `BatteryLoopResolved` is never constructed
   --> src/combat/events.rs:112:5
    |
 24 | pub enum CombatEventKind {
    |          --------------- variant in this enum
...
112 |     BatteryLoopResolved {
    |     ^^^^^^^^^^^^^^^^^^^
    |
    = note: `CombatEventKind` has derived impls for the traits `Clone` and `Debug`, but these are intentionally ignored during dead code analysis

warning: enum `BatteryLoopDesignTag` is never used
  --> src/combat/battery_loop.rs:17:10
   |
17 | pub enum BatteryLoopDesignTag {
   |          ^^^^^^^^^^^^^^^^^^^^

warning: enum `BatteryLoopRequestKind` is never used
  --> src/combat/battery_loop.rs:24:10
   |
24 | pub enum BatteryLoopRequestKind {
   |          ^^^^^^^^^^^^^^^^^^^^^^

warning: multiple methods are never used
  --> src/combat/battery_loop.rs:64:12
   |
58 | impl BatteryLoopState {
   | --------------------- methods in this implementation
...
64 |     pub fn snapshot(&self) -> BatteryLoopSnapshot {
   |            ^^^^^^^^
...
68 |     pub fn gain_static_charge(&mut self, amount: u8) -> BatteryLoopTransition {
   |            ^^^^^^^^^^^^^^^^^^
...
72 |     pub fn gain_circuit_charge(&mut self, amount: u8) -> BatteryLoopTransition {
   |            ^^^^^^^^^^^^^^^^^^^
...
76 |     pub fn spend_circuit_charge(&mut self, amount: u8) -> BatteryLoopTransition {
   |            ^^^^^^^^^^^^^^^^^^^^
...
80 |     pub fn record_self_energy_gain(&mut self, amount: u8) -> BatteryLoopTransition {
   |            ^^^^^^^^^^^^^^^^^^^^^^^
...
84 |     pub fn record_transfer_success(&mut self, amount: u8) -> BatteryLoopTransition {
   |            ^^^^^^^^^^^^^^^^^^^^^^^
...
88 |     pub fn record_transfer_blocked(
   |            ^^^^^^^^^^^^^^^^^^^^^^^
...
99 |     pub fn reset_cycle_guards(&mut self) -> BatteryLoopTransition {
   |            ^^^^^^^^^^^^^^^^^^

warning: field `is_stunned` is never read
   --> src/combat/follow_up.rs:299:5
    |
293 | struct FormIdentitySnapshot {
    |        -------------------- field in this struct
...
299 |     is_stunned: bool,
    |     ^^^^^^^^^^

warning: function `holy_support_design_tag_name` is never used
  --> src/combat/holy_support.rs:26:8
   |
26 | pub fn holy_support_design_tag_name(tag: HolySupportDesignTag) -> &'static str {
   |        ^^^^^^^^^^^^^^^^^^^^^^^^^^^^

warning: function `holy_support_design_tag` is never used
  --> src/combat/holy_support.rs:33:8
   |
33 | pub fn holy_support_design_tag(tag: HolySupportDesignTag) -> CombatTagId {
   |        ^^^^^^^^^^^^^^^^^^^^^^^

warning: function `holy_support_added_tag_transition` is never used
  --> src/combat/holy_support.rs:45:8
   |
45 | pub fn holy_support_added_tag_transition(
   |        ^^^^^^^^^^^^^^^^^^^^^^^^^^^^^^^^^

warning: method `snapshot` is never used
   --> src/combat/holy_support.rs:100:12
    |
 99 | impl HolySupportState {
    | --------------------- method in this implementation
100 |     pub fn snapshot(&self) -> HolySupportSnapshot {
    |            ^^^^^^^^

warning: enum `PredatorLoopDesignTag` is never used
  --> src/combat/predator_loop.rs:19:10
   |
19 | pub enum PredatorLoopDesignTag {
   |          ^^^^^^^^^^^^^^^^^^^^^

warning: associated function `consumed` is never used
  --> src/combat/predator_loop.rs:39:18
   |
31 | impl PredatorLockState {
   | ---------------------- associated function in this implementation
...
39 |     pub const fn consumed() -> Self {
   |                  ^^^^^^^^

warning: multiple methods are never used
   --> src/combat/predator_loop.rs:154:12
    |
149 | impl PredatorLoopState {
    | ---------------------- methods in this implementation
...
154 |     pub fn track_target(&mut self, unit_id: UnitId) -> &mut PredatorTargetState {
    |            ^^^^^^^^^^^^
...
158 |     pub fn build_exploit(&mut self, unit_id: UnitId, amount: u16) -> PredatorLoopTransition {
    |            ^^^^^^^^^^^^^
...
165 |     pub fn apply_prey_lock(&mut self, unit_id: UnitId) -> PredatorLoopTransition {
    |            ^^^^^^^^^^^^^^^
...
170 |     pub fn consume_prey_lock_payoff(&mut self, unit_id: UnitId) -> PredatorLoopTransition {
    |            ^^^^^^^^^^^^^^^^^^^^^^^^
...
177 |     pub fn enter_berserk(&mut self, strain_current: u16) -> PredatorLoopTransition {
    |            ^^^^^^^^^^^^^
...
184 |     pub fn tick_all_prey_locks(&mut self) -> PredatorLoopTransition {
    |            ^^^^^^^^^^^^^^^^^^^
...
188 |     pub fn expire_prey_lock(&mut self, unit_id: UnitId) -> PredatorLoopTransition {
    |            ^^^^^^^^^^^^^^^^

warning: enum `PredatorLoopRequestKind` is never used
   --> src/combat/predator_loop.rs:194:10
    |
194 | pub enum PredatorLoopRequestKind {
    |          ^^^^^^^^^^^^^^^^^^^^^^^

warning: associated items `ALL`, `next`, and `as_str` are never used
  --> src/combat/kernel.rs:17:15
   |
16 | impl TacticalCyclePhase {
   | ----------------------- associated items in this implementation
17 |     pub const ALL: [Self; 4] = [Self::Declared, Self::PreApp, Self::Impact, Self::Applied];
   |               ^^^
18 |
19 |     pub const fn next(self) -> Self {
   |                  ^^^^
...
28 |     pub const fn as_str(self) -> &'static str {
   |                  ^^^^^^

warning: methods `gain`, `spend`, and `decay` are never used
   --> src/combat/kernel.rs:112:12
    |
111 | impl Strain {
    | ----------- methods in this implementation
112 |     pub fn gain(&mut self, amount: u16, config: &CombatKernelConfig) -> StrainTransition {
    |            ^^^^
...
125 |     pub fn spend(&mut self, amount: u16) -> StrainTransition {
    |            ^^^^^
...
138 |     pub fn decay(&mut self, amount: u16) -> StrainTransition {
    |            ^^^^^

warning: methods `enter`, `decay`, `exit`, and `momentum` are never used
   --> src/combat/kernel.rs:180:12
    |
179 | impl FlowState {
    | -------------- methods in this implementation
180 |     pub fn enter(&mut self, config: &CombatKernelConfig) -> FlowTransition {
    |            ^^^^^
...
196 |     pub fn decay(&mut self, config: &CombatKernelConfig) -> FlowTransition {
    |            ^^^^^
...
221 |     pub fn exit(&mut self) -> FlowTransition {
    |            ^^^^
...
231 |     pub fn momentum(self) -> u8 {
    |            ^^^^^^^^

warning: methods `gain`, `carry_over`, and `reset` are never used
   --> src/combat/kernel.rs:272:12
    |
271 | impl Fatigue {
    | ------------ methods in this implementation
272 |     pub fn gain(&mut self, amount: u16, config: &CombatKernelConfig) -> FatigueTransition {
    |            ^^^^
...
286 |     pub fn carry_over(&mut self, config: &CombatKernelConfig) -> FatigueTransition {
    |            ^^^^^^^^^^
...
301 |     pub fn reset(&mut self) -> FatigueTransition {
    |            ^^^^^

warning: associated items `new`, `is_active`, `tick`, and `consume` are never used
   --> src/combat/kernel.rs:347:12
    |
346 | impl CombatTagState {
    | ------------------- associated items in this implementation
347 |     pub fn new(id: impl Into<CombatTagId>, turns_left: u8) -> Self {
    |            ^^^
...
355 |     pub fn is_active(&self) -> bool {
    |            ^^^^^^^^^
...
359 |     pub fn tick(&mut self) -> CombatTagTransition {
    |            ^^^^
...
377 |     pub fn consume(&mut self) -> CombatTagTransition {
    |            ^^^^^^^

warning: associated items `ALL` and `as_str` are never used
   --> src/combat/kernel.rs:409:15
    |
408 | impl CombatBeatId {
    | ----------------- associated items in this implementation
409 |     pub const ALL: [Self; 7] = [
    |               ^^^
...
419 |     pub const fn as_str(self) -> &'static str {
    |                  ^^^^^^

warning: associated function `spend_cross_resonance` is never used
   --> src/combat/kernel.rs:458:18
    |
450 | impl TwinCoreTransition {
    | ----------------------- associated function in this implementation
...
458 |     pub const fn spend_cross_resonance(amount: u8) -> Self {
    |                  ^^^^^^^^^^^^^^^^^^^^^

warning: associated functions `self_energy_gain` and `transfer_energy` are never used
   --> src/combat/kernel.rs:593:18
    |
556 | impl BatteryLoopTransition {
    | -------------------------- associated functions in this implementation
...
593 |     pub const fn self_energy_gain(amount: u8) -> Self {
    |                  ^^^^^^^^^^^^^^^^
...
602 |     pub const fn transfer_energy(amount: u8) -> Self {
    |                  ^^^^^^^^^^^^^^^

warning: associated functions `open_window`, `commit`, `reveal`, `resolve`, and `ignored` are never used
   --> src/combat/kernel.rs:718:18
    |
717 | impl PrecisionMindGameTransition {
    | -------------------------------- associated functions in this implementation
718 |     pub const fn open_window(window: PrecisionWindowKind) -> Self {
    |                  ^^^^^^^^^^^
...
722 |     pub const fn commit(commitment: PrecisionCommitment) -> Self {
    |                  ^^^^^^
...
726 |     pub const fn reveal(reveal: PrecisionReveal) -> Self {
    |                  ^^^^^^
...
730 |     pub const fn resolve(outcome: PrecisionOutcome) -> Self {
    |                  ^^^^^^^
...
741 |     pub const fn ignored(attempted: PrecisionMindGameStep) -> Self {
    |                  ^^^^^^^

warning: associated function `ignored` is never used
   --> src/combat/kernel.rs:875:18
    |
795 | impl PredatorLoopTransition {
    | --------------------------- associated function in this implementation
...
875 |     pub const fn ignored(attempted: PredatorLoopStep) -> Self {
    |                  ^^^^^^^

warning: associated function `ignored` is never used
    --> src/combat/kernel.rs:1006:18
     |
 951 | impl HolySupportTransition {
     | -------------------------- associated function in this implementation
...
1006 |     pub const fn ignored(attempted: HolySupportStep) -> Self {
     |                  ^^^^^^^

warning: method `advance` is never used
    --> src/combat/kernel.rs:1017:12
     |
1016 | impl TacticalCycleStep {
     | ---------------------- method in this implementation
1017 |     pub fn advance(self, config: &CombatKernelConfig) -> TacticalCycleTransition {
     |            ^^^^^^^

warning: method `domain` is never used
    --> src/combat/kernel.rs:1098:8
     |
1097 | pub trait CombatKernelHook: Send + Sync {
     |           ---------------- method in this trait
1098 |     fn domain(&self) -> CombatKernelHookDomain;
     |        ^^^^^^

warning: enum `CombatKernelHookDomain` is never used
    --> src/combat/kernel.rs:1109:10
     |
1109 | pub enum CombatKernelHookDomain {
     |          ^^^^^^^^^^^^^^^^^^^^^^

warning: multiple methods are never used
    --> src/combat/kernel.rs:1140:12
     |
1139 | impl CombatKernelState {
     | ---------------------- methods in this implementation
1140 |     pub fn gain_strain(&mut self, amount: u16) -> StrainTransition {
     |            ^^^^^^^^^^^
...
1144 |     pub fn spend_strain(&mut self, amount: u16) -> StrainTransition {
     |            ^^^^^^^^^^^^
...
1148 |     pub fn decay_strain(&mut self) -> StrainTransition {
     |            ^^^^^^^^^^^^
...
1152 |     pub fn enter_flow(&mut self) -> FlowTransition {
     |            ^^^^^^^^^^
...
1156 |     pub fn decay_flow(&mut self) -> FlowTransition {
     |            ^^^^^^^^^^
...
1160 |     pub fn exit_flow(&mut self) -> FlowTransition {
     |            ^^^^^^^^^
...
1164 |     pub fn gain_fatigue(&mut self, amount: u16) -> FatigueTransition {
     |            ^^^^^^^^^^^^
...
1168 |     pub fn carry_over_fatigue(&mut self) -> FatigueTransition {
     |            ^^^^^^^^^^^^^^^^^^
...
1172 |     pub fn reset_fatigue(&mut self) -> FatigueTransition {
     |            ^^^^^^^^^^^^^
...
1176 |     pub fn advance_tactical_cycle(&mut self) -> TacticalCycleTransition {
     |            ^^^^^^^^^^^^^^^^^^^^^^
...
1182 |     pub fn add_tag(&mut self, id: impl Into<CombatTagId>) -> CombatTagTransition {
     |            ^^^^^^^
...
1193 |     pub fn consume_tag(&mut self, id: &CombatTagId) -> Option<CombatTagTransition> {
     |            ^^^^^^^^^^^
...
1198 |     pub fn tick_tags(&mut self) -> Vec<CombatTagTransition> {
     |            ^^^^^^^^^

warning: struct `BatteryLoopSnapshot` is never constructed
  --> src/combat/observability.rs:57:12
   |
57 | pub struct BatteryLoopSnapshot {
   |            ^^^^^^^^^^^^^^^^^^^

warning: function `format_battery_loop_snapshot` is never used
   --> src/combat/observability.rs:537:8
    |
537 | pub fn format_battery_loop_snapshot(snapshot: &BatteryLoopSnapshot) -> String {
    |        ^^^^^^^^^^^^^^^^^^^^^^^^^^^^

warning: function `format_battery_loop_transition` is never used
   --> src/combat/observability.rs:557:4
    |
557 | fn format_battery_loop_transition(transition: BatteryLoopTransition) -> String {
    |    ^^^^^^^^^^^^^^^^^^^^^^^^^^^^^^

warning: function `format_battery_loop_step` is never used
   --> src/combat/observability.rs:599:4
    |
599 | fn format_battery_loop_step(step: super::kernel::BatteryLoopStep) -> String {
    |    ^^^^^^^^^^^^^^^^^^^^^^^^

warning: function `format_battery_loop_blocked_reason` is never used
   --> src/combat/observability.rs:619:4
    |
619 | fn format_battery_loop_blocked_reason(reason: BatteryLoopBlockedReason) -> String {
    |    ^^^^^^^^^^^^^^^^^^^^^^^^^^^^^^^^^^

warning: methods `is_window_open` and `snapshot` are never used
  --> src/combat/precision_mind_game.rs:62:12
   |
61 | impl PrecisionMindGameState {
   | --------------------------- methods in this implementation
62 |     pub fn is_window_open(&self) -> bool {
   |            ^^^^^^^^^^^^^^
...
66 |     pub fn snapshot(&self) -> PrecisionMindGameSnapshot {
   |            ^^^^^^^^

warning: function `register_precision_mind_game_runtime` is never used
  --> src/combat/precision_mind_game.rs:88:8
   |
88 | pub fn register_precision_mind_game_runtime(app: &mut App) {
   |        ^^^^^^^^^^^^^^^^^^^^^^^^^^^^^^^^^^^^

warning: function `grant_free_skill_events` is never used
  --> src/combat/resolution.rs:20:8
   |
20 | pub fn grant_free_skill_events(count: usize, ally_basics: &[SkillId]) -> Vec<CombatEventKind> {
   |        ^^^^^^^^^^^^^^^^^^^^^^^

warning: function `twin_core_design_tag_name` is never used
  --> src/combat/twin_core.rs:29:8
   |
29 | pub fn twin_core_design_tag_name(tag: TwinCoreDesignTag) -> &'static str {
   |        ^^^^^^^^^^^^^^^^^^^^^^^^^

warning: function `twin_core_design_tag` is never used
  --> src/combat/twin_core.rs:40:8
   |
40 | pub fn twin_core_design_tag(tag: TwinCoreDesignTag) -> CombatTagId {
   |        ^^^^^^^^^^^^^^^^^^^^

warning: function `twin_core_added_tag_transition` is never used
  --> src/combat/twin_core.rs:56:8
   |
56 | pub fn twin_core_added_tag_transition(
   |        ^^^^^^^^^^^^^^^^^^^^^^^^^^^^^^

warning: associated items `new`, `delay`, and `self_advance` are never used
  --> src/combat/av.rs:19:12
   |
17 | impl ActionValue {
   | ---------------- associated items in this implementation
18 |     /// Creates a new ActionValue, ensuring it does not exceed MAX_AV.
19 |     pub fn new(value: i32) -> Self {
   |            ^^^
...
31 |     pub fn delay(&mut self, amount: i32) {
   |            ^^^^^
...
38 |     pub fn self_advance(&mut self, amount: i32) {
   |            ^^^^^^^^^^^^

warning: fields `future_preview` and `queue` are never read
  --> src/combat/turn_order.rs:13:9
   |
 9 | pub struct TurnOrder {
   |            --------- fields in this struct
...
13 |     pub future_preview: Vec<UnitId>,
   |         ^^^^^^^^^^^^^^
14 |     /// Compat shim for pre-AV tests: always empty in the AV system.
15 |     pub queue: VecDeque<UnitId>,
   |         ^^^^^
   |
   = note: `TurnOrder` has a derived impl for the trait `Debug`, but this is intentionally ignored during dead code analysis

warning: methods `seed` and `insert_out_of_queue` are never used
  --> src/combat/turn_order.rs:20:12
   |
18 | impl TurnOrder {
   | -------------- methods in this implementation
19 |     /// No-op in the AV system; seeds were needed only for the old VecDeque order.
20 |     pub fn seed(&mut self, _units: impl IntoIterator<Item = UnitId>) {}
   |            ^^^^
...
23 |     pub fn insert_out_of_queue(&mut self, _unit_id: UnitId) {}
   |            ^^^^^^^^^^^^^^^^^^^

warning: associated function `of` is never used
  --> src/combat/turn_order.rs:37:12
   |
35 | impl TurnAdvanced {
   | ----------------- associated function in this implementation
36 |     /// Convenience constructor for tests and compatibility code; sets AV metadata to zero.
37 |     pub fn of(unit_id: UnitId) -> Self {
   |            ^^

warning: constant `TICK_AV_AMOUNT` is never used
  --> src/combat/turn_system/mod.rs:31:11
   |
31 | pub const TICK_AV_AMOUNT: i32 = 1000; // Arbitrary tick amount for AV accumulation. For deterministic turns
   |           ^^^^^^^^^^^^^^

warning: function `validate_skill_book` is never used
   --> src/data/skills_ron.rs:175:8
    |
175 | pub fn validate_skill_book(book: &SkillBook) -> Result<(), SkillBookValidationError> {
    |        ^^^^^^^^^^^^^^^^^^^

warning: function `validation_error` is never used
   --> src/data/skills_ron.rs:182:4
    |
182 | fn validation_error(
    |    ^^^^^^^^^^^^^^^^

warning: function `skill_has_effect` is never used
   --> src/data/skills_ron.rs:196:4
    |
196 | fn skill_has_effect(skill: &SkillDef, predicate: impl Fn(&Effect) -> bool) -> bool {
    |    ^^^^^^^^^^^^^^^^

warning: function `validate_skill_def` is never used
   --> src/data/skills_ron.rs:200:4
    |
200 | fn validate_skill_def(skill: &SkillDef) -> Result<(), SkillBookValidationError> {
    |    ^^^^^^^^^^^^^^^^^^

warning: `bevyrogue` (bin "bevyrogue") generated 98 warnings (10 duplicates) (run `cargo fix --bin "bevyrogue" -p bevyrogue` to apply 7 suggestions)
    Finished `test` profile [optimized + debuginfo] target(s) in 3.72s
     Running tests/battery_loop_kernel.rs (target/debug/deps/battery_loop_kernel-b02b1e317f70733e)
     Running tests/event_stream.rs (target/debug/deps/event_stream-9997c76b0d65688e)
     Running tests/predator_loop_kernel.rs (target/debug/deps/predator_loop_kernel-5fe8e8ab0fd51b1b)
     Running tests/validation_snapshot.rs (target/debug/deps/validation_snapshot-b7eb50fe19e5a8ae)
