
running 2 tests
test plain_patamon_skill_has_no_holy_support_blueprint_dispatch ... ok
test patamon_ult_builds_grace_through_the_blueprint_kernel_path ... ok

test result: ok. 2 passed; 0 failed; 0 ignored; 0 measured; 0 filtered out; finished in 0.00s


running 4 tests
test holy_support_metadata_remains_optional_for_backward_compatibility ... ok
test patamon_angemon_keep_hope_line_roster_relationship ... ok
test patamon_seeded_skill_declares_custom_signal_not_removed_direct_effects ... ok
test patamon_roster_references_the_seeded_blueprint_skill ... ok

test result: ok. 4 passed; 0 failed; 0 ignored; 0 measured; 0 filtered out; finished in 0.00s


running 7 tests
test custom_signal_missing_field_defaults_to_empty ... ok
test custom_signal_rejects_unknown_patamon_variant ... ok
test custom_signal_resolved_action_carries_metadata_without_interpreting_it ... ok
test custom_signal_parses_from_tracked_patamon_skill ... ok
test no_signal_action_produces_no_patamon_blueprint_transitions ... ok
test patamon_signal_maps_to_expected_holy_support_transition ... ok
test patamon_ultimate_dispatches_blueprint_transition_into_holy_support_state_and_snapshot ... ok

test result: ok. 7 passed; 0 failed; 0 ignored; 0 measured; 0 filtered out; finished in 0.00s


EXIT_CODE=0
