tests/patamon_blueprint_seam.rs: ['custom_signals:', 'animation_sequence:', 'qte:']
tests/patamon_blueprint_seam.rs: ['animation_sequence:', 'qte:']
tests/patamon_revive.rs: ['custom_signals:', 'animation_sequence:', 'qte:']
tests/patamon_revive.rs: ['custom_signals:', 'animation_sequence:', 'qte:']
tests/status_effect_apply.rs: ['custom_signals:']
tests/status_effect_integration.rs: ['custom_signals:', 'animation_sequence:', 'qte:']
tests/revive_semantics.rs: ['custom_signals:', 'animation_sequence:', 'qte:']
tests/revive_semantics.rs: ['custom_signals:', 'animation_sequence:', 'qte:']
tests/target_shape_truthfulness.rs: ['custom_signals:', 'animation_sequence:', 'qte:']
tests/target_shape_truthfulness.rs: ['custom_signals:', 'animation_sequence:', 'qte:']
tests/action_affordance_query.rs: ['custom_signals:', 'animation_sequence:', 'qte:']
tests/action_affordance_query.rs: ['custom_signals:', 'animation_sequence:', 'qte:']
tests/action_affordance_query.rs: ['custom_signals:', 'animation_sequence:', 'qte:']
tests/action_affordance_query.rs: ['custom_signals:', 'animation_sequence:', 'qte:']
tests/action_affordance_query.rs: ['custom_signals:', 'animation_sequence:', 'qte:']
tests/action_affordance_query.rs: ['custom_signals:', 'animation_sequence:', 'qte:']
tests/action_affordance_query.rs: ['custom_signals:', 'animation_sequence:', 'qte:']
tests/action_affordance_query.rs: ['custom_signals:', 'animation_sequence:', 'qte:']
tests/action_affordance_query.rs: ['custom_signals:', 'animation_sequence:', 'qte:']
tests/twin_core_integration.rs: ['custom_signals:', 'animation_sequence:', 'qte:']
tests/ultimate_meter.rs: ['custom_signals:', 'animation_sequence:', 'qte:']
tests/ultimate_meter.rs: ['custom_signals:', 'animation_sequence:', 'qte:']
tests/action_affordance_consumers.rs: ['custom_signals:', 'animation_sequence:', 'qte:']
tests/action_affordance_consumers.rs: ['custom_signals:', 'animation_sequence:', 'qte:']
tests/action_affordance_consumers.rs: ['custom_signals:', 'animation_sequence:', 'qte:']
tests/presentation_metadata_boundary.rs: ['custom_signals:', 'animation_sequence:', 'qte:']
tests/presentation_metadata_boundary.rs: ['custom_signals:', 'animation_sequence:', 'qte:']
tests/presentation_metadata_boundary.rs: ['custom_signals:', 'animation_sequence:', 'qte:']
tests/presentation_metadata_boundary.rs: ['custom_signals:', 'animation_sequence:', 'qte:']
tests/boundary_contract.rs: ['custom_signals:', 'animation_sequence:', 'qte:']
tests/boundary_contract.rs: ['custom_signals:', 'animation_sequence:', 'qte:']
tests/boundary_contract.rs: ['custom_signals:', 'animation_sequence:', 'qte:']
tests/damage_breakdown_log.rs: ['custom_signals:', 'animation_sequence:', 'qte:']
tests/combat_coherence.rs: ['custom_signals:', 'animation_sequence:', 'qte:']
tests/combat_coherence.rs: ['custom_signals:', 'animation_sequence:', 'qte:']
tests/combat_coherence.rs: ['custom_signals:', 'animation_sequence:', 'qte:']
tests/combat_coherence.rs: ['custom_signals:', 'animation_sequence:', 'qte:']
tests/combat_coherence.rs: ['custom_signals:', 'animation_sequence:', 'qte:']
tests/combat_coherence.rs: ['custom_signals:', 'animation_sequence:', 'qte:']
tests/status_accuracy.rs: ['custom_signals:', 'animation_sequence:', 'qte:']
tests/encounter_e2e.rs: ['custom_signals:', 'animation_sequence:', 'qte:']
tests/encounter_e2e.rs: ['custom_signals:', 'animation_sequence:', 'qte:']
tests/encounter_e2e.rs: ['custom_signals:', 'animation_sequence:', 'qte:']
tests/encounter_e2e.rs: ['custom_signals:', 'animation_sequence:', 'qte:']
tests/toughness_enemy_only.rs: ['custom_signals:', 'animation_sequence:', 'qte:']
tests/sp_economy.rs: ['custom_signals:', 'animation_sequence:', 'qte:']
tests/sp_economy.rs: ['custom_signals:', 'animation_sequence:', 'qte:']
tests/sp_economy.rs: ['custom_signals:', 'animation_sequence:', 'qte:']
tests/sp_economy.rs: ['custom_signals:', 'animation_sequence:', 'qte:']
tests/sp_economy.rs: ['custom_signals:', 'animation_sequence:', 'qte:']
tests/engine_legality_integration.rs: ['custom_signals:', 'animation_sequence:', 'qte:']
tests/engine_legality_integration.rs: ['custom_signals:', 'animation_sequence:', 'qte:']
tests/toughness_categories.rs: ['custom_signals:']
tests/resource_caps.rs: ['custom_signals:', 'animation_sequence:', 'qte:']
tests/resource_caps.rs: ['custom_signals:', 'animation_sequence:', 'qte:']
tests/resource_caps.rs: ['custom_signals:', 'animation_sequence:', 'qte:']
count 56
