src/combat/turn_system/mod.rs
src/combat/turn_system/pipeline.rs
src/combat/turn_system/tests.rs

ActionIntent refs:
src/combat/resolution_tests.rs:5:    turn_system::ActionIntent,
src/combat/resolution_tests.rs:76:fn basic_intent() -> ActionIntent {
src/combat/resolution_tests.rs:77:    ActionIntent::Basic {
src/combat/resolution_tests.rs:83:fn resolved(intent: &ActionIntent, skill: SkillDef) -> ResolvedAction {
src/combat/resolution_tests.rs:146:    let intent = ActionIntent::Skill {
src/combat/resolution_tests.rs:187:    let intent = ActionIntent::Skill {
src/combat/resolution_tests.rs:361:    let intent = ActionIntent::Ultimate {
src/combat/resolution_tests.rs:395:    let intent = ActionIntent::Skill {
src/combat/resolution_tests.rs:412:    let intent = ActionIntent::Ultimate {
src/combat/resolution_tests.rs:457:    let intent = ActionIntent::Skill {
src/combat/resolution_tests.rs:498:    let intent = ActionIntent::Skill {
src/combat/resolution_tests.rs:526:    let intent = ActionIntent::Skill {
src/combat/resolution_tests.rs:551:    let intent = ActionIntent::Skill {
src/combat/resolution_tests.rs:577:    let intent = ActionIntent::Skill {
src/combat/resolution_tests.rs:609:    let intent = ActionIntent::Skill {
src/combat/turn_system/pipeline.rs:26:use super::{ActionIntent, ResolveActorsQuery, emit_combat_event, set_phase};
src/combat/turn_system/pipeline.rs:30:    intent: &ActionIntent,
src/combat/turn_system/pipeline.rs:36:    actors: &mut ResolveActorsQuery,
src/combat/turn_system/pipeline.rs:39:        ActionIntent::Basic { attacker, target }
src/combat/turn_system/pipeline.rs:40:        | ActionIntent::Skill { attacker, target, .. }
src/combat/turn_system/pipeline.rs:41:        | ActionIntent::Ultimate { attacker, target } => (*attacker, *target),
src/combat/turn_system/pipeline.rs:71:    actors: &mut ResolveActorsQuery,
src/combat/enemy_ai.rs:10:    turn_system::ActionIntent,
src/combat/enemy_ai.rs:32:/// Select an `ActionIntent` for an enemy unit.
src/combat/enemy_ai.rs:42:pub fn pick_enemy_action(ctx: &EnemyTurnContext<'_>) -> Option<ActionIntent> {
src/combat/enemy_ai.rs:46:        ActionIntent::Ultimate {
src/combat/enemy_ai.rs:51:        ActionIntent::Skill {
src/combat/enemy_ai.rs:57:        ActionIntent::Basic {
src/combat/enemy_ai.rs:126:            matches!(intent, ActionIntent::Ultimate { attacker: UnitId(10), target: UnitId(1) }),
src/combat/enemy_ai.rs:146:                ActionIntent::Skill {
src/combat/enemy_ai.rs:169:            matches!(intent, ActionIntent::Basic { attacker: UnitId(10), target: UnitId(3) }),
src/combat/enemy_ai.rs:188:            matches!(intent, ActionIntent::Basic { target: UnitId(2), .. }),
src/combat/enemy_ai.rs:207:            matches!(intent, ActionIntent::Basic { target: UnitId(2), .. }),
src/combat/follow_up_tests.rs:72:        .add_message::<ActionIntent>()
src/combat/follow_up_tests.rs:170:    app.world_mut().write_message(ActionIntent::Skill {
src/combat/follow_up_tests.rs:248:    app.world_mut().write_message(ActionIntent::Skill {
src/combat/turn_system/tests.rs:65:        .add_message::<ActionIntent>()
src/combat/turn_system/tests.rs:106:        .add_message::<ActionIntent>()
src/combat/turn_system/tests.rs:152:        .add_message::<ActionIntent>()
src/combat/turn_system/tests.rs:197:        .add_message::<ActionIntent>()
src/combat/turn_system/tests.rs:227:        .resource_mut::<Messages<ActionIntent>>()
src/combat/turn_system/tests.rs:229:    let intents: Vec<ActionIntent> = cursor
src/combat/turn_system/tests.rs:230:        .read(app.world().resource::<Messages<ActionIntent>>())
src/combat/turn_system/tests.rs:248:        .add_message::<ActionIntent>()
src/combat/turn_system/tests.rs:278:        .resource_mut::<Messages<ActionIntent>>()
src/combat/turn_system/tests.rs:280:    let intents: Vec<ActionIntent> = cursor
src/combat/turn_system/tests.rs:281:        .read(app.world().resource::<Messages<ActionIntent>>())
src/combat/turn_system/tests.rs:299:        .add_message::<ActionIntent>()
src/combat/turn_system/tests.rs:339:        .add_message::<ActionIntent>()
src/combat/turn_system/tests.rs:372:    app.world_mut().write_message(ActionIntent::Basic {
src/combat/turn_system/tests.rs:396:        .add_message::<ActionIntent>()
src/combat/turn_system/tests.rs:439:    app.world_mut().write_message(ActionIntent::Skill {
src/combat/turn_system/tests.rs:467:        .add_message::<ActionIntent>()
src/combat/turn_system/tests.rs:500:    app.world_mut().write_message(ActionIntent::Basic {
src/bin/combat_cli.rs:15:use bevyrogue::combat::turn_system::ActionIntent;
src/bin/combat_cli.rs:204:    mut intent_writer: MessageWriter<ActionIntent>,
src/bin/combat_cli.rs:252:        intent_writer.write(ActionIntent::Basic { attacker: actor_id, target: target_id });
src/bin/combat_cli.rs:324:    // Map selection to ActionIntent.
src/bin/combat_cli.rs:331:        ActionIntent::Skill { attacker: actor_id, skill_id, target: target_id }
src/bin/combat_cli.rs:333:        ActionIntent::Ultimate { attacker: actor_id, target: target_id }
src/bin/combat_cli.rs:335:        ActionIntent::Basic { attacker: actor_id, target: target_id }
src/bin/combat_cli.rs:445:        .add_message::<ActionIntent>()
tests/damage_breakdown_log.rs:26:    turn_system::{ActionIntent, resolve_action_system},
tests/damage_breakdown_log.rs:71:        .add_message::<ActionIntent>()
tests/damage_breakdown_log.rs:152:    app.world_mut().write_message(ActionIntent::Basic {
tests/damage_breakdown_log.rs:181:    app.world_mut().write_message(ActionIntent::Basic {
tests/resource_caps.rs:10:    turn_system::{ActionIntent, resolve_action_system},
tests/resource_caps.rs:53:        .add_message::<ActionIntent>()
tests/resource_caps.rs:69:fn cast(app: &mut App, intent: ActionIntent) {
tests/resource_caps.rs:106:    // Dummy enemy — needs Unit + Team + Toughness to satisfy ResolveActorsQuery
tests/resource_caps.rs:126:    cast(&mut app, ActionIntent::Basic { attacker: UnitId(1), target: UnitId(2) });
tests/resource_caps.rs:127:    cast(&mut app, ActionIntent::Basic { attacker: UnitId(1), target: UnitId(2) });
tests/resource_caps.rs:137:    cast(&mut app, ActionIntent::Skill {
tests/resource_caps.rs:153:    cast(&mut app, ActionIntent::Skill {
src/combat/turn_system/mod.rs:9:    events::{ActionIntentKind, CombatEvent, CombatEventKind},
src/combat/turn_system/mod.rs:34:pub enum ActionIntent {
src/combat/turn_system/mod.rs:52:pub(crate) type ResolveActorsQuery<'w, 's> = Query<
src/combat/turn_system/mod.rs:81:fn intent_label(intent: &ActionIntent) -> &'static str {
src/combat/turn_system/mod.rs:83:        ActionIntent::Basic { .. } => "Basic",
src/combat/turn_system/mod.rs:84:        ActionIntent::Skill { .. } => "Skill",
src/combat/turn_system/mod.rs:85:        ActionIntent::Ultimate { .. } => "Ultimate",
src/combat/turn_system/mod.rs:115:    mut intents: MessageReader<ActionIntent>,
src/combat/turn_system/mod.rs:124:    mut actors: ResolveActorsQuery,
src/combat/turn_system/mod.rs:130:            ActionIntent::Basic { .. } => ActionIntentKind::Basic,
src/combat/turn_system/mod.rs:131:            ActionIntent::Skill { .. } => ActionIntentKind::Skill,
src/combat/turn_system/mod.rs:132:            ActionIntent::Ultimate { .. } => ActionIntentKind::Ultimate,
src/combat/turn_system/mod.rs:184:    mut intents_out: MessageWriter<ActionIntent>,
src/combat/turn_system/mod.rs:272:        // Enemy AI: emit ActionIntent for enemy units whose action wasn't cancelled
src/combat/turn_system/mod.rs:397:mod pipeline;
tests/toughness_categories.rs:14:    turn_system::{ActionIntent, advance_turn_system, resolve_action_system},
tests/toughness_categories.rs:53:        .add_message::<ActionIntent>()
tests/toughness_categories.rs:134:        .write_message(ActionIntent::Basic { attacker, target });
tests/toughness_categories.rs:290:    // no spurious ActionIntent is injected.
src/combat/resolution.rs:8:    turn_system::ActionIntent,
src/combat/resolution.rs:53:    intent: &ActionIntent,
src/combat/resolution.rs:58:        ActionIntent::Basic { .. } => &kit.basic,
src/combat/resolution.rs:59:        ActionIntent::Skill { skill_id, .. } => skill_id,
src/combat/resolution.rs:60:        ActionIntent::Ultimate { .. } => &kit.ultimate,
src/combat/resolution.rs:65:        ActionIntent::Basic { attacker, target } => {
src/combat/resolution.rs:68:        ActionIntent::Skill {
src/combat/resolution.rs:71:        ActionIntent::Ultimate { attacker, target } => (*attacker, *target, UltEffect::Reset),
tests/commander_flow.rs:8:    turn_system::{ActionIntent, advance_turn_system},
tests/commander_flow.rs:28:struct CapturedIntents(Vec<ActionIntent>);
tests/commander_flow.rs:31:    mut reader: MessageReader<ActionIntent>,
tests/commander_flow.rs:46:        .add_message::<ActionIntent>()
tests/commander_flow.rs:67:    assert!(!captured.0.is_empty(), "enemy should have emitted an ActionIntent");
tests/commander_flow.rs:70:        if let ActionIntent::Basic { attacker, target } = intent {
tests/commander_flow.rs:85:        .add_message::<ActionIntent>()
tests/patamon_revive.rs:10:    turn_system::{ActionIntent, resolve_action_system},
tests/patamon_revive.rs:24:        .add_message::<ActionIntent>()
tests/patamon_revive.rs:109:        .write_message(ActionIntent::Basic { attacker: UnitId(99), target: UnitId(1) });
tests/patamon_revive.rs:121:    app.world_mut().write_message(ActionIntent::Skill {
tests/boundary_contract.rs:9:    turn_system::{ActionIntent, advance_turn_system, resolve_action_system},
tests/boundary_contract.rs:34:        .add_message::<ActionIntent>()
tests/boundary_contract.rs:109:    app.world_mut().write_message(ActionIntent::Ultimate {
tests/boundary_contract.rs:139:        .add_message::<ActionIntent>()
tests/boundary_contract.rs:230:    app.world_mut().write_message(ActionIntent::Ultimate {
tests/status_effect_turn_tick.rs:10:    turn_system::{advance_turn_system, ActionIntent},
tests/status_effect_turn_tick.rs:34:        .add_message::<ActionIntent>()
tests/status_effect_turn_tick.rs:51:fn action_intents(app: &mut App) -> Vec<ActionIntent> {
tests/status_effect_turn_tick.rs:54:        .resource_mut::<Messages<ActionIntent>>()
tests/status_effect_turn_tick.rs:57:        .read(app.world().resource::<Messages<ActionIntent>>())
tests/tempo_resistance.rs:104:use bevyrogue::combat::turn_system::{apply_turn_advance_system, ActionIntent};
tests/tempo_resistance.rs:122:    app.add_message::<ActionIntent>();
tests/tempo_resistance.rs:323:    app.add_message::<ActionIntent>();
tests/form_identity.rs:17:    turn_system::{ActionIntent, resolve_action_system},
tests/form_identity.rs:52:        .add_message::<ActionIntent>()
tests/form_identity.rs:186:    app.world_mut().write_message(ActionIntent::Skill {
tests/form_identity.rs:219:    app.world_mut().write_message(ActionIntent::Skill {
tests/form_identity.rs:228:    app.world_mut().write_message(ActionIntent::Skill {
tests/form_identity.rs:255:    app.world_mut().write_message(ActionIntent::Skill {
tests/form_identity.rs:270:    app.world_mut().write_message(ActionIntent::Skill {
tests/form_identity.rs:348:    app.world_mut().write_message(ActionIntent::Skill {
tests/form_identity.rs:379:    app.world_mut().write_message(ActionIntent::Skill {
tests/form_identity.rs:416:    app.world_mut().write_message(ActionIntent::Skill {
tests/form_identity.rs:438:    app.world_mut().write_message(ActionIntent::Skill {
tests/form_identity.rs:512:    app.world_mut().write_message(ActionIntent::Skill {
tests/form_identity.rs:534:    app.world_mut().write_message(ActionIntent::Skill {
tests/form_identity.rs:569:    app.world_mut().write_message(ActionIntent::Skill {
tests/form_identity.rs:606:    app.world_mut().write_message(ActionIntent::Skill {
tests/form_identity.rs:636:    app.world_mut().write_message(ActionIntent::Skill {
tests/status_effect_integration.rs:14:    turn_system::{advance_turn_system, resolve_action_system, ActionIntent},
tests/status_effect_integration.rs:43:        .add_message::<ActionIntent>()
tests/status_effect_integration.rs:62:        .add_message::<ActionIntent>()
tests/status_effect_integration.rs:80:fn action_intents(app: &mut App) -> Vec<ActionIntent> {
tests/status_effect_integration.rs:81:    read_messages::<ActionIntent>(app)
tests/status_effect_integration.rs:282:    assert!(action_intents(&mut app).is_empty(), "100% shock should not emit an ActionIntent");
tests/status_effect_integration.rs:352:            ActionIntent::Basic {
tests/status_effect_integration.rs:357:        "0% shock should still emit an ActionIntent"
tests/scenario_minion_ttk.rs:17:        ActionIntent, advance_turn_system, check_victory_system, resolve_action_system,
tests/scenario_minion_ttk.rs:44:        .add_message::<ActionIntent>()
tests/scenario_minion_ttk.rs:132:                .write_message(ActionIntent::Basic { attacker: ally_id, target });
tests/sp_economy.rs:17:    turn_system::{ActionIntent, resolve_action_system},
tests/sp_economy.rs:110:        .add_message::<ActionIntent>()
tests/sp_economy.rs:116:fn cast(app: &mut App, intent: ActionIntent, history: &mut Vec<i32>) {
tests/sp_economy.rs:178:        ActionIntent::Basic {
tests/sp_economy.rs:186:        ActionIntent::Basic {
tests/sp_economy.rs:194:        ActionIntent::Skill {
tests/sp_economy.rs:205:            ActionIntent::Basic {
tests/sp_economy.rs:217:        ActionIntent::Skill {
tests/sp_economy.rs:249:        ActionIntent::Skill {
tests/sp_economy.rs:258:        ActionIntent::Skill {
tests/sp_economy.rs:287:            ActionIntent::Basic {
tests/sp_economy.rs:297:        ActionIntent::Skill {
tests/sp_economy.rs:329:        ActionIntent::Skill {
tests/sp_economy.rs:338:        ActionIntent::Basic {
tests/sp_economy.rs:346:        ActionIntent::Basic {
tests/turn_system_av.rs:25:    app.add_message::<bevyrogue::combat::turn_system::ActionIntent>();
src/combat/follow_up.rs:5:    events::{ActionIntentKind, CombatEvent, CombatEventKind},
src/combat/follow_up.rs:10:    turn_system::{ActionIntent, emit_combat_event, step_app, step_declaration},
src/combat/follow_up.rs:91:type ResolveActorsQuery<'w, 's> = Query<
src/combat/follow_up.rs:441:    mut actors: ResolveActorsQuery,
src/combat/follow_up.rs:457:        let action = ActionIntent::Skill {
src/combat/follow_up.rs:476:        emit_combat_event(&mut event_writer, CombatEventKind::OnActionDeclared { intent_kind: ActionIntentKind::Skill }, inflight.action.source, inflight.action.target, inflight.follow_up_depth);
tests/scenario_miniboss_ttk.rs:17:        ActionIntent, advance_turn_system, check_victory_system, resolve_action_system,
tests/scenario_miniboss_ttk.rs:44:        .add_message::<ActionIntent>()
tests/scenario_miniboss_ttk.rs:134:                .write_message(ActionIntent::Basic { attacker: ally_id, target });
tests/enemy_ai.rs:4:/// pick_enemy_action → ActionIntent) without running resolve_action_system, so
tests/enemy_ai.rs:15:    turn_system::{ActionIntent, advance_turn_system},
tests/enemy_ai.rs:32:        .add_message::<ActionIntent>()
tests/enemy_ai.rs:102:    let mut intent_cursor = message_cursor::<ActionIntent>(&mut app);
tests/enemy_ai.rs:117:            ActionIntent::Ultimate {
tests/enemy_ai.rs:154:    let mut intent_cursor = message_cursor::<ActionIntent>(&mut app);
tests/enemy_ai.rs:169:            ActionIntent::Skill {
tests/enemy_ai.rs:223:    let mut intent_cursor = message_cursor::<ActionIntent>(&mut app);
tests/enemy_ai.rs:236:        ActionIntent::Skill { target, .. } => *target,
tests/enemy_ai.rs:237:        ActionIntent::Basic { target, .. } => *target,
tests/enemy_ai.rs:238:        ActionIntent::Ultimate { target, .. } => *target,
tests/ultimate_meter.rs:19:    turn_system::{ActionIntent, resolve_action_system},
tests/ultimate_meter.rs:83:        .add_message::<ActionIntent>()
tests/ultimate_meter.rs:258:    app.world_mut().write_message(ActionIntent::Ultimate {
tests/ultimate_meter.rs:300:    app.world_mut().write_message(ActionIntent::Ultimate {
tests/ultimate_meter.rs:339:    app.world_mut().write_message(ActionIntent::Ultimate {
tests/revive_semantics.rs:9:    turn_system::{ActionIntent, resolve_action_system},
tests/revive_semantics.rs:34:        .add_message::<ActionIntent>()
tests/revive_semantics.rs:92:    app.world_mut().write_message(ActionIntent::Basic { attacker: UnitId(3), target: UnitId(2) });
tests/revive_semantics.rs:100:    app.world_mut().write_message(ActionIntent::Skill { 
tests/revive_semantics.rs:117:    app.world_mut().write_message(ActionIntent::Skill { 
tests/revive_semantics.rs:130:    app.world_mut().write_message(ActionIntent::Basic { attacker: UnitId(3), target: UnitId(2) });
tests/revive_semantics.rs:135:    app.world_mut().write_message(ActionIntent::Basic { attacker: UnitId(3), target: UnitId(2) });
