29-dev = ["bevy/dynamic_linking"]
30-
31:[[test]]
32-name = "twin_core_roster_contract"
33-path = "tests/twin_core_roster_contract.rs"
34-
35:[[test]]
36-name = "twin_core_resolution"
37-path = "tests/twin_core_resolution.rs"
38-
39:[[test]]
40-name = "twin_core_integration"
41-path = "tests/twin_core_integration.rs"
42-
43:[[test]]
44-name = "holy_support_mechanics"
45-path = "tests/holy_support_mechanics.rs"
46-
47:[[test]]
48-name = "holy_support_resolution"
49-path = "tests/holy_support_resolution.rs"
50-
51:[[test]]
52-name = "holy_support_affordance"
53-path = "tests/holy_support_affordance.rs"
54-
55:[[test]]
56-name = "holy_support_roster_contract"
57-path = "tests/holy_support_roster_contract.rs"
58-
59:[[test]]
60:name = "battery_loop_kernel"
61:path = "tests/battery_loop_kernel.rs"
62-
63-[profile.dev]
