TargetShape/SkillDef:
src/headless.rs:13:use crate::combat::events::{CombatEvent, CombatEventKind};
src/headless.rs:21:use crate::combat::toughness::Toughness;
src/headless.rs:24:    ActionIntent, advance_turn_system, apply_turn_advance_system, check_victory_system, resolve_action_system,
src/headless.rs:46:    EmitIntent(ActionIntent),
src/headless.rs:81:        actions.push_back(EmitIntent(ActionIntent::Basic {
src/headless.rs:86:    actions.push_back(EmitIntent(ActionIntent::Ultimate {
src/headless.rs:91:        actions.push_back(EmitIntent(ActionIntent::Basic {
src/headless.rs:161:        &'static Toughness,
src/headless.rs:198:    mut action_intent: MessageWriter<ActionIntent>,
src/headless.rs:235:                    kind: CombatEventKind::PartySelected {
src/headless.rs:244:                    kind: CombatEventKind::TurnOrderSeeded {
src/headless.rs:365:                ScriptStep::EmitIntent(ActionIntent::Basic {
src/headless.rs:377:            Some(ScriptStep::EmitIntent(ActionIntent::Basic {
tests/bootstrap_spawn_composition.rs:8:use bevyrogue::combat::types::{EvoLineId, EvoStage, UnitId, SkillId};
tests/bootstrap_spawn_composition.rs:39:                basic_skill: SkillId("pepper_breath".into()),
tests/bootstrap_spawn_composition.rs:40:                skill_ids: vec![SkillId("pepper_breath".into())],
tests/bootstrap_spawn_composition.rs:41:                ultimate_skill: SkillId("agumon_ult".into()),
tests/bootstrap_spawn_composition.rs:68:                basic_skill: SkillId("bubble_blast".into()),
tests/bootstrap_spawn_composition.rs:69:                skill_ids: vec![SkillId("bubble_blast".into())],
tests/bootstrap_spawn_composition.rs:70:                ultimate_skill: SkillId("gabumon_ult".into()),
tests/bootstrap_spawn_composition.rs:97:                basic_skill: SkillId("v_header".into()),
tests/bootstrap_spawn_composition.rs:98:                skill_ids: vec![SkillId("v_header".into())],
tests/bootstrap_spawn_composition.rs:99:                ultimate_skill: SkillId("vmon_ult".into()),
tests/bootstrap_spawn_composition.rs:126:                basic_skill: SkillId("blade_code".into()),
tests/bootstrap_spawn_composition.rs:127:                skill_ids: vec![SkillId("blade_code".into())],
tests/bootstrap_spawn_composition.rs:128:                ultimate_skill: SkillId("hackmon_ult".into()),
tests/bootstrap_spawn_composition.rs:155:                basic_skill: SkillId("draconic_edge".into()),
tests/bootstrap_spawn_composition.rs:156:                skill_ids: vec![SkillId("draconic_edge".into())],
tests/bootstrap_spawn_composition.rs:157:                ultimate_skill: SkillId("dorumon_ult".into()),
tests/bootstrap_spawn_composition.rs:184:                basic_skill: SkillId("enemy_skill_fire".into()),
tests/bootstrap_spawn_composition.rs:185:                skill_ids: vec![SkillId("enemy_skill_fire".into())],
tests/bootstrap_spawn_composition.rs:186:                ultimate_skill: SkillId("enemy_ult_fire".into()),
docs/combat_design.md:17:Riduzione di scope per release iniziale: sistemi Mark/Assist Fire, Momentum, Phase Action, Stability (Window e Punitive), Anti-Evolved trait family, Tamer Commands secondari, Toughness varianti avanzate, Ultimate Windows multiple, Damage Tags ridondanti — tutti rimossi o tagliati a versione minima. Aggiunto schema DNA Chips e schema EvoStage forward-compat. Vedi changelog finale.
docs/combat_design.md:24:La battaglia si vince preparando il team giusto, scegliendo la forma giusta e leggendo Attribute, Damage Tag, Intent, Toughness e risorse.
docs/combat_design.md:41:* +15% Toughness damage
docs/combat_design.md:117:# 6. Toughness / Break / DoT
docs/combat_design.md:120:Toughness e Break esistono **solo lato nemico**. Gli alleati non hanno una barra Toughness.
docs/combat_design.md:122:## Categorie di Toughness Nemica (MVP: 3 sole)
docs/combat_design.md:123:* **Standard Toughness**: comportamento normale.
docs/combat_design.md:124:* **Armored Toughness**: alta Toughness, HP più basso. Tipico di Elite.
docs/combat_design.md:125:* **Shielded Toughness**: non può essere Broken finché una condizione non viene risolta (vedi Break Seal). Tipico di Boss.
docs/combat_design.md:135:DoT non possono causare Break, ma preparano il "Break Setup" a 1 Toughness.
docs/combat_design.md:178:| DORUgamon | `OnFirstSkillCastWithTag(Dark)` | Skill separata `dorugamon_form_identity` → `ToughnessHit(10)` |
docs/combat_design.md:181:**Pattern implementativo scelto (D050):** DORUgamon e Angemon usano un follow-up skill separato anziché i variant `BonusToughnessDamage`/`BonusDamageVsAttribute` dell'enum `Effect`. Quei variant sono stati rimossi in S09 come MVP debt — il `fire-a-separate-skill` approach è più semplice e garantisce lo stesso risultato comportamentale (verificato dai test `form_identity.rs` e dalle fixture TTK).
docs/combat_design.md:211:* **Break** (DORUmon line): forte contro elite/boss windows. *Debole contro*: Break Seal, Toughness adattiva.
docs/combat_design.md:227:* **Greymon** (Toughness Pressure vs Burning):
docs/combat_design.md:229:  * **Skill 1 — Mega Flame** (1 SP): Fire dmg. If Burning, +15% Toughness dmg.
docs/combat_design.md:230:  * **Skill 2 — Horn Impulse** (2 SP): Physical charge. High Toughness dmg.
docs/combat_design.md:231:  * **Ultimate — Tail Crash** (100 E): AoE Physical sweep. Massive Toughness dmg contro nemici Burning (niente Detonation).
docs/combat_design.md:232:  * **Form Identity**: First hit vs Burning each round grants 5 Energy o +10% Toughness dmg ("Se brucia, lo rompo").
docs/combat_design.md:275:* **DORUmon** (Toughness Damage):
docs/combat_design.md:276:  * **Basic**: Physical hit. Contro un nemico ad alta Toughness (>50%), infligge Toughness damage bonus.
docs/combat_design.md:277:  * **Skill 1 — Metal Cannon** (1 SP): Physical dmg. High Toughness dmg.
docs/combat_design.md:278:  * **Skill 2 — Dash Metal** (1 SP): Physical hit. Bonus Toughness dmg se Toughness >50%.
docs/combat_design.md:279:  * **Ultimate — Metal Cannon** (100 E): AoE Toughness reduction.
docs/combat_design.md:280:  * **Passive**: +20% Toughness dmg vs target sopra 50% Toughness.
docs/combat_design.md:282:  * **Basic**: Physical hit. Bonus Toughness dmg se >50%. Se il nemico ha Shield (Break Seal), questo attacco intacca leggermente lo scudo.
docs/combat_design.md:283:  * **Skill 1 — Power Metal** (1 SP): Physical dmg. Applies Cracked se target >75% Toughness.
docs/combat_design.md:285:  * **Ultimate — Power Metal** (100 E): Heavy Physical. Se Cracked, prossimo direct hit guadagna +50% Toughness dmg.
docs/combat_design.md:286:  * **Form Identity**: Infligge Toughness dmg aumentato a target Cracked.
docs/combat_design.md:317:* **Mechanic**: Il bersaglio subisce il 50% in meno di HP damage dalle Secondary Actions (Follow-up, Counter, Detonation). Il Toughness damage rimane normale.
docs/combat_design.md:318:* **Counter**: Affidarsi a burst Primary, o usare Toughness pressure (DORUmon line) per scalfire il nemico invece di cercare DPS reaction-based.
docs/combat_design.md:322:* **Counter**: Il Toughness damage inflitto allo scudo riduce l'efficacia del prossimo Charged Attack del boss. DORUgamon e DORUmon restano utili per mitigarne i danni.
docs/combat_design.md:447:* **Toughness varianti ridotte.**
tests/sp_economy.rs:15:    toughness::Toughness,
tests/sp_economy.rs:17:    turn_system::{ActionIntent, resolve_action_system},
tests/sp_economy.rs:18:    types::{Attribute, DamageTag, SkillId, UnitId, EvoStage},
tests/sp_economy.rs:24:    skills_ron::{Effect, SkillBook, SkillDef, TargetShape},
tests/sp_economy.rs:54:            id: SkillId("ally_basic".into()),
tests/sp_economy.rs:60:                target: TargetShape::Single,
tests/sp_economy.rs:64:            id: SkillId("ally_skill_3".into()),
tests/sp_economy.rs:70:                target: TargetShape::Single,
tests/sp_economy.rs:74:            id: SkillId("ally_skill_4".into()),
tests/sp_economy.rs:80:                target: TargetShape::Single,
tests/sp_economy.rs:84:            id: SkillId("holy_revive".into()),
tests/sp_economy.rs:91:            id: SkillId("enemy_smash".into()),
tests/sp_economy.rs:97:                target: TargetShape::Single,
tests/sp_economy.rs:110:        .add_message::<ActionIntent>()
tests/sp_economy.rs:116:fn cast(app: &mut App, intent: ActionIntent, history: &mut Vec<i32>) {
tests/sp_economy.rs:130:            Toughness::new(1000, vec![]),
tests/sp_economy.rs:133:                basic: SkillId("ally_basic".into()),
tests/sp_economy.rs:135:                    SkillId("ally_skill_3".into()),
tests/sp_economy.rs:136:                    SkillId("ally_skill_4".into()),
tests/sp_economy.rs:137:                    SkillId("holy_revive".into()),
tests/sp_economy.rs:139:                ultimate: SkillId("ally_basic".into()),
tests/sp_economy.rs:151:            Toughness::new(1000, vec![]),
tests/sp_economy.rs:161:            Toughness::new(1000, vec![]),
tests/sp_economy.rs:164:                basic: SkillId("enemy_smash".into()),
tests/sp_economy.rs:165:                skills: vec![SkillId("enemy_smash".into())],
tests/sp_economy.rs:166:                ultimate: SkillId("enemy_smash".into()),
tests/sp_economy.rs:178:        ActionIntent::Basic {
tests/sp_economy.rs:186:        ActionIntent::Basic {
tests/sp_economy.rs:194:        ActionIntent::Skill {
tests/sp_economy.rs:196:            skill_id: SkillId("ally_skill_4".into()),
tests/sp_economy.rs:205:            ActionIntent::Basic {
tests/sp_economy.rs:217:        ActionIntent::Skill {
tests/sp_economy.rs:219:            skill_id: SkillId("holy_revive".into()),
tests/sp_economy.rs:249:        ActionIntent::Skill {
tests/sp_economy.rs:251:            skill_id: SkillId("enemy_smash".into()),
tests/sp_economy.rs:258:        ActionIntent::Skill {
tests/sp_economy.rs:260:            skill_id: SkillId("holy_revive".into()),
tests/sp_economy.rs:287:            ActionIntent::Basic {
tests/sp_economy.rs:297:        ActionIntent::Skill {
tests/sp_economy.rs:299:            skill_id: SkillId("holy_revive".into()),
tests/sp_economy.rs:329:        ActionIntent::Skill {
tests/sp_economy.rs:331:            skill_id: SkillId("enemy_smash".into()),
tests/sp_economy.rs:338:        ActionIntent::Basic {
tests/sp_economy.rs:346:        ActionIntent::Basic {
tests/form_identity.rs:4:    events::{CombatEvent, CombatEventKind},
tests/form_identity.rs:15:    toughness::Toughness,
tests/form_identity.rs:17:    turn_system::{ActionIntent, resolve_action_system},
tests/form_identity.rs:18:    types::{Attribute, DamageTag, EvoStage, SkillId, UnitId},
tests/form_identity.rs:52:        .add_message::<ActionIntent>()
tests/form_identity.rs:100:            Toughness {
tests/form_identity.rs:134:            Toughness {
tests/form_identity.rs:149:                basic: SkillId("dummy".into()),
tests/form_identity.rs:150:                skills: vec![SkillId("dummy".into())],
tests/form_identity.rs:151:                ultimate: SkillId("dummy_ult".into()),
tests/form_identity.rs:186:    app.world_mut().write_message(ActionIntent::Skill {
tests/form_identity.rs:219:    app.world_mut().write_message(ActionIntent::Skill {
tests/form_identity.rs:228:    app.world_mut().write_message(ActionIntent::Skill {
tests/form_identity.rs:255:    app.world_mut().write_message(ActionIntent::Skill {
tests/form_identity.rs:270:    app.world_mut().write_message(ActionIntent::Skill {
tests/form_identity.rs:308:            Toughness {
tests/form_identity.rs:348:    app.world_mut().write_message(ActionIntent::Skill {
tests/form_identity.rs:379:    app.world_mut().write_message(ActionIntent::Skill {
tests/form_identity.rs:416:    app.world_mut().write_message(ActionIntent::Skill {
tests/form_identity.rs:425:        matches!(&e.kind, CombatEventKind::TurnAdvance { target, amount_pct }
tests/form_identity.rs:438:    app.world_mut().write_message(ActionIntent::Skill {
tests/form_identity.rs:453:    let mut q = app.world_mut().query::<(&Unit, &Toughness)>();
tests/form_identity.rs:473:            Toughness {
tests/form_identity.rs:488:                basic: SkillId("dummy".into()),
tests/form_identity.rs:489:                skills: vec![SkillId("dummy".into())],
tests/form_identity.rs:490:                ultimate: SkillId("dummy_ult".into()),
tests/form_identity.rs:497:/// DORUgamon's OnFirstSkillCastWithTag(Dark) Form Identity fires a ToughnessHit(10) follow-up
tests/form_identity.rs:510:    // power_metal: Dark, ToughnessHit(18). After form_identity fires (ToughnessHit(10)), total = 28.
tests/form_identity.rs:512:    app.world_mut().write_message(ActionIntent::Skill {
tests/form_identity.rs:524:    // Toughness after: 200 - 18 (power_metal) - 10 (form_identity ToughnessHit) = 172.
tests/form_identity.rs:534:    app.world_mut().write_message(ActionIntent::Skill {
tests/form_identity.rs:541:    // cannonball ToughnessHit(20) applied, but form_identity does NOT fire again.
tests/form_identity.rs:569:    app.world_mut().write_message(ActionIntent::Skill {
tests/form_identity.rs:584:        matches!(&e.kind, CombatEventKind::OnDamageDealt { amount, .. } if *amount > 0)
tests/form_identity.rs:606:    app.world_mut().write_message(ActionIntent::Skill {
tests/form_identity.rs:636:    app.world_mut().write_message(ActionIntent::Skill {
tests/commander_flow.rs:3:    events::{CombatEvent, CombatEventKind},
tests/commander_flow.rs:8:    turn_system::{ActionIntent, advance_turn_system},
tests/commander_flow.rs:28:struct CapturedIntents(Vec<ActionIntent>);
tests/commander_flow.rs:31:    mut reader: MessageReader<ActionIntent>,
tests/commander_flow.rs:46:        .add_message::<ActionIntent>()
tests/commander_flow.rs:67:    assert!(!captured.0.is_empty(), "enemy should have emitted an ActionIntent");
tests/commander_flow.rs:70:        if let ActionIntent::Basic { attacker, target } = intent {
tests/commander_flow.rs:85:        .add_message::<ActionIntent>()
tests/commander_flow.rs:133:        kind: CombatEventKind::OnDamageDealt {
tests/commander_flow.rs:172:        kind: CombatEventKind::OnDamageDealt {
tests/damage_breakdown_log.rs:17:    events::{CombatEvent, CombatEventKind},
tests/damage_breakdown_log.rs:23:    toughness::Toughness,
tests/damage_breakdown_log.rs:26:    turn_system::{ActionIntent, resolve_action_system},
tests/damage_breakdown_log.rs:27:    types::{Attribute, DamageTag, SkillId, UnitId, EvoStage},
tests/damage_breakdown_log.rs:33:    skills_ron::{Effect, SkillBook, SkillDef, TargetShape},
tests/damage_breakdown_log.rs:42:        id: SkillId("fire_basic".into()),
tests/damage_breakdown_log.rs:47:            Effect::Damage { amount: 100, target: TargetShape::Single },
tests/damage_breakdown_log.rs:48:            Effect::ToughnessHit(0),
tests/damage_breakdown_log.rs:71:        .add_message::<ActionIntent>()
tests/damage_breakdown_log.rs:88:            basic: SkillId("fire_basic".into()),
tests/damage_breakdown_log.rs:90:            ultimate: SkillId("fire_basic".into()),
tests/damage_breakdown_log.rs:100:        Toughness::new(100, vec![]),
tests/damage_breakdown_log.rs:103:    // Defender (Devimon): high HP so it survives the hit; weaknesses via Toughness.
tests/damage_breakdown_log.rs:115:        Toughness::new(1_000, defender_weaknesses),
tests/damage_breakdown_log.rs:129:            if let CombatEventKind::OnDamageDealt { amount, kind, tag_mod_pct, triangle_mod_pct, .. } = e.kind {
tests/damage_breakdown_log.rs:152:    app.world_mut().write_message(ActionIntent::Basic {
tests/damage_breakdown_log.rs:181:    app.world_mut().write_message(ActionIntent::Basic {
src/ui/combat_panel.rs:17:    turn_system::ActionIntent,
src/ui/combat_panel.rs:18:    types::{Attribute, DamageTag, SkillId, UnitId},
src/ui/combat_panel.rs:29:    Skill(SkillId),
src/ui/combat_panel.rs:46:        &'static crate::combat::toughness::Toughness,
src/ui/combat_panel.rs:64:fn skill_name(skill_book: Option<&SkillBook>, skill_id: &SkillId) -> String {
src/ui/combat_panel.rs:85:    mut action_intent: MessageWriter<ActionIntent>,
src/ui/combat_panel.rs:94:        id: SkillId,
src/ui/combat_panel.rs:481:            PendingKind::Basic => ActionIntent::Basic {
src/ui/combat_panel.rs:485:            PendingKind::Skill(skill_id) => ActionIntent::Skill {
src/ui/combat_panel.rs:490:            PendingKind::Ultimate => ActionIntent::Ultimate {
tests/pipeline_dispatch.rs:3:    events::{ActionIntentKind, CombatEvent, CombatEventKind},
tests/pipeline_dispatch.rs:10:    toughness::Toughness,
tests/pipeline_dispatch.rs:12:    turn_system::{ActionIntent, resolve_action_system},
tests/pipeline_dispatch.rs:13:    types::{Attribute, SkillId, UnitId, EvoStage},
tests/pipeline_dispatch.rs:47:        .add_message::<ActionIntent>()
tests/pipeline_dispatch.rs:81:        Toughness {
tests/pipeline_dispatch.rs:119:        Toughness {
tests/pipeline_dispatch.rs:134:            basic: SkillId("enemy_skill_fire".into()),
tests/pipeline_dispatch.rs:136:            ultimate: SkillId("enemy_ult_fire".into()),
tests/pipeline_dispatch.rs:182:    app.world_mut().write_message(ActionIntent::Basic {
tests/pipeline_dispatch.rs:192:        matches!(&e.kind, CombatEventKind::OnActionDeclared { intent_kind } if *intent_kind == ActionIntentKind::Basic)
tests/pipeline_dispatch.rs:196:        matches!(e.kind, CombatEventKind::OnActionPreApp) && e.follow_up_depth == 0
tests/pipeline_dispatch.rs:199:        matches!(e.kind, CombatEventKind::OnActionApplied) && e.follow_up_depth == 0
tests/pipeline_dispatch.rs:202:        matches!(e.kind, CombatEventKind::OnActionResolved) && e.follow_up_depth == 0
tests/pipeline_dispatch.rs:223:        matches!(e.kind, CombatEventKind::OnDamageDealt { .. } | CombatEventKind::OnBreak { .. } | CombatEventKind::OnKO)
tests/pipeline_dispatch.rs:230:            && matches!(e.kind, CombatEventKind::OnDamageDealt { .. } | CombatEventKind::OnBreak { .. } | CombatEventKind::OnKO)
tests/pipeline_dispatch.rs:247:    // Enemy with toughness=5 and Fire weakness — Agumon's pepper_breath (Fire, ToughnessHit=10)
tests/pipeline_dispatch.rs:260:        Toughness {
tests/pipeline_dispatch.rs:275:            basic: SkillId("enemy_skill_fire".into()),
tests/pipeline_dispatch.rs:277:            ultimate: SkillId("enemy_ult_fire".into()),
tests/pipeline_dispatch.rs:284:    app.world_mut().write_message(ActionIntent::Basic {
tests/pipeline_dispatch.rs:295:        events.iter().any(|e| matches!(e.kind, CombatEventKind::OnBreak { .. }) && e.follow_up_depth == 0),
tests/pipeline_dispatch.rs:301:        matches!(&e.kind, CombatEventKind::OnActionDeclared { intent_kind } if *intent_kind == ActionIntentKind::Basic)
tests/pipeline_dispatch.rs:307:        matches!(e.kind, CombatEventKind::OnActionPreApp) && e.follow_up_depth == 0
tests/pipeline_dispatch.rs:312:        matches!(e.kind, CombatEventKind::OnActionApplied) && e.follow_up_depth == 0
tests/pipeline_dispatch.rs:317:        matches!(e.kind, CombatEventKind::OnActionResolved) && e.follow_up_depth == 0
tests/pipeline_dispatch.rs:323:        matches!(e.kind, CombatEventKind::OnActionDeclared { .. }) && e.follow_up_depth == 1
tests/pipeline_dispatch.rs:328:        matches!(e.kind, CombatEventKind::OnActionPreApp) && e.follow_up_depth == 1
tests/pipeline_dispatch.rs:333:        matches!(e.kind, CombatEventKind::OnActionApplied) && e.follow_up_depth == 1
tests/pipeline_dispatch.rs:338:        matches!(e.kind, CombatEventKind::OnActionResolved) && e.follow_up_depth == 1
tests/pipeline_dispatch.rs:370:    app.world_mut().write_message(ActionIntent::Skill {
tests/pipeline_dispatch.rs:372:        skill_id: SkillId("pepper_breath".into()),
tests/pipeline_dispatch.rs:381:        matches!(&e.kind, CombatEventKind::OnActionDeclared { intent_kind } if *intent_kind == ActionIntentKind::Skill)
tests/pipeline_dispatch.rs:385:        matches!(e.kind, CombatEventKind::OnActionPreApp) && e.follow_up_depth == 0
tests/pipeline_dispatch.rs:388:        matches!(&e.kind, CombatEventKind::OnActionFailed { reason } if reason.contains("SP"))
tests/pipeline_dispatch.rs:392:        matches!(e.kind, CombatEventKind::OnActionApplied) && e.follow_up_depth == 0
tests/pipeline_dispatch.rs:395:        matches!(e.kind, CombatEventKind::OnActionResolved) && e.follow_up_depth == 0
tests/pipeline_dispatch.rs:402:        "OnActionFailed{{SP}} missing — lifecycle must report SP shortfall\n{dump}"
tests/pipeline_dispatch.rs:416:    assert!(p < f, "PreApp must precede OnActionFailed\n{dump}");
tests/pipeline_dispatch.rs:417:    assert!(f < a, "OnActionFailed must precede Applied\n{dump}");
tests/pipeline_dispatch.rs:421:    let has_damage = events.iter().any(|e| matches!(e.kind, CombatEventKind::OnDamageDealt { .. }));
src/bin/combat_cli.rs:15:use bevyrogue::combat::turn_system::ActionIntent;
src/bin/combat_cli.rs:24:use bevyrogue::combat::events::CombatEventKind;
src/bin/combat_cli.rs:26:use bevyrogue::combat::types::{SkillId, UnitId};
src/bin/combat_cli.rs:30:use bevyrogue::combat::toughness::Toughness;
src/bin/combat_cli.rs:97:                kind: CombatEventKind::PartySelected {
src/bin/combat_cli.rs:106:                kind: CombatEventKind::TurnOrderSeeded {
src/bin/combat_cli.rs:130:    units: Query<(&Unit, &Team, Option<&UltimateCharge>, Option<&Toughness>)>,
src/bin/combat_cli.rs:139:        if matches!(event.kind, CombatEventKind::OnActionResolved | CombatEventKind::TurnOrderSeeded { .. }) {
src/bin/combat_cli.rs:204:    mut intent_writer: MessageWriter<ActionIntent>,
src/bin/combat_cli.rs:252:        intent_writer.write(ActionIntent::Basic { attacker: actor_id, target: target_id });
src/bin/combat_cli.rs:261:    let mut skill_ids: Vec<SkillId> = Vec::new();
src/bin/combat_cli.rs:324:    // Map selection to ActionIntent.
src/bin/combat_cli.rs:330:            .unwrap_or_else(|| SkillId(sid_str.to_string()));
src/bin/combat_cli.rs:331:        ActionIntent::Skill { attacker: actor_id, skill_id, target: target_id }
src/bin/combat_cli.rs:333:        ActionIntent::Ultimate { attacker: actor_id, target: target_id }
src/bin/combat_cli.rs:335:        ActionIntent::Basic { attacker: actor_id, target: target_id }
src/bin/combat_cli.rs:445:        .add_message::<ActionIntent>()
tests/toughness_categories.rs:4:    events::{CombatEvent, CombatEventKind},
