   Compiling proc-macro2 v1.0.106
   Compiling quote v1.0.45
   Compiling unicode-ident v1.0.24
   Compiling serde_core v1.0.228
   Compiling libc v0.2.185
   Compiling cfg-if v1.0.4
   Compiling crossbeam-utils v0.8.21
   Compiling pin-project-lite v0.2.17
   Compiling parking v2.2.1
   Compiling equivalent v1.0.2
   Compiling winnow v1.0.2
   Compiling hashbrown v0.17.0
   Compiling serde v1.0.228
   Compiling toml_datetime v0.7.5+spec-1.1.0
   Compiling log v0.4.29
   Compiling futures-core v0.3.32
   Compiling toml_parser v1.1.2+spec-1.1.0
   Compiling winnow v0.7.15
   Compiling futures-io v0.3.32
   Compiling fastrand v2.4.1
   Compiling smallvec v1.15.1
   Compiling thread_local v1.1.9
   Compiling typeid v1.0.3
   Compiling unicode-segmentation v1.13.2
   Compiling indexmap v2.14.0
   Compiling futures-lite v2.6.1
   Compiling spin v0.10.0
   Compiling libm v0.2.16
   Compiling getrandom v0.4.2
   Compiling unicode-xid v0.2.6
   Compiling convert_case v0.10.0
   Compiling foldhash v0.2.0
   Compiling concurrent-queue v2.5.0
   Compiling thiserror v2.0.18
   Compiling syn v2.0.117
   Compiling slab v0.4.12
   Compiling event-listener v5.4.1
   Compiling atomic-waker v1.1.2
   Compiling erased-serde v0.4.10
   Compiling async-task v4.7.1
   Compiling cfg_aliases v0.2.1
   Compiling disqualified v1.0.0
   Compiling version_check v0.9.5
   Compiling event-listener-strategy v0.5.4
   Compiling nix v0.31.2
   Compiling arrayvec v0.7.6
   Compiling async-channel v2.5.0
   Compiling downcast-rs v2.0.2
   Compiling slotmap v1.1.1
   Compiling bevy_ptr v0.18.1
   Compiling async-executor v1.14.0
   Compiling crossbeam-queue v0.3.12
   Compiling bumpalo v3.20.2
   Compiling fixedbitset v0.5.7
   Compiling nonmax v0.5.5
   Compiling once_cell v1.21.4
   Compiling find-msvc-tools v0.1.9
   Compiling tracing-core v0.1.36
   Compiling rustix v1.1.4
   Compiling shlex v1.3.0
   Compiling toml_edit v0.23.10+spec-1.0.0
   Compiling either v1.15.0
   Compiling cc v1.2.60
   Compiling inotify-sys v0.1.5
   Compiling regex-syntax v0.8.10
   Compiling same-file v1.0.6
   Compiling autocfg v1.5.0
   Compiling linux-raw-sys v0.12.1
   Compiling tracing v0.1.44
   Compiling walkdir v2.5.0
   Compiling mio v1.2.0
   Compiling async-io v2.6.0
   Compiling piper v0.2.5
   Compiling bitflags v2.11.1
   Compiling hashbrown v0.16.1
   Compiling uuid v1.23.1
   Compiling inotify v0.11.1
   Compiling notify-types v2.1.0
   Compiling blake3 v1.8.4
   Compiling regex-automata v0.4.14
   Compiling crossbeam-channel v0.5.15
   Compiling typewit v1.15.2
   Compiling ctrlc v3.5.2
   Compiling lazy_static v1.5.0
   Compiling sharded-slab v0.1.7
   Compiling const_panic v0.2.15
   Compiling notify v8.2.0
   Compiling blocking v1.6.2
   Compiling tracing-log v0.2.0
   Compiling bevy_macro_utils v0.18.1
   Compiling itertools v0.14.0
   Compiling errno v0.3.14
   Compiling async-lock v3.4.2
   Compiling arrayref v0.3.9
   Compiling constant_time_eq v0.4.2
   Compiling nu-ansi-term v0.50.3
   Compiling file-id v0.2.3
   Compiling zerocopy v0.8.48
   Compiling signal-hook v0.3.18
   Compiling futures-task v0.3.32
   Compiling cpufeatures v0.3.0
   Compiling const-fnv1a-hash v1.1.0
   Compiling parking_lot_core v0.9.12
   Compiling notify-debouncer-full v0.6.0
   Compiling async-fs v2.2.0
   Compiling signal-hook-registry v1.4.8
   Compiling stackfuture v0.3.1
   Compiling async-broadcast v0.7.2
   Compiling atomicow v1.2.0
   Compiling matchers v0.2.0
   Compiling scopeguard v1.2.0
   Compiling tracing-subscriber v0.3.23
   Compiling lock_api v0.4.14
   Compiling serde_derive v1.0.228
   Compiling derive_more-impl v2.1.1
   Compiling bytemuck_derive v1.10.2
   Compiling thiserror-impl v2.0.18
   Compiling assert_type_match v0.1.1
   Compiling bevy_reflect_derive v0.18.1
   Compiling variadics_please v1.1.0
   Compiling bevy_ecs_macros v0.18.1
   Compiling bytemuck v1.25.0
   Compiling bevy_derive v0.18.1
   Compiling polling v3.11.0
   Compiling glam v0.30.10
   Compiling futures-macro v0.3.32
   Compiling futures-util v0.3.32
   Compiling derive_more v2.1.1
   Compiling bevy_asset_macros v0.18.1
   Compiling bevy_state_macros v0.18.1
   Compiling getrandom v0.2.17
   Compiling bevy_platform v0.18.1
   Compiling ron v0.12.1
   Compiling mio v0.8.11
   Compiling bevy_utils v0.18.1
   Compiling bevy_tasks v0.18.1
   Compiling anyhow v1.0.102
   Compiling zmij v1.0.21
   Compiling signal-hook-mio v0.2.5
   Compiling rand_core v0.6.4
   Compiling parking_lot v0.12.5
   Compiling byteorder v1.5.0
   Compiling base64 v0.22.1
   Compiling bitflags v1.3.2
   Compiling serde_json v1.0.149
   Compiling ron v0.11.0
   Compiling crossterm v0.25.0
   Compiling newline-converter v0.3.0
   Compiling fxhash v0.2.1
   Compiling fuzzy-matcher v0.3.7
   Compiling dyn-clone v1.0.20
   Compiling itoa v1.0.18
   Compiling unicode-width v0.1.14
   Compiling memchr v2.8.0
   Compiling base64 v0.21.7
   Compiling inquire v0.7.5
   Compiling ppv-lite86 v0.2.21
   Compiling rand_chacha v0.3.1
   Compiling rand v0.8.6
   Compiling ron v0.8.1
   Compiling bevy_reflect v0.18.1
   Compiling bevy_ecs v0.18.1
   Compiling bevy_math v0.18.1
   Compiling bevy_app v0.18.1
   Compiling bevy_time v0.18.1
   Compiling bevy_log v0.18.1
   Compiling bevy_state v0.18.1
   Compiling bevy_input v0.18.1
   Compiling bevy_transform v0.18.1
   Compiling bevy_diagnostic v0.18.1
   Compiling bevy_asset v0.18.1
   Compiling bevy_common_assets v0.16.0
   Compiling bevy_internal v0.18.1
   Compiling bevy v0.18.1
   Compiling bevyrogue v0.1.0 (/home/fabio/dev/bevyrogue/.gsd/worktrees/M015)
warning: unused import: `grant_free_skill_events`
  --> src/combat/turn_system/pipeline.rs:16:20
   |
16 |     apply_effects, grant_free_skill_events, resolve_action, target_shape_rejection_reason,
   |                    ^^^^^^^^^^^^^^^^^^^^^^^
   |
   = note: `#[warn(unused_imports)]` (part of `#[warn(unused)]`) on by default

warning: unused import: `crate::combat::team::Team`
  --> src/combat/turn_system/pipeline.rs:23:5
   |
23 | use crate::combat::team::Team;
   |     ^^^^^^^^^^^^^^^^^^^^^^^^^

warning: unused import: `crate::combat::types::SkillId`
  --> src/combat/turn_system/pipeline.rs:25:5
   |
25 | use crate::combat::types::SkillId;
   |     ^^^^^^^^^^^^^^^^^^^^^^^^^^^^^

warning: unused import: `LegalityReasonCode`
  --> src/combat/follow_up_tests.rs:22:17
   |
22 |         Effect, LegalityReasonCode, SelfTargetRule, SkillBook, SkillDef, SkillImplementation,
   |                 ^^^^^^^^^^^^^^^^^^
   |
   = note: `#[warn(unused_imports)]` (part of `#[warn(unused)]`) on by default

warning: unused import: `grant_free_skill_events`
  --> src/combat/turn_system/pipeline.rs:16:20
   |
16 |     apply_effects, grant_free_skill_events, resolve_action, target_shape_rejection_reason,
   |                    ^^^^^^^^^^^^^^^^^^^^^^^

warning: unused import: `LegalityReasonCode`
  --> src/combat/turn_system/tests.rs:14:13
   |
14 |     Effect, LegalityReasonCode, SelfTargetRule, SkillBook, SkillDef, SkillImplementation,
   |             ^^^^^^^^^^^^^^^^^^

warning: variable does not need to be mutable
   --> src/combat/turn_system/pipeline.rs:173:13
    |
173 |             mut attacker_ult,
    |             ----^^^^^^^^^^^^
    |             |
    |             help: remove this `mut`
    |
    = note: `#[warn(unused_mut)]` (part of `#[warn(unused)]`) on by default

warning: variable does not need to be mutable
   --> src/combat/turn_system/pipeline.rs:181:13
    |
181 |             mut attacker_round_flags,
    |             ----^^^^^^^^^^^^^^^^^^^^
    |             |
    |             help: remove this `mut`

warning: variable does not need to be mutable
   --> src/combat/turn_system/pipeline.rs:439:9
    |
439 |         mut attacker_ult,
    |         ----^^^^^^^^^^^^
    |         |
    |         help: remove this `mut`

warning: unused variable: `turn_order`
   --> src/combat/turn_system/pipeline.rs:130:5
    |
130 |     turn_order: &mut ResMut<TurnOrder>,
    |     ^^^^^^^^^^ help: if this is intentional, prefix it with an underscore: `_turn_order`
    |
    = note: `#[warn(unused_variables)]` (part of `#[warn(unused)]`) on by default

warning: unused variable: `attacker_commander`
   --> src/combat/turn_system/pipeline.rs:444:9
    |
444 |         attacker_commander,
    |         ^^^^^^^^^^^^^^^^^^ help: if this is intentional, prefix it with an underscore: `_attacker_commander`

warning: field `is_stunned` is never read
   --> src/combat/follow_up.rs:303:5
    |
297 | struct FormIdentitySnapshot {
    |        -------------------- field in this struct
...
303 |     is_stunned: bool,
    |     ^^^^^^^^^^
    |
    = note: `#[warn(dead_code)]` (part of `#[warn(unused)]`) on by default

warning: variable does not need to be mutable
    --> src/combat/kernel.rs:1274:13
     |
1274 |         let mut step = TacticalCycleStep::default();
     |             ----^^^^
     |             |
     |             help: remove this `mut`
     |
     = note: `#[warn(unused_mut)]` (part of `#[warn(unused)]`) on by default

warning: variable does not need to be mutable
   --> src/combat/turn_system/pipeline.rs:173:13
    |
173 |             mut attacker_ult,
    |             ----^^^^^^^^^^^^
    |             |
    |             help: remove this `mut`

warning: function `advance_turn_system_skips_stunned_unit_OLD` should have a snake case name
  --> src/combat/turn_system/tests.rs:77:4
   |
77 | fn advance_turn_system_skips_stunned_unit_OLD() {
   |    ^^^^^^^^^^^^^^^^^^^^^^^^^^^^^^^^^^^^^^^^^^ help: convert the identifier to snake case: `advance_turn_system_skips_stunned_unit_old`
   |
   = note: `#[warn(non_snake_case)]` (part of `#[warn(nonstandard_style)]`) on by default

warning: function `advance_turn_system_burn_clamps_hp_and_expires_OLD` should have a snake case name
   --> src/combat/turn_system/tests.rs:118:4
    |
118 | fn advance_turn_system_burn_clamps_hp_and_expires_OLD() {
    |    ^^^^^^^^^^^^^^^^^^^^^^^^^^^^^^^^^^^^^^^^^^^^^^^^^^ help: convert the identifier to snake case: `advance_turn_system_burn_clamps_hp_and_expires_old`

warning: function `advance_turn_system_freeze_updates_and_clears_speed_modifier_OLD` should have a snake case name
   --> src/combat/turn_system/tests.rs:166:4
    |
166 | fn advance_turn_system_freeze_updates_and_clears_speed_modifier_OLD() {
    |    ^^^^^^^^^^^^^^^^^^^^^^^^^^^^^^^^^^^^^^^^^^^^^^^^^^^^^^^^^^^^^^^^ help: convert the identifier to snake case: `advance_turn_system_freeze_updates_and_clears_speed_modifier_old`

warning: function `advance_turn_system_shock_zero_percent_does_not_cancel_OLD` should have a snake case name
   --> src/combat/turn_system/tests.rs:211:4
    |
211 | fn advance_turn_system_shock_zero_percent_does_not_cancel_OLD() {
    |    ^^^^^^^^^^^^^^^^^^^^^^^^^^^^^^^^^^^^^^^^^^^^^^^^^^^^^^^^^^ help: convert the identifier to snake case: `advance_turn_system_shock_zero_percent_does_not_cancel_old`

warning: function `advance_turn_system_shock_full_cancel_emits_action_failed_OLD` should have a snake case name
   --> src/combat/turn_system/tests.rs:265:4
    |
265 | fn advance_turn_system_shock_full_cancel_emits_action_failed_OLD() {
    |    ^^^^^^^^^^^^^^^^^^^^^^^^^^^^^^^^^^^^^^^^^^^^^^^^^^^^^^^^^^^^^ help: convert the identifier to snake case: `advance_turn_system_shock_full_cancel_emits_action_failed_old`

warning: function `advance_turn_system_stunned_unit_skips_status_tick_OLD` should have a snake case name
   --> src/combat/turn_system/tests.rs:318:4
    |
318 | fn advance_turn_system_stunned_unit_skips_status_tick_OLD() {
    |    ^^^^^^^^^^^^^^^^^^^^^^^^^^^^^^^^^^^^^^^^^^^^^^^^^^^^^^ help: convert the identifier to snake case: `advance_turn_system_stunned_unit_skips_status_tick_old`

warning: `bevyrogue` (lib) generated 9 warnings (run `cargo fix --lib -p bevyrogue` to apply 8 suggestions)
warning: unused imports: `CombatKernelConfig` and `HolySupportSignal`
  --> tests/holy_support_mechanics.rs:10:5
   |
10 |     CombatKernelConfig, CombatKernelRegistry, CombatKernelTransition, CombatTagChangeKind,
   |     ^^^^^^^^^^^^^^^^^^
11 |     CombatTagState, CombatTagTransition, HolySupportSignal, TacticalCyclePhase, TacticalCycleStep,
   |                                          ^^^^^^^^^^^^^^^^^
   |
   = note: `#[warn(unused_imports)]` (part of `#[warn(unused)]`) on by default

warning: unused import: `bevyrogue::combat::team::Team`
  --> tests/holy_support_mechanics.rs:18:5
   |
18 | use bevyrogue::combat::team::Team;
   |     ^^^^^^^^^^^^^^^^^^^^^^^^^^^^^

warning: unused import: `LegalityReasonCode`
  --> tests/encounter_e2e.rs:17:17
   |
17 |         Effect, LegalityReasonCode, SelfTargetRule, SkillBook, SkillDef, SkillImplementation,
   |                 ^^^^^^^^^^^^^^^^^^
   |
   = note: `#[warn(unused_imports)]` (part of `#[warn(unused)]`) on by default

warning: unused import: `LegalityReasonCode`
  --> tests/damage_breakdown_log.rs:34:17
   |
34 |         Effect, LegalityReasonCode, SelfTargetRule, SkillBook, SkillDef, SkillImplementation,
   |                 ^^^^^^^^^^^^^^^^^^
   |
   = note: `#[warn(unused_imports)]` (part of `#[warn(unused)]`) on by default

error[E0063]: missing fields `animation_sequence`, `custom_signals` and `qte` in initializer of `SkillDef`
  --> tests/damage_breakdown_log.rs:44:5
   |
44 |     SkillDef {
   |     ^^^^^^^^ missing `animation_sequence`, `custom_signals` and `qte`

error[E0063]: missing fields `animation_sequence`, `custom_signals` and `qte` in initializer of `SkillDef`
  --> tests/encounter_e2e.rs:46:9
   |
46 |         SkillDef {
   |         ^^^^^^^^ missing `animation_sequence`, `custom_signals` and `qte`

error[E0063]: missing fields `animation_sequence`, `custom_signals` and `qte` in initializer of `SkillDef`
  --> tests/encounter_e2e.rs:67:9
   |
67 |         SkillDef {
   |         ^^^^^^^^ missing `animation_sequence`, `custom_signals` and `qte`

error[E0063]: missing fields `animation_sequence`, `custom_signals` and `qte` in initializer of `SkillDef`
  --> tests/encounter_e2e.rs:88:9
   |
88 |         SkillDef {
   |         ^^^^^^^^ missing `animation_sequence`, `custom_signals` and `qte`

error[E0063]: missing fields `animation_sequence`, `custom_signals` and `qte` in initializer of `SkillDef`
   --> tests/encounter_e2e.rs:109:9
    |
109 |         SkillDef {
    |         ^^^^^^^^ missing `animation_sequence`, `custom_signals` and `qte`

For more information about this error, try `rustc --explain E0063`.
warning: `bevyrogue` (test "encounter_e2e") generated 1 warning
error: could not compile `bevyrogue` (test "encounter_e2e") due to 4 previous errors; 1 warning emitted
warning: build failed, waiting for other jobs to finish...
warning: `bevyrogue` (test "damage_breakdown_log") generated 1 warning
error: could not compile `bevyrogue` (test "damage_breakdown_log") due to 1 previous error; 1 warning emitted
warning: `bevyrogue` (test "holy_support_mechanics") generated 2 warnings (run `cargo fix --test "holy_support_mechanics" -p bevyrogue` to apply 2 suggestions)
warning: `bevyrogue` (lib test) generated 18 warnings (7 duplicates) (run `cargo fix --lib -p bevyrogue --tests` to apply 5 suggestions)
