tests:
tests/action_affordance_consumers.rs
tests/action_affordance_query.rs
tests/event_stream.rs
tests/party_config_validation.rs
tests/party_selection_validation.rs
tests/patamon_blueprint_seam.rs
tests/patamon_revive.rs
tests/presentation_metadata_boundary.rs
tests/validation_snapshot.rs

docs:
docs/combat_authority_map.md
docs/combat_design.md
docs/combat_design_revised.md
docs/combat_mixed_pattern_drift_ledger.md
docs/m015_failure_ledger.md
docs/presentation_metadata_boundary.md

scripts:
scripts/verify_combat_authority_audit.py
scripts/verify_m015_failure_ledger.py
