=== BevyRogue Combat CLI Harness ===
Non-interactive mode — using default party: [UnitId(1), UnitId(2), UnitId(5), UnitId(7)]
Non-interactive mode — using default encounter: Boss Encounter (Devimon)
Encounter preset: Boss Encounter (Devimon)
Bootstrap successful. Party: [UnitId(1), UnitId(2), UnitId(5), UnitId(7)]

============================================================
 COMBAT DASHBOARD | SP: 3/5
------------------------------------------------------------
 TURN ORDER: 
------------------------------------------------------------
[ALLY] Taichi       | HP:    1/1    | ULT: 0/100 | TGH: 1/1
[ALLY] Agumon       | HP:  100/100  | ULT: 0/100 | TGH: 50/50
[ALLY] Gabumon      | HP:   95/95   | ULT: 0/100 | TGH: 48/48
[ALLY] Dorumon      | HP:   90/90   | ULT: 0/100 | TGH: 47/47
[ALLY] Renamon      | HP:   90/90   | ULT: 0/100 | TGH: 45/45
[ENEM] Devimon      | HP:  300/300  | ULT: 0/100 | TGH: 35/35
============================================================

{"kind":{"PartySelected":{"ally_ids":[1,2,5,7],"tamer_id":0}},"source":0,"target":0,"follow_up_depth":0}
{"kind":{"TurnOrderSeeded":{"unit_ids":[]}},"source":0,"target":0,"follow_up_depth":0}
  [EVENT] PartySelected { ally_ids: [UnitId(1), UnitId(2), UnitId(5), UnitId(7)], tamer_id: UnitId(0) } (source: UnitId(0), target: UnitId(0), depth: 0)
  [EVENT] TurnOrderSeeded { unit_ids: [] } (source: UnitId(0), target: UnitId(0), depth: 0)

--- marker counts ---
panicked=/tmp/tmp.4vDdQYGux8:0
/tmp/tmp.h0QyufEBC7:0
message_not_initialized=/tmp/tmp.4vDdQYGux8:0
/tmp/tmp.h0QyufEBC7:0
skill_book_fallback=/tmp/tmp.4vDdQYGux8:0
/tmp/tmp.h0QyufEBC7:0
action_affordances=0
combat_event=2
jsonl_beat=0
jsonl_kernel=0
