BASE=ac7c7dea9d5b65e446b857ea9f3430ba145855f8
--- non-gsd files changed vs origin/master ---
.tmp/kernel_verify/Cargo.lock
.tmp/kernel_verify/Cargo.toml
.tmp/kernel_verify/src/lib.rs
Cargo.toml
assets/data/skills.ron
assets/data/units.ron
docs/combat_authority_map.md
docs/combat_cli_shared_surface_proof.md
docs/combat_design_reset.md
docs/combat_design_revised.md
docs/combat_mixed_pattern_drift_ledger.md
docs/combat_ui_readiness_gap_matrix.md
docs/m015_failure_ledger.md
docs/presentation_metadata_boundary.md
scripts/verify_combat_authority_audit.py
scripts/verify_m015_failure_ledger.py
src/bin/combat_cli.rs
src/combat/action_query.rs
src/combat/battery_loop.rs
src/combat/blueprints/mod.rs
src/combat/blueprints/patamon.rs
src/combat/bootstrap.rs
src/combat/counterplay.rs
src/combat/damage.rs
src/combat/damage_tests.rs
src/combat/enemy_ai.rs
src/combat/enemy_counterplay.rs
src/combat/energy.rs
src/combat/events.rs
src/combat/follow_up.rs
src/combat/follow_up_tests.rs
src/combat/holy_support.rs
src/combat/kernel.rs
src/combat/kit.rs
src/combat/mod.rs
src/combat/observability.rs
src/combat/precision_mind_game.rs
src/combat/predator_loop.rs
src/combat/resistance.rs
src/combat/resolution.rs
src/combat/resolution_tests.rs
src/combat/sp.rs
src/combat/state.rs
src/combat/status_effect.rs
src/combat/toughness.rs
src/combat/turn_order.rs
src/combat/turn_system/mod.rs
src/combat/turn_system/pipeline.rs
src/combat/turn_system/tests.rs
src/combat/twin_core.rs
src/combat/types.rs
src/combat/ultimate.rs
src/data/mod.rs
src/data/skills_ron.rs
src/data/units_ron.rs
src/headless.rs
src/main.rs
src/party_validation.rs
src/ui/combat_panel.rs
src/windowed.rs
tests/action_affordance_consumers.rs
tests/action_affordance_query.rs
tests/battery_loop_kernel.rs
tests/bootstrap_spawn_composition.rs
tests/boundary_contract.rs
tests/combat_cli_shared_surface.rs
tests/combat_coherence.rs
tests/commander_flow.rs
tests/damage_breakdown_log.rs
tests/encounter_e2e.rs
tests/enemy_ai.rs
tests/enemy_counterplay_affordance.rs
tests/engine_legality_integration.rs
tests/event_stream.rs
tests/follow_up_chains.rs
tests/follow_up_triggers.rs
tests/form_identity.rs
tests/holy_support_affordance.rs
tests/holy_support_mechanics.rs
tests/holy_support_resolution.rs
tests/holy_support_roster_contract.rs
tests/party_config_validation.rs
tests/party_selection_validation.rs
tests/patamon_blueprint_seam.rs
tests/patamon_revive.rs
tests/pipeline_dispatch.rs
tests/predator_loop_kernel.rs
tests/presentation_metadata_boundary.rs
tests/resource_caps.rs
tests/revive_semantics.rs
tests/roster_catalog.rs
tests/roster_smoke.rs
tests/scenario_boss_ttk.rs
tests/scenario_miniboss_ttk.rs
tests/scenario_minion_ttk.rs
tests/sp_economy.rs
tests/status_accuracy.rs
tests/status_effect_apply.rs
tests/status_effect_integration.rs
tests/status_effect_turn_tick.rs
tests/target_shape_truthfulness.rs
tests/tempo_resistance.rs
tests/toughness_categories.rs
tests/toughness_enemy_only.rs
tests/triangle_matchup.rs
tests/turn_system_av.rs
tests/twin_core_integration.rs
tests/twin_core_mechanics.rs
tests/twin_core_resolution.rs
tests/twin_core_roster_contract.rs
tests/ultimate_meter.rs
tests/validation_snapshot.rs
--- recent commits ---
54ce1bc (HEAD -> milestone/M015) feat: Closed M015 with truthful final-baseline closure packaging and ve…
bb58134 fix: Fixed the duplicate HolySupport system registration that broke the…
165416d fix: Fixed the remaining broad compile fixtures and recorded the green…
00c97e2 feat: Repaired SkillDef fixture drift and retired the remaining SkillDe…
cf5597a docs: Restored the UI readiness matrix doc and retired the stale docs g…
a652164 feat: Captured the fresh no-run baseline and refreshed the M015 failure…
fdb500a chore: auto-commit after stop
3376250 docs: Closed S05 with durable combat_cli shared-surface proof docs and…
2b14cf0 test: Added a real-binary combat_cli integration test that proves share…
55f8b27 feat: Added env-gated combat_cli proof mode that captures a live valida…
06e692a chore: auto-commit after execute-task
2845e24 fix: Repair combat_cli boot wiring so it loads manifest-root assets, re…
fae3fad docs: Added the S04 presentation metadata boundary doc and audit gate c…
8c926d7 test: Added headless integration coverage proving animation/QTE metadat…
362198e docs: Closed S03 by normalizing Holy Support tests to snapshots, refres…
a4c67f1 feat: Seeded Patamon blueprint dispatch so its RON custom signal now be…
c196b0b chore: auto-commit after execute-task
919f736 feat: Added Patamon-scoped custom signal declarations and copied them i…
383755f feat: Wired the combat kernel runtime into headless app paths and emitt…
9d48137 test: Repaired S03-targeted combat test drift by refreshing SkillDef fi…
b6cfcb0 chore: auto-commit after stop
0ad89ee feat: Added a deterministic combat authority audit verifier.
9c87f6f feat: Classified the mixed-pattern combat drift ledger with stable D1-D…
9bf4a05 feat: Documented the current combat authority split and drift boundarie…
829aa1f chore: auto-commit after execute-task
9669b36 feat: Added a deterministic M015 failure-ledger verifier and refreshed…
80db946 feat: Recorded the M013 closure-artifact gap and cwd-sensitive combat C…
61c98e3 docs: Rebuilt the M015 failure ledger with current compile, runtime, do…
3af8efc test: Removed the stale battery_loop_resolution test target and documen…
b7492d0 (master, gsd/refactor/refactor) chore: auto-commit after workflow-template
