Tamer: src/combat/bootstrap.rs=1, src/combat/events.rs=1, src/data/mod.rs=2, src/data/party_ron.rs=1, tests/party_config_validation.rs=4, tests/roster_smoke.rs=4, docs/combat_design.md=12
Gauge: src/combat/mod.rs=1, docs/combat_design.md=4
Data Scan: docs/combat_design.md=2
Emergency: docs/combat_design.md=5
Retreat: docs/combat_design.md=3
TypeTrap: 
ReactiveArmor: 
Charged: tests/roster_smoke.rs=1, docs/combat_design.md=8
Danger: src/combat/events.rs=1, docs/combat_design.md=6
Shield: src/combat/toughness.rs=6, tests/form_identity.rs=1, tests/toughness_categories.rs=7, docs/combat_design.md=6
Heal: src/combat/turn_system/tests.rs=1, src/data/skills_ron.rs=1, assets/data/units.ron=3, docs/combat_design.md=2
Cleanse: assets/data/units.ron=1, docs/combat_design.md=4
Dispel: docs/combat_design.md=1
Silence: docs/combat_design.md=2
GrantEnergy: src/combat/state.rs=1, src/combat/resolution.rs=2, src/combat/turn_system/pipeline.rs=1, src/data/skills_ron.rs=4, assets/data/skills.ron=3, docs/combat_design.md=3
SelfAdvance: src/combat/state.rs=1, src/combat/resolution.rs=1, src/data/skills_ron.rs=4, assets/data/skills.ron=1, docs/combat_design.md=1
TurnAdvance: src/combat/observability.rs=4, src/combat/mod.rs=1, src/combat/events.rs=1, src/combat/resolution.rs=3, src/combat/turn_order.rs=3, src/combat/log.rs=1, src/combat/resistance.rs=2, src/combat/turn_system/mod.rs=9, src/combat/turn_system/tests.rs=16, src/combat/turn_system/pipeline.rs=2, src/data/skills_ron.rs=5, tests/tempo_resistance.rs=9
TempoResistance: src/combat/bootstrap.rs=2, src/combat/resistance.rs=4, src/combat/turn_system/mod.rs=3, src/data/units_ron.rs=1, tests/tempo_resistance.rs=24
Break Seal: src/combat/toughness.rs=1, src/combat/mod.rs=1, src/combat/round_flags.rs=1, tests/toughness_categories.rs=1, docs/combat_design.md=5
DNA: docs/combat_design.md=7
Chip: docs/combat_design.md=24
Detonation: docs/combat_design.md=6
AoE: src/data/skills_ron.rs=1, assets/data/skills.ron=2, assets/data/units.ron=1, docs/combat_design.md=7
AllEnemies: src/data/skills_ron.rs=1
Secondary: src/combat/energy.rs=16, src/combat/mod.rs=1, docs/combat_design.md=5
