== cargo_test_targeted ==
test custom_signal_missing_field_defaults_to_empty ... ok
test custom_signal_resolved_action_carries_metadata_without_interpreting_it ... ok
test custom_signal_rejects_unknown_patamon_variant ... ok
test custom_signal_parses_from_tracked_patamon_skill ... ok
test no_signal_action_produces_no_patamon_blueprint_transitions ... ok
test patamon_signal_maps_to_expected_holy_support_transition ... ok
test patamon_ultimate_dispatches_blueprint_transition_into_holy_support_state_and_snapshot ... ok

test result: ok. 7 passed; 0 failed; 0 ignored; 0 measured; 0 filtered out; finished in 0.00s

     Running tests/presentation_metadata_boundary.rs (target/debug/deps/presentation_metadata_boundary-c95ba7bfbabd8599)

running 4 tests
test malformed_presentation_strings_are_inert_without_custom_signals ... ok
test presentation_metadata_does_not_change_action_query_or_resolved_action ... ok
test tracked_ron_exposes_custom_signals_separately_from_presentation_metadata ... ok
test runtime_events_and_snapshots_ignore_misleading_presentation_metadata ... ok

test result: ok. 4 passed; 0 failed; 0 ignored; 0 measured; 0 filtered out; finished in 0.01s

RESULT|cargo_test_targeted|exit=0|dur=532ms
== verify_authority_audit ==
Combat authority audit verification passed.
RESULT|verify_authority_audit|exit=0|dur=20ms
== verify_failure_ledger ==
M015 failure ledger verification passed.
RESULT|verify_failure_ledger|exit=0|dur=17ms
== combat_cli_proof ==
env: ‘BEVYROU’: No such file or directory
RESULT|combat_cli_proof|exit=127|dur=4ms
