   Compiling bevyrogue v0.1.0 (/home/fabio/dev/bevyrogue/.gsd/worktrees/M012)
warning: unused import: `MAX_AV`
  --> src/combat/bootstrap.rs:10:30
   |
10 | use super::av::{ActionValue, MAX_AV};
   |                              ^^^^^^
   |
   = note: `#[warn(unused_imports)]` (part of `#[warn(unused)]`) on by default

warning: unused import: `order_from_speeds`
  --> src/combat/bootstrap.rs:16:36
   |
16 | use super::turn_order::{TurnOrder, order_from_speeds};
   |                                    ^^^^^^^^^^^^^^^^^

warning: unused import: `turn_order::TurnOrder`
  --> src/combat/observability.rs:14:5
   |
14 |     turn_order::TurnOrder,
   |     ^^^^^^^^^^^^^^^^^^^^^

warning: unused import: `grant_free_skill_events`
  --> src/combat/turn_system/pipeline.rs:17:5
   |
17 |     grant_free_skill_events,
   |     ^^^^^^^^^^^^^^^^^^^^^^^

warning: unused import: `crate::combat::team::Team`
  --> src/combat/turn_system/pipeline.rs:25:5
   |
25 | use crate::combat::team::Team;
   |     ^^^^^^^^^^^^^^^^^^^^^^^^^

warning: unused import: `crate::combat::types::SkillId`
  --> src/combat/turn_system/pipeline.rs:27:5
   |
27 | use crate::combat::types::SkillId;
   |     ^^^^^^^^^^^^^^^^^^^^^^^^^^^^^

warning: variable does not need to be mutable
   --> src/combat/turn_system/pipeline.rs:125:65
    |
125 | ...   let Ok((_, attacker_team, attacker_unit, _attacker_kit, mut attacker_ult, mut defender_tough, attacker_ko, attacker_stunned, ...
    |                                                               ----^^^^^^^^^^^^
    |                                                               |
    |                                                               help: remove this `mut`
    |
    = note: `#[warn(unused_mut)]` (part of `#[warn(unused)]`) on by default

warning: variable does not need to be mutable
   --> src/combat/turn_system/pipeline.rs:125:178
    |
125 | ...nned, attacker_commander, _, mut attacker_streak, mut attacker_round_flags)) =
    |                                                      ----^^^^^^^^^^^^^^^^^^^^
    |                                                      |
    |                                                      help: remove this `mut`

warning: variable does not need to be mutable
   --> src/combat/turn_system/pipeline.rs:344:58
    |
344 |     let (_, attacker_team, attacker_unit, _attacker_kit, mut attacker_ult, _, attacker_ko, attacker_stunned, attacker_commander, _,...
    |                                                          ----^^^^^^^^^^^^
    |                                                          |
    |                                                          help: remove this `mut`

warning: unused variable: `turn_order`
  --> src/combat/turn_system/pipeline.rs:96:5
   |
96 |     turn_order: &mut ResMut<TurnOrder>,
   |     ^^^^^^^^^^ help: if this is intentional, prefix it with an underscore: `_turn_order`
   |
   = note: `#[warn(unused_variables)]` (part of `#[warn(unused)]`) on by default

warning: unused variable: `attacker_commander`
   --> src/combat/turn_system/pipeline.rs:344:110
    |
344 | ...cker_stunned, attacker_commander, _, mut attacker_streak, _attacker_round_flags) = attacker;
    |                  ^^^^^^^^^^^^^^^^^^ help: if this is intentional, prefix it with an underscore: `_attacker_commander`

warning: field `is_stunned` is never read
   --> src/combat/follow_up.rs:297:5
    |
291 | struct FormIdentitySnapshot {
    |        -------------------- field in this struct
...
297 |     is_stunned: bool,
    |     ^^^^^^^^^^
    |
    = note: `#[warn(dead_code)]` (part of `#[warn(unused)]`) on by default

warning: `bevyrogue` (lib) generated 12 warnings (run `cargo fix --lib -p bevyrogue` to apply 11 suggestions)
warning: function `hidden_row_skill` is never used
   --> tests/action_affordance_query.rs:221:4
    |
221 | fn hidden_row_skill() -> SkillDef {
    |    ^^^^^^^^^^^^^^^^
    |
    = note: `#[warn(dead_code)]` (part of `#[warn(unused)]`) on by default

warning: unused import: `round_flags::RoundFlags`
  --> src/combat/mod.rs:49:9
   |
49 | pub use round_flags::RoundFlags;
   |         ^^^^^^^^^^^^^^^^^^^^^^^

warning: unused import: `toughness::ToughnessCategory`
  --> src/combat/mod.rs:52:9
   |
52 | pub use toughness::ToughnessCategory;
   |         ^^^^^^^^^^^^^^^^^^^^^^^^^^^^

warning: unused import: `ActionValue`
  --> src/main.rs:21:18
   |
21 | use combat::av::{ActionValue, ActionValueUpdated};
   |                  ^^^^^^^^^^^

warning: variable does not need to be mutable
  --> src/bin/combat_cli.rs:74:5
   |
74 |     mut turn_advanced: MessageWriter<TurnAdvanced>,
   |     ----^^^^^^^^^^^^^
   |     |
   |     help: remove this `mut`
   |
   = note: `#[warn(unused_mut)]` (part of `#[warn(unused)]`) on by default

warning: unused variable: `turn_advanced`
  --> src/bin/combat_cli.rs:74:5
   |
74 |     mut turn_advanced: MessageWriter<TurnAdvanced>,
   |     ^^^^^^^^^^^^^^^^^ help: if this is intentional, prefix it with an underscore: `_turn_advanced`
   |
   = note: `#[warn(unused_variables)]` (part of `#[warn(unused)]`) on by default

warning: variable does not need to be mutable
   --> src/bin/combat_cli.rs:205:5
    |
205 |     mut turn_writer: MessageWriter<TurnAdvanced>,
    |     ----^^^^^^^^^^^
    |     |
    |     help: remove this `mut`

warning: unused variable: `turn_writer`
   --> src/bin/combat_cli.rs:205:5
    |
205 |     mut turn_writer: MessageWriter<TurnAdvanced>,
    |     ^^^^^^^^^^^^^^^ help: if this is intentional, prefix it with an underscore: `_turn_writer`

warning: variable does not need to be mutable
   --> src/headless.rs:195:5
    |
195 |     mut turn_advanced: MessageWriter<TurnAdvanced>,
    |     ----^^^^^^^^^^^^^
    |     |
    |     help: remove this `mut`

warning: unused variable: `turn_advanced`
   --> src/headless.rs:195:5
    |
195 |     mut turn_advanced: MessageWriter<TurnAdvanced>,
    |     ^^^^^^^^^^^^^^^^^ help: if this is intentional, prefix it with an underscore: `_turn_advanced`

warning: fields `hp_current` and `hp_max` are never read
  --> src/combat/enemy_ai.rs:20:9
   |
16 | pub struct TargetInfo {
   |            ---------- fields in this struct
...
20 |     pub hp_current: i32,
   |         ^^^^^^^^^^
21 |     pub hp_max: i32,
   |         ^^^^^^
   |
   = note: `TargetInfo` has derived impls for the traits `Clone` and `Debug`, but these are intentionally ignored during dead code analysis
   = note: `#[warn(dead_code)]` (part of `#[warn(unused)]`) on by default

warning: field `tough_modifier` is never read
  --> src/combat/damage.rs:18:9
   |
12 | pub struct TriangleMods {
   |            ------------ field in this struct
...
18 |     pub tough_modifier: f32,
   |         ^^^^^^^^^^^^^^

warning: struct `CombatQuerySnapshot` is never constructed
  --> src/combat/action_query.rs:13:12
   |
13 | pub struct CombatQuerySnapshot {
   |            ^^^^^^^^^^^^^^^^^^^

warning: struct `UnitQuerySnapshot` is never constructed
  --> src/combat/action_query.rs:21:12
   |
21 | pub struct UnitQuerySnapshot {
   |            ^^^^^^^^^^^^^^^^^

warning: enum `ActionQueryKind` is never used
  --> src/combat/action_query.rs:42:10
   |
42 | pub enum ActionQueryKind<'a> {
   |          ^^^^^^^^^^^^^^^

warning: enum `ActionStatus` is never used
  --> src/combat/action_query.rs:60:14
   |
60 | status_enum!(ActionStatus);
   |              ^^^^^^^^^^^^
   |
   = note: this warning originates in the macro `status_enum` (in Nightly builds, run with -Z macro-backtrace for more info)

warning: enum `TargetStatus` is never used
  --> src/combat/action_query.rs:61:14
   |
61 | status_enum!(TargetStatus);
   |              ^^^^^^^^^^^^
   |
   = note: this warning originates in the macro `status_enum` (in Nightly builds, run with -Z macro-backtrace for more info)

warning: enum `ResourceStatus` is never used
  --> src/combat/action_query.rs:62:14
   |
62 | status_enum!(ResourceStatus);
   |              ^^^^^^^^^^^^^^
   |
   = note: this warning originates in the macro `status_enum` (in Nightly builds, run with -Z macro-backtrace for more info)

warning: enum `ImplementationStatus` is never used
  --> src/combat/action_query.rs:65:10
   |
65 | pub enum ImplementationStatus {
   |          ^^^^^^^^^^^^^^^^^^^^

warning: enum `ToughnessAffordance` is never used
  --> src/combat/action_query.rs:72:10
   |
72 | pub enum ToughnessAffordance {
   |          ^^^^^^^^^^^^^^^^^^^

warning: struct `TargetAffordance` is never constructed
  --> src/combat/action_query.rs:78:12
   |
78 | pub struct TargetAffordance {
   |            ^^^^^^^^^^^^^^^^

warning: enum `ResourceKind` is never used
  --> src/combat/action_query.rs:86:10
   |
86 | pub enum ResourceKind {
   |          ^^^^^^^^^^^^

warning: struct `ResourceAffordanceDetail` is never constructed
  --> src/combat/action_query.rs:97:12
   |
97 | pub struct ResourceAffordanceDetail {
   |            ^^^^^^^^^^^^^^^^^^^^^^^^

warning: struct `ActionAffordance` is never constructed
   --> src/combat/action_query.rs:105:12
    |
105 | pub struct ActionAffordance<'a> {
    |            ^^^^^^^^^^^^^^^^

warning: function `snapshot_units` is never used
   --> src/combat/action_query.rs:116:4
    |
116 | fn snapshot_units(snapshot: &CombatQuerySnapshot) -> Vec<UnitQuerySnapshot> {
    |    ^^^^^^^^^^^^^^

warning: function `resolve_unit` is never used
   --> src/combat/action_query.rs:130:4
    |
130 | fn resolve_unit(snapshot: &CombatQuerySnapshot, unit_id: UnitId) -> Option<UnitQuerySnapshot> {
    |    ^^^^^^^^^^^^

warning: function `implementation_status` is never used
   --> src/combat/action_query.rs:136:4
    |
136 | fn implementation_status(skill_def: &SkillDef) -> ImplementationStatus {
    |    ^^^^^^^^^^^^^^^^^^^^^

warning: function `target_toughness_affordance` is never used
   --> src/combat/action_query.rs:149:4
    |
149 | fn target_toughness_affordance(
    |    ^^^^^^^^^^^^^^^^^^^^^^^^^^^

warning: function `target_status_for_unit` is never used
   --> src/combat/action_query.rs:180:4
    |
180 | fn target_status_for_unit(
    |    ^^^^^^^^^^^^^^^^^^^^^^

warning: function `query_target_affordance` is never used
   --> src/combat/action_query.rs:258:8
    |
258 | pub fn query_target_affordance(
    |        ^^^^^^^^^^^^^^^^^^^^^^^

warning: function `query_all_target_affordances` is never used
   --> src/combat/action_query.rs:281:8
    |
281 | pub fn query_all_target_affordances(
    |        ^^^^^^^^^^^^^^^^^^^^^^^^^^^^

warning: function `kit_has_skill` is never used
   --> src/combat/action_query.rs:295:4
    |
295 | fn kit_has_skill(kit: &UnitSkills, skill_id: &SkillId) -> bool {
    |    ^^^^^^^^^^^^^

warning: function `resolve_action_skill` is never used
   --> src/combat/action_query.rs:301:4
    |
301 | fn resolve_action_skill<'a>(
    |    ^^^^^^^^^^^^^^^^^^^^

warning: function `resource_detail_status` is never used
   --> src/combat/action_query.rs:334:4
    |
334 | fn resource_detail_status(kind: ResourceKind, current: i32, required: i32) -> ResourceAffordanceDetail {
    |    ^^^^^^^^^^^^^^^^^^^^^^

warning: function `hidden_resource_detail` is never used
   --> src/combat/action_query.rs:359:4
    |
359 | fn hidden_resource_detail(kind: ResourceKind, reason: LegalityReasonCode) -> ResourceAffordanceDetail {
    |    ^^^^^^^^^^^^^^^^^^^^^^

warning: function `deferred_resource_detail` is never used
   --> src/combat/action_query.rs:368:4
    |
368 | fn deferred_resource_detail(kind: ResourceKind, reason: LegalityReasonCode) -> ResourceAffordanceDetail {
    |    ^^^^^^^^^^^^^^^^^^^^^^^^

warning: function `energy_cap_remaining` is never used
   --> src/combat/action_query.rs:377:4
    |
377 | fn energy_cap_remaining(unit: &UnitQuerySnapshot, source: EnergyGainSource) -> i32 {
    |    ^^^^^^^^^^^^^^^^^^^^

warning: function `query_energy_cap_affordance` is never used
   --> src/combat/action_query.rs:391:8
    |
391 | pub fn query_energy_cap_affordance(
    |        ^^^^^^^^^^^^^^^^^^^^^^^^^^^

warning: function `query_tamer_gauge_affordance` is never used
   --> src/combat/action_query.rs:411:8
    |
411 | pub fn query_tamer_gauge_affordance() -> ResourceAffordanceDetail {
    |        ^^^^^^^^^^^^^^^^^^^^^^^^^^^^

warning: function `query_tamer_command_affordances` is never used
   --> src/combat/action_query.rs:415:8
    |
415 | pub fn query_tamer_command_affordances() -> Vec<ResourceAffordanceDetail> {
    |        ^^^^^^^^^^^^^^^^^^^^^^^^^^^^^^^

warning: function `build_resource_details` is never used
   --> src/combat/action_query.rs:429:4
    |
429 | fn build_resource_details(
    |    ^^^^^^^^^^^^^^^^^^^^^^

warning: function `aggregate_target_status` is never used
   --> src/combat/action_query.rs:467:4
    |
467 | fn aggregate_target_status(
    |    ^^^^^^^^^^^^^^^^^^^^^^^

warning: function `action_and_resource_status_for_snapshot` is never used
   --> src/combat/action_query.rs:491:4
    |
491 | fn action_and_resource_status_for_snapshot(
    |    ^^^^^^^^^^^^^^^^^^^^^^^^^^^^^^^^^^^^^^^

warning: function `implementation_block` is never used
   --> src/combat/action_query.rs:594:4
    |
594 | fn implementation_block(
    |    ^^^^^^^^^^^^^^^^^^^^

warning: function `missing_skill_affordance` is never used
   --> src/combat/action_query.rs:614:4
    |
614 | fn missing_skill_affordance<'a>(kind: ActionQueryKind<'a>) -> ActionAffordance<'a> {
    |    ^^^^^^^^^^^^^^^^^^^^^^^^

warning: function `query_action_affordance` is never used
   --> src/combat/action_query.rs:628:8
    |
628 | pub fn query_action_affordance<'a>(
    |        ^^^^^^^^^^^^^^^^^^^^^^^

warning: function `query_intent_legality` is never used
   --> src/combat/action_query.rs:690:8
    |
690 | pub fn query_intent_legality(
    |        ^^^^^^^^^^^^^^^^^^^^^

warning: field `is_stunned` is never read
   --> src/combat/follow_up.rs:297:5
    |
291 | struct FormIdentitySnapshot {
    |        -------------------- field in this struct
...
297 |     is_stunned: bool,
    |     ^^^^^^^^^^

warning: function `grant_free_skill_events` is never used
  --> src/combat/resolution.rs:20:8
   |
20 | pub fn grant_free_skill_events(count: usize, ally_basics: &[SkillId]) -> Vec<CombatEventKind> {
   |        ^^^^^^^^^^^^^^^^^^^^^^^

warning: fields `future_preview` and `queue` are never read
  --> src/combat/turn_order.rs:13:9
   |
 9 | pub struct TurnOrder {
   |            --------- fields in this struct
...
13 |     pub future_preview: Vec<UnitId>,
   |         ^^^^^^^^^^^^^^
14 |     /// Compat shim for pre-AV tests: always empty in the AV system.
15 |     pub queue: VecDeque<UnitId>,
   |         ^^^^^
   |
   = note: `TurnOrder` has a derived impl for the trait `Debug`, but this is intentionally ignored during dead code analysis

warning: methods `seed` and `insert_out_of_queue` are never used
  --> src/combat/turn_order.rs:20:12
   |
18 | impl TurnOrder {
   | -------------- methods in this implementation
19 |     /// No-op in the AV system; seeds were needed only for the old VecDeque order.
20 |     pub fn seed(&mut self, _units: impl IntoIterator<Item = UnitId>) {}
   |            ^^^^
...
23 |     pub fn insert_out_of_queue(&mut self, _unit_id: UnitId) {}
   |            ^^^^^^^^^^^^^^^^^^^

warning: associated function `of` is never used
  --> src/combat/turn_order.rs:37:12
   |
35 | impl TurnAdvanced {
   | ----------------- associated function in this implementation
36 |     /// Convenience constructor for tests and compatibility code; sets AV metadata to zero.
37 |     pub fn of(unit_id: UnitId) -> Self {
   |            ^^

warning: constant `TICK_AV_AMOUNT` is never used
  --> src/combat/turn_system/mod.rs:28:11
   |
28 | pub const TICK_AV_AMOUNT: i32 = 1000; // Arbitrary tick amount for AV accumulation. For deterministic turns
   |           ^^^^^^^^^^^^^^

warning: associated items `new`, `delay`, and `self_advance` are never used
  --> src/combat/av.rs:19:12
   |
17 | impl ActionValue {
   | ---------------- associated items in this implementation
18 |     /// Creates a new ActionValue, ensuring it does not exceed MAX_AV.
19 |     pub fn new(value: i32) -> Self {
   |            ^^^
...
31 |     pub fn delay(&mut self, amount: i32) {
   |            ^^^^^
...
38 |     pub fn self_advance(&mut self, amount: i32) {
   |            ^^^^^^^^^^^^

warning: function `validate_skill_book` is never used
   --> src/data/skills_ron.rs:170:8
    |
170 | pub fn validate_skill_book(book: &SkillBook) -> Result<(), SkillBookValidationError> {
    |        ^^^^^^^^^^^^^^^^^^^

warning: function `validation_error` is never used
   --> src/data/skills_ron.rs:177:4
    |
177 | fn validation_error(
    |    ^^^^^^^^^^^^^^^^

warning: function `skill_has_effect` is never used
   --> src/data/skills_ron.rs:191:4
    |
191 | fn skill_has_effect(skill: &SkillDef, predicate: impl Fn(&Effect) -> bool) -> bool {
    |    ^^^^^^^^^^^^^^^^

warning: function `validate_skill_def` is never used
   --> src/data/skills_ron.rs:195:4
    |
195 | fn validate_skill_def(skill: &SkillDef) -> Result<(), SkillBookValidationError> {
    |    ^^^^^^^^^^^^^^^^^^

warning: `bevyrogue` (test "action_affordance_query") generated 1 warning
warning: `bevyrogue` (bin "combat_cli") generated 4 warnings (run `cargo fix --bin "combat_cli" -p bevyrogue` to apply 4 suggestions)
warning: `bevyrogue` (bin "bevyrogue") generated 64 warnings (11 duplicates) (run `cargo fix --bin "bevyrogue" -p bevyrogue` to apply 5 suggestions)
    Finished `test` profile [optimized + debuginfo] target(s) in 3.88s
     Running tests/action_affordance_query.rs (target/debug/deps/action_affordance_query-8630401233a31eae)
