
running 23 tests
test attacker_ko_blocks_action_before_targets ... ok
test attacker_stunned_blocks_action_before_targets ... ok
test child_tamer_gauge_boost_remains_queryable_as_the_shared_tamer_gauge_declaration ... ok
test deferred_implementation_returns_deferred_action_and_targets ... ok
test damaged_target_affordance_requires_missing_hp_for_ally_targets ... ok
test deferred_row_shape_returns_deferred_for_every_target_in_snapshot ... ok
test enabled_offensive_action_reports_target_and_resource_details ... ok
test energy_cap_affordance_disables_when_requested_exceeds_remaining_or_budget_is_exhausted ... ok
test energy_cap_affordance_reports_remaining_budget_and_true_cap_reason ... ok
test hidden_implementation_returns_hidden_action_and_targets ... ok
test implemented_enemy_toughness_is_visible_while_ally_and_zero_bars_stay_hidden ... ok
test intent_legality_respects_priority_and_specific_target_reasons ... ok
test legality_reason_codes_include_contract_values ... ok
test missing_skill_book_entry_returns_missing_skill ... ok
test no_valid_targets_disables_action_after_state_and_resource_checks ... ok
test non_active_actor_reports_not_active_without_losing_target_affordances ... ok
test revive_affordance_requires_ko_ally_and_rejects_live_and_enemy_targets ... ok
test sp_shortfall_disables_action_and_reports_current_and_required_sp ... ok
test tamer_resource_declarations_are_deferred_and_keep_known_command_costs ... ok
test target_affordance_surface_still_handles_enemy_ally_ko_commander_and_self ... ok
test target_hp_rule_distinguishes_any_and_damaged ... ok
test ultimate_not_ready_disables_action_and_reports_current_and_required_ult_charge ... ok
test wrong_phase_reports_wrong_phase_and_keeps_target_affordances ... ok

test result: ok. 23 passed; 0 failed; 0 ignored; 0 measured; 0 filtered out; finished in 0.00s

