src/headless.rs:364:            } else if combat_state.phase == CombatPhase::WaitingAction {
tests/resource_caps.rs:660:    app.world_mut().resource_mut::<CombatState>().phase = CombatPhase::WaitingAction;
tests/engine_legality_integration.rs:209:        phase: CombatPhase::WaitingAction,
src/combat/status_effect.rs:2:// SpeedModifier reads only.
src/combat/turn_system/pipeline.rs:200:            set_phase(state, CombatPhase::WaitingAction);
src/combat/turn_system/pipeline.rs:216:            set_phase(state, CombatPhase::WaitingAction);
src/combat/turn_system/pipeline.rs:232:            set_phase(state, CombatPhase::WaitingAction);
src/combat/turn_system/pipeline.rs:286:            set_phase(state, CombatPhase::WaitingAction);
src/combat/turn_system/pipeline.rs:426:        set_phase(state, CombatPhase::WaitingAction);
src/combat/turn_system/pipeline.rs:478:        set_phase(state, CombatPhase::WaitingAction);
src/combat/turn_system/pipeline.rs:494:        set_phase(state, CombatPhase::WaitingAction);
src/combat/turn_system/pipeline.rs:510:        set_phase(state, CombatPhase::WaitingAction);
src/combat/turn_system/pipeline.rs:526:        set_phase(state, CombatPhase::WaitingAction);
src/combat/turn_system/pipeline.rs:582:        set_phase(state, CombatPhase::WaitingAction);
src/combat/turn_system/pipeline.rs:784:    set_phase(state, CombatPhase::WaitingAction);
src/combat/observability.rs:325:        CombatPhase::WaitingForTurn => "WaitingForTurn",
src/combat/observability.rs:326:        CombatPhase::WaitingAction => "WaitingAction",
tests/boundary_contract.rs:118:    assert_eq!(state.phase, CombatPhase::WaitingAction);
tests/presentation_metadata_boundary.rs:153:        phase: CombatPhase::WaitingAction,
src/combat/turn_system/tests.rs:7:    speed::SpeedModifier,
src/combat/turn_system/tests.rs:180:            SpeedModifier(99),
src/combat/turn_system/tests.rs:192:    assert!(app.world().get::<SpeedModifier>(entity).is_none());
src/combat/action_query.rs:838:    if snapshot.phase != CombatPhase::WaitingAction {
tests/action_affordance_consumers.rs:266:        CombatPhase::WaitingAction,
tests/action_affordance_consumers.rs:332:            phase: CombatPhase::WaitingAction,
tests/action_affordance_consumers.rs:390:        CombatPhase::WaitingAction,
tests/action_affordance_consumers.rs:482:        CombatPhase::WaitingAction,
tests/action_affordance_consumers.rs:600:        CombatPhase::WaitingAction,
tests/action_affordance_consumers.rs:676:        CombatPhase::WaitingAction,
tests/action_affordance_consumers.rs:804:        CombatPhase::WaitingAction,
tests/action_affordance_consumers.rs:835:        CombatPhase::WaitingAction,
tests/action_affordance_consumers.rs:869:        CombatPhase::WaitingAction,
tests/action_affordance_consumers.rs:904:        CombatPhase::WaitingAction,
tests/action_affordance_consumers.rs:942:        CombatPhase::WaitingAction,
src/combat/speed.rs:7:/// Delta applied to Speed when Freeze is active. Turn-order code reads (Speed - SpeedModifier)
src/combat/speed.rs:11:pub struct SpeedModifier(pub i32);
src/combat/turn_system/mod.rs:17:    speed::SpeedModifier,
src/combat/turn_system/mod.rs:366:            Option<&SpeedModifier>,
src/combat/turn_system/mod.rs:484:                            .insert(SpeedModifier(-speed_reduction.abs()));
src/combat/turn_system/mod.rs:533:                        commands.entity(snap.entity).remove::<SpeedModifier>();
src/combat/turn_system/mod.rs:579:    // === Part 2: AV advancement (only in WaitingForTurn phase) ===
src/combat/turn_system/mod.rs:580:    if state.phase != CombatPhase::WaitingForTurn {
src/combat/turn_system/mod.rs:626:            set_phase(&mut *state, CombatPhase::WaitingAction);
src/combat/state.rs:14:    WaitingForTurn,
src/combat/state.rs:74:            phase: CombatPhase::WaitingAction,
src/combat/state.rs:109:        assert_eq!(state.phase, CombatPhase::WaitingAction);
src/combat/state.rs:142:        assert_eq!(state.phase, CombatPhase::WaitingAction);
tests/turn_system_av.rs:45:            bevyrogue::combat::speed::SpeedModifier(0),
tests/turn_system_av.rs:57:    app.world_mut().resource_mut::<CombatState>().phase = CombatPhase::WaitingForTurn;
tests/turn_system_av.rs:75:        CombatPhase::WaitingAction
tests/turn_system_av.rs:79:    app.world_mut().resource_mut::<CombatState>().phase = CombatPhase::WaitingForTurn;
tests/turn_system_av.rs:93:    app.world_mut().resource_mut::<CombatState>().phase = CombatPhase::WaitingForTurn;
tests/turn_system_av.rs:124:    app.world_mut().resource_mut::<CombatState>().phase = CombatPhase::WaitingForTurn;
tests/turn_system_av.rs:150:    app.world_mut().resource_mut::<CombatState>().phase = CombatPhase::WaitingForTurn;
tests/action_affordance_query.rs:289:        CombatPhase::WaitingAction,
tests/action_affordance_query.rs:370:        CombatPhase::WaitingAction,
tests/action_affordance_query.rs:425:        CombatPhase::WaitingAction,
tests/action_affordance_query.rs:493:        CombatPhase::WaitingAction,
tests/action_affordance_query.rs:525:        CombatPhase::WaitingAction,
tests/action_affordance_query.rs:556:        CombatPhase::WaitingAction,
tests/action_affordance_query.rs:591:        CombatPhase::WaitingAction,
tests/action_affordance_query.rs:639:        CombatPhase::WaitingAction,
tests/action_affordance_query.rs:680:    let snapshot = snapshot_with(vec![acting_unit], 1, CombatPhase::WaitingAction);
tests/action_affordance_query.rs:728:        CombatPhase::WaitingAction,
tests/action_affordance_query.rs:793:        CombatPhase::WaitingAction,
tests/action_affordance_query.rs:858:        CombatPhase::WaitingAction,
tests/action_affordance_query.rs:902:        CombatPhase::WaitingAction,
tests/action_affordance_query.rs:933:        CombatPhase::WaitingAction,
tests/action_affordance_query.rs:958:        CombatPhase::WaitingAction,
tests/action_affordance_query.rs:1165:        CombatPhase::WaitingAction,
tests/action_affordance_query.rs:1244:        CombatPhase::WaitingAction,
tests/action_affordance_query.rs:1263:        CombatPhase::WaitingAction,
tests/action_affordance_query.rs:1282:        CombatPhase::WaitingAction,
tests/action_affordance_query.rs:1301:        CombatPhase::WaitingAction,
tests/status_effect_turn_tick.rs:5:    speed::SpeedModifier,
tests/status_effect_turn_tick.rs:108:            SpeedModifier(99),
tests/status_effect_turn_tick.rs:120:    assert!(app.world().get::<SpeedModifier>(entity).is_none());
tests/status_effect_integration.rs:7:    speed::SpeedModifier,
tests/status_effect_integration.rs:216:            .get::<SpeedModifier>(entity)
tests/status_effect_integration.rs:233:        app.world().get::<SpeedModifier>(entity).is_none(),
tests/predator_loop_kernel.rs:240:        phase: CombatPhase::WaitingAction,
src/ui/combat_panel.rs:407:                (None, Some(active)) if combat_state.phase == CombatPhase::WaitingAction => {
src/ui/combat_panel.rs:410:                _ if combat_state.phase == CombatPhase::WaitingAction => {
src/bin/combat_cli.rs:116:            combat_state.phase = CombatPhase::WaitingForTurn;
src/bin/combat_cli.rs:475:    if state.phase != CombatPhase::WaitingAction {
