tests/enemy_counterplay_affordance.rs:118:            skill_id: SkillId(skill_id),
tests/enemy_counterplay_affordance.rs:126:        } if skill_id == "enemy_ult_fire"
tests/enemy_counterplay_affordance.rs:205:            skill_id: SkillId("ogremon_ult".into()),
tests/enemy_ai.rs:171:                skill_id,
tests/enemy_ai.rs:173:            } if skill_id.0 == "enemy_skill_fire"
src/ui/combat_panel.rs:1:#[cfg(feature = "windowed")]
src/ui/combat_panel.rs:3:#[cfg(feature = "windowed")]
src/ui/combat_panel.rs:6:#[cfg(feature = "windowed")]
src/ui/combat_panel.rs:9:        ActionAffordance, ActionQueryKind, ActionStatus, CombatQuerySnapshot, ImplementationStatus,
src/ui/combat_panel.rs:11:        build_snapshot_from_ecs_with_sp, query_action_affordance,
src/ui/combat_panel.rs:30:#[cfg(feature = "windowed")]
src/ui/combat_panel.rs:33:#[cfg(feature = "windowed")]
src/ui/combat_panel.rs:41:#[cfg(feature = "windowed")]
src/ui/combat_panel.rs:47:#[cfg(feature = "windowed")]
src/ui/combat_panel.rs:66:#[cfg(feature = "windowed")]
src/ui/combat_panel.rs:75:#[cfg(feature = "windowed")]
src/ui/combat_panel.rs:79:        PendingKind::Skill(skill_id) => format!("Skill: {}", skill_id.0),
src/ui/combat_panel.rs:84:#[cfg(feature = "windowed")]
src/ui/combat_panel.rs:85:fn skill_name(skill_book: Option<&SkillBook>, skill_id: &SkillId) -> String {
src/ui/combat_panel.rs:87:        .and_then(|book| book.0.iter().find(|skill| skill.id == *skill_id))
src/ui/combat_panel.rs:89:        .unwrap_or_else(|| skill_id.0.clone())
src/ui/combat_panel.rs:92:#[cfg(feature = "windowed")]
src/ui/combat_panel.rs:102:#[cfg(feature = "windowed")]
src/ui/combat_panel.rs:112:#[cfg(feature = "windowed")]
src/ui/combat_panel.rs:122:#[cfg(feature = "windowed")]
src/ui/combat_panel.rs:145:#[cfg(feature = "windowed")]
src/ui/combat_panel.rs:153:#[cfg(feature = "windowed")]
src/ui/combat_panel.rs:184:#[cfg(feature = "windowed")]
src/ui/combat_panel.rs:192:#[cfg(feature = "windowed")]
src/ui/combat_panel.rs:201:            query_action_affordance(snapshot, skill_book, actor_id, ActionQueryKind::Basic)
src/ui/combat_panel.rs:203:        PendingKind::Skill(skill_id) => query_action_affordance(
src/ui/combat_panel.rs:207:            ActionQueryKind::Skill(skill_id),
src/ui/combat_panel.rs:210:            query_action_affordance(snapshot, skill_book, actor_id, ActionQueryKind::Ultimate)
src/ui/combat_panel.rs:215:#[cfg(feature = "windowed")]
src/ui/combat_panel.rs:420:                    query_action_affordance(snapshot, skill_book, actor_id, ActionQueryKind::Basic);
src/ui/combat_panel.rs:434:                        let skill_affordance = query_action_affordance(
src/ui/combat_panel.rs:438:                            ActionQueryKind::Skill(&skill.id),
src/ui/combat_panel.rs:457:                let ultimate_affordance = query_action_affordance(
src/ui/combat_panel.rs:461:                    ActionQueryKind::Ultimate,
src/ui/combat_panel.rs:521:                        .fill(crate::windowed::attr_color(ally.attribute))
src/ui/combat_panel.rs:659:                    .fill(crate::windowed::attr_color(enemy.attribute));
src/ui/combat_panel.rs:721:                                    c.skill_id.0,
src/ui/combat_panel.rs:817:                        PendingKind::Skill(skill_id) => ActionIntent::Skill {
src/ui/combat_panel.rs:819:                            skill_id: skill_id.clone(),
src/bin/combat_cli.rs:39:    ActionAffordance, ActionQueryKind, ActionStatus, CombatQuerySnapshot, ImplementationStatus,
src/bin/combat_cli.rs:41:    build_snapshot_from_ecs_with_sp, first_enabled_target_id, query_action_affordance,
src/bin/combat_cli.rs:233:    kind: ActionQueryKind<'a>,
src/bin/combat_cli.rs:238:fn action_kind_label(kind: ActionQueryKind<'_>) -> String {
src/bin/combat_cli.rs:240:        ActionQueryKind::Basic => "Basic Attack".to_string(),
src/bin/combat_cli.rs:241:        ActionQueryKind::Skill(skill_id) => format!("Skill: {}", skill_id.0),
src/bin/combat_cli.rs:242:        ActionQueryKind::Ultimate => "Ultimate".to_string(),
src/bin/combat_cli.rs:373:                c.skill_id.0,
src/bin/combat_cli.rs:390:        kind: ActionQueryKind::Basic,
src/bin/combat_cli.rs:392:        affordance: query_action_affordance(snapshot, skill_book, actor_id, ActionQueryKind::Basic),
src/bin/combat_cli.rs:396:        for skill_id in &skills.skills {
src/bin/combat_cli.rs:397:            let kind = ActionQueryKind::Skill(skill_id);
src/bin/combat_cli.rs:401:                affordance: query_action_affordance(snapshot, skill_book, actor_id, kind),
src/bin/combat_cli.rs:407:        kind: ActionQueryKind::Ultimate,
src/bin/combat_cli.rs:409:        affordance: query_action_affordance(
src/bin/combat_cli.rs:413:            ActionQueryKind::Ultimate,
src/bin/combat_cli.rs:573:        .find(|entry| matches!(entry.kind, ActionQueryKind::Basic));
src/bin/combat_cli.rs:693:        ActionQueryKind::Basic => ActionIntent::Basic {
src/bin/combat_cli.rs:697:        ActionQueryKind::Skill(skill_id) => ActionIntent::Skill {
src/bin/combat_cli.rs:699:            skill_id: skill_id.clone(),
src/bin/combat_cli.rs:702:        ActionQueryKind::Ultimate => ActionIntent::Ultimate {
tests/follow_up_triggers.rs:106:            skills: def.skill_ids.clone(),
tests/follow_up_triggers.rs:180:        CombatEventKind::OnSkillCast { skill_id } => {
tests/follow_up_triggers.rs:182:                "{{\"kind\":\"OnSkillCast\",\"skill_id\":\"{}\"}}",
tests/follow_up_triggers.rs:183:                skill_id.0
tests/follow_up_triggers.rs:374:                CombatEventKind::OnSkillCast { skill_id } if *skill_id == SkillId("agumon_follow_up".into())
tests/follow_up_triggers.rs:431:        skill_id: SkillId("enemy_skill_fire".into()),
tests/follow_up_triggers.rs:465:                CombatEventKind::OnSkillCast { skill_id } if *skill_id == SkillId("renamon_follow_up".into())
tests/follow_up_triggers.rs:584:        skill_id: SkillId("enemy_skill_fire".into()),
tests/follow_up_triggers.rs:614:            CombatEventKind::OnSkillCast { skill_id } if *skill_id == SkillId("gabumon_follow_up".into())
tests/follow_up_triggers.rs:655:        skill_id: SkillId("enemy_skill_fire".into()),
tests/follow_up_triggers.rs:685:            CombatEventKind::OnSkillCast { skill_id } if *skill_id == SkillId("patamon_follow_up".into())
tests/follow_up_triggers.rs:769:            CombatEventKind::OnSkillCast { skill_id } if *skill_id == SkillId("dorumon_follow_up".into())
tests/revive_semantics.rs:151:        skill_id: SkillId("revive_skill".into()),
tests/revive_semantics.rs:175:        skill_id: SkillId("revive_skill".into()),
tests/resource_caps.rs:181:                skills: def.skill_ids.clone(),
tests/resource_caps.rs:373:            skill_id: SkillId("skill".into()),
tests/resource_caps.rs:395:            skill_id: SkillId("skill".into()),
tests/resource_caps.rs:498:            skill_id: SkillId("grant_energy".into()),
tests/resource_caps.rs:525:            skill_id: SkillId("grant_energy".into()),
tests/resource_caps.rs:607:            skill_id: SkillId("grant_energy".into()),
tests/resource_caps.rs:697:    let fire_skill = greymon.skill_ids[0].clone();
tests/resource_caps.rs:702:        skill_id: fire_skill.clone(),
tests/resource_caps.rs:727:        skill_id: fire_skill.clone(),
tests/resource_caps.rs:751:        skill_id: fire_skill,
tests/resource_caps.rs:782:        skill_id: greymon.skill_ids[0].clone(),
tests/README.md:3:Tutti i test girano headless (no `windowed`). Naming **funzionale** — un file = una capacità.
tests/target_shape_truthfulness.rs:48:    skill_ids: Vec<SkillId>,
tests/target_shape_truthfulness.rs:55:    let basic = skill_ids
tests/target_shape_truthfulness.rs:79:            skills: skill_ids,
tests/target_shape_truthfulness.rs:154:        skill_id: SkillId("heat_viper".into()),
tests/target_shape_truthfulness.rs:243:        skill_id: SkillId("wide_blast".into()),
tests/target_shape_truthfulness.rs:330:        skill_id: SkillId("single_strike".into()),
tests/engine_legality_integration.rs:3:    ActionQueryKind, CombatQuerySnapshot, UnitQuerySnapshot, query_intent_legality,
tests/engine_legality_integration.rs:89:fn unit_skills(skill_id: &str) -> UnitSkills {
tests/engine_legality_integration.rs:90:    let skill_id = SkillId(skill_id.into());
tests/engine_legality_integration.rs:92:        basic: skill_id.clone(),
tests/engine_legality_integration.rs:93:        skills: vec![skill_id.clone()],
tests/engine_legality_integration.rs:94:        ultimate: skill_id,
tests/engine_legality_integration.rs:277:        &ActionQueryKind::Skill(&case.skill.id),
tests/engine_legality_integration.rs:379:            skill_id: SkillId("revive_skill".into()),
tests/engine_legality_integration.rs:408:            skill_id: SkillId("offensive_skill".into()),
tests/engine_legality_integration.rs:437:            skill_id: SkillId("offensive_skill".into()),
tests/engine_legality_integration.rs:466:            skill_id: SkillId("offensive_skill".into()),
tests/engine_legality_integration.rs:495:            skill_id: SkillId("offensive_skill".into()),
tests/engine_legality_integration.rs:524:            skill_id: SkillId("offensive_skill".into()),
tests/engine_legality_integration.rs:562:            skill_id: SkillId("offensive_skill".into()),
docs/ui_handoff_m012.md:15:| `query_action_affordance(snapshot, skill_book, actor_id, kind)` | Returns `ActionAffordance` for Basic / Skill / Ultimate, including per-target list |
docs/ui_handoff_m012.md:74:| Row / AllEnemies targeting | `UnimplementedTargetShape` | `query_action_affordance` → `ActionStatus::Deferred` |
docs/ui_handoff_m012.md:76:| Mixed-effect semantics (`angemon_ult`) | `UnimplementedEffect` | `query_action_affordance` → `ActionStatus::Deferred` |
docs/ui_handoff_m012.md:104:- **Skill slot counts**: most Child units have 1 skill in data vs 2+ in design (Agumon, Gabumon, DORUmon, Renamon each have 1 `skill_id`).
docs/ui_handoff_m012.md:121:let basic = query_action_affordance(&snapshot, &skill_book, actor_id, ActionQueryKind::Basic);
docs/ui_handoff_m012.md:122:let skill = query_action_affordance(&snapshot, &skill_book, actor_id, ActionQueryKind::Skill(&skill_id));
docs/ui_handoff_m012.md:123:let ult   = query_action_affordance(&snapshot, &skill_book, actor_id, ActionQueryKind::Ultimate);
docs/ui_handoff_m012.md:146:1. **Never branch on skill IDs or entity names** to decide action legality — all rules come from query output.
docs/ui_handoff_m012.md:151:The no-hardcoding contract is enforced by source-scan tests in `tests/action_affordance_consumers.rs`. Any new UI file that imports `action_query` and branches on a string literal or entity ID will trip the guard.
docs/ui_handoff_m012.md:167:| `tests/action_affordance_consumers.rs` | Source-scan guard: no hardcoded skill IDs or string branches in UI consumers |
tests/status_effect_apply.rs:162:        skill_id: SkillId("flame_bite".into()),
tests/status_effect_apply.rs:226:        skill_id: SkillId("flame_bite".into()),
tests/status_effect_apply.rs:285:        skill_id: SkillId("flame_bite".into()),
tests/status_effect_apply.rs:336:        skill_id: SkillId("flame_bite".into()),
tests/bootstrap_spawn_composition.rs:41:                skill_ids: vec![SkillId("pepper_breath".into())],
tests/bootstrap_spawn_composition.rs:72:                skill_ids: vec![SkillId("bubble_blast".into())],
tests/bootstrap_spawn_composition.rs:103:                skill_ids: vec![SkillId("v_header".into())],
tests/bootstrap_spawn_composition.rs:134:                skill_ids: vec![SkillId("blade_code".into())],
tests/bootstrap_spawn_composition.rs:165:                skill_ids: vec![SkillId("draconic_edge".into())],
tests/bootstrap_spawn_composition.rs:196:                skill_ids: vec![SkillId("enemy_skill_fire".into())],
tests/skill_legality_contract_docs.rs:132:fn legality_contract_states_no_skill_id_specific_ui_rule_boundary() {
tests/skill_legality_contract_docs.rs:134:        "does not allow UI-specific or skill-ID-specific legality rules",
tests/skill_legality_contract_docs.rs:135:        "Consumers must not hardcode skill-ID-specific UI rules",
tests/skill_legality_contract_docs.rs:140:            "skill legality contract must state no skill-ID-specific UI rule boundary: {required_text}"
docs/combat_authority_map.md:67:Current finding: the seam is intentionally narrow. It proves `RON custom signals -> per-Digimon blueprint Rust module -> generic kernel hooks -> canonical state/events/snapshots` for the Patamon Holy Support Grace case. It does not move all move sets, beats, targeting rules, or mechanic ownership into per-Digimon modules. Shared combat systems should stay branch-light while later slices expand the blueprint layer deliberately.
docs/combat_authority_map.md:89:`src/bin/combat_cli.rs` consumes shared combat surfaces directly. It builds snapshots through `build_snapshot_from_ecs_with_sp`, asks the legality/query layer via `query_action_affordance`, writes `ActionIntent`, and reads `CombatEvent` messages for logging and dashboard output.
docs/combat_authority_map.md:97:| R092 | The audit map identifies the current single-source-of-truth split across data, custom-signal intent, live action, blueprint dispatch, kernel transitions, mechanic hooks, validation snapshots, and CLI consumers. | `src/data/skills_ron.rs`, `src/data/units_ron.rs`, `src/combat/turn_system/mod.rs`, `src/combat/turn_system/pipeline.rs`, `src/combat/blueprints/mod.rs`, `src/combat/kernel.rs`, `src/combat/observability.rs`, `src/bin/combat_cli.rs` | Covered as a current-state audit |
docs/combat_authority_map.md:102:| R098 | The CLI uses shared action-query and snapshot surfaces, but full CLI/runtime smoke proof remains downstream work. | `src/bin/combat_cli.rs`, `src/combat/action_query.rs`, `src/combat/observability.rs`, `docs/m015_failure_ledger.md` | Covered with a qualified current-state finding |
docs/combat_authority_map.md:108:- The seeded blueprint seam should expand by adding per-Digimon modules and typed signals, not by adding per-character branches inside shared combat systems.
docs/combat_authority_map.md:112:The current source of truth is split across declarative data (`src/data/skills_ron.rs`, `src/data/units_ron.rs`), shared runtime action processing (`src/combat/turn_system/mod.rs`, `src/combat/turn_system/pipeline.rs`, `src/combat/resolution.rs`), seeded per-Digimon blueprint dispatch (`src/combat/blueprints/mod.rs`, `src/combat/blueprints/patamon.rs`), shared kernel transitions (`src/combat/kernel.rs`), shared mechanic hooks (`src/combat/twin_core.rs`, `src/combat/battery_loop.rs`, `src/combat/holy_support.rs`, `src/combat/predator_loop.rs`, `src/combat/precision_mind_game.rs`), observation surfaces (`src/combat/observability.rs`), and CLI consumption (`src/bin/combat_cli.rs`).
tests/holy_support_resolution.rs:39:    skill_id: &str,
tests/holy_support_resolution.rs:46:        .find(|skill| skill.id == SkillId(skill_id.into()))
tests/holy_support_resolution.rs:58:        skill_id: skill.id,
tests/action_affordance_query.rs:2:    ActionQueryKind, ActionStatus, CombatQuerySnapshot, ImplementationStatus,
tests/action_affordance_query.rs:4:    UnitQuerySnapshot, query_action_affordance, query_all_target_affordances,
tests/action_affordance_query.rs:292:    let affordance = query_action_affordance(
tests/action_affordance_query.rs:296:        ActionQueryKind::Skill(&skill.id),
tests/action_affordance_query.rs:373:    let affordance = query_action_affordance(
tests/action_affordance_query.rs:377:        ActionQueryKind::Basic,
tests/action_affordance_query.rs:428:    let affordance = query_action_affordance(
tests/action_affordance_query.rs:432:        ActionQueryKind::Skill(&skill.id),
tests/action_affordance_query.rs:465:    let affordance = query_action_affordance(
tests/action_affordance_query.rs:469:        ActionQueryKind::Skill(&skill.id),
tests/action_affordance_query.rs:496:    let affordance = query_action_affordance(
tests/action_affordance_query.rs:500:        ActionQueryKind::Skill(&skill.id),
tests/action_affordance_query.rs:528:    let affordance = query_action_affordance(
tests/action_affordance_query.rs:532:        ActionQueryKind::Skill(&skill.id),
tests/action_affordance_query.rs:559:    let affordance = query_action_affordance(
tests/action_affordance_query.rs:563:        ActionQueryKind::Skill(&skill.id),
tests/action_affordance_query.rs:594:    let affordance = query_action_affordance(
tests/action_affordance_query.rs:598:        ActionQueryKind::Skill(&skill.id),
tests/action_affordance_query.rs:642:    let affordance = query_action_affordance(
tests/action_affordance_query.rs:646:        ActionQueryKind::Ultimate,
tests/action_affordance_query.rs:682:    let affordance = query_action_affordance(
tests/action_affordance_query.rs:686:        ActionQueryKind::Skill(&skill.id),
tests/action_affordance_query.rs:731:    let affordance = query_action_affordance(
tests/action_affordance_query.rs:735:        ActionQueryKind::Skill(&skill.id),
tests/action_affordance_query.rs:796:    let affordance = query_action_affordance(
tests/action_affordance_query.rs:800:        ActionQueryKind::Skill(&skill.id),
tests/action_affordance_query.rs:1174:            &ActionQueryKind::Basic,
tests/action_affordance_query.rs:1187:            &ActionQueryKind::Basic,
tests/action_affordance_query.rs:1198:            &ActionQueryKind::Basic,
tests/action_affordance_query.rs:1209:            &ActionQueryKind::Basic,
tests/action_affordance_query.rs:1220:            &ActionQueryKind::Skill(&revive.id),
tests/action_affordance_query.rs:1231:            &ActionQueryKind::Basic,
tests/action_affordance_query.rs:1251:            &ActionQueryKind::Skill(&revive.id),
tests/action_affordance_query.rs:1270:            &ActionQueryKind::Basic,
tests/action_affordance_query.rs:1289:            &ActionQueryKind::Basic,
tests/action_affordance_query.rs:1308:            &ActionQueryKind::Basic,
tests/action_affordance_query.rs:1325:            &ActionQueryKind::Basic,
tests/action_affordance_query.rs:1337:            &ActionQueryKind::Skill(&deferred.id),
tests/action_affordance_query.rs:1349:            &ActionQueryKind::Skill(&SkillId("non_existent".into())),
tests/form_identity.rs:95:                skills: def.skill_ids.clone(),
tests/form_identity.rs:186:    let fire_skill = greymon.skill_ids[0].clone(); // mega_flame
tests/form_identity.rs:193:        skill_id: fire_skill,
tests/form_identity.rs:230:    let fire_skill = greymon.skill_ids[0].clone();
tests/form_identity.rs:235:        skill_id: fire_skill.clone(),
tests/form_identity.rs:248:        skill_id: fire_skill,
tests/form_identity.rs:270:    let fire_skill = greymon.skill_ids[0].clone();
tests/form_identity.rs:275:        skill_id: fire_skill.clone(),
tests/form_identity.rs:294:        skill_id: fire_skill,
tests/form_identity.rs:325:                skills: def.skill_ids.clone(),
tests/form_identity.rs:370:    let ice_skill = garurumon.skill_ids[0].clone(); // foxfire
tests/form_identity.rs:373:        skill_id: ice_skill,
tests/form_identity.rs:401:    let electric_skill = kabuterimon.skill_ids[0].clone(); // mega_blaster
tests/form_identity.rs:404:        skill_id: electric_skill,
tests/form_identity.rs:438:    let freeze_skill = kyubimon.skill_ids[0].clone(); // onibidama — applies Freeze
tests/form_identity.rs:441:        skill_id: freeze_skill.clone(),
tests/form_identity.rs:463:        skill_id: freeze_skill,
tests/form_identity.rs:534:    let dark_skill = dorugamon.skill_ids[0].clone(); // power_metal
tests/form_identity.rs:537:        skill_id: dark_skill,
tests/form_identity.rs:556:    let cannonball = dorugamon.skill_ids[1].clone();
tests/form_identity.rs:559:        skill_id: cannonball,
tests/form_identity.rs:591:    let light_skill = angemon.skill_ids[0].clone(); // heavens_knuckle
tests/form_identity.rs:594:        skill_id: light_skill,
tests/form_identity.rs:631:    let light_skill = angemon.skill_ids[0].clone(); // heavens_knuckle
tests/form_identity.rs:634:        skill_id: light_skill,
tests/form_identity.rs:661:    let ice_skill = garurumon.skill_ids[0].clone(); // foxfire
tests/form_identity.rs:664:        skill_id: ice_skill,
docs/setup.md:37:  `windowed` (`cargo winx`), che tira dentro winit + wgpu. Per lavorare headless
tests/tempo_resistance.rs:251:        skill_ids: vec![SkillId("enemy_skill_fire".into())],
tests/tempo_resistance.rs:288:        skill_ids: vec![SkillId("pepper_breath".into())],
tests/event_stream.rs:219:        skill_id: SkillId("skill_a1".into()),
tests/roster_catalog.rs:79:        roster.0.iter().all(|unit| !unit.skill_ids.is_empty()),
tests/roster_catalog.rs:117:    assert_eq!(charged_attack.skill_id, SkillId("enemy_ult_fire".into()));
tests/roster_catalog.rs:149:    assert_eq!(ogre_charge.skill_id, SkillId("ogremon_ult".into()));
tests/roster_catalog.rs:166:        for skill_id in unit
tests/roster_catalog.rs:167:            .skill_ids
tests/roster_catalog.rs:173:                skills.contains(skill_id),
tests/roster_catalog.rs:175:                skill_id,
tests/sp_economy.rs:239:            skill_id: SkillId("ally_skill_4".into()),
tests/sp_economy.rs:262:            skill_id: SkillId("holy_revive".into()),
tests/sp_economy.rs:296:            skill_id: SkillId("enemy_smash".into()),
tests/sp_economy.rs:305:            skill_id: SkillId("holy_revive".into()),
tests/sp_economy.rs:347:            skill_id: SkillId("holy_revive".into()),
tests/sp_economy.rs:381:            skill_id: SkillId("enemy_smash".into()),
docs/combat_mixed_pattern_drift_ledger.md:13:- Preserve the canonical decisions already established in memory: typed hook/kernel seams stay canonical, presentation beats are non-authoritative, and shared combat systems should remain branch-light.
docs/combat_mixed_pattern_drift_ledger.md:21:| D3 | High | `src/main.rs`, `src/headless.rs`, `src/bin/combat_cli.rs`, `tests/validation_snapshot.rs`, `docs/m015_failure_ledger.md` | partially normalized local drift | S05 | App/headless kernel registration is normalized for S03-targeted proof; S05 still owns full CLI/runtime smoke and cwd-sensitive asset loading proof. |
docs/combat_mixed_pattern_drift_ledger.md:22:| D4 | High | `src/combat/blueprints/mod.rs`, `src/combat/blueprints/patamon.rs`, `tests/patamon_blueprint_seam.rs` | rewrite-scale follow-up candidate seeded in S03 | S04 / future blueprint slice | Expand the seeded blueprint seam deliberately; do not migrate all move ownership or add per-Digimon branches inside shared combat systems in this slice. |
docs/combat_mixed_pattern_drift_ledger.md:27:| D9 | Medium | `src/combat/observability.rs`, `src/headless.rs`, `src/bin/combat_cli.rs`, `tests/validation_snapshot.rs` | normalized for S03 snapshot path, downstream CLI proof remains | S05 | Keep validation snapshots backed by registered kernel resources; S05 should prove the same initialization path through real CLI/headless consumers. |
docs/combat_mixed_pattern_drift_ledger.md:37:The rewrite-scale work is the per-Digimon blueprint migration. S03 seeded D4 with a narrow Patamon module and a generic wrapper dispatch function, then left full move ownership and future per-Digimon expansion out of scope. This keeps shared combat systems branch-light while proving the flow `RON custom signals -> per-Digimon blueprint Rust module -> generic kernel hooks -> canonical state/events/snapshots`.
docs/combat_mixed_pattern_drift_ledger.md:54:**Handoff note:** R094 is about avoiding false authority claims. S04 should expand blueprint ownership only through typed custom signals and kernel transitions, not through shared-system character branches.
tests/follow_up_chains.rs:113:            skills: def.skill_ids.clone(),
tests/follow_up_chains.rs:169:        skill_ids: vec![SkillId("draconic_edge".into())],
tests/follow_up_chains.rs:365:        skill_ids: vec![SkillId("pepper_breath".into())],
tests/follow_up_chains.rs:417:            skills: breaker_def.skill_ids.clone(),
tests/follow_up_chains.rs:461:        skill_id: SkillId("agumon_ult".into()),
tests/roster_smoke.rs:84:            skill_ids: vec![],
tests/roster_smoke.rs:116:            skill_ids: vec![],
tests/roster_smoke.rs:323:        matches!(&e.kind, CombatEventKind::OnSkillCast { skill_id }
tests/roster_smoke.rs:324:            if skill_id.0 == "brave_tri_strike")
tests/pipeline_dispatch.rs:105:            skills: def.skill_ids.clone(),
tests/pipeline_dispatch.rs:419:        skill_id: SkillId("pepper_breath".into()),
docs/combat_design.md:347:Le seguenti unità Child hanno `skill_ids` con una sola voce in `units.ron`, contro le 2+ previste dal design:
docs/combat_design.md:349:| Unità | skill_ids in data | Skill design mancanti |
docs/combat_design.md:357:Patamon è l'eccezione: ha 2 skill_ids (`holy_breeze`, `patamon_revive`) ma con nomi e funzioni diversi dal design (Air Shot, Wing Slap).
docs/combat_design.md:558:`EvoLineId` raggruppa Child + Adult + (futuro Perfect + Ultimate + SuperUltimate) sotto stesso ID, abilitando logiche tipo "DNA Chip estratto da `agumon_line` non equipaggiabile su Agumon stessa" senza if hardcoded per nome.
tests/toughness_enemy_only.rs:163:        skill_id: SkillId("slam".into()),
tests/toughness_enemy_only.rs:233:        skill_id: SkillId("slam".into()),
tests/encounter_e2e.rs:229:            skill_id: SkillId("skill_a1".into()),
tests/encounter_e2e.rs:234:            skill_id: SkillId("skill_a2".into()),
tests/combat_coherence.rs:292:                skills: def.skill_ids.clone(),
tests/combat_coherence.rs:310:    skill_ids: Vec<&str>,
tests/combat_coherence.rs:339:                skills: skill_ids.into_iter().map(|id| SkillId(id.into())).collect(),
tests/combat_coherence.rs:407:        CombatEventKind::OnSkillCast { skill_id } => {
tests/combat_coherence.rs:409:                "{{\"kind\":\"OnSkillCast\",\"skill_id\":\"{}\"}}",
tests/combat_coherence.rs:410:                skill_id.0
tests/combat_coherence.rs:658:                    CombatEventKind::OnSkillCast { skill_id }
tests/combat_coherence.rs:659:                        if *skill_id == SkillId("renamon_ult".into())
