src/headless.rs:16:use crate::combat::observability::{capture_validation_snapshot, format_validation_snapshot};
src/headless.rs:27:use crate::combat::ultimate::{UltimateCharge, flush_ult_gain_system, ult_accumulation_system};
src/headless.rs:31:use crate::party_validation;
src/headless.rs:42:struct ValidationSnapshotLogged(bool);
src/headless.rs:86:    actions.push_back(EmitIntent(ActionIntent::Ultimate {
src/headless.rs:114:    .init_resource::<ValidationSnapshotLogged>()
src/headless.rs:119:        headless_validation_snapshot_once.before(headless_smoke_tick),
src/headless.rs:162:        &'static UltimateCharge,
src/headless.rs:170:fn headless_validation_snapshot_once(world: &mut World) {
src/headless.rs:175:    if world.resource::<ValidationSnapshotLogged>().0 {
src/headless.rs:179:    match capture_validation_snapshot(world) {
src/headless.rs:181:            "validation_snapshot: {}",
src/headless.rs:182:            format_validation_snapshot(&snapshot)
src/headless.rs:184:        Err(err) => error!("validation_snapshot_error: {err}"),
src/headless.rs:187:    world.resource_mut::<ValidationSnapshotLogged>().0 = true;
src/headless.rs:193:    data_ready: Option<Res<data::DataReady>>,
src/headless.rs:208:    if data_ready.is_none() {
src/headless.rs:218:        if let Err(err) = party_validation::validate_party_config(pcfg) {
tests/resource_caps.rs:12:    ultimate::{UltAccumulationTrigger, UltimateCharge},
tests/resource_caps.rs:59:fn make_ult() -> UltimateCharge {
tests/resource_caps.rs:60:    UltimateCharge {
tests/toughness_categories.rs:16:    ultimate::{UltAccumulationTrigger, UltimateCharge},
tests/toughness_categories.rs:61:fn make_ult() -> UltimateCharge {
tests/toughness_categories.rs:62:    UltimateCharge {
src/party_validation.rs:21:pub fn validate_party_config(party: &PartyConfig) -> Result<(), PartyConfigError> {
src/combat/log.rs:29:    ActionFailed {
tests/commander_flow.rs:10:    ultimate::{UltAccumulationTrigger, UltGainQueue, UltimateCharge, ult_accumulation_system},
tests/commander_flow.rs:40:fn enemy_does_not_target_commander() {
tests/commander_flow.rs:79:fn enemy_emits_no_intent_when_only_commander_is_alive() {
tests/commander_flow.rs:118:fn ally_offensive_event_charges_commander_ultimate() {
tests/commander_flow.rs:128:        UltimateCharge { current: 0, trigger: 100, cap: 150, trigger_type: UltAccumulationTrigger::OnOffensivePartyEvent, charge_per_event: 10 },
tests/commander_flow.rs:147:    let mut q = app.world_mut().query::<&UltimateCharge>();
tests/commander_flow.rs:151:        .expect("commander should have UltimateCharge");
tests/commander_flow.rs:157:fn enemy_offensive_event_does_not_charge_commander_ultimate() {
tests/commander_flow.rs:167:        UltimateCharge { current: 0, trigger: 100, cap: 150, trigger_type: UltAccumulationTrigger::OnOffensivePartyEvent, charge_per_event: 10 },
tests/commander_flow.rs:186:    let mut q = app.world_mut().query::<&UltimateCharge>();
tests/commander_flow.rs:190:        .expect("commander should have UltimateCharge");
tests/commander_flow.rs:192:    assert_eq!(charge.current, 0, "enemy offensive events must not charge commander ultimate");
src/windowed.rs:4://! optional validation tick that exits cleanly after a soak window.
src/windowed.rs:10:use crate::combat::observability::{capture_validation_snapshot, format_validation_snapshot};
src/windowed.rs:33:fn parse_windowed_validation_toggle(raw: Option<&str>) -> Result<bool, String> {
src/windowed.rs:43:fn parse_windowed_validation_config(
src/windowed.rs:47:    if !parse_windowed_validation_toggle(enabled_raw)? {
src/windowed.rs:70:    parse_windowed_validation_config(
src/windowed.rs:80:pub fn register(app: &mut App, validation: Option<WindowedValidationConfig>) {
src/windowed.rs:96:    if let Some(config) = validation {
src/windowed.rs:99:            .add_systems(Update, windowed_validation_tick);
src/windowed.rs:124:fn windowed_validation_tick(world: &mut World) {
src/windowed.rs:157:        info!("validation_windowed:start soak_secs={soak_secs}");
src/windowed.rs:161:        match capture_validation_snapshot(world) {
src/windowed.rs:163:                "validation_snapshot: {}",
src/windowed.rs:164:                format_validation_snapshot(&snapshot)
src/windowed.rs:166:            Err(err) => error!("validation_snapshot_error: {err}"),
src/windowed.rs:171:        info!("validation_windowed:finish soak_secs={soak_secs}");
src/windowed.rs:251:    fn windowed_validation_is_disabled_when_flag_absent_or_false() {
src/windowed.rs:252:        assert_eq!(parse_windowed_validation_config(None, None).unwrap(), None);
src/windowed.rs:254:            parse_windowed_validation_config(Some("false"), Some("300")).unwrap(),
src/windowed.rs:260:    fn windowed_validation_uses_default_soak_when_enabled_without_override() {
src/windowed.rs:262:            parse_windowed_validation_config(Some("1"), None).unwrap(),
src/windowed.rs:268:    fn windowed_validation_rejects_bad_inputs() {
src/windowed.rs:270:            parse_windowed_validation_config(Some("true"), Some("120")).unwrap(),
src/windowed.rs:273:        assert!(parse_windowed_validation_config(Some("true"), Some("0")).is_err());
src/windowed.rs:274:        assert!(parse_windowed_validation_config(Some("true"), Some("bogus")).is_err());
src/windowed.rs:275:        assert!(parse_windowed_validation_config(Some("maybe"), None).is_err());
src/combat/enemy_ai.rs:5://! The function assumes every `TargetInfo` in the slice is a valid, living, non-commander
src/combat/enemy_ai.rs:14:/// Snapshot of a single potential target, populated by the caller from Bevy components.
src/combat/enemy_ai.rs:28:    pub attacker_ult_ready: bool,
src/combat/enemy_ai.rs:35:/// 1. **Ultimate** — if `attacker_ult_ready` and at least one target exists.
src/combat/enemy_ai.rs:45:    let intent = if ctx.attacker_ult_ready {
src/combat/enemy_ai.rs:46:        ActionIntent::Ultimate {
src/combat/enemy_ai.rs:115:    fn pick_action_uses_ultimate_when_ready() {
src/combat/enemy_ai.rs:121:            attacker_ult_ready: true,
src/combat/enemy_ai.rs:126:            matches!(intent, ActionIntent::Ultimate { attacker: UnitId(10), target: UnitId(1) }),
src/combat/enemy_ai.rs:127:            "expected Ultimate, got {:?}",
src/combat/enemy_ai.rs:133:    fn pick_action_uses_skill_when_ult_not_ready() {
src/combat/enemy_ai.rs:139:            attacker_ult_ready: false,
src/combat/enemy_ai.rs:164:            attacker_ult_ready: false,
src/combat/enemy_ai.rs:183:            attacker_ult_ready: false,
src/combat/enemy_ai.rs:202:            attacker_ult_ready: false,
src/combat/follow_up_tests.rs:17:    ultimate::{UltAccumulationTrigger, UltimateCharge},
src/combat/follow_up_tests.rs:106:            UltimateCharge {
src/combat/follow_up_tests.rs:270:        FollowerSnapshot {
src/combat/follow_up_tests.rs:281:        FollowerSnapshot {
src/combat/follow_up_tests.rs:292:        FollowerSnapshot {
src/combat/follow_up_tests.rs:303:        FollowerSnapshot {
src/combat/follow_up_tests.rs:314:        FollowerSnapshot {
src/combat/follow_up_tests.rs:325:        FollowerSnapshot {
tests/form_identity.rs:19:    ultimate::{UltAccumulationTrigger, UltimateCharge},
tests/form_identity.rs:107:            UltimateCharge {
tests/form_identity.rs:141:            UltimateCharge {
tests/form_identity.rs:315:            UltimateCharge {
tests/form_identity.rs:480:            UltimateCharge {
src/combat/round_flags.rs:9:    /// When true, form identity has already fired this round for this unit.
src/combat/turn_system/pipeline.rs:41:        | ActionIntent::Ultimate { attacker, target } => (*attacker, *target),
src/combat/turn_system/pipeline.rs:83:    // let snapshots: Vec<ActorSnapshot> = actors
src/combat/turn_system/pipeline.rs:85:    //     .map(|(entity, team, unit, _, _, _, ko, stunned, commander, _, _)| ActorSnapshot {
src/combat/turn_system/pipeline.rs:92:    //         is_commander: commander.is_some(),
src/combat/turn_system/pipeline.rs:93:    //         ult_ready: false,
src/combat/turn_system/pipeline.rs:105:    //     log.push(LogEntry::ActionFailed { reason: "Attacker is stunned".to_string() });
src/combat/turn_system/pipeline.rs:106:    //     emit_combat_event(event_writer, CombatEventKind::OnActionFailed { reason: "Attacker is stunned".to_string() }, attacker_id, target_id, inflight.follow_up_depth);
src/combat/turn_system/pipeline.rs:113:    //         .filter(|s| s.team == Team::Ally && !s.is_ko && !s.is_commander && s.id != attacker_id)
src/combat/turn_system/pipeline.rs:128:    let Ok([(_, attacker_team, attacker_unit, attacker_kit, attacker_ult, _, attacker_ko, attacker_stunned, attacker_commander, _, mut attacker_streak, _), (_, defender_team, mut defender_unit, _defender_kit, _, mut defender_tough, defender_ko, _, defender_commander, _, _, mut defender_round_flags)]) =
src/combat/turn_system/pipeline.rs:132:        log.push(LogEntry::ActionFailed { reason: "Attacker is stunned".to_string() });
src/combat/turn_system/pipeline.rs:133:        emit_combat_event(event_writer, CombatEventKind::OnActionFailed { reason: "Attacker is stunned".to_string() }, attacker_id, target_id, inflight.follow_up_depth);
src/combat/turn_system/pipeline.rs:138:        log.push(LogEntry::ActionFailed { reason: "Attacker is KO".to_string() });
src/combat/turn_system/pipeline.rs:139:        emit_combat_event(event_writer, CombatEventKind::OnActionFailed { reason: "Attacker is KO".to_string() }, attacker_id, target_id, inflight.follow_up_depth);
src/combat/turn_system/pipeline.rs:143:    if defender_ko.is_some() && inflight.action.revive_pct == 0 {
src/combat/turn_system/pipeline.rs:144:        log.push(LogEntry::ActionFailed { reason: "Target is KO".to_string() });
src/combat/turn_system/pipeline.rs:145:        emit_combat_event(event_writer, CombatEventKind::OnActionFailed { reason: "Target is KO".to_string() }, attacker_id, target_id, inflight.follow_up_depth);
src/combat/turn_system/pipeline.rs:149:    if defender_ko.is_none() && inflight.action.revive_pct > 0 {
src/combat/turn_system/pipeline.rs:150:        log.push(LogEntry::ActionFailed { reason: "Target is not KO".to_string() });
src/combat/turn_system/pipeline.rs:151:        emit_combat_event(event_writer, CombatEventKind::OnActionFailed { reason: "Target is not KO".to_string() }, attacker_id, target_id, inflight.follow_up_depth);
src/combat/turn_system/pipeline.rs:157:    // let snapshots: Vec<ActorSnapshot> = actors
src/combat/turn_system/pipeline.rs:159:    //     .map(|(entity, team, unit, _, _, _, ko, stunned, commander, _, _)| ActorSnapshot {
src/combat/turn_system/pipeline.rs:166:    //         is_commander: commander.is_some(),
src/combat/turn_system/pipeline.rs:167:    //         ult_ready: false,
src/combat/turn_system/pipeline.rs:179:    //     log.push(LogEntry::ActionFailed { reason: "Attacker is stunned".to_string() });
src/combat/turn_system/pipeline.rs:180:    //     emit_combat_event(event_writer, CombatEventKind::OnActionFailed { reason: "Attacker is stunned".to_string() }, attacker_id, target_id, inflight.follow_up_depth);
src/combat/turn_system/pipeline.rs:208:        defender_commander.is_some(),
src/combat/turn_system/pipeline.rs:213:        emit_combat_event(event_writer, CombatEventKind::OnActionFailed { reason: "SP shortfall".to_string() }, attacker_id, target_id, inflight.follow_up_depth);
src/combat/turn_system/pipeline.rs:240:                // turn_order.push_back_on_revive(target_id);
src/combat/turn_system/pipeline.rs:243:            CombatEventKind::OnActionFailed { reason } => {
src/combat/turn_system/pipeline.rs:244:                log.push(LogEntry::ActionFailed { reason: reason.clone() });
src/combat/mod.rs:57:/// Ultimate charge meter + accumulation triggers.
tests/sp_economy.rs:7:/// - a second revive attempt fails until enough basic attacks rebuild SP
tests/sp_economy.rs:19:    ultimate::{UltAccumulationTrigger, UltimateCharge},
tests/sp_economy.rs:39:fn make_ult() -> UltimateCharge {
tests/sp_economy.rs:40:    UltimateCharge {
tests/sp_economy.rs:84:            id: SkillId("holy_revive".into()),
tests/sp_economy.rs:137:                    SkillId("holy_revive".into()),
tests/sp_economy.rs:213:    // First revive succeeds at exactly 5 SP, then the enemy KOs the target again so the
tests/sp_economy.rs:214:    // immediate second revive attempt can fail on insufficient SP rather than target state.
tests/sp_economy.rs:219:            skill_id: SkillId("holy_revive".into()),
tests/sp_economy.rs:229:            "victim should be revived after the first successful revive; history={sp_history:?}"
tests/sp_economy.rs:234:            "victim hp should be restored to 25 on revive; history={sp_history:?}"
tests/sp_economy.rs:236:        // In AV system, future_preview is always empty; revived unit re-enters via Ko removal.
tests/sp_economy.rs:239:            "revived victim should not have Ko — it will re-enter AV turn order automatically"
tests/sp_economy.rs:244:            "first revive should spend the full 5 SP; history={sp_history:?}"
tests/sp_economy.rs:260:            skill_id: SkillId("holy_revive".into()),
tests/sp_economy.rs:269:            "victim should remain KO after the unaffordable revive; history={sp_history:?}"
tests/sp_economy.rs:273:            "KO target should not regain HP on the failed revive; hp_current={}, history={sp_history:?}",
tests/sp_economy.rs:279:            "failed revive should not spend SP; history={sp_history:?}"
tests/sp_economy.rs:283:    // Rebuild from 0 SP with real basics before the second successful revive.
tests/sp_economy.rs:299:            skill_id: SkillId("holy_revive".into()),
tests/sp_economy.rs:309:            "victim should be revived after the second successful revive; history={sp_history:?}"
tests/sp_economy.rs:314:            "victim hp should be restored to 25 on the second revive; history={sp_history:?}"
tests/sp_economy.rs:316:        // In AV system, future_preview is always empty; revived unit re-enters via Ko removal.
tests/sp_economy.rs:319:            "revived victim should not have Ko — it will re-enter AV turn order automatically"
tests/sp_economy.rs:324:            "second revive should spend the full 5 SP; history={sp_history:?}"
tests/sp_economy.rs:370:        "expected the final two basics to rebuild SP without affecting revive gating; history={sp_history:?}"
src/ui/combat_panel.rs:19:    ultimate::UltimateCharge,
src/ui/combat_panel.rs:30:    Ultimate,
src/ui/combat_panel.rs:47:        &'static UltimateCharge,
src/ui/combat_panel.rs:59:        PendingKind::Ultimate => "Ultimate".to_string(),
src/ui/combat_panel.rs:109:        ultimate_ready: bool,
src/ui/combat_panel.rs:161:                ultimate_ready: ult.ready(),
src/ui/combat_panel.rs:260:                        && active_ally.as_ref().is_some_and(|ally| ally.ultimate_ready),
src/ui/combat_panel.rs:261:                    egui::Button::new("Ultimate"),
src/ui/combat_panel.rs:265:                pending_request = Some(Some(PendingKind::Ultimate));
src/ui/combat_panel.rs:344:                    LogEntry::ActionFailed { reason } => {
src/ui/combat_panel.rs:490:            PendingKind::Ultimate => ActionIntent::Ultimate {
src/combat/turn_system/tests.rs:238:        CombatEventKind::OnActionFailed { .. }
src/combat/turn_system/tests.rs:289:        CombatEventKind::OnActionFailed { reason } if reason == "Shock"
src/combat/turn_system/tests.rs:357:        UltimateCharge {
src/combat/turn_system/tests.rs:381:    if let LogEntry::ActionFailed { reason } = &log.events[0] {
src/combat/turn_system/tests.rs:384:        panic!("Expected ActionFailed, got {:?}", log.events[0]);
src/combat/turn_system/tests.rs:389:fn resolve_action_system_rejects_revive_on_healthy_target() {
src/combat/turn_system/tests.rs:401:    let revive_skill = SkillDef {
src/combat/turn_system/tests.rs:402:        id: SkillId("revive".into()),
src/combat/turn_system/tests.rs:408:    let handle = assets.add(SkillBook(vec![revive_skill]));
src/combat/turn_system/tests.rs:420:            skills: vec![SkillId("revive".into())],
src/combat/turn_system/tests.rs:424:        UltimateCharge {
src/combat/turn_system/tests.rs:441:        skill_id: SkillId("revive".into()),
src/combat/turn_system/tests.rs:449:    if let LogEntry::ActionFailed { reason } = &log.events[0] {
src/combat/turn_system/tests.rs:452:        panic!("Expected ActionFailed, got {:?}", log.events[0]);
src/combat/turn_system/tests.rs:485:        UltimateCharge {
src/combat/turn_system/tests.rs:509:    if let LogEntry::ActionFailed { reason } = &log.events[0] {
src/combat/turn_system/tests.rs:512:        panic!("Expected ActionFailed, got {:?}", log.events[0]);
src/combat/observability.rs:16:    ultimate::UltimateCharge,
src/combat/observability.rs:21:pub struct ValidationSnapshot {
src/combat/observability.rs:29:    pub units: Vec<ValidationUnitSnapshot>,
src/combat/observability.rs:51:    ActionFailed {
src/combat/observability.rs:61:pub struct ValidationUnitSnapshot {
src/combat/observability.rs:79:pub enum ValidationSnapshotError {
src/combat/observability.rs:83:    MissingUltimateCharge { unit: UnitId },
src/combat/observability.rs:86:impl fmt::Display for ValidationSnapshotError {
src/combat/observability.rs:92:            Self::MissingUltimateCharge { unit } => {
src/combat/observability.rs:93:                write!(f, "unit {:?} missing UltimateCharge", unit)
src/combat/observability.rs:99:impl std::error::Error for ValidationSnapshotError {}
src/combat/observability.rs:101:pub fn capture_validation_snapshot(
src/combat/observability.rs:103:) -> Result<ValidationSnapshot, ValidationSnapshotError> {
src/combat/observability.rs:107:            .ok_or(ValidationSnapshotError::MissingResource("CombatState"))?;
src/combat/observability.rs:113:            .ok_or(ValidationSnapshotError::MissingResource("SpPool"))?;
src/combat/observability.rs:129:        .ok_or(ValidationSnapshotError::MissingResource("ActionLog"))?
src/combat/observability.rs:150:            LogEntry::ActionFailed { reason } => ValidationLogEntry::ActionFailed {
src/combat/observability.rs:164:        Option<&UltimateCharge>,
src/combat/observability.rs:172:            .ok_or(ValidationSnapshotError::MissingTeam { unit: unit.id })?;
src/combat/observability.rs:175:            .ok_or(ValidationSnapshotError::MissingToughness { unit: unit.id })?;
src/combat/observability.rs:178:            .ok_or(ValidationSnapshotError::MissingUltimateCharge { unit: unit.id })?;
src/combat/observability.rs:180:        units.push(ValidationUnitSnapshot {
src/combat/observability.rs:201:    Ok(ValidationSnapshot {
src/combat/observability.rs:213:pub fn format_validation_snapshot(snapshot: &ValidationSnapshot) -> String {
src/combat/observability.rs:278:        ValidationLogEntry::Revive { target, hp_after } => format!("revive(target={},hp_after={})", target.0, hp_after),
src/combat/observability.rs:279:        ValidationLogEntry::ActionFailed { reason } => format!("fail(reason={})", reason),
src/combat/observability.rs:286:fn format_units(units: &[ValidationUnitSnapshot]) -> String {
src/combat/observability.rs:291:fn format_unit(unit: &ValidationUnitSnapshot) -> String {
src/combat/resolution.rs:10:    ultimate::UltimateCharge,
src/combat/resolution.rs:35:    /// False on early returns (KO'd target, commander guard, etc.).
src/combat/resolution.rs:60:        ActionIntent::Ultimate { .. } => &kit.ultimate,
src/combat/resolution.rs:71:        ActionIntent::Ultimate { attacker, target } => (*attacker, *target, UltEffect::Reset),
src/combat/resolution.rs:81:        revive_pct: skill_revive_pct(&skill.effects),
src/combat/resolution.rs:112:fn skill_revive_pct(effects: &[Effect]) -> i32 {
src/combat/resolution.rs:175:    attacker_ult: &mut UltimateCharge,
src/combat/resolution.rs:179:    defender_is_commander: bool,
src/combat/resolution.rs:185:    if defender_is_commander {
src/combat/resolution.rs:186:        events.push(CombatEventKind::OnActionFailed {
src/combat/resolution.rs:193:        events.push(CombatEventKind::OnActionFailed {
src/combat/resolution.rs:199:    if resolved.revive_pct > 0 {
src/combat/resolution.rs:201:            events.push(CombatEventKind::OnActionFailed {
src/combat/resolution.rs:207:        events.push(CombatEventKind::OnActionFailed {
src/combat/resolution.rs:236:    if matches!(resolved.ult_effect, UltEffect::Reset) && !attacker_ult.ready() {
src/combat/resolution.rs:248:    if resolved.revive_pct > 0 {
src/combat/resolution.rs:249:        defender_unit.revive(resolved.revive_pct);
tests/pipeline_dispatch.rs:14:    ultimate::{UltAccumulationTrigger, UltimateCharge},
tests/pipeline_dispatch.rs:88:        UltimateCharge {
tests/pipeline_dispatch.rs:126:        UltimateCharge {
tests/pipeline_dispatch.rs:267:        UltimateCharge {
tests/pipeline_dispatch.rs:388:        matches!(&e.kind, CombatEventKind::OnActionFailed { reason } if reason.contains("SP"))
tests/pipeline_dispatch.rs:402:        "OnActionFailed{{SP}} missing — lifecycle must report SP shortfall\n{dump}"
tests/pipeline_dispatch.rs:416:    assert!(p < f, "PreApp must precede OnActionFailed\n{dump}");
tests/pipeline_dispatch.rs:417:    assert!(f < a, "OnActionFailed must precede Applied\n{dump}");
tests/pipeline_dispatch.rs:422:    assert!(!has_damage, "OnDamageDealt must not appear when action fails due to SP shortfall\n{dump}");
src/combat/types.rs:31:/// JP canonical naming per MEM019: EN 'Ultimate' = JP 'Perfect'; JP 'Ultimate' = EN 'Mega'.
src/combat/types.rs:39:    Ultimate,
src/combat/types.rs:40:    SuperUltimate,
src/combat/turn_system/mod.rs:24:    ultimate::UltimateCharge,
src/combat/turn_system/mod.rs:44:    Ultimate {
src/combat/turn_system/mod.rs:60:        Option<&'static mut UltimateCharge>,
src/combat/turn_system/mod.rs:85:        ActionIntent::Ultimate { .. } => "Ultimate",
src/combat/turn_system/mod.rs:132:            ActionIntent::Ultimate { .. } => ActionIntentKind::Ultimate,
src/combat/turn_system/mod.rs:177:        Option<&UnitSkills>, Option<&UltimateCharge>, Option<&Toughness>, Option<&Commander>,
src/combat/turn_system/mod.rs:199:        is_commander: bool,
src/combat/turn_system/mod.rs:201:        ult_ready: bool,
src/combat/turn_system/mod.rs:203:    let snapshots: Vec<Snap> = query.iter_mut().map(|(entity, unit, team, _, _, _, stunned, _, skills, ult, toughness, commander, _)| Snap {
src/combat/turn_system/mod.rs:212:        is_commander: commander.is_some(),
src/combat/turn_system/mod.rs:214:        ult_ready: ult.map(|u| u.ready()).unwrap_or(false),
src/combat/turn_system/mod.rs:255:                            emit_combat_event(&mut event_writer, CombatEventKind::OnActionFailed { reason: "Shock".to_string() }, active_id, active_id, 0);
src/combat/turn_system/mod.rs:282:                .filter(|s| s.team == Team::Ally && !s.is_commander)
src/combat/turn_system/mod.rs:294:                attacker_ult_ready: snap.ult_ready,
src/combat/turn_system/mod.rs:308:    let mut units_ready: Vec<(UnitId, Entity, i32)> = Vec::new();
src/combat/turn_system/mod.rs:319:        if av.is_ready() {
src/combat/turn_system/mod.rs:320:            units_ready.push((unit.id, entity, av.0));
src/combat/turn_system/mod.rs:324:    units_ready.sort_by(|a, b| b.2.cmp(&a.2).then_with(|| a.0.0.cmp(&b.0.0)));
src/combat/turn_system/mod.rs:326:    if let Some((unit_id_ready, entity_ready, _)) = units_ready.first() {
src/combat/turn_system/mod.rs:328:            let Ok((_, _, _, _, _, Some(mut av), _, _, _, _, _, _, _)) = query.get_mut(*entity_ready) else { return; };
src/combat/turn_system/mod.rs:331:            turn_flow.p1().write(TurnAdvanced { unit_id: *unit_id_ready, av_at_turn: old_av_val, av_change: MAX_AV });
src/combat/turn_system/mod.rs:332:            turn_order.active_unit = Some(*unit_id_ready);
src/combat/bootstrap.rs:14:use super::ultimate::{UltAccumulationTrigger, UltimateCharge};
src/combat/bootstrap.rs:156:        UltimateCharge::new(
src/combat/bootstrap.rs:173:    if def.role_tags.contains(&"commander".to_string()) {
