113:pub fn resolve_action_system(
            let skills_ref: &UnitSkills = if let Some(s) = snap.skills.as_ref() {
                s
            } else {
                fallback_skills = UnitSkills { basic: SkillId(String::new()), skills: Vec::new(), ultimate: SkillId(String::new()), follow_up: None };
                &fallback_skills
            };
            let ally_targets: Vec<enemy_ai::TargetInfo> = snapshots.iter()
                .filter(|s| s.team == Team::Ally && !s.is_commander)
                .map(|s| enemy_ai::TargetInfo {
                    id: s.id,
                    toughness_current: s.toughness_current,
                    toughness_max: s.toughness_max,
                    hp_current: s.hp_current,
                    hp_max: s.hp_max,
                })
                .collect();
            let ctx = enemy_ai::EnemyTurnContext {
                attacker_id: snap.id,
                attacker_skills: skills_ref,
                attacker_ult_ready: snap.ult_ready,
                targets: &ally_targets,
            };
            if let Some(intent) = enemy_ai::pick_enemy_action(&ctx) {
                intents_out.write(intent);
            }
        }
    }

    // === Part 2: AV advancement (only in WaitingForTurn phase) ===
    if state.phase != CombatPhase::WaitingForTurn {
        return;
    }

    let mut units_ready: Vec<(UnitId, Entity, i32)> = Vec::new();

    for (entity, unit, _, speed_opt, speed_mod_opt, av_opt, stunned, _, _, _, _, _, _, _) in query.iter_mut() {
        if stunned.is_some() { continue; }
        let (Some(speed), Some(speed_mod), Some(mut av)) = (speed_opt, speed_mod_opt, av_opt) else {
            continue;
        };
        let av_gain = (speed.0 + speed_mod.0) * AV_PER_SPEED;
        let old_av = av.0;
        av.advance(av_gain);
        av_event_writer.write(ActionValueUpdated { unit_id: entity, old_value: old_av, new_value: av.0 });
        if av.is_ready() {
            units_ready.push((unit.id, entity, av.0));
        }
    }

    units_ready.sort_by(|a, b| b.2.cmp(&a.2).then_with(|| a.0.0.cmp(&b.0.0)));

    if let Some((unit_id_ready, entity_ready, _)) = units_ready.first() {
        if turn_order.active_unit.is_none() {
            let Ok((_, _, _, _, _, Some(mut av), _, _, _, _, _, _, _, _)) = query.get_mut(*entity_ready) else { return; };
            let old_av_val = av.0;
            av.reset();
            turn_flow.p1().write(TurnAdvanced { unit_id: *unit_id_ready, av_at_turn: old_av_val, av_change: MAX_AV });
            turn_order.active_unit = Some(*unit_id_ready);
            set_phase(&mut *state, CombatPhase::WaitingAction);
        }
    }
}

/// Processes `CombatEvent::TurnAdvance` messages and applies the corresponding AV delta
/// to the target unit, factoring in `TempoResistance` for negative (Delay) amounts.
pub fn apply_turn_advance_system(
    mut events: MessageReader<crate::combat::events::CombatEvent>,
    mut units: Query<(&crate::combat::unit::Unit, &mut ActionValue, Option<&mut TempoResistance>)>,
) {
    use crate::combat::events::CombatEventKind;
    for event in events.read() {
