    Checking bevyrogue v0.1.0 (/home/fabio/dev/bevyrogue/.gsd/worktrees/M012)
warning: unused import: `MAX_AV`
  --> src/combat/bootstrap.rs:10:30
   |
10 | use super::av::{ActionValue, MAX_AV};
   |                              ^^^^^^
   |
   = note: `#[warn(unused_imports)]` (part of `#[warn(unused)]`) on by default

warning: unused import: `order_from_speeds`
  --> src/combat/bootstrap.rs:16:36
   |
16 | use super::turn_order::{TurnOrder, order_from_speeds};
   |                                    ^^^^^^^^^^^^^^^^^

warning: unused import: `crate::combat::stun::Stunned`
 --> src/combat/action_query.rs:6:5
  |
6 | use crate::combat::stun::Stunned;
  |     ^^^^^^^^^^^^^^^^^^^^^^^^^^^^

warning: unused imports: `Commander` and `Ko`
  --> src/combat/action_query.rs:12:27
   |
12 | use crate::combat::unit::{Commander, Ko, Unit};
   |                           ^^^^^^^^^  ^^

warning: unused import: `turn_order::TurnOrder`
  --> src/combat/observability.rs:14:5
   |
14 |     turn_order::TurnOrder,
   |     ^^^^^^^^^^^^^^^^^^^^^

warning: unused import: `grant_free_skill_events`
  --> src/combat/turn_system/pipeline.rs:17:5
   |
17 |     grant_free_skill_events,
   |     ^^^^^^^^^^^^^^^^^^^^^^^

warning: unused import: `crate::combat::team::Team`
  --> src/combat/turn_system/pipeline.rs:25:5
   |
25 | use crate::combat::team::Team;
   |     ^^^^^^^^^^^^^^^^^^^^^^^^^

warning: unused import: `crate::combat::types::SkillId`
  --> src/combat/turn_system/pipeline.rs:27:5
   |
27 | use crate::combat::types::SkillId;
   |     ^^^^^^^^^^^^^^^^^^^^^^^^^^^^^

error[E0615]: attempted to take value of method `ready` on type `&UltimateCharge`
   --> src/combat/action_query.rs:101:43
    |
101 |             ultimate_ready: ult.map(|u| u.ready).unwrap_or(false),
    |                                           ^^^^^ method, not a field
    |
help: use parentheses to call the method
    |
101 |             ultimate_ready: ult.map(|u| u.ready()).unwrap_or(false),
    |                                                ++

error[E0026]: variant `ActionIntent::Skill` does not have a field named `skill`
   --> src/combat/turn_system/mod.rs:132:45
    |
132 |             ActionIntent::Skill { attacker, skill, target } => {
    |                                             ^^^^^
    |                                             |
    |                                             variant `ActionIntent::Skill` does not have this field
    |                                             help: `ActionIntent::Skill` has a field named `skill_id`

error[E0027]: pattern does not mention field `skill_id`
   --> src/combat/turn_system/mod.rs:132:13
    |
132 |             ActionIntent::Skill { attacker, skill, target } => {
    |             ^^^^^^^^^^^^^^^^^^^^^^^^^^^^^^^^^^^^^^^^^^^^^^^ missing field `skill_id`
    |
help: include the missing field in the pattern
    |
132 |             ActionIntent::Skill { attacker, skill, target, skill_id } => {
    |                                                          ++++++++++
help: if you don't care about this missing field, you can explicitly ignore it
    |
132 |             ActionIntent::Skill { attacker, skill, target, skill_id: _ } => {
    |                                                          +++++++++++++
help: or always ignore missing fields here
    |
132 |             ActionIntent::Skill { attacker, skill, target, .. } => {
    |                                                          ++++

error[E0609]: no field `entries` on type `bevy::bevy_ecs::change_detection::ResMut<'_, ActionLog>`
   --> src/combat/turn_system/mod.rs:174:21
    |
174 |                 log.entries.push(crate::combat::log::LogEntry::ActionFailed {
    |                     ^^^^^^^ unknown field
    |
    = note: available field is: `events`

error[E0599]: no method named `send` found for struct `bevy::bevy_ecs::message::MessageWriter<'w, E>` in the current scope
   --> src/combat/turn_system/mod.rs:177:30
    |
177 |                 event_writer.send(CombatEvent {
    |                 -------------^^^^
    |
help: there is a method `write` with a similar name
    |
177 -                 event_writer.send(CombatEvent {
177 +                 event_writer.write(CombatEvent {
    |

error[E0560]: struct `CombatEvent` has no field named `actor`
   --> src/combat/turn_system/mod.rs:179:21
    |
179 |                     actor: actor_id,
    |                     ^^^^^ `CombatEvent` does not have this field
    |
    = note: available fields are: `source`, `follow_up_depth`

error[E0560]: struct `CombatEvent` has no field named `value`
   --> src/combat/turn_system/mod.rs:181:21
    |
181 |                     value: 0,
    |                     ^^^^^ `CombatEvent` does not have this field
    |
    = note: available fields are: `source`, `follow_up_depth`

warning: variable does not need to be mutable
   --> src/combat/turn_system/pipeline.rs:125:65
    |
125 | ...   let Ok((_, attacker_team, attacker_unit, _attacker_kit, mut attacker_ult, mut defender_tough, attacker_ko, attacker_stunned, ...
    |                                                               ----^^^^^^^^^^^^
    |                                                               |
    |                                                               help: remove this `mut`
    |
    = note: `#[warn(unused_mut)]` (part of `#[warn(unused)]`) on by default

warning: variable does not need to be mutable
   --> src/combat/turn_system/pipeline.rs:125:178
    |
125 | ...nned, attacker_commander, _, mut attacker_streak, mut attacker_round_flags)) =
    |                                                      ----^^^^^^^^^^^^^^^^^^^^
    |                                                      |
    |                                                      help: remove this `mut`

warning: variable does not need to be mutable
   --> src/combat/turn_system/pipeline.rs:344:58
    |
344 |     let (_, attacker_team, attacker_unit, _attacker_kit, mut attacker_ult, _, attacker_ko, attacker_stunned, attacker_commander, _,...
    |                                                          ----^^^^^^^^^^^^
    |                                                          |
    |                                                          help: remove this `mut`

warning: unused variable: `turn_order`
  --> src/combat/turn_system/pipeline.rs:96:5
   |
96 |     turn_order: &mut ResMut<TurnOrder>,
   |     ^^^^^^^^^^ help: if this is intentional, prefix it with an underscore: `_turn_order`
   |
   = note: `#[warn(unused_variables)]` (part of `#[warn(unused)]`) on by default

warning: unused variable: `attacker_commander`
   --> src/combat/turn_system/pipeline.rs:344:110
    |
344 | ...cker_stunned, attacker_commander, _, mut attacker_streak, _attacker_round_flags) = attacker;
    |                  ^^^^^^^^^^^^^^^^^^ help: if this is intentional, prefix it with an underscore: `_attacker_commander`

Some errors have detailed explanations: E0026, E0027, E0560, E0599, E0609, E0615.
For more information about an error, try `rustc --explain E0026`.
warning: `bevyrogue` (lib) generated 13 warnings
error: could not compile `bevyrogue` (lib) due to 7 previous errors; 13 warnings emitted
   Compiling bevyrogue v0.1.0 (/home/fabio/dev/bevyrogue/.gsd/worktrees/M012)
warning: unused import: `MAX_AV`
  --> src/combat/bootstrap.rs:10:30
   |
10 | use super::av::{ActionValue, MAX_AV};
   |                              ^^^^^^
   |
   = note: `#[warn(unused_imports)]` (part of `#[warn(unused)]`) on by default

warning: unused import: `order_from_speeds`
  --> src/combat/bootstrap.rs:16:36
   |
16 | use super::turn_order::{TurnOrder, order_from_speeds};
   |                                    ^^^^^^^^^^^^^^^^^

warning: unused import: `crate::combat::stun::Stunned`
 --> src/combat/action_query.rs:6:5
  |
6 | use crate::combat::stun::Stunned;
  |     ^^^^^^^^^^^^^^^^^^^^^^^^^^^^

warning: unused imports: `Commander` and `Ko`
  --> src/combat/action_query.rs:12:27
   |
12 | use crate::combat::unit::{Commander, Ko, Unit};
   |                           ^^^^^^^^^  ^^

warning: unused import: `turn_order::TurnOrder`
  --> src/combat/observability.rs:14:5
   |
14 |     turn_order::TurnOrder,
   |     ^^^^^^^^^^^^^^^^^^^^^

warning: unused import: `grant_free_skill_events`
  --> src/combat/turn_system/pipeline.rs:17:5
   |
17 |     grant_free_skill_events,
   |     ^^^^^^^^^^^^^^^^^^^^^^^

warning: unused import: `crate::combat::team::Team`
  --> src/combat/turn_system/pipeline.rs:25:5
   |
25 | use crate::combat::team::Team;
   |     ^^^^^^^^^^^^^^^^^^^^^^^^^

warning: unused import: `crate::combat::types::SkillId`
  --> src/combat/turn_system/pipeline.rs:27:5
   |
27 | use crate::combat::types::SkillId;
   |     ^^^^^^^^^^^^^^^^^^^^^^^^^^^^^

error[E0615]: attempted to take value of method `ready` on type `&UltimateCharge`
   --> src/combat/action_query.rs:101:43
    |
101 |             ultimate_ready: ult.map(|u| u.ready).unwrap_or(false),
    |                                           ^^^^^ method, not a field
    |
help: use parentheses to call the method
    |
101 |             ultimate_ready: ult.map(|u| u.ready()).unwrap_or(false),
    |                                                ++

error[E0026]: variant `ActionIntent::Skill` does not have a field named `skill`
   --> src/combat/turn_system/mod.rs:132:45
    |
132 |             ActionIntent::Skill { attacker, skill, target } => {
    |                                             ^^^^^
    |                                             |
    |                                             variant `ActionIntent::Skill` does not have this field
    |                                             help: `ActionIntent::Skill` has a field named `skill_id`

error[E0027]: pattern does not mention field `skill_id`
   --> src/combat/turn_system/mod.rs:132:13
    |
132 |             ActionIntent::Skill { attacker, skill, target } => {
    |             ^^^^^^^^^^^^^^^^^^^^^^^^^^^^^^^^^^^^^^^^^^^^^^^ missing field `skill_id`
    |
help: include the missing field in the pattern
    |
132 |             ActionIntent::Skill { attacker, skill, target, skill_id } => {
    |                                                          ++++++++++
help: if you don't care about this missing field, you can explicitly ignore it
    |
132 |             ActionIntent::Skill { attacker, skill, target, skill_id: _ } => {
    |                                                          +++++++++++++
help: or always ignore missing fields here
    |
132 |             ActionIntent::Skill { attacker, skill, target, .. } => {
    |                                                          ++++

error[E0609]: no field `entries` on type `bevy::bevy_ecs::change_detection::ResMut<'_, ActionLog>`
   --> src/combat/turn_system/mod.rs:174:21
    |
174 |                 log.entries.push(crate::combat::log::LogEntry::ActionFailed {
    |                     ^^^^^^^ unknown field
    |
    = note: available field is: `events`

error[E0599]: no method named `send` found for struct `bevy::bevy_ecs::message::MessageWriter<'w, E>` in the current scope
   --> src/combat/turn_system/mod.rs:177:30
    |
177 |                 event_writer.send(CombatEvent {
    |                 -------------^^^^
    |
help: there is a method `write` with a similar name
    |
177 -                 event_writer.send(CombatEvent {
177 +                 event_writer.write(CombatEvent {
    |

error[E0560]: struct `CombatEvent` has no field named `actor`
   --> src/combat/turn_system/mod.rs:179:21
    |
179 |                     actor: actor_id,
    |                     ^^^^^ `CombatEvent` does not have this field
    |
    = note: available fields are: `source`, `follow_up_depth`

error[E0560]: struct `CombatEvent` has no field named `value`
   --> src/combat/turn_system/mod.rs:181:21
    |
181 |                     value: 0,
    |                     ^^^^^ `CombatEvent` does not have this field
    |
    = note: available fields are: `source`, `follow_up_depth`

warning: variable does not need to be mutable
   --> src/combat/turn_system/pipeline.rs:125:65
    |
125 | ...   let Ok((_, attacker_team, attacker_unit, _attacker_kit, mut attacker_ult, mut defender_tough, attacker_ko, attacker_stunned, ...
    |                                                               ----^^^^^^^^^^^^
    |                                                               |
    |                                                               help: remove this `mut`
    |
    = note: `#[warn(unused_mut)]` (part of `#[warn(unused)]`) on by default

warning: variable does not need to be mutable
   --> src/combat/turn_system/pipeline.rs:125:178
    |
125 | ...nned, attacker_commander, _, mut attacker_streak, mut attacker_round_flags)) =
    |                                                      ----^^^^^^^^^^^^^^^^^^^^
    |                                                      |
    |                                                      help: remove this `mut`

warning: variable does not need to be mutable
   --> src/combat/turn_system/pipeline.rs:344:58
    |
344 |     let (_, attacker_team, attacker_unit, _attacker_kit, mut attacker_ult, _, attacker_ko, attacker_stunned, attacker_commander, _,...
    |                                                          ----^^^^^^^^^^^^
    |                                                          |
    |                                                          help: remove this `mut`

warning: unused variable: `turn_order`
  --> src/combat/turn_system/pipeline.rs:96:5
   |
96 |     turn_order: &mut ResMut<TurnOrder>,
   |     ^^^^^^^^^^ help: if this is intentional, prefix it with an underscore: `_turn_order`
   |
   = note: `#[warn(unused_variables)]` (part of `#[warn(unused)]`) on by default

warning: unused variable: `attacker_commander`
   --> src/combat/turn_system/pipeline.rs:344:110
    |
344 | ...cker_stunned, attacker_commander, _, mut attacker_streak, _attacker_round_flags) = attacker;
    |                  ^^^^^^^^^^^^^^^^^^ help: if this is intentional, prefix it with an underscore: `_attacker_commander`

Some errors have detailed explanations: E0026, E0027, E0560, E0599, E0609, E0615.
For more information about an error, try `rustc --explain E0026`.
warning: `bevyrogue` (lib) generated 13 warnings
error: could not compile `bevyrogue` (lib) due to 7 previous errors; 13 warnings emitted
