## S01 exists=True len=4924
---
id: S01
parent: M015
milestone: M015
provides:
  - truthful M015 blocker inventory
  - deterministic ledger verification
  - replacement coverage for the removed battery-loop target
requires:
  []
---
## S02 exists=True len=4919
---
id: S02
parent: M015
milestone: M015
provides:
  - (none)
requires:
  []
affects:
  []
---
## S03 exists=True len=12616
---
id: S03
parent: M015
milestone: M015
provides:
  - Executable Patamon per-Digimon blueprint seed seam.
  - Typed, defaulted RON custom-signal schema and resolved-action propagation.
  - Live beat/kernel lifecycle event emission from the shared action pipeline.
  - Complete kernel runtime registration for app/CLI headless paths.
  - Updated authority map, drift ledger, and failure ledger that downstream S04/S05/S06 can consume.
---
## S04 exists=True len=11339
---
id: S04
parent: M015
milestone: M015
provides:
  - Non-authoritative presentation beat/trigger contract for S05 CLI proof.
  - Headless runtime test proof that presentation metadata cannot alter action query, resolved action, events, kernel beat transitions, Holy Support state, or validation snapshots.
  - Documentation and executable audit markers closing D8 and validating R097.
requires:
  - slice: S03
---
## S05 exists=True len=9969
---
id: S05
parent: M015
milestone: M015
provides:
  - Deterministic real-binary CLI proof for shared action query, CombatEvent, beat, kernel transition, and validation snapshot surfaces.
  - Evidence that `combat_cli` does not implement a CLI-only combat path or parse presentation metadata as gameplay authority.
  - Cwd-stable asset loading for the CLI through manifest-root assets.
  - Durable S05 proof docs and claim-scoped verifier gates for S06 to consume.
requires:
---
## S06 exists=True len=6939
---
id: S06
parent: M015
milestone: M015
provides:
  - green no-run baseline
  - green full runtime baseline
  - real shared-surface CLI proof
  - truthful closure ledger for downstream validation
requires:
---
