warning: unused import: `grant_free_skill_events`
  --> src/combat/turn_system/pipeline.rs:16:20
   |
16 |     apply_effects, grant_free_skill_events, resolve_action, target_shape_rejection_reason,
   |                    ^^^^^^^^^^^^^^^^^^^^^^^
   |
   = note: `#[warn(unused_imports)]` (part of `#[warn(unused)]`) on by default

warning: unused import: `crate::combat::team::Team`
  --> src/combat/turn_system/pipeline.rs:23:5
   |
23 | use crate::combat::team::Team;
   |     ^^^^^^^^^^^^^^^^^^^^^^^^^

warning: unused import: `crate::combat::types::SkillId`
  --> src/combat/turn_system/pipeline.rs:25:5
   |
25 | use crate::combat::types::SkillId;
   |     ^^^^^^^^^^^^^^^^^^^^^^^^^^^^^

warning: variable does not need to be mutable
   --> src/combat/turn_system/pipeline.rs:173:13
    |
173 |             mut attacker_ult,
    |             ----^^^^^^^^^^^^
    |             |
    |             help: remove this `mut`
    |
    = note: `#[warn(unused_mut)]` (part of `#[warn(unused)]`) on by default

warning: variable does not need to be mutable
   --> src/combat/turn_system/pipeline.rs:181:13
    |
181 |             mut attacker_round_flags,
    |             ----^^^^^^^^^^^^^^^^^^^^
    |             |
    |             help: remove this `mut`

warning: variable does not need to be mutable
   --> src/combat/turn_system/pipeline.rs:439:9
    |
439 |         mut attacker_ult,
    |         ----^^^^^^^^^^^^
    |         |
    |         help: remove this `mut`

warning: unused variable: `turn_order`
   --> src/combat/turn_system/pipeline.rs:130:5
    |
130 |     turn_order: &mut ResMut<TurnOrder>,
    |     ^^^^^^^^^^ help: if this is intentional, prefix it with an underscore: `_turn_order`
    |
    = note: `#[warn(unused_variables)]` (part of `#[warn(unused)]`) on by default

warning: unused variable: `attacker_commander`
   --> src/combat/turn_system/pipeline.rs:444:9
    |
444 |         attacker_commander,
    |         ^^^^^^^^^^^^^^^^^^ help: if this is intentional, prefix it with an underscore: `_attacker_commander`

warning: field `is_stunned` is never read
   --> src/combat/follow_up.rs:303:5
    |
297 | struct FormIdentitySnapshot {
    |        -------------------- field in this struct
...
303 |     is_stunned: bool,
    |     ^^^^^^^^^^
    |
    = note: `#[warn(dead_code)]` (part of `#[warn(unused)]`) on by default

warning: unused import: `LegalityReasonCode`
  --> src/combat/follow_up_tests.rs:22:17
   |
22 |         Effect, LegalityReasonCode, SelfTargetRule, SkillBook, SkillDef, SkillImplementation,
   |                 ^^^^^^^^^^^^^^^^^^
   |
   = note: `#[warn(unused_imports)]` (part of `#[warn(unused)]`) on by default

warning: unused import: `grant_free_skill_events`
  --> src/combat/turn_system/pipeline.rs:16:20
   |
16 |     apply_effects, grant_free_skill_events, resolve_action, target_shape_rejection_reason,
   |                    ^^^^^^^^^^^^^^^^^^^^^^^

warning: unused import: `LegalityReasonCode`
  --> src/combat/turn_system/tests.rs:14:13
   |
14 |     Effect, LegalityReasonCode, SelfTargetRule, SkillBook, SkillDef, SkillImplementation,
   |             ^^^^^^^^^^^^^^^^^^

warning: variable does not need to be mutable
    --> src/combat/kernel.rs:1274:13
     |
1274 |         let mut step = TacticalCycleStep::default();
     |             ----^^^^
     |             |
     |             help: remove this `mut`
     |
     = note: `#[warn(unused_mut)]` (part of `#[warn(unused)]`) on by default

warning: variable does not need to be mutable
   --> src/combat/turn_system/pipeline.rs:173:13
    |
173 |             mut attacker_ult,
    |             ----^^^^^^^^^^^^
    |             |
    |             help: remove this `mut`

warning: function `advance_turn_system_skips_stunned_unit_OLD` should have a snake case name
  --> src/combat/turn_system/tests.rs:80:4
   |
80 | fn advance_turn_system_skips_stunned_unit_OLD() {
   |    ^^^^^^^^^^^^^^^^^^^^^^^^^^^^^^^^^^^^^^^^^^ help: convert the identifier to snake case: `advance_turn_system_skips_stunned_unit_old`
   |
   = note: `#[warn(non_snake_case)]` (part of `#[warn(nonstandard_style)]`) on by default

warning: function `advance_turn_system_burn_clamps_hp_and_expires_OLD` should have a snake case name
   --> src/combat/turn_system/tests.rs:121:4
    |
121 | fn advance_turn_system_burn_clamps_hp_and_expires_OLD() {
    |    ^^^^^^^^^^^^^^^^^^^^^^^^^^^^^^^^^^^^^^^^^^^^^^^^^^ help: convert the identifier to snake case: `advance_turn_system_burn_clamps_hp_and_expires_old`

warning: function `advance_turn_system_freeze_updates_and_clears_speed_modifier_OLD` should have a snake case name
   --> src/combat/turn_system/tests.rs:169:4
    |
169 | fn advance_turn_system_freeze_updates_and_clears_speed_modifier_OLD() {
    |    ^^^^^^^^^^^^^^^^^^^^^^^^^^^^^^^^^^^^^^^^^^^^^^^^^^^^^^^^^^^^^^^^ help: convert the identifier to snake case: `advance_turn_system_freeze_updates_and_clears_speed_modifier_old`

warning: function `advance_turn_system_shock_zero_percent_does_not_cancel_OLD` should have a snake case name
   --> src/combat/turn_system/tests.rs:214:4
    |
214 | fn advance_turn_system_shock_zero_percent_does_not_cancel_OLD() {
    |    ^^^^^^^^^^^^^^^^^^^^^^^^^^^^^^^^^^^^^^^^^^^^^^^^^^^^^^^^^^ help: convert the identifier to snake case: `advance_turn_system_shock_zero_percent_does_not_cancel_old`

warning: function `advance_turn_system_shock_full_cancel_emits_action_failed_OLD` should have a snake case name
   --> src/combat/turn_system/tests.rs:268:4
    |
268 | fn advance_turn_system_shock_full_cancel_emits_action_failed_OLD() {
    |    ^^^^^^^^^^^^^^^^^^^^^^^^^^^^^^^^^^^^^^^^^^^^^^^^^^^^^^^^^^^^^ help: convert the identifier to snake case: `advance_turn_system_shock_full_cancel_emits_action_failed_old`

warning: function `advance_turn_system_stunned_unit_skips_status_tick_OLD` should have a snake case name
   --> src/combat/turn_system/tests.rs:321:4
    |
321 | fn advance_turn_system_stunned_unit_skips_status_tick_OLD() {
    |    ^^^^^^^^^^^^^^^^^^^^^^^^^^^^^^^^^^^^^^^^^^^^^^^^^^^^^^ help: convert the identifier to snake case: `advance_turn_system_stunned_unit_skips_status_tick_old`

warning: `bevyrogue` (lib) generated 9 warnings (run `cargo fix --lib -p bevyrogue` to apply 8 suggestions)
warning: `bevyrogue` (lib test) generated 18 warnings (7 duplicates) (run `cargo fix --lib -p bevyrogue --tests` to apply 5 suggestions)
   Compiling bevyrogue v0.1.0 (/home/fabio/dev/bevyrogue/.gsd/worktrees/M015)
warning: unused import: `LegalityReasonCode`
  --> tests/encounter_e2e.rs:17:17
   |
17 |         Effect, LegalityReasonCode, SelfTargetRule, SkillBook, SkillDef, SkillImplementation,
   |                 ^^^^^^^^^^^^^^^^^^
   |
   = note: `#[warn(unused_imports)]` (part of `#[warn(unused)]`) on by default

warning: `bevyrogue` (test "encounter_e2e") generated 1 warning (run `cargo fix --test "encounter_e2e" -p bevyrogue` to apply 1 suggestion)
error: this file contains an unclosed delimiter
   --> tests/status_effect_integration.rs:430:3
    |
 87 | fn basic_skill() -> SkillDef {
    |                              - unclosed delimiter
...
430 | }
    |  ^

error: could not compile `bevyrogue` (test "status_effect_integration") due to 1 previous error
warning: build failed, waiting for other jobs to finish...
error: expected `;`, found `custom_signals`
  --> tests/twin_core_integration.rs:43:67
   |
43 |         .unwrap_or_else(|| panic!("missing canonical skill {id}"))
   |                                                                   ^ help: add `;` here
44 |
45 |     custom_signals: vec![],
   |     -------------- unexpected token

error: expected identifier, found `:`
  --> tests/twin_core_integration.rs:45:19
   |
45 |     custom_signals: vec![],
   |                   ^ expected identifier

error: this file contains an unclosed delimiter
    --> tests/action_affordance_query.rs:1368:3
     |
  89 | fn basic_attack_skill(id: &str) -> SkillDef {
     |                                             - unclosed delimiter
...
 112 | fn offensive_skill(id: &str, sp_cost: i32) -> SkillDef {
     |                                                        - unclosed delimiter
...
 135 | fn any_target_skill(id: &str) -> SkillDef {
     |                                           - unclosed delimiter
...
 158 | fn hidden_self_only_skill() -> SkillDef {
     |                                         - unclosed delimiter
...
 180 | fn revive_skill() -> SkillDef {
     |                               - unclosed delimiter
...
 200 | fn damaged_ally_skill() -> SkillDef {
     |                                     - another 2 unclosed delimiters begin from here
...
1368 | }
     |  ^

error: could not compile `bevyrogue` (test "action_affordance_query") due to 1 previous error
warning: unused import: `LegalityReasonCode`
  --> tests/patamon_revive.rs:18:17
   |
18 |         Effect, LegalityReasonCode, SelfTargetRule, SkillBook, SkillDef, SkillImplementation,
   |                 ^^^^^^^^^^^^^^^^^^
   |
   = note: `#[warn(unused_imports)]` (part of `#[warn(unused)]`) on by default

warning: unused import: `SkillId`
  --> tests/twin_core_integration.rs:17:32
