src/data/skills_ron.rs:9:pub enum TargetShape {
src/data/skills_ron.rs:11:    Row,
src/data/skills_ron.rs:12:    AllEnemies,
src/data/skills_ron.rs:19:    Damage { amount: i32, target: TargetShape },
src/data/skills_ron.rs:20:    ToughnessHit(i32),
src/data/skills_ron.rs:24:    Revive(i32),
src/data/skills_ron.rs:29:    GrantEnergy(i32),
src/data/skills_ron.rs:63:                    target: TargetShape::Single,
src/data/skills_ron.rs:65:                Effect::ToughnessHit(10),
src/data/skills_ron.rs:86:            target: TargetShape::Single,
src/data/skills_ron.rs:96:        let effect = Effect::ToughnessHit(10);
src/data/skills_ron.rs:98:        assert_eq!(s, "ToughnessHit(10)");
src/data/skills_ron.rs:99:        let back: Effect = ron::from_str("ToughnessHit(10)").expect("parse");
src/data/skills_ron.rs:113:        let effect = Effect::Revive(25);
src/data/skills_ron.rs:115:        assert_eq!(s, "Revive(25)");
src/data/skills_ron.rs:116:        let back: Effect = ron::from_str("Revive(25)").expect("parse");
src/data/skills_ron.rs:208:        let effect = Effect::GrantEnergy(5);
src/data/skills_ron.rs:210:        assert_eq!(s, "GrantEnergy(5)");
src/data/skills_ron.rs:211:        let back: Effect = ron::from_str("GrantEnergy(5)").expect("parse");
src/data/skills_ron.rs:234:            // Surviving Child kits (post-cleanup D039)
src/data/skills_ron.rs:251:                "missing Child skill asset {required}"
docs/combat_design.md:10:* ogni linea ha **1 Child + 1 Adult** (naming JP — vedi sez. 15);
docs/combat_design.md:17:Riduzione di scope per release iniziale: sistemi Mark/Assist Fire, Momentum, Phase Action, Stability (Window e Punitive), Anti-Evolved trait family, Tamer Commands secondari, Toughness varianti avanzate, Ultimate Windows multiple, Damage Tags ridondanti — tutti rimossi o tagliati a versione minima. Aggiunto schema DNA Chips e schema EvoStage forward-compat. Vedi changelog finale.
docs/combat_design.md:23:Il giocatore è un **Tamer strategico**.
docs/combat_design.md:24:La battaglia si vince preparando il team giusto, scegliendo la forma giusta e leggendo Attribute, Damage Tag, Intent, Toughness e risorse.
docs/combat_design.md:25:Le Child sono efficienti, flessibili e utili per stabilizzare; le Adult sono forme avanzate normali, più forti e più specializzate.
docs/combat_design.md:41:* +15% Toughness damage
docs/combat_design.md:50:* riduce del 50% il primo effetto Enemy Counter trait ricevuto nel combat.
docs/combat_design.md:74:Include Basic Attack e Skill. Può generare SP (solo Basic), Energy piena, status, Break, e triggerare reazioni.
docs/combat_design.md:77:Include Ultimate e Tamer Command. Le Ultimate consumano Energy e azzerano la barra.
docs/combat_design.md:80:Include Follow-up, Counter, Detonation. Genera Energy ridotta, non causa Break (salvo eccezioni dichiarate sul kit).
docs/combat_design.md:94:## Energy & Energy Caps
docs/combat_design.md:95:* Max Energy: 100 (per-unit).
docs/combat_design.md:96:* Max 10 Energy/round da Secondary Actions.
docs/combat_design.md:97:* Max 30 Energy/round da fonti esterne (Tamer, alleati).
docs/combat_design.md:99:## Tamer Gauge
docs/combat_design.md:117:# 6. Toughness / Break / DoT
docs/combat_design.md:120:Toughness e Break esistono **solo lato nemico**. Gli alleati non hanno una barra Toughness.
docs/combat_design.md:122:## Categorie di Toughness Nemica (MVP: 3 sole)
docs/combat_design.md:123:* **Standard Toughness**: comportamento normale.
docs/combat_design.md:124:* **Armored Toughness**: alta Toughness, HP più basso. Tipico di Elite.
docs/combat_design.md:125:* **Shielded Toughness**: non può essere Broken finché una condizione non viene risolta (vedi Break Seal). Tipico di Boss.
docs/combat_design.md:135:DoT non possono causare Break, ma preparano il "Break Setup" a 1 Toughness.
docs/combat_design.md:145:L'Ultimate del player può essere lanciato in qualsiasi End-of-Action Window se la barra Energy è piena. (Le Start Window e Danger Window della v5.2 sono differite — Danger Window è gestita implicitamente da Emergency Guard, vedi sez. 10).
docs/combat_design.md:149:# 8. Child vs Adult
docs/combat_design.md:151:## Child
docs/combat_design.md:153:* **Skill discount**: dopo 2 Basic Attack di una Child nello stesso combat, la sua prossima Skill costa -1 SP.
docs/combat_design.md:154:* **Tamer Gauge boost**: Basic Attack contro un nemico con Intent rivelato genera Tamer Gauge extra.
docs/combat_design.md:158:Forme specializzate. Pagano SP/Energy ma offrono burst o utilità condizionale forte.
docs/combat_design.md:161:Form choice (Child o Adult) è bloccata pre-combat.
docs/combat_design.md:174:| Greymon | `OnFirstHitVsTagThisRound(Fire)` | `GrantEnergy(5)` |
docs/combat_design.md:175:| Garurumon | `OnFirstHitVsTagThisRound(Ice)` | `GrantEnergy(5)` |
docs/combat_design.md:176:| Kabuterimon | `OnFirstHitVsTagThisRound(Electric)` | `GrantEnergy(5)` |
docs/combat_design.md:178:| DORUgamon | `OnFirstSkillCastWithTag(Dark)` | Skill separata `dorugamon_form_identity` → `ToughnessHit(10)` |
docs/combat_design.md:181:**Pattern implementativo scelto (D050):** DORUgamon e Angemon usano un follow-up skill separato anziché i variant `BonusToughnessDamage`/`BonusDamageVsAttribute` dell'enum `Effect`. Quei variant sono stati rimossi in S09 come MVP debt — il `fire-a-separate-skill` approach è più semplice e garantisce lo stesso risultato comportamentale (verificato dai test `form_identity.rs` e dalle fixture TTK).
docs/combat_design.md:185:# 10. Tamer Commands (Tamer Gauge: 0-100)
docs/combat_design.md:192:### Emergency Guard — 50
docs/combat_design.md:194:* -50% se attivato durante la Danger Window di un Charged Attack nemico (vedi sez. 13).
docs/combat_design.md:209:* **Slow / Tempo** (Gabumon, Renamon lines): forte contro Charged Attacks. *Debole contro*: Tempo Anchor, Minimum Action Threshold.
docs/combat_design.md:210:* **Battery** (Tentomon line): forte per Ultimate timing. *Debole contro*: Energy drain, fight brevi, SP pressure.
docs/combat_design.md:211:* **Break** (DORUmon line): forte contro elite/boss windows. *Debole contro*: Break Seal, Toughness adattiva.
docs/combat_design.md:223:  * **Basic**: Physical hit. Se il target è Burning, genera +2 Energy.
docs/combat_design.md:226:  * **Passive**: Hitting Burning grants 5 Energy (max 2/round).
docs/combat_design.md:227:* **Greymon** (Toughness Pressure vs Burning):
docs/combat_design.md:228:  * **Basic**: Physical hit. Se il target è Burning, genera +2 Energy.
docs/combat_design.md:229:  * **Skill 1 — Mega Flame** (1 SP): Fire dmg. If Burning, +15% Toughness dmg.
docs/combat_design.md:230:  * **Skill 2 — Horn Impulse** (2 SP): Physical charge. High Toughness dmg.
docs/combat_design.md:231:  * **Ultimate — Tail Crash** (100 E): AoE Physical sweep. Massive Toughness dmg contro nemici Burning (niente Detonation).
docs/combat_design.md:232:  * **Form Identity**: First hit vs Burning each round grants 5 Energy o +10% Toughness dmg ("Se brucia, lo rompo").
docs/combat_design.md:240:* **Garurumon** (Pack Protector / Tempo Guardian):
docs/combat_design.md:244:  * **Ultimate — Foxfire** (100 E): Heavy Ice. Se usato durante Charged Attack telegrafato, riduce incoming dmg per tutto il team.
docs/combat_design.md:245:  * **Form Identity**: Prima volta che colpisce un target Slowed o protegge un alleato ogni round → +5 Energy.
docs/combat_design.md:247:## 3. Tentomon Line (Energy Battery & Control)
docs/combat_design.md:250:  * **Skill — Petit Thunder** (1 SP): Electric dmg. Gains 10 Energy.
docs/combat_design.md:252:  * **Passive — Static Charge**: Ogni terzo Electric hit di Tentomon dona 5 Energy all'alleato con Energy più bassa.
docs/combat_design.md:255:  * **Skill 1 — Mega Blaster** (1 SP): Electric dmg. Se il target è Shocked, transfer 10 Energy a alleato sotto 50 Energy.
docs/combat_design.md:257:  * **Ultimate — Mega Blaster** (100 E): Heavy AoE. Drains piccola Energy ai nemici.
docs/combat_design.md:258:  * **Form Identity**: Primo Electric Skill del round dona +5 Energy a un alleato sotto 50 Energy.
docs/combat_design.md:275:* **DORUmon** (Toughness Damage):
docs/combat_design.md:276:  * **Basic**: Physical hit. Contro un nemico ad alta Toughness (>50%), infligge Toughness damage bonus.
docs/combat_design.md:277:  * **Skill 1 — Metal Cannon** (1 SP): Physical dmg. High Toughness dmg.
docs/combat_design.md:278:  * **Skill 2 — Dash Metal** (1 SP): Physical hit. Bonus Toughness dmg se Toughness >50%.
docs/combat_design.md:279:  * **Ultimate — Metal Cannon** (100 E): AoE Toughness reduction.
docs/combat_design.md:280:  * **Passive**: +20% Toughness dmg vs target sopra 50% Toughness.
docs/combat_design.md:282:  * **Basic**: Physical hit. Bonus Toughness dmg se >50%. Se il nemico ha Shield (Break Seal), questo attacco intacca leggermente lo scudo.
docs/combat_design.md:283:  * **Skill 1 — Power Metal** (1 SP): Physical dmg. Applies Cracked se target >75% Toughness.
docs/combat_design.md:285:  * **Ultimate — Power Metal** (100 E): Heavy Physical. Se Cracked, prossimo direct hit guadagna +50% Toughness dmg.
docs/combat_design.md:286:  * **Form Identity**: Infligge Toughness dmg aumentato a target Cracked.
docs/combat_design.md:294:  * **Passive**: Healing/cleansing un alleato sotto 50% HP grants 10 Energy (max 1/round).
docs/combat_design.md:298:  * **Skill 2 — Holy Rod** (2 SP): Light dmg + Silence chance.
docs/combat_design.md:299:  * **Ultimate — God Typhoon** (100 E): Heavy Light hit. Cleanses 1 debuff su tutto il team. Se usato durante Charged Attack telegrafato, interrompe o mitiga pesantemente l'attacco.
docs/combat_design.md:300:  * **Form Identity**: Heaven's Knuckle guadagna bonus value vs Virus OR contro target che sta caricando un Charged Attack.
docs/combat_design.md:304:# 13. Enemy Counterplay
docs/combat_design.md:314:**Counter**: switch tattico tramite Tamer Command (Scan per leggere Attribute), o uscire dall'engagement con Retreat.
docs/combat_design.md:317:* **Mechanic**: Il bersaglio subisce il 50% in meno di HP damage dalle Secondary Actions (Follow-up, Counter, Detonation). Il Toughness damage rimane normale.
docs/combat_design.md:318:* **Counter**: Affidarsi a burst Primary, o usare Toughness pressure (DORUmon line) per scalfire il nemico invece di cercare DPS reaction-based.
docs/combat_design.md:322:* **Counter**: Il Toughness damage inflitto allo scudo riduce l'efficacia del prossimo Charged Attack del boss. DORUgamon e DORUmon restano utili per mitigarne i danni.
docs/combat_design.md:326:* **Counter**: Tempo squad (Renamon/Gabumon line) deve usare Slow + Self-Advance per creare finestre, non per stunlock infiniti.
docs/combat_design.md:328:## Charged Attacks (Boss / Mini-Boss only)
docs/combat_design.md:334:  * Mitigare con Emergency Guard (-50% se attivato in finestra).
docs/combat_design.md:340:# 14. DNA Chips (Synergy Roguelite Layer)
docs/combat_design.md:342:DNA Chips sono la meccanica MVP che implementa R074 (build variety roguelite con stesso roster).
docs/combat_design.md:347:Naming "DNA" è canon-fedele: nel lore Digimon, DNA Digivolution è la fusione di tratti tra Digimon.
docs/combat_design.md:404:    Child,         // EN: Rookie       — usato in MVP
docs/combat_design.md:422:Per MVP usiamo solo `Child` e `Adult`. Ma lo schema regge **tutti i 7 stage** (Baby I → SuperUltimate) per evitare migration painful quando in expansion successive aggiungiamo Perfect/Ultimate/SuperUltimate. Costo di pianificare ora: 5 minuti di schema. Costo di NON pianificare: refactor del `UnitDef` + di tutti i RON file + di tutti i test fixture.
docs/combat_design.md:424:`EvoLineId` raggruppa Child + Adult + (futuro Perfect + Ultimate + SuperUltimate) sotto stesso ID, abilitando logiche tipo "DNA Chip estratto da `agumon_line` non equipaggiabile su Agumon stessa" senza if hardcoded per nome.
docs/combat_design.md:428:- File design (questo) usa "Child" e "Adult" come termini in prosa, NON "Rookie" e "Champion".
docs/combat_design.md:443:* **Tamer Commands ridotti.**
docs/combat_design.md:444:  * *Modifica*: 7 comandi → 3 (Data Scan 20, Emergency Guard 50, Retreat 100). Focus, Cheer, Stabilize, Tactical Shift, Deep Scan tier differiti post-MVP. (D041.)
docs/combat_design.md:447:* **Toughness varianti ridotte.**
docs/combat_design.md:451:* **Enemy Counterplay ridotti.**
docs/combat_design.md:452:  * *Modifica*: 12 trait totali → 4 (Type Trap, Reactive Armor, Break Seal Boss, Tempo Anchor Boss). Anti-Evolved famiglia rimossa interamente. SP Taxer, Anti-DoT Cleanser, Follow-up Thorns differiti.
docs/combat_design.md:453:  * *Comportamento incoraggiato*: Counterplay leggibile, non rumore.
docs/combat_design.md:460:  * *Modifica*: 3 finestre → 1 (End-of-Action). Start Window e Danger Window esplicite differite. Danger Window è gestita implicitamente dal trigger di Charged Attack + Emergency Guard.
docs/combat_design.md:463:* **DNA Chips schema introdotto.**
docs/combat_design.md:468:  * *Modifica*: enum 7-stage (BabyI → SuperUltimate) con naming JP canonico (D040). MVP usa solo Child + Adult ma lo schema regge expansion.
docs/sprite_pipeline_evaluation.md:861:- Es: "Mon Tamer Roguelite" pubblicamente, "Digimon fan-game" nei credit.
assets/data/skills.ron:7:        effects: [Damage(amount: 18, target: Single), ToughnessHit(10)],
assets/data/skills.ron:14:        effects: [Damage(amount: 16, target: Single), ToughnessHit(8)],
assets/data/skills.ron:21:        effects: [Damage(amount: 17, target: Single), ToughnessHit(9)],
assets/data/skills.ron:28:        effects: [Damage(amount: 16, target: Single), ToughnessHit(8)],
assets/data/skills.ron:35:        effects: [Damage(amount: 15, target: Single), ToughnessHit(8)],
assets/data/skills.ron:42:        effects: [Damage(amount: 50, target: Single), ToughnessHit(30)],
assets/data/skills.ron:49:        effects: [Damage(amount: 48, target: Single), ToughnessHit(28)],
assets/data/skills.ron:56:        effects: [Damage(amount: 48, target: Single), ToughnessHit(30)],
assets/data/skills.ron:63:        effects: [Damage(amount: 48, target: Single), ToughnessHit(30)],
assets/data/skills.ron:70:        effects: [Damage(amount: 45, target: Single), ToughnessHit(28)],
assets/data/skills.ron:77:        effects: [Damage(amount: 22, target: Single), ToughnessHit(12)],
assets/data/skills.ron:84:        effects: [Damage(amount: 20, target: Single), ToughnessHit(10)],
assets/data/skills.ron:91:        effects: [Damage(amount: 20, target: Single), ToughnessHit(10)],
assets/data/skills.ron:98:        effects: [Damage(amount: 23, target: Single), ToughnessHit(13)],
assets/data/skills.ron:105:        effects: [Damage(amount: 18, target: Single), ToughnessHit(9)],
assets/data/skills.ron:112:        effects: [Damage(amount: 30, target: Row), ToughnessHit(20)],
assets/data/skills.ron:119:        effects: [Damage(amount: 44, target: Single), ToughnessHit(30)],
assets/data/skills.ron:126:        effects: [Damage(amount: 45, target: Single), ToughnessHit(30)],
assets/data/skills.ron:130:        name: "Holy Revive",
assets/data/skills.ron:133:        effects: [Revive(25)],
assets/data/skills.ron:147:        effects: [Revive(15)],
assets/data/skills.ron:161:        effects: [Damage(amount: 30, target: Single), ToughnessHit(15), GrantFreeSkill(count: 4)],
assets/data/skills.ron:168:        effects: [Damage(amount: 20, target: Single), ToughnessHit(12)],
assets/data/skills.ron:175:        effects: [Damage(amount: 45, target: Single), ToughnessHit(25)],
assets/data/skills.ron:182:        effects: [Damage(amount: 15, target: Single), ToughnessHit(8), ApplyStatus(kind: Burn(damage_per_turn: 5), duration: 3)],
assets/data/skills.ron:191:        effects: [Damage(amount: 12, target: Single), ToughnessHit(6)],
assets/data/skills.ron:198:        effects: [Damage(amount: 16, target: Single), ToughnessHit(8), ApplyStatus(kind: Shock(cancel_chance_pct: 25), duration: 1)],
assets/data/skills.ron:205:        effects: [Damage(amount: 18, target: Single), ToughnessHit(9)],
assets/data/skills.ron:213:        effects: [Damage(amount: 16, target: Single), ToughnessHit(10)],
assets/data/skills.ron:220:        effects: [Damage(amount: 22, target: Single), ToughnessHit(12), ApplyStatus(kind: Burn(damage_per_turn: 6), duration: 3)],
assets/data/skills.ron:227:        effects: [Damage(amount: 18, target: Single), ToughnessHit(20)],
assets/data/skills.ron:234:        effects: [Damage(amount: 55, target: Row), ToughnessHit(35)],
assets/data/skills.ron:241:        effects: [Damage(amount: 24, target: Single), ToughnessHit(14)],
assets/data/skills.ron:248:        effects: [GrantEnergy(5)],
assets/data/skills.ron:255:        effects: [GrantEnergy(5)],
assets/data/skills.ron:263:        effects: [Damage(amount: 15, target: Single), ToughnessHit(8)],
assets/data/skills.ron:270:        effects: [Damage(amount: 20, target: Single), ToughnessHit(10), ApplyStatus(kind: Freeze(speed_reduction: 15), duration: 2)],
assets/data/skills.ron:277:        effects: [Damage(amount: 24, target: Single), ToughnessHit(14), ApplyStatus(kind: Freeze(speed_reduction: 20), duration: 2)],
assets/data/skills.ron:284:        effects: [Damage(amount: 52, target: Single), ToughnessHit(32)],
assets/data/skills.ron:291:        effects: [Damage(amount: 22, target: Single), ToughnessHit(12)],
assets/data/skills.ron:298:        effects: [GrantEnergy(5)],
assets/data/skills.ron:306:        effects: [Damage(amount: 15, target: Single), ToughnessHit(8)],
assets/data/skills.ron:313:        effects: [Damage(amount: 22, target: Single), ToughnessHit(11), ApplyStatus(kind: Shock(cancel_chance_pct: 30), duration: 1)],
assets/data/skills.ron:320:        effects: [Damage(amount: 18, target: Row), ToughnessHit(12), ApplyStatus(kind: Shock(cancel_chance_pct: 25), duration: 1)],
assets/data/skills.ron:327:        effects: [Damage(amount: 50, target: Row), ToughnessHit(30)],
assets/data/skills.ron:334:        effects: [Damage(amount: 22, target: Single), ToughnessHit(12)],
assets/data/skills.ron:342:        effects: [Damage(amount: 16, target: Single), ToughnessHit(8)],
assets/data/skills.ron:349:        effects: [Damage(amount: 22, target: Single), ToughnessHit(10), ApplyStatus(kind: Freeze(speed_reduction: 12), duration: 2)],
assets/data/skills.ron:356:        effects: [Damage(amount: 28, target: Single), ToughnessHit(14)],
assets/data/skills.ron:363:        effects: [Damage(amount: 50, target: Row), ToughnessHit(28), TurnAdvance(20)],
assets/data/skills.ron:370:        effects: [Damage(amount: 22, target: Single), ToughnessHit(12)],
assets/data/skills.ron:385:        effects: [Damage(amount: 15, target: Single), ToughnessHit(12)],
assets/data/skills.ron:392:        effects: [Damage(amount: 22, target: Single), ToughnessHit(18)],
assets/data/skills.ron:399:        effects: [Damage(amount: 26, target: Single), ToughnessHit(20)],
assets/data/skills.ron:406:        effects: [Damage(amount: 50, target: Single), ToughnessHit(38)],
assets/data/skills.ron:413:        effects: [Damage(amount: 24, target: Single), ToughnessHit(15)],
assets/data/skills.ron:415:    // S09 Form Identity: fires on OnFirstSkillCastWithTag(Dark); fires a separate ToughnessHit follow-up (see D050)
assets/data/skills.ron:421:        effects: [ToughnessHit(10)],
assets/data/skills.ron:429:        effects: [Damage(amount: 14, target: Single), ToughnessHit(20)],
assets/data/skills.ron:436:        effects: [Damage(amount: 22, target: Single), ToughnessHit(11)],
assets/data/skills.ron:443:        effects: [Damage(amount: 26, target: Single), ToughnessHit(14)],
assets/data/skills.ron:450:        effects: [Damage(amount: 48, target: Row), ToughnessHit(28), Revive(20)],
assets/data/skills.ron:457:        effects: [Damage(amount: 20, target: Single), ToughnessHit(10)],
assets/data/skills.ron:496:        effects: [Damage(amount: 18, target: Single), ToughnessHit(10)],
assets/data/skills.ron:503:        effects: [Damage(amount: 25, target: Single), ToughnessHit(14)],
assets/data/skills.ron:510:        effects: [Damage(amount: 32, target: Single), ToughnessHit(18)],
assets/data/skills.ron:517:        effects: [Damage(amount: 60, target: Single), ToughnessHit(25)],
src/data/mod.rs:44:fn load_data(mut commands: Commands, asset_server: Res<AssetServer>) {
src/data/mod.rs:54:    mut commands: Commands,
assets/data/units.ron:26:        evo_stage: Child,
assets/data/units.ron:54:        evo_stage: Child,
assets/data/units.ron:82:        evo_stage: Child,
assets/data/units.ron:110:        evo_stage: Child,
assets/data/units.ron:138:        evo_stage: Child,
assets/data/units.ron:143:    // Tentomon line — Battery (Child + Adult)
assets/data/units.ron:168:        evo_stage: Child,
assets/data/units.ron:172:    // Greymon (Adult of Agumon) — Burn + Toughness pressure
assets/data/units.ron:337:    // Angemon (Adult of Patamon) — Heal + Cleanse + Holy/Anti-Virus
assets/data/units.ron:393:        evo_stage: Child,
assets/data/units.ron:421:        evo_stage: Child,
src/data/units_ron.rs:6:use crate::combat::toughness::ToughnessCategory;
src/data/units_ron.rs:43:    /// Toughness defensive archetype; defaults to Standard for backward compatibility.
src/data/units_ron.rs:45:    pub toughness_category: ToughnessCategory,
src/data/units_ron.rs:71:            // MVP v5.3 roster (D039) — 6 Child + 6 Adult
src/data/units_ron.rs:118:            evo_stage: EvoStage::Child,
src/data/units_ron.rs:122:            toughness_category: ToughnessCategory::Standard,
src/data/units_ron.rs:142:        // All other Child forms have 1 active skill.
src/data/units_ron.rs:253:                    EvoStage::Child,
src/data/units_ron.rs:254:                    "expected Child stage for {}",
src/data/units_ron.rs:334:                evo_stage: Child,
src/data/units_ron.rs:375:                evo_stage: Child,
