   |            ^^^^^^^^^^^^

warning: fields `future_preview` and `queue` are never read
  --> src/combat/turn_order.rs:13:9
   |
 9 | pub struct TurnOrder {
   |            --------- fields in this struct
...
13 |     pub future_preview: Vec<UnitId>,
   |         ^^^^^^^^^^^^^^
14 |     /// Compat shim for pre-AV tests: always empty in the AV system.
15 |     pub queue: VecDeque<UnitId>,
   |         ^^^^^
   |
   = note: `TurnOrder` has a derived impl for the trait `Debug`, but this is intentionally ignored during dead code analysis

warning: methods `seed` and `insert_out_of_queue` are never used
  --> src/combat/turn_order.rs:20:12
   |
18 | impl TurnOrder {
   | -------------- methods in this implementation
19 |     /// No-op in the AV system; seeds were needed only for the old VecDeque order.
20 |     pub fn seed(&mut self, _units: impl IntoIterator<Item = UnitId>) {}
   |            ^^^^
...
23 |     pub fn insert_out_of_queue(&mut self, _unit_id: UnitId) {}
   |            ^^^^^^^^^^^^^^^^^^^

warning: associated function `of` is never used
  --> src/combat/turn_order.rs:37:12
   |
35 | impl TurnAdvanced {
   | ----------------- associated function in this implementation
36 |     /// Convenience constructor for tests and compatibility code; sets AV metadata to zero.
37 |     pub fn of(unit_id: UnitId) -> Self {
   |            ^^

warning: constant `TICK_AV_AMOUNT` is never used
  --> src/combat/turn_system/mod.rs:30:11
   |
30 | pub const TICK_AV_AMOUNT: i32 = 1000; // Arbitrary tick amount for AV accumulation. For deterministic turns
   |           ^^^^^^^^^^^^^^

warning: function `validate_skill_book` is never used
   --> src/data/skills_ron.rs:175:8
    |
175 | pub fn validate_skill_book(book: &SkillBook) -> Result<(), SkillBookValidationError> {
    |        ^^^^^^^^^^^^^^^^^^^

warning: function `validation_error` is never used
   --> src/data/skills_ron.rs:182:4
    |
182 | fn validation_error(
    |    ^^^^^^^^^^^^^^^^

warning: function `skill_has_effect` is never used
   --> src/data/skills_ron.rs:196:4
    |
196 | fn skill_has_effect(skill: &SkillDef, predicate: impl Fn(&Effect) -> bool) -> bool {
    |    ^^^^^^^^^^^^^^^^

warning: function `validate_skill_def` is never used
   --> src/data/skills_ron.rs:200:4
    |
200 | fn validate_skill_def(skill: &SkillDef) -> Result<(), SkillBookValidationError> {
    |    ^^^^^^^^^^^^^^^^^^

warning: `bevyrogue` (bin "combat_cli") generated 2 warnings (run `cargo fix --bin "combat_cli" -p bevyrogue` to apply 2 suggestions)
warning: `bevyrogue` (bin "bevyrogue") generated 147 warnings (10 duplicates) (run `cargo fix --bin "bevyrogue" -p bevyrogue` to apply 7 suggestions)
    Finished `test` profile [optimized + debuginfo] target(s) in 0.31s
     Running tests/battery_loop_kernel.rs (target/debug/deps/battery_loop_kernel-b02b1e317f70733e)

running 4 tests
test circuit_spend_cannot_underflow_and_records_a_blocked_reason ... ok
test static_charge_caps_and_reports_a_stable_blocked_reason_on_the_fourth_hit ... ok
test static_charge_starts_clean_and_grants_energy_on_the_third_hit ... ok
test tactical_cycle_reset_is_visible_after_message_flush ... ok

test result: ok. 4 passed; 0 failed; 0 ignored; 0 measured; 0 filtered out; finished in 0.00s

