implementation: Implemented: 60
implementation: Deferred: 6
implementation: Hidden: 6
shape: Single: 61
shape: Row: 6
shape: AllEnemies: 0
shape: SelfOnly: 5
side: Ally: 2
side: Enemy: 65
life: Ko: 2
life: Alive: 65
skill ids with Deferred/Hidden or non-single shape:
heat_viper Row Deferred(reason: UnimplementedTargetShape)
greymon_ult Row Deferred(reason: UnimplementedTargetShape)
greymon_form_identity SelfOnly Hidden(reason: UnimplementedEffect)
garurumon_form_identity SelfOnly Hidden(reason: UnimplementedEffect)
kabuterimon_form_identity SelfOnly Hidden(reason: UnimplementedEffect)
mega_blaster_aoe Row Deferred(reason: UnimplementedTargetShape)
kabuterimon_ult Row Deferred(reason: UnimplementedTargetShape)
kyubimon_ult Row Deferred(reason: UnimplementedTargetShape)
kyubimon_form_identity SelfOnly Hidden(reason: UnimplementedEffect)
dorugamon_follow_up Single Implemented
angemon_ult Row Deferred(reason: UnimplementedEffect)
angemon_follow_up Single Implemented
