   Compiling bevyrogue v0.1.0 (/home/fabio/dev/bevyrogue/.gsd/worktrees/M015)
error: expected one of `.`, `?`, `}`, or an operator, found `custom_signals`
   --> src/data/skills_ron.rs:641:5
    |
639 |             ..Default::default()
    |                                 - expected one of `.`, `?`, `}`, or an operator
640 |         
641 |     custom_signals: vec![],
    |     ^^^^^^^^^^^^^^ unexpected token
    |
   ::: /home/fabio/.rustup/toolchains/nightly-x86_64-unknown-linux-gnu/lib/rustlib/src/rust/library/alloc/src/macros.rs:46:6
    |
 46 |     ($elem:expr; $n:expr) => (
    |      ---------- while parsing argument for this `expr` macro fragment

error: expected one of `.`, `?`, `}`, or an operator, found `custom_signals`
   --> src/data/skills_ron.rs:672:5
    |
670 |             ..Default::default()
    |                                 - expected one of `.`, `?`, `}`, or an operator
671 |         
672 |     custom_signals: vec![],
    |     ^^^^^^^^^^^^^^ unexpected token
    |
   ::: /home/fabio/.rustup/toolchains/nightly-x86_64-unknown-linux-gnu/lib/rustlib/src/rust/library/alloc/src/macros.rs:46:6
    |
 46 |     ($elem:expr; $n:expr) => (
    |      ---------- while parsing argument for this `expr` macro fragment

error: expected one of `.`, `?`, `}`, or an operator, found `custom_signals`
   --> src/data/skills_ron.rs:705:5
    |
703 |             ..Default::default()
    |                                 - expected one of `.`, `?`, `}`, or an operator
704 |         
705 |     custom_signals: vec![],
    |     ^^^^^^^^^^^^^^ unexpected token
    |
   ::: /home/fabio/.rustup/toolchains/nightly-x86_64-unknown-linux-gnu/lib/rustlib/src/rust/library/alloc/src/macros.rs:46:6
    |
 46 |     ($elem:expr; $n:expr) => (
    |      ---------- while parsing argument for this `expr` macro fragment

error: expected one of `.`, `?`, `}`, or an operator, found `custom_signals`
   --> src/data/skills_ron.rs:744:5
    |
742 |             ..Default::default()
    |                                 - expected one of `.`, `?`, `}`, or an operator
743 |         
744 |     custom_signals: vec![],
    |     ^^^^^^^^^^^^^^ unexpected token
    |
   ::: /home/fabio/.rustup/toolchains/nightly-x86_64-unknown-linux-gnu/lib/rustlib/src/rust/library/alloc/src/macros.rs:46:6
    |
 46 |     ($elem:expr; $n:expr) => (
    |      ---------- while parsing argument for this `expr` macro fragment

warning: unused import: `grant_free_skill_events`
  --> src/combat/turn_system/pipeline.rs:16:20
   |
16 |     apply_effects, grant_free_skill_events, resolve_action, target_shape_rejection_reason,
   |                    ^^^^^^^^^^^^^^^^^^^^^^^
   |
   = note: `#[warn(unused_imports)]` (part of `#[warn(unused)]`) on by default

warning: unused import: `crate::combat::team::Team`
  --> src/combat/turn_system/pipeline.rs:23:5
   |
23 | use crate::combat::team::Team;
   |     ^^^^^^^^^^^^^^^^^^^^^^^^^

warning: unused import: `crate::combat::types::SkillId`
  --> src/combat/turn_system/pipeline.rs:25:5
   |
25 | use crate::combat::types::SkillId;
   |     ^^^^^^^^^^^^^^^^^^^^^^^^^^^^^

warning: unused import: `LegalityReasonCode`
  --> src/combat/follow_up_tests.rs:22:17
   |
22 |         Effect, LegalityReasonCode, SelfTargetRule, SkillBook, SkillDef, SkillImplementation,
   |                 ^^^^^^^^^^^^^^^^^^
   |
   = note: `#[warn(unused_imports)]` (part of `#[warn(unused)]`) on by default

warning: unused import: `grant_free_skill_events`
  --> src/combat/turn_system/pipeline.rs:16:20
   |
16 |     apply_effects, grant_free_skill_events, resolve_action, target_shape_rejection_reason,
   |                    ^^^^^^^^^^^^^^^^^^^^^^^

warning: unused import: `LegalityReasonCode`
  --> src/combat/turn_system/tests.rs:14:13
   |
14 |     Effect, LegalityReasonCode, SelfTargetRule, SkillBook, SkillDef, SkillImplementation,
   |             ^^^^^^^^^^^^^^^^^^

warning: variable does not need to be mutable
   --> src/combat/turn_system/pipeline.rs:173:13
    |
173 |             mut attacker_ult,
    |             ----^^^^^^^^^^^^
    |             |
    |             help: remove this `mut`
    |
    = note: `#[warn(unused_mut)]` (part of `#[warn(unused)]`) on by default

warning: variable does not need to be mutable
   --> src/combat/turn_system/pipeline.rs:181:13
    |
181 |             mut attacker_round_flags,
    |             ----^^^^^^^^^^^^^^^^^^^^
    |             |
    |             help: remove this `mut`

warning: variable does not need to be mutable
   --> src/combat/turn_system/pipeline.rs:439:9
    |
439 |         mut attacker_ult,
    |         ----^^^^^^^^^^^^
    |         |
    |         help: remove this `mut`

warning: unused variable: `turn_order`
   --> src/combat/turn_system/pipeline.rs:130:5
    |
130 |     turn_order: &mut ResMut<TurnOrder>,
    |     ^^^^^^^^^^ help: if this is intentional, prefix it with an underscore: `_turn_order`
    |
    = note: `#[warn(unused_variables)]` (part of `#[warn(unused)]`) on by default

warning: unused variable: `attacker_commander`
   --> src/combat/turn_system/pipeline.rs:444:9
    |
444 |         attacker_commander,
    |         ^^^^^^^^^^^^^^^^^^ help: if this is intentional, prefix it with an underscore: `_attacker_commander`

warning: field `is_stunned` is never read
   --> src/combat/follow_up.rs:303:5
    |
297 | struct FormIdentitySnapshot {
    |        -------------------- field in this struct
...
303 |     is_stunned: bool,
    |     ^^^^^^^^^^
    |
    = note: `#[warn(dead_code)]` (part of `#[warn(unused)]`) on by default

warning: variable does not need to be mutable
    --> src/combat/kernel.rs:1274:13
     |
1274 |         let mut step = TacticalCycleStep::default();
     |             ----^^^^
     |             |
     |             help: remove this `mut`
     |
     = note: `#[warn(unused_mut)]` (part of `#[warn(unused)]`) on by default

warning: variable does not need to be mutable
   --> src/combat/turn_system/pipeline.rs:173:13
    |
173 |             mut attacker_ult,
    |             ----^^^^^^^^^^^^
    |             |
    |             help: remove this `mut`

warning: `bevyrogue` (lib test) generated 11 warnings (6 duplicates)
error: could not compile `bevyrogue` (lib test) due to 4 previous errors; 11 warnings emitted
warning: build failed, waiting for other jobs to finish...
warning: `bevyrogue` (lib) generated 9 warnings (run `cargo fix --lib -p bevyrogue` to apply 8 suggestions)
