src/headless.rs:20:use crate::combat::observability::{capture_validation_snapshot, format_validation_snapshot};
src/headless.rs:126:        headless_validation_snapshot_once.before(headless_smoke_tick),
src/headless.rs:175:fn headless_validation_snapshot_once(world: &mut World) {
src/headless.rs:184:    match capture_validation_snapshot(world) {
src/headless.rs:186:            "validation_snapshot: {}",
src/headless.rs:187:            format_validation_snapshot(&snapshot)
src/headless.rs:189:        Err(err) => error!("validation_snapshot_error: {err}"),
tests/validation_snapshot.rs:11:    observability::{capture_validation_snapshot, format_validation_snapshot},
tests/validation_snapshot.rs:136:    let snapshot = capture_validation_snapshot(&mut world).expect("snapshot should build");
tests/validation_snapshot.rs:137:    let formatted = format_validation_snapshot(&snapshot);
tests/validation_snapshot.rs:168:    let snapshot = capture_validation_snapshot(&mut world).expect("snapshot should build");
tests/validation_snapshot.rs:169:    let formatted = format_validation_snapshot(&snapshot);
tests/validation_snapshot.rs:252:        capture_validation_snapshot(app.world_mut()).expect("runtime snapshot should build");
tests/validation_snapshot.rs:253:    let formatted = format_validation_snapshot(&snapshot);
tests/validation_snapshot.rs:310:    let snapshot = capture_validation_snapshot(&mut world).expect("snapshot should build");
tests/validation_snapshot.rs:311:    let formatted = format_validation_snapshot(&snapshot);
src/combat/observability.rs:157:pub fn capture_validation_snapshot(
src/combat/observability.rs:305:pub fn format_validation_snapshot(snapshot: &ValidationSnapshot) -> String {
tests/holy_support_mechanics.rs:15:use bevyrogue::combat::observability::{capture_validation_snapshot, format_validation_snapshot};
tests/holy_support_mechanics.rs:259:fn validation_snapshot_includes_holy_support_fields() {
tests/holy_support_mechanics.rs:272:    let snapshot = capture_validation_snapshot(&mut world).expect("snapshot should build");
tests/holy_support_mechanics.rs:275:    let formatted = format_validation_snapshot(&snapshot);
tests/presentation_metadata_boundary.rs:11:    observability::{capture_validation_snapshot, format_validation_snapshot},
tests/presentation_metadata_boundary.rs:224:    let snapshot = capture_validation_snapshot(app.world_mut()).expect("validation snapshot");
tests/presentation_metadata_boundary.rs:225:    let formatted = format_validation_snapshot(&snapshot);
tests/README.md:22:| `validation_snapshot.rs` | Snapshot di osservabilità (`capture_validation_snapshot`) |
tests/holy_support_affordance.rs:9:use bevyrogue::combat::observability::{capture_validation_snapshot, format_validation_snapshot};
tests/holy_support_affordance.rs:70:fn holy_support_missing_resource_is_absent_from_validation_snapshot() {
tests/holy_support_affordance.rs:73:    let snapshot = capture_validation_snapshot(app.world_mut()).expect("snapshot should build");
tests/holy_support_affordance.rs:76:    assert!(format_validation_snapshot(&snapshot).contains("holy_support=none"));
tests/holy_support_affordance.rs:85:    let snapshot = capture_validation_snapshot(app.world_mut()).expect("snapshot should build");
tests/holy_support_affordance.rs:99:    let formatted = format_validation_snapshot(&snapshot);
tests/holy_support_affordance.rs:110:    let snapshot = capture_validation_snapshot(app.world_mut()).expect("snapshot should build");
tests/holy_support_affordance.rs:125:    let formatted = format_validation_snapshot(&snapshot);
tests/twin_core_integration.rs:9:use bevyrogue::combat::observability::{capture_validation_snapshot, format_validation_snapshot};
tests/twin_core_integration.rs:125:    let snapshot = capture_validation_snapshot(app.world_mut()).expect("snapshot should capture");
tests/twin_core_integration.rs:126:    format_validation_snapshot(&snapshot)
tests/twin_core_integration.rs:130:fn canonical_fire_ice_twin_core_loop_is_visible_through_validation_snapshots() {
tests/holy_support_resolution.rs:9:use bevyrogue::combat::observability::{capture_validation_snapshot, format_validation_snapshot};
tests/holy_support_resolution.rs:167:    let snapshot = capture_validation_snapshot(app.world_mut()).expect("snapshot");
tests/holy_support_resolution.rs:168:    let formatted = format_validation_snapshot(&snapshot);
tests/predator_loop_kernel.rs:7:    ValidationSnapshot, ValidationTwinCoreSnapshot, format_validation_snapshot,
tests/predator_loop_kernel.rs:261:    let rendered = format_validation_snapshot(&validation);
src/windowed.rs:13:use crate::combat::observability::{capture_validation_snapshot, format_validation_snapshot};
src/windowed.rs:163:        match capture_validation_snapshot(world) {
src/windowed.rs:165:                "validation_snapshot: {}",
src/windowed.rs:166:                format_validation_snapshot(&snapshot)
src/windowed.rs:168:            Err(err) => error!("validation_snapshot_error: {err}"),
tests/patamon_blueprint_seam.rs:7:use bevyrogue::combat::observability::{capture_validation_snapshot, format_validation_snapshot};
tests/patamon_blueprint_seam.rs:303:    let snapshot = capture_validation_snapshot(app.world_mut()).expect("snapshot");
tests/patamon_blueprint_seam.rs:304:    let formatted = format_validation_snapshot(&snapshot);
scripts/verify_combat_authority_audit.py:79:    "D2 normalized": ["| D2 ", "normalized local drift in S03", "tests/validation_snapshot.rs"],
docs/combat_mixed_pattern_drift_ledger.md:20:| D2 | High | `src/combat/kernel.rs`, `tests/validation_snapshot.rs`, `tests/battery_loop_kernel.rs`, `tests/predator_loop_kernel.rs` | normalized local drift in S03 | Closed for S03 | Preserve `register_combat_kernel_runtime` as the canonical runtime registration path for shared mechanic appliers and state resources. |
docs/combat_mixed_pattern_drift_ledger.md:21:| D3 | High | `src/main.rs`, `src/headless.rs`, `src/bin/combat_cli.rs`, `tests/validation_snapshot.rs`, `docs/m015_failure_ledger.md` | partially normalized local drift | S05 | App/headless kernel registration is normalized for S03-targeted proof; S05 still owns full CLI/runtime smoke and cwd-sensitive asset loading proof. |
docs/combat_mixed_pattern_drift_ledger.md:25:| D7 | Medium | `src/combat/twin_core.rs`, `tests/twin_core_mechanics.rs`, `tests/twin_core_integration.rs`, `tests/validation_snapshot.rs` | normalized stale test drift in S03 | Closed for S03 | Keep assertions on `cross_resonance`, spark targets, spend markers, guards, and `last_signal`; do not restore old resonance/heat fields. |
docs/combat_mixed_pattern_drift_ledger.md:27:| D9 | Medium | `src/combat/observability.rs`, `src/headless.rs`, `src/bin/combat_cli.rs`, `tests/validation_snapshot.rs` | normalized for S03 snapshot path, downstream CLI proof remains | S05 | Keep validation snapshots backed by registered kernel resources; S05 should prove the same initialization path through real CLI/headless consumers. |
docs/combat_mixed_pattern_drift_ledger.md:29:| D11 | Low | `src/combat/precision_mind_game.rs`, `src/combat/kernel.rs`, `tests/validation_snapshot.rs` | safe placeholder | Future precision slice | Keep Precision Mind Game as a registered kernel/snapshot seam until a later slice adds live precision transitions. |
docs/combat_authority_map.md:23:7. `src/combat/observability.rs` exposes the result through `ValidationSnapshot` / `format_validation_snapshot`.
docs/combat_authority_map.md:85:S03 targeted tests prove that runtime registration populates kernel resources, Holy Support state appears as `holy_support=grace=...`, and absent Holy Support state is reported as `holy_support=none` rather than resurrecting the removed Holy Support affordance API. The tracked proof lives in `tests/holy_support_affordance.rs` and `tests/validation_snapshot.rs`.
docs/combat_authority_map.md:100:| R096 | The combat kernel authority is generic and shared through `CombatKernelTransition` / `CombatKernelState`; per-Digimon blueprints feed it rather than replacing it. | `src/combat/kernel.rs`, `src/combat/holy_support.rs`, `tests/validation_snapshot.rs` | Covered |
docs/m015_failure_ledger.md:11:| `cargo test --test patamon_blueprint_seam --test holy_support_resolution --test holy_support_roster_contract --test holy_support_affordance --test event_stream --test twin_core_mechanics --test twin_core_integration --test validation_snapshot --test battery_loop_kernel --test predator_loop_kernel && python3 scripts/verify_combat_authority_audit.py` | 0 | ✅ pass | The targeted S03 authority suite is green: custom signals parse, Patamon blueprint dispatch reaches Holy Support state/snapshots, lifecycle beats and kernel transitions are live, Twin Core current fields are asserted, runtime registration populates kernel resources, and the strengthened authority verifier passes. |
docs/m015_failure_ledger.md:20:| `tests/holy_support_affordance.rs` | Obsolete affordance API normalized to current state/snapshot contract | T05 rewrote the test away from removed `HolySupportAffordance`, `query_holy_support_affordance`, `ResourceKind::Grace`, and `ResourceKind::MartyrLight`. The file now asserts `HolySupportState`, rejected transitions, and `format_validation_snapshot`; targeted verification passes. | Closed for S03. |
docs/m015_failure_ledger.md:22:| `tests/twin_core_mechanics.rs`, `tests/twin_core_integration.rs`, `tests/validation_snapshot.rs` | Obsolete Twin Core `resonance/heat` assertions normalized to current kernel state fields | Targeted verification passes with assertions on `cross_resonance`, spark targets, spend markers, guards, `last_signal`, and runtime-registered snapshot resources. | Closed for S03. |
