## src/combat
src/combat/action_query.rs
src/combat/av.rs
src/combat/battery_loop.rs
src/combat/bootstrap.rs
src/combat/counterplay.rs
src/combat/damage.rs
src/combat/damage_tests.rs
src/combat/enemy_ai.rs
src/combat/enemy_counterplay.rs
src/combat/energy.rs
src/combat/events.rs
src/combat/floating.rs
src/combat/follow_up.rs
src/combat/follow_up_tests.rs
src/combat/holy_support.rs
src/combat/jsonl_logger.rs
src/combat/kernel.rs
src/combat/kit.rs
src/combat/log.rs
src/combat/mod.rs
src/combat/observability.rs
src/combat/precision_mind_game.rs
src/combat/predator_loop.rs
src/combat/resistance.rs
src/combat/resolution.rs
src/combat/resolution_tests.rs
src/combat/rng.rs
src/combat/round_flags.rs
src/combat/sp.rs
src/combat/speed.rs
src/combat/state.rs
src/combat/status_effect.rs
src/combat/stun.rs
src/combat/team.rs
src/combat/toughness.rs
src/combat/turn_order.rs
src/combat/turn_system/mod.rs
src/combat/turn_system/pipeline.rs
src/combat/turn_system/tests.rs
src/combat/twin_core.rs
src/combat/types.rs
src/combat/ultimate.rs
src/combat/unit.rs
## src/data
src/data/mod.rs
src/data/party_ron.rs
src/data/skills_ron.rs
src/data/units_ron.rs
## src/bin
src/bin/combat_cli.rs
## tests
tests/README.md
tests/action_affordance_consumers.rs
tests/action_affordance_query.rs
tests/battery_loop_kernel.rs
tests/bootstrap_spawn_composition.rs
tests/boundary_contract.rs
tests/combat_coherence.rs
tests/commander_flow.rs
tests/damage_breakdown_log.rs
tests/encounter_e2e.rs
tests/enemy_ai.rs
tests/enemy_counterplay_affordance.rs
tests/engine_legality_integration.rs
tests/event_stream.rs
tests/follow_up_chains.rs
tests/follow_up_triggers.rs
tests/form_identity.rs
tests/holy_support_affordance.rs
tests/holy_support_mechanics.rs
tests/holy_support_resolution.rs
tests/holy_support_roster_contract.rs
tests/party_config_validation.rs
tests/party_selection_validation.rs
tests/patamon_revive.rs
tests/pipeline_dispatch.rs
tests/predator_loop_kernel.rs
tests/resource_caps.rs
tests/revive_semantics.rs
tests/roster_catalog.rs
tests/roster_smoke.rs
tests/scenario_boss_ttk.rs
tests/scenario_miniboss_ttk.rs
tests/scenario_minion_ttk.rs
tests/skill_legality_contract_docs.rs
tests/sp_economy.rs
tests/status_accuracy.rs
tests/status_effect_apply.rs
tests/status_effect_integration.rs
tests/status_effect_turn_tick.rs
tests/target_shape_truthfulness.rs
tests/tempo_resistance.rs
tests/toughness_categories.rs
tests/toughness_enemy_only.rs
tests/triangle_matchup.rs
tests/turn_system_av.rs
tests/twin_core_integration.rs
tests/twin_core_mechanics.rs
tests/twin_core_resolution.rs
tests/twin_core_roster_contract.rs
tests/ui_readiness_gap_matrix_docs.rs
tests/ultimate_meter.rs
tests/validation_snapshot.rs
## assets/data
assets/data/party.ron
assets/data/skills.ron
assets/data/units.ron
## docs
docs/combat_design.md
docs/combat_design_revised.md
docs/m015_failure_ledger.md
docs/setup.md
docs/skill_legality_contract.md
docs/sprite_pipeline_evaluation.md
docs/ui_handoff_m012.md
