tests/patamon_blueprint_seam.rs:28: ['custom_signals:', 'animation_sequence:', 'qte:']
tests/patamon_blueprint_seam.rs:179: ['animation_sequence:', 'qte:']
tests/patamon_revive.rs:33: ['custom_signals:', 'animation_sequence:', 'qte:']
tests/patamon_revive.rs:48: ['custom_signals:', 'animation_sequence:', 'qte:']
tests/status_effect_apply.rs:58: ['custom_signals:']
tests/status_effect_integration.rs:87: ['custom_signals:', 'animation_sequence:', 'qte:']
tests/revive_semantics.rs:43: ['custom_signals:', 'animation_sequence:', 'qte:']
tests/revive_semantics.rs:58: ['custom_signals:', 'animation_sequence:', 'qte:']
tests/target_shape_truthfulness.rs:211: ['custom_signals:', 'animation_sequence:', 'qte:']
tests/target_shape_truthfulness.rs:300: ['custom_signals:', 'animation_sequence:', 'qte:']
tests/action_affordance_query.rs:89: ['custom_signals:', 'animation_sequence:', 'qte:']
tests/action_affordance_query.rs:110: ['custom_signals:', 'animation_sequence:', 'qte:']
tests/action_affordance_query.rs:131: ['custom_signals:', 'animation_sequence:', 'qte:']
tests/action_affordance_query.rs:152: ['custom_signals:', 'animation_sequence:', 'qte:']
tests/action_affordance_query.rs:172: ['custom_signals:', 'animation_sequence:', 'qte:']
tests/action_affordance_query.rs:190: ['custom_signals:', 'animation_sequence:', 'qte:']
tests/action_affordance_query.rs:211: ['custom_signals:', 'animation_sequence:', 'qte:']
tests/action_affordance_query.rs:232: ['custom_signals:', 'animation_sequence:', 'qte:']
tests/action_affordance_query.rs:241: ['custom_signals:', 'animation_sequence:', 'qte:']
tests/twin_core_integration.rs:39: ['custom_signals:', 'animation_sequence:', 'qte:']
tests/ultimate_meter.rs:104: ['custom_signals:', 'animation_sequence:', 'qte:']
tests/ultimate_meter.rs:128: ['custom_signals:', 'animation_sequence:', 'qte:']
tests/action_affordance_consumers.rs:92: ['custom_signals:', 'animation_sequence:', 'qte:']
tests/action_affordance_consumers.rs:113: ['custom_signals:', 'animation_sequence:', 'qte:']
tests/action_affordance_consumers.rs:131: ['custom_signals:', 'animation_sequence:', 'qte:']
tests/presentation_metadata_boundary.rs:38: ['custom_signals:', 'animation_sequence:', 'qte:']
tests/presentation_metadata_boundary.rs:45: ['custom_signals:', 'animation_sequence:', 'qte:']
tests/presentation_metadata_boundary.rs:71: ['custom_signals:', 'animation_sequence:', 'qte:']
tests/presentation_metadata_boundary.rs:84: ['custom_signals:', 'animation_sequence:', 'qte:']
tests/boundary_contract.rs:86: ['custom_signals:', 'animation_sequence:', 'qte:']
tests/boundary_contract.rs:203: ['custom_signals:', 'animation_sequence:', 'qte:']
tests/boundary_contract.rs:224: ['custom_signals:', 'animation_sequence:', 'qte:']
tests/damage_breakdown_log.rs:43: ['custom_signals:', 'animation_sequence:', 'qte:']
tests/combat_coherence.rs:42: ['custom_signals:', 'animation_sequence:', 'qte:']
tests/combat_coherence.rs:74: ['custom_signals:', 'animation_sequence:', 'qte:']
tests/combat_coherence.rs:92: ['custom_signals:', 'animation_sequence:', 'qte:']
tests/combat_coherence.rs:110: ['custom_signals:', 'animation_sequence:', 'qte:']
tests/combat_coherence.rs:128: ['custom_signals:', 'animation_sequence:', 'qte:']
tests/combat_coherence.rs:143: ['custom_signals:', 'animation_sequence:', 'qte:']
tests/status_accuracy.rs:39: ['custom_signals:', 'animation_sequence:', 'qte:']
tests/encounter_e2e.rs:46: ['custom_signals:', 'animation_sequence:', 'qte:']
tests/encounter_e2e.rs:67: ['custom_signals:', 'animation_sequence:', 'qte:']
tests/encounter_e2e.rs:88: ['custom_signals:', 'animation_sequence:', 'qte:']
tests/encounter_e2e.rs:109: ['custom_signals:', 'animation_sequence:', 'qte:']
tests/toughness_enemy_only.rs:27: ['custom_signals:', 'animation_sequence:', 'qte:']
tests/sp_economy.rs:56: ['custom_signals:', 'animation_sequence:', 'qte:']
tests/sp_economy.rs:74: ['custom_signals:', 'animation_sequence:', 'qte:']
tests/sp_economy.rs:92: ['custom_signals:', 'animation_sequence:', 'qte:']
tests/sp_economy.rs:110: ['custom_signals:', 'animation_sequence:', 'qte:']
tests/sp_economy.rs:125: ['custom_signals:', 'animation_sequence:', 'qte:']
tests/engine_legality_integration.rs:50: ['custom_signals:', 'animation_sequence:', 'qte:']
tests/engine_legality_integration.rs:71: ['custom_signals:', 'animation_sequence:', 'qte:']
tests/toughness_categories.rs:32: ['custom_signals:']
tests/resource_caps.rs:35: ['custom_signals:', 'animation_sequence:', 'qte:']
tests/resource_caps.rs:56: ['custom_signals:', 'animation_sequence:', 'qte:']
tests/resource_caps.rs:77: ['custom_signals:', 'animation_sequence:', 'qte:']
src/data/skills_ron.rs:379: ['custom_signals:', 'animation_sequence:', 'qte:']
src/data/skills_ron.rs:622: ['custom_signals:', 'animation_sequence:', 'qte:']
src/data/skills_ron.rs:652: ['custom_signals:', 'animation_sequence:', 'qte:']
src/data/skills_ron.rs:678: ['custom_signals:', 'animation_sequence:', 'qte:']
src/data/skills_ron.rs:707: ['custom_signals:', 'animation_sequence:', 'qte:']
src/combat/follow_up_tests.rs:39: ['custom_signals:', 'animation_sequence:', 'qte:']
src/combat/resolution_tests.rs:15: ['custom_signals:', 'animation_sequence:', 'qte:']
src/combat/resolution_tests.rs:71: ['custom_signals:', 'animation_sequence:', 'qte:']
src/combat/resolution_tests.rs:96: ['custom_signals:', 'animation_sequence:', 'qte:']
src/combat/resolution_tests.rs:140: ['custom_signals:', 'animation_sequence:', 'qte:']
src/combat/turn_system/tests.rs:36: ['custom_signals:', 'animation_sequence:', 'qte:']
src/combat/turn_system/tests.rs:425: ['custom_signals:', 'animation_sequence:', 'qte:']
count 68
